<?xml version="1.0" encoding="UTF-8"?>
<testsuite xmlns:xsi="http://www.w3.org/2001/XMLSchema-instance" xsi:noNamespaceSchemaLocation="https://maven.apache.org/surefire/maven-surefire-plugin/xsd/surefire-test-report.xsd" name="org.apache.hadoop.tools.TestCopyListingFileStatus" time="0.849" tests="2" errors="1" skipped="0" failures="0">
  <properties>
    <property name="sun.desktop" value="windows"/>
    <property name="awt.toolkit" value="sun.awt.windows.WToolkit"/>
    <property name="java.specification.version" value="1.8"/>
    <property name="file.encoding.pkg" value="sun.io"/>
    <property name="sun.cpu.isalist" value="amd64"/>
    <property name="sun.jnu.encoding" value="Cp1252"/>
    <property name="java.class.path" value="c:\depot\adls-migrator\target\test-classes;c:\depot\adls-migrator\target\classes;C:\Users\jamesbak\.m2\repository\junit\junit\4.11\junit-4.11.jar;C:\Users\jamesbak\.m2\repository\org\hamcrest\hamcrest-core\1.3\hamcrest-core-1.3.jar;C:\Users\jamesbak\.m2\repository\org\apache\hadoop\hadoop-common\2.10.0-SNAPSHOT\hadoop-common-2.10.0-SNAPSHOT.jar;C:\Users\jamesbak\.m2\repository\com\google\guava\guava\11.0.2\guava-11.0.2.jar;C:\Users\jamesbak\.m2\repository\commons-cli\commons-cli\1.2\commons-cli-1.2.jar;C:\Users\jamesbak\.m2\repository\org\apache\commons\commons-math3\3.1.1\commons-math3-3.1.1.jar;C:\Users\jamesbak\.m2\repository\xmlenc\xmlenc\0.52\xmlenc-0.52.jar;C:\Users\jamesbak\.m2\repository\org\apache\httpcomponents\httpclient\4.5.2\httpclient-4.5.2.jar;C:\Users\jamesbak\.m2\repository\org\apache\httpcomponents\httpcore\4.4.4\httpcore-4.4.4.jar;C:\Users\jamesbak\.m2\repository\commons-codec\commons-codec\1.4\commons-codec-1.4.jar;C:\Users\jamesbak\.m2\repository\commons-io\commons-io\2.4\commons-io-2.4.jar;C:\Users\jamesbak\.m2\repository\commons-net\commons-net\3.1\commons-net-3.1.jar;C:\Users\jamesbak\.m2\repository\commons-collections\commons-collections\3.2.2\commons-collections-3.2.2.jar;C:\Users\jamesbak\.m2\repository\javax\servlet\servlet-api\2.5\servlet-api-2.5.jar;C:\Users\jamesbak\.m2\repository\org\mortbay\jetty\jetty\6.1.26\jetty-6.1.26.jar;C:\Users\jamesbak\.m2\repository\org\mortbay\jetty\jetty-util\6.1.26\jetty-util-6.1.26.jar;C:\Users\jamesbak\.m2\repository\org\mortbay\jetty\jetty-sslengine\6.1.26\jetty-sslengine-6.1.26.jar;C:\Users\jamesbak\.m2\repository\javax\servlet\jsp\jsp-api\2.1\jsp-api-2.1.jar;C:\Users\jamesbak\.m2\repository\com\sun\jersey\jersey-core\1.9\jersey-core-1.9.jar;C:\Users\jamesbak\.m2\repository\com\sun\jersey\jersey-json\1.9\jersey-json-1.9.jar;C:\Users\jamesbak\.m2\repository\org\codehaus\jettison\jettison\1.1\jettison-1.1.jar;C:\Users\jamesbak\.m2\repository\com\sun\xml\bind\jaxb-impl\2.2.3-1\jaxb-impl-2.2.3-1.jar;C:\Users\jamesbak\.m2\repository\org\codehaus\jackson\jackson-jaxrs\1.9.13\jackson-jaxrs-1.9.13.jar;C:\Users\jamesbak\.m2\repository\org\codehaus\jackson\jackson-xc\1.9.13\jackson-xc-1.9.13.jar;C:\Users\jamesbak\.m2\repository\com\sun\jersey\jersey-server\1.9\jersey-server-1.9.jar;C:\Users\jamesbak\.m2\repository\asm\asm\3.2\asm-3.2.jar;C:\Users\jamesbak\.m2\repository\commons-logging\commons-logging\1.1.3\commons-logging-1.1.3.jar;C:\Users\jamesbak\.m2\repository\log4j\log4j\1.2.17\log4j-1.2.17.jar;C:\Users\jamesbak\.m2\repository\net\java\dev\jets3t\jets3t\0.9.0\jets3t-0.9.0.jar;C:\Users\jamesbak\.m2\repository\com\jamesmurty\utils\java-xmlbuilder\0.4\java-xmlbuilder-0.4.jar;C:\Users\jamesbak\.m2\repository\commons-lang\commons-lang\2.6\commons-lang-2.6.jar;C:\Users\jamesbak\.m2\repository\commons-configuration\commons-configuration\1.6\commons-configuration-1.6.jar;C:\Users\jamesbak\.m2\repository\commons-digester\commons-digester\1.8\commons-digester-1.8.jar;C:\Users\jamesbak\.m2\repository\commons-beanutils\commons-beanutils\1.7.0\commons-beanutils-1.7.0.jar;C:\Users\jamesbak\.m2\repository\commons-beanutils\commons-beanutils-core\1.8.0\commons-beanutils-core-1.8.0.jar;C:\Users\jamesbak\.m2\repository\org\apache\commons\commons-lang3\3.4\commons-lang3-3.4.jar;C:\Users\jamesbak\.m2\repository\org\slf4j\slf4j-api\1.7.25\slf4j-api-1.7.25.jar;C:\Users\jamesbak\.m2\repository\org\slf4j\slf4j-log4j12\1.7.25\slf4j-log4j12-1.7.25.jar;C:\Users\jamesbak\.m2\repository\org\codehaus\jackson\jackson-core-asl\1.9.13\jackson-core-asl-1.9.13.jar;C:\Users\jamesbak\.m2\repository\org\codehaus\jackson\jackson-mapper-asl\1.9.13\jackson-mapper-asl-1.9.13.jar;C:\Users\jamesbak\.m2\repository\org\apache\avro\avro\1.7.7\avro-1.7.7.jar;C:\Users\jamesbak\.m2\repository\com\thoughtworks\paranamer\paranamer\2.3\paranamer-2.3.jar;C:\Users\jamesbak\.m2\repository\org\xerial\snappy\snappy-java\1.0.5\snappy-java-1.0.5.jar;C:\Users\jamesbak\.m2\repository\com\google\protobuf\protobuf-java\2.5.0\protobuf-java-2.5.0.jar;C:\Users\jamesbak\.m2\repository\com\google\code\gson\gson\2.2.4\gson-2.2.4.jar;C:\Users\jamesbak\.m2\repository\org\apache\hadoop\hadoop-auth\2.10.0-SNAPSHOT\hadoop-auth-2.10.0-SNAPSHOT.jar;C:\Users\jamesbak\.m2\repository\com\nimbusds\nimbus-jose-jwt\4.41.1\nimbus-jose-jwt-4.41.1.jar;C:\Users\jamesbak\.m2\repository\com\github\stephenc\jcip\jcip-annotations\1.0-1\jcip-annotations-1.0-1.jar;C:\Users\jamesbak\.m2\repository\net\minidev\json-smart\1.3.1\json-smart-1.3.1.jar;C:\Users\jamesbak\.m2\repository\org\apache\directory\server\apacheds-kerberos-codec\2.0.0-M15\apacheds-kerberos-codec-2.0.0-M15.jar;C:\Users\jamesbak\.m2\repository\org\apache\directory\server\apacheds-i18n\2.0.0-M15\apacheds-i18n-2.0.0-M15.jar;C:\Users\jamesbak\.m2\repository\org\apache\directory\api\api-asn1-api\1.0.0-M20\api-asn1-api-1.0.0-M20.jar;C:\Users\jamesbak\.m2\repository\org\apache\directory\api\api-util\1.0.0-M20\api-util-1.0.0-M20.jar;C:\Users\jamesbak\.m2\repository\org\apache\curator\curator-framework\2.7.1\curator-framework-2.7.1.jar;C:\Users\jamesbak\.m2\repository\com\jcraft\jsch\0.1.54\jsch-0.1.54.jar;C:\Users\jamesbak\.m2\repository\org\apache\curator\curator-client\2.7.1\curator-client-2.7.1.jar;C:\Users\jamesbak\.m2\repository\org\apache\curator\curator-recipes\2.7.1\curator-recipes-2.7.1.jar;C:\Users\jamesbak\.m2\repository\com\google\code\findbugs\jsr305\3.0.0\jsr305-3.0.0.jar;C:\Users\jamesbak\.m2\repository\org\apache\htrace\htrace-core4\4.1.0-incubating\htrace-core4-4.1.0-incubating.jar;C:\Users\jamesbak\.m2\repository\org\apache\zookeeper\zookeeper\3.4.6\zookeeper-3.4.6.jar;C:\Users\jamesbak\.m2\repository\org\apache\commons\commons-compress\1.4.1\commons-compress-1.4.1.jar;C:\Users\jamesbak\.m2\repository\org\tukaani\xz\1.0\xz-1.0.jar;C:\Users\jamesbak\.m2\repository\org\codehaus\woodstox\stax2-api\3.1.4\stax2-api-3.1.4.jar;C:\Users\jamesbak\.m2\repository\com\fasterxml\woodstox\woodstox-core\5.0.3\woodstox-core-5.0.3.jar;C:\Users\jamesbak\.m2\repository\org\apache\hadoop\hadoop-annotations\2.10.0-SNAPSHOT\hadoop-annotations-2.10.0-SNAPSHOT.jar;c:\Program Files\Java\jdk1.8.0_221\jre\..\lib\tools.jar;C:\Users\jamesbak\.m2\repository\org\apache\hadoop\hadoop-mapreduce-client-app\2.10.0-SNAPSHOT\hadoop-mapreduce-client-app-2.10.0-SNAPSHOT.jar;C:\Users\jamesbak\.m2\repository\org\apache\hadoop\hadoop-mapreduce-client-common\2.10.0-SNAPSHOT\hadoop-mapreduce-client-common-2.10.0-SNAPSHOT.jar;C:\Users\jamesbak\.m2\repository\org\apache\hadoop\hadoop-yarn-server-web-proxy\2.10.0-SNAPSHOT\hadoop-yarn-server-web-proxy-2.10.0-SNAPSHOT.jar;C:\Users\jamesbak\.m2\repository\org\apache\hadoop\hadoop-yarn-server-common\2.10.0-SNAPSHOT\hadoop-yarn-server-common-2.10.0-SNAPSHOT.jar;C:\Users\jamesbak\.m2\repository\org\apache\hadoop\hadoop-yarn-registry\2.10.0-SNAPSHOT\hadoop-yarn-registry-2.10.0-SNAPSHOT.jar;C:\Users\jamesbak\.m2\repository\org\apache\geronimo\specs\geronimo-jcache_1.0_spec\1.0-alpha-1\geronimo-jcache_1.0_spec-1.0-alpha-1.jar;C:\Users\jamesbak\.m2\repository\org\ehcache\ehcache\3.3.1\ehcache-3.3.1.jar;C:\Users\jamesbak\.m2\repository\com\zaxxer\HikariCP-java7\2.4.12\HikariCP-java7-2.4.12.jar;C:\Users\jamesbak\.m2\repository\com\microsoft\sqlserver\mssql-jdbc\6.2.1.jre7\mssql-jdbc-6.2.1.jre7.jar;C:\Users\jamesbak\.m2\repository\org\apache\hadoop\hadoop-yarn-api\2.10.0-SNAPSHOT\hadoop-yarn-api-2.10.0-SNAPSHOT.jar;C:\Users\jamesbak\.m2\repository\org\apache\hadoop\hadoop-mapreduce-client-shuffle\2.10.0-SNAPSHOT\hadoop-mapreduce-client-shuffle-2.10.0-SNAPSHOT.jar;C:\Users\jamesbak\.m2\repository\org\apache\hadoop\hadoop-yarn-server-nodemanager\2.10.0-SNAPSHOT\hadoop-yarn-server-nodemanager-2.10.0-SNAPSHOT.jar;C:\Users\jamesbak\.m2\repository\com\codahale\metrics\metrics-core\3.0.1\metrics-core-3.0.1.jar;C:\Users\jamesbak\.m2\repository\com\google\inject\extensions\guice-servlet\3.0\guice-servlet-3.0.jar;C:\Users\jamesbak\.m2\repository\com\google\inject\guice\3.0\guice-3.0.jar;C:\Users\jamesbak\.m2\repository\javax\inject\javax.inject\1\javax.inject-1.jar;C:\Users\jamesbak\.m2\repository\aopalliance\aopalliance\1.0\aopalliance-1.0.jar;C:\Users\jamesbak\.m2\repository\io\netty\netty\3.6.2.Final\netty-3.6.2.Final.jar;C:\Users\jamesbak\.m2\repository\org\apache\hadoop\hadoop-mapreduce-client-hs\2.10.0-SNAPSHOT\hadoop-mapreduce-client-hs-2.10.0-SNAPSHOT.jar;C:\Users\jamesbak\.m2\repository\org\fusesource\leveldbjni\leveldbjni-all\1.8\leveldbjni-all-1.8.jar;C:\Users\jamesbak\.m2\repository\org\apache\hadoop\hadoop-mapreduce-client-core\2.10.0-SNAPSHOT\hadoop-mapreduce-client-core-2.10.0-SNAPSHOT.jar;C:\Users\jamesbak\.m2\repository\org\apache\hadoop\hadoop-yarn-client\2.10.0-SNAPSHOT\hadoop-yarn-client-2.10.0-SNAPSHOT.jar;C:\Users\jamesbak\.m2\repository\org\apache\hadoop\hadoop-yarn-common\2.10.0-SNAPSHOT\hadoop-yarn-common-2.10.0-SNAPSHOT.jar;C:\Users\jamesbak\.m2\repository\javax\xml\bind\jaxb-api\2.2.2\jaxb-api-2.2.2.jar;C:\Users\jamesbak\.m2\repository\javax\xml\stream\stax-api\1.0-2\stax-api-1.0-2.jar;C:\Users\jamesbak\.m2\repository\javax\activation\activation\1.1\activation-1.1.jar;C:\Users\jamesbak\.m2\repository\com\sun\jersey\jersey-client\1.9\jersey-client-1.9.jar;C:\Users\jamesbak\.m2\repository\com\sun\jersey\contribs\jersey-guice\1.9\jersey-guice-1.9.jar;C:\Users\jamesbak\.m2\repository\org\apache\hadoop\hadoop-mapreduce-client-jobclient\2.10.0-SNAPSHOT\hadoop-mapreduce-client-jobclient-2.10.0-SNAPSHOT.jar;C:\Users\jamesbak\.m2\repository\org\apache\hadoop\hadoop-mapreduce-client-jobclient\2.10.0-SNAPSHOT\hadoop-mapreduce-client-jobclient-2.10.0-SNAPSHOT-tests.jar;C:\Users\jamesbak\.m2\repository\org\apache\hadoop\hadoop-hdfs-client\2.10.0-SNAPSHOT\hadoop-hdfs-client-2.10.0-SNAPSHOT.jar;C:\Users\jamesbak\.m2\repository\com\squareup\okhttp\okhttp\2.7.5\okhttp-2.7.5.jar;C:\Users\jamesbak\.m2\repository\com\squareup\okio\okio\1.6.0\okio-1.6.0.jar;C:\Users\jamesbak\.m2\repository\org\apache\hadoop\hadoop-hdfs\2.10.0-SNAPSHOT\hadoop-hdfs-2.10.0-SNAPSHOT.jar;C:\Users\jamesbak\.m2\repository\commons-daemon\commons-daemon\1.0.13\commons-daemon-1.0.13.jar;C:\Users\jamesbak\.m2\repository\io\netty\netty-all\4.0.23.Final\netty-all-4.0.23.Final.jar;C:\Users\jamesbak\.m2\repository\xerces\xercesImpl\2.12.0\xercesImpl-2.12.0.jar;C:\Users\jamesbak\.m2\repository\xml-apis\xml-apis\1.4.01\xml-apis-1.4.01.jar;C:\Users\jamesbak\.m2\repository\com\fasterxml\jackson\core\jackson-databind\2.7.8\jackson-databind-2.7.8.jar;C:\Users\jamesbak\.m2\repository\com\fasterxml\jackson\core\jackson-annotations\2.7.8\jackson-annotations-2.7.8.jar;C:\Users\jamesbak\.m2\repository\com\fasterxml\jackson\core\jackson-core\2.7.8\jackson-core-2.7.8.jar;C:\Users\jamesbak\.m2\repository\org\apache\hadoop\hadoop-hdfs\2.10.0-SNAPSHOT\hadoop-hdfs-2.10.0-SNAPSHOT-tests.jar;C:\Users\jamesbak\.m2\repository\org\apache\hadoop\hadoop-common\2.10.0-SNAPSHOT\hadoop-common-2.10.0-SNAPSHOT-tests.jar;C:\Users\jamesbak\.m2\repository\org\apache\hadoop\hadoop-azure\2.10.0-SNAPSHOT\hadoop-azure-2.10.0-SNAPSHOT.jar;C:\Users\jamesbak\.m2\repository\com\microsoft\azure\azure-storage\5.4.0\azure-storage-5.4.0.jar;C:\Users\jamesbak\.m2\repository\com\microsoft\azure\azure-keyvault-core\0.8.0\azure-keyvault-core-0.8.0.jar;C:\Users\jamesbak\.m2\repository\org\mockito\mockito-all\1.8.5\mockito-all-1.8.5.jar;"/>
    <property name="java.vm.vendor" value="Oracle Corporation"/>
    <property name="sun.arch.data.model" value="64"/>
    <property name="test.build.dir" value="c:\depot\adls-migrator\target/test-dir"/>
    <property name="user.variant" value=""/>
    <property name="test.cache.data" value=""/>
    <property name="java.vendor.url" value="http://java.oracle.com/"/>
    <property name="user.timezone" value=""/>
    <property name="os.name" value="Windows Server 2019"/>
    <property name="java.vm.specification.version" value="1.8"/>
    <property name="test.build.data" value="c:\depot\adls-migrator\target/test-dir"/>
    <property name="user.country" value="US"/>
    <property name="sun.java.launcher" value="SUN_STANDARD"/>
    <property name="sun.boot.library.path" value="c:\Program Files\Java\jdk1.8.0_221\jre\bin"/>
    <property name="sun.java.command" value="C:\Users\jamesbak\AppData\Local\Temp\3\surefire1588314324727550430\surefirebooter5251787822810621335.jar C:\Users\jamesbak\AppData\Local\Temp\3\surefire1588314324727550430 2019-09-17T18-32-50_286-jvmRun1 surefire4985913831982822287tmp surefire_74109040886947755012tmp"/>
    <property name="surefire.test.class.path" value="c:\depot\adls-migrator\target\test-classes;c:\depot\adls-migrator\target\classes;C:\Users\jamesbak\.m2\repository\junit\junit\4.11\junit-4.11.jar;C:\Users\jamesbak\.m2\repository\org\hamcrest\hamcrest-core\1.3\hamcrest-core-1.3.jar;C:\Users\jamesbak\.m2\repository\org\apache\hadoop\hadoop-common\2.10.0-SNAPSHOT\hadoop-common-2.10.0-SNAPSHOT.jar;C:\Users\jamesbak\.m2\repository\com\google\guava\guava\11.0.2\guava-11.0.2.jar;C:\Users\jamesbak\.m2\repository\commons-cli\commons-cli\1.2\commons-cli-1.2.jar;C:\Users\jamesbak\.m2\repository\org\apache\commons\commons-math3\3.1.1\commons-math3-3.1.1.jar;C:\Users\jamesbak\.m2\repository\xmlenc\xmlenc\0.52\xmlenc-0.52.jar;C:\Users\jamesbak\.m2\repository\org\apache\httpcomponents\httpclient\4.5.2\httpclient-4.5.2.jar;C:\Users\jamesbak\.m2\repository\org\apache\httpcomponents\httpcore\4.4.4\httpcore-4.4.4.jar;C:\Users\jamesbak\.m2\repository\commons-codec\commons-codec\1.4\commons-codec-1.4.jar;C:\Users\jamesbak\.m2\repository\commons-io\commons-io\2.4\commons-io-2.4.jar;C:\Users\jamesbak\.m2\repository\commons-net\commons-net\3.1\commons-net-3.1.jar;C:\Users\jamesbak\.m2\repository\commons-collections\commons-collections\3.2.2\commons-collections-3.2.2.jar;C:\Users\jamesbak\.m2\repository\javax\servlet\servlet-api\2.5\servlet-api-2.5.jar;C:\Users\jamesbak\.m2\repository\org\mortbay\jetty\jetty\6.1.26\jetty-6.1.26.jar;C:\Users\jamesbak\.m2\repository\org\mortbay\jetty\jetty-util\6.1.26\jetty-util-6.1.26.jar;C:\Users\jamesbak\.m2\repository\org\mortbay\jetty\jetty-sslengine\6.1.26\jetty-sslengine-6.1.26.jar;C:\Users\jamesbak\.m2\repository\javax\servlet\jsp\jsp-api\2.1\jsp-api-2.1.jar;C:\Users\jamesbak\.m2\repository\com\sun\jersey\jersey-core\1.9\jersey-core-1.9.jar;C:\Users\jamesbak\.m2\repository\com\sun\jersey\jersey-json\1.9\jersey-json-1.9.jar;C:\Users\jamesbak\.m2\repository\org\codehaus\jettison\jettison\1.1\jettison-1.1.jar;C:\Users\jamesbak\.m2\repository\com\sun\xml\bind\jaxb-impl\2.2.3-1\jaxb-impl-2.2.3-1.jar;C:\Users\jamesbak\.m2\repository\org\codehaus\jackson\jackson-jaxrs\1.9.13\jackson-jaxrs-1.9.13.jar;C:\Users\jamesbak\.m2\repository\org\codehaus\jackson\jackson-xc\1.9.13\jackson-xc-1.9.13.jar;C:\Users\jamesbak\.m2\repository\com\sun\jersey\jersey-server\1.9\jersey-server-1.9.jar;C:\Users\jamesbak\.m2\repository\asm\asm\3.2\asm-3.2.jar;C:\Users\jamesbak\.m2\repository\commons-logging\commons-logging\1.1.3\commons-logging-1.1.3.jar;C:\Users\jamesbak\.m2\repository\log4j\log4j\1.2.17\log4j-1.2.17.jar;C:\Users\jamesbak\.m2\repository\net\java\dev\jets3t\jets3t\0.9.0\jets3t-0.9.0.jar;C:\Users\jamesbak\.m2\repository\com\jamesmurty\utils\java-xmlbuilder\0.4\java-xmlbuilder-0.4.jar;C:\Users\jamesbak\.m2\repository\commons-lang\commons-lang\2.6\commons-lang-2.6.jar;C:\Users\jamesbak\.m2\repository\commons-configuration\commons-configuration\1.6\commons-configuration-1.6.jar;C:\Users\jamesbak\.m2\repository\commons-digester\commons-digester\1.8\commons-digester-1.8.jar;C:\Users\jamesbak\.m2\repository\commons-beanutils\commons-beanutils\1.7.0\commons-beanutils-1.7.0.jar;C:\Users\jamesbak\.m2\repository\commons-beanutils\commons-beanutils-core\1.8.0\commons-beanutils-core-1.8.0.jar;C:\Users\jamesbak\.m2\repository\org\apache\commons\commons-lang3\3.4\commons-lang3-3.4.jar;C:\Users\jamesbak\.m2\repository\org\slf4j\slf4j-api\1.7.25\slf4j-api-1.7.25.jar;C:\Users\jamesbak\.m2\repository\org\slf4j\slf4j-log4j12\1.7.25\slf4j-log4j12-1.7.25.jar;C:\Users\jamesbak\.m2\repository\org\codehaus\jackson\jackson-core-asl\1.9.13\jackson-core-asl-1.9.13.jar;C:\Users\jamesbak\.m2\repository\org\codehaus\jackson\jackson-mapper-asl\1.9.13\jackson-mapper-asl-1.9.13.jar;C:\Users\jamesbak\.m2\repository\org\apache\avro\avro\1.7.7\avro-1.7.7.jar;C:\Users\jamesbak\.m2\repository\com\thoughtworks\paranamer\paranamer\2.3\paranamer-2.3.jar;C:\Users\jamesbak\.m2\repository\org\xerial\snappy\snappy-java\1.0.5\snappy-java-1.0.5.jar;C:\Users\jamesbak\.m2\repository\com\google\protobuf\protobuf-java\2.5.0\protobuf-java-2.5.0.jar;C:\Users\jamesbak\.m2\repository\com\google\code\gson\gson\2.2.4\gson-2.2.4.jar;C:\Users\jamesbak\.m2\repository\org\apache\hadoop\hadoop-auth\2.10.0-SNAPSHOT\hadoop-auth-2.10.0-SNAPSHOT.jar;C:\Users\jamesbak\.m2\repository\com\nimbusds\nimbus-jose-jwt\4.41.1\nimbus-jose-jwt-4.41.1.jar;C:\Users\jamesbak\.m2\repository\com\github\stephenc\jcip\jcip-annotations\1.0-1\jcip-annotations-1.0-1.jar;C:\Users\jamesbak\.m2\repository\net\minidev\json-smart\1.3.1\json-smart-1.3.1.jar;C:\Users\jamesbak\.m2\repository\org\apache\directory\server\apacheds-kerberos-codec\2.0.0-M15\apacheds-kerberos-codec-2.0.0-M15.jar;C:\Users\jamesbak\.m2\repository\org\apache\directory\server\apacheds-i18n\2.0.0-M15\apacheds-i18n-2.0.0-M15.jar;C:\Users\jamesbak\.m2\repository\org\apache\directory\api\api-asn1-api\1.0.0-M20\api-asn1-api-1.0.0-M20.jar;C:\Users\jamesbak\.m2\repository\org\apache\directory\api\api-util\1.0.0-M20\api-util-1.0.0-M20.jar;C:\Users\jamesbak\.m2\repository\org\apache\curator\curator-framework\2.7.1\curator-framework-2.7.1.jar;C:\Users\jamesbak\.m2\repository\com\jcraft\jsch\0.1.54\jsch-0.1.54.jar;C:\Users\jamesbak\.m2\repository\org\apache\curator\curator-client\2.7.1\curator-client-2.7.1.jar;C:\Users\jamesbak\.m2\repository\org\apache\curator\curator-recipes\2.7.1\curator-recipes-2.7.1.jar;C:\Users\jamesbak\.m2\repository\com\google\code\findbugs\jsr305\3.0.0\jsr305-3.0.0.jar;C:\Users\jamesbak\.m2\repository\org\apache\htrace\htrace-core4\4.1.0-incubating\htrace-core4-4.1.0-incubating.jar;C:\Users\jamesbak\.m2\repository\org\apache\zookeeper\zookeeper\3.4.6\zookeeper-3.4.6.jar;C:\Users\jamesbak\.m2\repository\org\apache\commons\commons-compress\1.4.1\commons-compress-1.4.1.jar;C:\Users\jamesbak\.m2\repository\org\tukaani\xz\1.0\xz-1.0.jar;C:\Users\jamesbak\.m2\repository\org\codehaus\woodstox\stax2-api\3.1.4\stax2-api-3.1.4.jar;C:\Users\jamesbak\.m2\repository\com\fasterxml\woodstox\woodstox-core\5.0.3\woodstox-core-5.0.3.jar;C:\Users\jamesbak\.m2\repository\org\apache\hadoop\hadoop-annotations\2.10.0-SNAPSHOT\hadoop-annotations-2.10.0-SNAPSHOT.jar;c:\Program Files\Java\jdk1.8.0_221\jre\..\lib\tools.jar;C:\Users\jamesbak\.m2\repository\org\apache\hadoop\hadoop-mapreduce-client-app\2.10.0-SNAPSHOT\hadoop-mapreduce-client-app-2.10.0-SNAPSHOT.jar;C:\Users\jamesbak\.m2\repository\org\apache\hadoop\hadoop-mapreduce-client-common\2.10.0-SNAPSHOT\hadoop-mapreduce-client-common-2.10.0-SNAPSHOT.jar;C:\Users\jamesbak\.m2\repository\org\apache\hadoop\hadoop-yarn-server-web-proxy\2.10.0-SNAPSHOT\hadoop-yarn-server-web-proxy-2.10.0-SNAPSHOT.jar;C:\Users\jamesbak\.m2\repository\org\apache\hadoop\hadoop-yarn-server-common\2.10.0-SNAPSHOT\hadoop-yarn-server-common-2.10.0-SNAPSHOT.jar;C:\Users\jamesbak\.m2\repository\org\apache\hadoop\hadoop-yarn-registry\2.10.0-SNAPSHOT\hadoop-yarn-registry-2.10.0-SNAPSHOT.jar;C:\Users\jamesbak\.m2\repository\org\apache\geronimo\specs\geronimo-jcache_1.0_spec\1.0-alpha-1\geronimo-jcache_1.0_spec-1.0-alpha-1.jar;C:\Users\jamesbak\.m2\repository\org\ehcache\ehcache\3.3.1\ehcache-3.3.1.jar;C:\Users\jamesbak\.m2\repository\com\zaxxer\HikariCP-java7\2.4.12\HikariCP-java7-2.4.12.jar;C:\Users\jamesbak\.m2\repository\com\microsoft\sqlserver\mssql-jdbc\6.2.1.jre7\mssql-jdbc-6.2.1.jre7.jar;C:\Users\jamesbak\.m2\repository\org\apache\hadoop\hadoop-yarn-api\2.10.0-SNAPSHOT\hadoop-yarn-api-2.10.0-SNAPSHOT.jar;C:\Users\jamesbak\.m2\repository\org\apache\hadoop\hadoop-mapreduce-client-shuffle\2.10.0-SNAPSHOT\hadoop-mapreduce-client-shuffle-2.10.0-SNAPSHOT.jar;C:\Users\jamesbak\.m2\repository\org\apache\hadoop\hadoop-yarn-server-nodemanager\2.10.0-SNAPSHOT\hadoop-yarn-server-nodemanager-2.10.0-SNAPSHOT.jar;C:\Users\jamesbak\.m2\repository\com\codahale\metrics\metrics-core\3.0.1\metrics-core-3.0.1.jar;C:\Users\jamesbak\.m2\repository\com\google\inject\extensions\guice-servlet\3.0\guice-servlet-3.0.jar;C:\Users\jamesbak\.m2\repository\com\google\inject\guice\3.0\guice-3.0.jar;C:\Users\jamesbak\.m2\repository\javax\inject\javax.inject\1\javax.inject-1.jar;C:\Users\jamesbak\.m2\repository\aopalliance\aopalliance\1.0\aopalliance-1.0.jar;C:\Users\jamesbak\.m2\repository\io\netty\netty\3.6.2.Final\netty-3.6.2.Final.jar;C:\Users\jamesbak\.m2\repository\org\apache\hadoop\hadoop-mapreduce-client-hs\2.10.0-SNAPSHOT\hadoop-mapreduce-client-hs-2.10.0-SNAPSHOT.jar;C:\Users\jamesbak\.m2\repository\org\fusesource\leveldbjni\leveldbjni-all\1.8\leveldbjni-all-1.8.jar;C:\Users\jamesbak\.m2\repository\org\apache\hadoop\hadoop-mapreduce-client-core\2.10.0-SNAPSHOT\hadoop-mapreduce-client-core-2.10.0-SNAPSHOT.jar;C:\Users\jamesbak\.m2\repository\org\apache\hadoop\hadoop-yarn-client\2.10.0-SNAPSHOT\hadoop-yarn-client-2.10.0-SNAPSHOT.jar;C:\Users\jamesbak\.m2\repository\org\apache\hadoop\hadoop-yarn-common\2.10.0-SNAPSHOT\hadoop-yarn-common-2.10.0-SNAPSHOT.jar;C:\Users\jamesbak\.m2\repository\javax\xml\bind\jaxb-api\2.2.2\jaxb-api-2.2.2.jar;C:\Users\jamesbak\.m2\repository\javax\xml\stream\stax-api\1.0-2\stax-api-1.0-2.jar;C:\Users\jamesbak\.m2\repository\javax\activation\activation\1.1\activation-1.1.jar;C:\Users\jamesbak\.m2\repository\com\sun\jersey\jersey-client\1.9\jersey-client-1.9.jar;C:\Users\jamesbak\.m2\repository\com\sun\jersey\contribs\jersey-guice\1.9\jersey-guice-1.9.jar;C:\Users\jamesbak\.m2\repository\org\apache\hadoop\hadoop-mapreduce-client-jobclient\2.10.0-SNAPSHOT\hadoop-mapreduce-client-jobclient-2.10.0-SNAPSHOT.jar;C:\Users\jamesbak\.m2\repository\org\apache\hadoop\hadoop-mapreduce-client-jobclient\2.10.0-SNAPSHOT\hadoop-mapreduce-client-jobclient-2.10.0-SNAPSHOT-tests.jar;C:\Users\jamesbak\.m2\repository\org\apache\hadoop\hadoop-hdfs-client\2.10.0-SNAPSHOT\hadoop-hdfs-client-2.10.0-SNAPSHOT.jar;C:\Users\jamesbak\.m2\repository\com\squareup\okhttp\okhttp\2.7.5\okhttp-2.7.5.jar;C:\Users\jamesbak\.m2\repository\com\squareup\okio\okio\1.6.0\okio-1.6.0.jar;C:\Users\jamesbak\.m2\repository\org\apache\hadoop\hadoop-hdfs\2.10.0-SNAPSHOT\hadoop-hdfs-2.10.0-SNAPSHOT.jar;C:\Users\jamesbak\.m2\repository\commons-daemon\commons-daemon\1.0.13\commons-daemon-1.0.13.jar;C:\Users\jamesbak\.m2\repository\io\netty\netty-all\4.0.23.Final\netty-all-4.0.23.Final.jar;C:\Users\jamesbak\.m2\repository\xerces\xercesImpl\2.12.0\xercesImpl-2.12.0.jar;C:\Users\jamesbak\.m2\repository\xml-apis\xml-apis\1.4.01\xml-apis-1.4.01.jar;C:\Users\jamesbak\.m2\repository\com\fasterxml\jackson\core\jackson-databind\2.7.8\jackson-databind-2.7.8.jar;C:\Users\jamesbak\.m2\repository\com\fasterxml\jackson\core\jackson-annotations\2.7.8\jackson-annotations-2.7.8.jar;C:\Users\jamesbak\.m2\repository\com\fasterxml\jackson\core\jackson-core\2.7.8\jackson-core-2.7.8.jar;C:\Users\jamesbak\.m2\repository\org\apache\hadoop\hadoop-hdfs\2.10.0-SNAPSHOT\hadoop-hdfs-2.10.0-SNAPSHOT-tests.jar;C:\Users\jamesbak\.m2\repository\org\apache\hadoop\hadoop-common\2.10.0-SNAPSHOT\hadoop-common-2.10.0-SNAPSHOT-tests.jar;C:\Users\jamesbak\.m2\repository\org\apache\hadoop\hadoop-azure\2.10.0-SNAPSHOT\hadoop-azure-2.10.0-SNAPSHOT.jar;C:\Users\jamesbak\.m2\repository\com\microsoft\azure\azure-storage\5.4.0\azure-storage-5.4.0.jar;C:\Users\jamesbak\.m2\repository\com\microsoft\azure\azure-keyvault-core\0.8.0\azure-keyvault-core-0.8.0.jar;C:\Users\jamesbak\.m2\repository\org\mockito\mockito-all\1.8.5\mockito-all-1.8.5.jar;"/>
    <property name="sun.cpu.endian" value="little"/>
    <property name="user.home" value="C:\Users\jamesbak"/>
    <property name="user.language" value="en"/>
    <property name="java.specification.vendor" value="Oracle Corporation"/>
    <property name="java.home" value="c:\Program Files\Java\jdk1.8.0_221\jre"/>
    <property name="java.security.krb5.conf" value="c:\depot\adls-migrator\target/test-classes/krb5.conf"/>
    <property name="basedir" value="c:\depot\adls-migrator"/>
    <property name="file.separator" value="\"/>
    <property name="line.separator" value="&#10;"/>
    <property name="java.vm.specification.vendor" value="Oracle Corporation"/>
    <property name="java.specification.name" value="Java Platform API Specification"/>
    <property name="java.awt.graphicsenv" value="sun.awt.Win32GraphicsEnvironment"/>
    <property name="surefire.real.class.path" value="C:\Users\jamesbak\AppData\Local\Temp\3\surefire1588314324727550430\surefirebooter5251787822810621335.jar"/>
    <property name="hadoop.log.dir" value="c:\depot\adls-migrator\target/log"/>
    <property name="sun.boot.class.path" value="c:\Program Files\Java\jdk1.8.0_221\jre\lib\resources.jar;c:\Program Files\Java\jdk1.8.0_221\jre\lib\rt.jar;c:\Program Files\Java\jdk1.8.0_221\jre\lib\sunrsasign.jar;c:\Program Files\Java\jdk1.8.0_221\jre\lib\jsse.jar;c:\Program Files\Java\jdk1.8.0_221\jre\lib\jce.jar;c:\Program Files\Java\jdk1.8.0_221\jre\lib\charsets.jar;c:\Program Files\Java\jdk1.8.0_221\jre\lib\jfr.jar;c:\Program Files\Java\jdk1.8.0_221\jre\classes"/>
    <property name="user.script" value=""/>
    <property name="sun.management.compiler" value="HotSpot 64-Bit Tiered Compilers"/>
    <property name="java.runtime.version" value="1.8.0_221-b11"/>
    <property name="java.net.preferIPv4Stack" value="true"/>
    <property name="user.name" value="jamesbak"/>
    <property name="path.separator" value=";"/>
    <property name="java.security.egd" value="file:/dev/urandom"/>
    <property name="os.version" value="10.0"/>
    <property name="java.endorsed.dirs" value="c:\Program Files\Java\jdk1.8.0_221\jre\lib\endorsed"/>
    <property name="java.runtime.name" value="Java(TM) SE Runtime Environment"/>
    <property name="file.encoding" value="Cp1252"/>
    <property name="java.vm.name" value="Java HotSpot(TM) 64-Bit Server VM"/>
    <property name="test.build.webapps" value=""/>
    <property name="localRepository" value="C:\Users\jamesbak\.m2\repository"/>
    <property name="java.vendor.url.bug" value="http://bugreport.sun.com/bugreport/"/>
    <property name="java.io.tmpdir" value="C:\Users\jamesbak\AppData\Local\Temp\3\"/>
    <property name="require.test.libhadoop" value=""/>
    <property name="java.version" value="1.8.0_221"/>
    <property name="user.dir" value="c:\depot\adls-migrator"/>
    <property name="os.arch" value="amd64"/>
    <property name="java.vm.specification.name" value="Java Virtual Machine Specification"/>
    <property name="test.build.classes" value="c:\depot\adls-migrator\target/test-classes"/>
    <property name="java.awt.printerjob" value="sun.awt.windows.WPrinterJob"/>
    <property name="sun.os.patch.level" value=""/>
    <property name="hadoop.tmp.dir" value="c:\depot\adls-migrator\target/tmp"/>
    <property name="java.library.path" value="c:\Program Files\Java\jdk1.8.0_221\jre\bin;C:\Windows\Sun\Java\bin;C:\Windows\system32;C:\Windows;C:\Windows\system32;C:\Windows;C:\Windows\System32\Wbem;C:\Windows\System32\WindowsPowerShell\v1.0\;C:\Windows\System32\OpenSSH\;C:\Program Files\dotnet\;C:\Program Files\Microsoft SQL Server\130\Tools\Binn\;C:\Program Files\Microsoft SQL Server\Client SDK\ODBC\170\Tools\Binn\;C:\Program Files\Git\cmd;C:\Program Files (x86)\Windows Kits\8.0\Windows Performance Toolkit\;C:\Users\jamesbak\AppData\Local\Microsoft\WindowsApps;C:\Program Files\Ubuntu;C:\Users\jamesbak\AppData\Local\Programs\Fiddler;C:\Users\jamesbak\AppData\Local\Programs\Microsoft VS Code\bin;C:\Program Files\Java\jdk1.8.0_221\bin;C:\Program Files\Java\apache-maven-3.6.2\bin;C:\Program Files\Java\protoc-2.5.0;;c:\depot\adls-migrator/../../hadoop-common-project/hadoop-common/target/bin;${openssl.lib};."/>
    <property name="java.vm.info" value="mixed mode"/>
    <property name="java.vendor" value="Oracle Corporation"/>
    <property name="java.vm.version" value="25.221-b11"/>
    <property name="org.apache.commons.logging.simplelog.defaultlog" value="warn"/>
    <property name="java.ext.dirs" value="c:\Program Files\Java\jdk1.8.0_221\jre\lib\ext;C:\Windows\Sun\Java\lib\ext"/>
    <property name="sun.io.unicode.encoding" value="UnicodeLittle"/>
    <property name="org.apache.commons.logging.Log" value="org.apache.commons.logging.impl.SimpleLog"/>
    <property name="java.class.version" value="52.0"/>
  </properties>
  <testcase name="testCopyListingFileStatusSerialization" classname="org.apache.hadoop.tools.TestCopyListingFileStatus" time="0.008">
    <error message="Unresolved compilation problem: &#10;	The method write(DataOutput) of type CopyListingFileStatus must override a superclass method&#10;" type="java.lang.Error">java.lang.Error: 
Unresolved compilation problem: 
	The method write(DataOutput) of type CopyListingFileStatus must override a superclass method

	at org.apache.hadoop.tools.CopyListingFileStatus.write(CopyListingFileStatus.java:271)
	at org.apache.hadoop.tools.TestCopyListingFileStatus.testCopyListingFileStatusSerialization(TestCopyListingFileStatus.java:40)
	at sun.reflect.NativeMethodAccessorImpl.invoke0(Native Method)
	at sun.reflect.NativeMethodAccessorImpl.invoke(NativeMethodAccessorImpl.java:62)
	at sun.reflect.DelegatingMethodAccessorImpl.invoke(DelegatingMethodAccessorImpl.java:43)
	at java.lang.reflect.Method.invoke(Method.java:498)
	at org.junit.runners.model.FrameworkMethod$1.runReflectiveCall(FrameworkMethod.java:47)
	at org.junit.internal.runners.model.ReflectiveCallable.run(ReflectiveCallable.java:12)
	at org.junit.runners.model.FrameworkMethod.invokeExplosively(FrameworkMethod.java:44)
	at org.junit.internal.runners.statements.InvokeMethod.evaluate(InvokeMethod.java:17)
	at org.junit.runners.ParentRunner.runLeaf(ParentRunner.java:271)
	at org.junit.runners.BlockJUnit4ClassRunner.runChild(BlockJUnit4ClassRunner.java:70)
	at org.junit.runners.BlockJUnit4ClassRunner.runChild(BlockJUnit4ClassRunner.java:50)
	at org.junit.runners.ParentRunner$3.run(ParentRunner.java:238)
	at org.junit.runners.ParentRunner$1.schedule(ParentRunner.java:63)
	at org.junit.runners.ParentRunner.runChildren(ParentRunner.java:236)
	at org.junit.runners.ParentRunner.access$000(ParentRunner.java:53)
	at org.junit.runners.ParentRunner$2.evaluate(ParentRunner.java:229)
	at org.junit.runners.ParentRunner.run(ParentRunner.java:309)
	at org.apache.maven.surefire.junit4.JUnit4Provider.execute(JUnit4Provider.java:365)
	at org.apache.maven.surefire.junit4.JUnit4Provider.executeWithRerun(JUnit4Provider.java:273)
	at org.apache.maven.surefire.junit4.JUnit4Provider.executeTestSet(JUnit4Provider.java:238)
	at org.apache.maven.surefire.junit4.JUnit4Provider.invoke(JUnit4Provider.java:159)
	at org.apache.maven.surefire.booter.ForkedBooter.invokeProviderInSameClassLoader(ForkedBooter.java:379)
	at org.apache.maven.surefire.booter.ForkedBooter.runSuitesInProcess(ForkedBooter.java:340)
	at org.apache.maven.surefire.booter.ForkedBooter.execute(ForkedBooter.java:125)
	at org.apache.maven.surefire.booter.ForkedBooter.main(ForkedBooter.java:413)
</error>
  </testcase>
  <testcase name="testFileStatusEquality" classname="org.apache.hadoop.tools.TestCopyListingFileStatus" time="0"/>
</testsuite>