<?xml version="1.0" encoding="UTF-8"?>
<testsuite xmlns:xsi="http://www.w3.org/2001/XMLSchema-instance" xsi:noNamespaceSchemaLocation="https://maven.apache.org/surefire/maven-surefire-plugin/xsd/surefire-test-report.xsd" name="com.azure.storage.adlsmigrator.mapred.TestRetriableFileCopyCommand" time="1.672" tests="1" errors="1" skipped="0" failures="0">
  <properties>
    <property name="sun.desktop" value="windows"/>
    <property name="awt.toolkit" value="sun.awt.windows.WToolkit"/>
    <property name="java.specification.version" value="1.8"/>
    <property name="file.encoding.pkg" value="sun.io"/>
    <property name="sun.cpu.isalist" value="amd64"/>
    <property name="sun.jnu.encoding" value="Cp1252"/>
    <property name="java.class.path" value="c:\depot\adls-migrator\target\test-classes;c:\depot\adls-migrator\target\classes;C:\Users\jamesbak\.m2\repository\junit\junit\4.11\junit-4.11.jar;C:\Users\jamesbak\.m2\repository\org\hamcrest\hamcrest-core\1.3\hamcrest-core-1.3.jar;C:\Users\jamesbak\.m2\repository\org\apache\hadoop\hadoop-common\2.10.0-SNAPSHOT\hadoop-common-2.10.0-SNAPSHOT.jar;C:\Users\jamesbak\.m2\repository\com\google\guava\guava\11.0.2\guava-11.0.2.jar;C:\Users\jamesbak\.m2\repository\commons-cli\commons-cli\1.2\commons-cli-1.2.jar;C:\Users\jamesbak\.m2\repository\org\apache\commons\commons-math3\3.1.1\commons-math3-3.1.1.jar;C:\Users\jamesbak\.m2\repository\xmlenc\xmlenc\0.52\xmlenc-0.52.jar;C:\Users\jamesbak\.m2\repository\org\apache\httpcomponents\httpclient\4.5.2\httpclient-4.5.2.jar;C:\Users\jamesbak\.m2\repository\org\apache\httpcomponents\httpcore\4.4.4\httpcore-4.4.4.jar;C:\Users\jamesbak\.m2\repository\commons-codec\commons-codec\1.4\commons-codec-1.4.jar;C:\Users\jamesbak\.m2\repository\commons-io\commons-io\2.4\commons-io-2.4.jar;C:\Users\jamesbak\.m2\repository\commons-net\commons-net\3.1\commons-net-3.1.jar;C:\Users\jamesbak\.m2\repository\commons-collections\commons-collections\3.2.2\commons-collections-3.2.2.jar;C:\Users\jamesbak\.m2\repository\javax\servlet\servlet-api\2.5\servlet-api-2.5.jar;C:\Users\jamesbak\.m2\repository\org\mortbay\jetty\jetty\6.1.26\jetty-6.1.26.jar;C:\Users\jamesbak\.m2\repository\org\mortbay\jetty\jetty-util\6.1.26\jetty-util-6.1.26.jar;C:\Users\jamesbak\.m2\repository\org\mortbay\jetty\jetty-sslengine\6.1.26\jetty-sslengine-6.1.26.jar;C:\Users\jamesbak\.m2\repository\javax\servlet\jsp\jsp-api\2.1\jsp-api-2.1.jar;C:\Users\jamesbak\.m2\repository\com\sun\jersey\jersey-core\1.9\jersey-core-1.9.jar;C:\Users\jamesbak\.m2\repository\com\sun\jersey\jersey-json\1.9\jersey-json-1.9.jar;C:\Users\jamesbak\.m2\repository\org\codehaus\jettison\jettison\1.1\jettison-1.1.jar;C:\Users\jamesbak\.m2\repository\com\sun\xml\bind\jaxb-impl\2.2.3-1\jaxb-impl-2.2.3-1.jar;C:\Users\jamesbak\.m2\repository\org\codehaus\jackson\jackson-jaxrs\1.9.13\jackson-jaxrs-1.9.13.jar;C:\Users\jamesbak\.m2\repository\org\codehaus\jackson\jackson-xc\1.9.13\jackson-xc-1.9.13.jar;C:\Users\jamesbak\.m2\repository\com\sun\jersey\jersey-server\1.9\jersey-server-1.9.jar;C:\Users\jamesbak\.m2\repository\asm\asm\3.2\asm-3.2.jar;C:\Users\jamesbak\.m2\repository\commons-logging\commons-logging\1.1.3\commons-logging-1.1.3.jar;C:\Users\jamesbak\.m2\repository\log4j\log4j\1.2.17\log4j-1.2.17.jar;C:\Users\jamesbak\.m2\repository\net\java\dev\jets3t\jets3t\0.9.0\jets3t-0.9.0.jar;C:\Users\jamesbak\.m2\repository\com\jamesmurty\utils\java-xmlbuilder\0.4\java-xmlbuilder-0.4.jar;C:\Users\jamesbak\.m2\repository\commons-lang\commons-lang\2.6\commons-lang-2.6.jar;C:\Users\jamesbak\.m2\repository\commons-configuration\commons-configuration\1.6\commons-configuration-1.6.jar;C:\Users\jamesbak\.m2\repository\commons-digester\commons-digester\1.8\commons-digester-1.8.jar;C:\Users\jamesbak\.m2\repository\commons-beanutils\commons-beanutils\1.7.0\commons-beanutils-1.7.0.jar;C:\Users\jamesbak\.m2\repository\commons-beanutils\commons-beanutils-core\1.8.0\commons-beanutils-core-1.8.0.jar;C:\Users\jamesbak\.m2\repository\org\apache\commons\commons-lang3\3.4\commons-lang3-3.4.jar;C:\Users\jamesbak\.m2\repository\org\slf4j\slf4j-api\1.7.25\slf4j-api-1.7.25.jar;C:\Users\jamesbak\.m2\repository\org\slf4j\slf4j-log4j12\1.7.25\slf4j-log4j12-1.7.25.jar;C:\Users\jamesbak\.m2\repository\org\codehaus\jackson\jackson-core-asl\1.9.13\jackson-core-asl-1.9.13.jar;C:\Users\jamesbak\.m2\repository\org\codehaus\jackson\jackson-mapper-asl\1.9.13\jackson-mapper-asl-1.9.13.jar;C:\Users\jamesbak\.m2\repository\org\apache\avro\avro\1.7.7\avro-1.7.7.jar;C:\Users\jamesbak\.m2\repository\com\thoughtworks\paranamer\paranamer\2.3\paranamer-2.3.jar;C:\Users\jamesbak\.m2\repository\org\xerial\snappy\snappy-java\1.0.5\snappy-java-1.0.5.jar;C:\Users\jamesbak\.m2\repository\com\google\protobuf\protobuf-java\2.5.0\protobuf-java-2.5.0.jar;C:\Users\jamesbak\.m2\repository\com\google\code\gson\gson\2.2.4\gson-2.2.4.jar;C:\Users\jamesbak\.m2\repository\org\apache\hadoop\hadoop-auth\2.10.0-SNAPSHOT\hadoop-auth-2.10.0-SNAPSHOT.jar;C:\Users\jamesbak\.m2\repository\com\nimbusds\nimbus-jose-jwt\4.41.1\nimbus-jose-jwt-4.41.1.jar;C:\Users\jamesbak\.m2\repository\com\github\stephenc\jcip\jcip-annotations\1.0-1\jcip-annotations-1.0-1.jar;C:\Users\jamesbak\.m2\repository\net\minidev\json-smart\1.3.1\json-smart-1.3.1.jar;C:\Users\jamesbak\.m2\repository\org\apache\directory\server\apacheds-kerberos-codec\2.0.0-M15\apacheds-kerberos-codec-2.0.0-M15.jar;C:\Users\jamesbak\.m2\repository\org\apache\directory\server\apacheds-i18n\2.0.0-M15\apacheds-i18n-2.0.0-M15.jar;C:\Users\jamesbak\.m2\repository\org\apache\directory\api\api-asn1-api\1.0.0-M20\api-asn1-api-1.0.0-M20.jar;C:\Users\jamesbak\.m2\repository\org\apache\directory\api\api-util\1.0.0-M20\api-util-1.0.0-M20.jar;C:\Users\jamesbak\.m2\repository\org\apache\curator\curator-framework\2.7.1\curator-framework-2.7.1.jar;C:\Users\jamesbak\.m2\repository\com\jcraft\jsch\0.1.54\jsch-0.1.54.jar;C:\Users\jamesbak\.m2\repository\org\apache\curator\curator-client\2.7.1\curator-client-2.7.1.jar;C:\Users\jamesbak\.m2\repository\org\apache\curator\curator-recipes\2.7.1\curator-recipes-2.7.1.jar;C:\Users\jamesbak\.m2\repository\com\google\code\findbugs\jsr305\3.0.0\jsr305-3.0.0.jar;C:\Users\jamesbak\.m2\repository\org\apache\htrace\htrace-core4\4.1.0-incubating\htrace-core4-4.1.0-incubating.jar;C:\Users\jamesbak\.m2\repository\org\apache\zookeeper\zookeeper\3.4.6\zookeeper-3.4.6.jar;C:\Users\jamesbak\.m2\repository\org\apache\commons\commons-compress\1.4.1\commons-compress-1.4.1.jar;C:\Users\jamesbak\.m2\repository\org\tukaani\xz\1.0\xz-1.0.jar;C:\Users\jamesbak\.m2\repository\org\codehaus\woodstox\stax2-api\3.1.4\stax2-api-3.1.4.jar;C:\Users\jamesbak\.m2\repository\com\fasterxml\woodstox\woodstox-core\5.0.3\woodstox-core-5.0.3.jar;C:\Users\jamesbak\.m2\repository\org\apache\hadoop\hadoop-annotations\2.10.0-SNAPSHOT\hadoop-annotations-2.10.0-SNAPSHOT.jar;c:\Program Files\Java\jdk1.8.0_221\jre\..\lib\tools.jar;C:\Users\jamesbak\.m2\repository\org\apache\hadoop\hadoop-mapreduce-client-app\2.10.0-SNAPSHOT\hadoop-mapreduce-client-app-2.10.0-SNAPSHOT.jar;C:\Users\jamesbak\.m2\repository\org\apache\hadoop\hadoop-mapreduce-client-common\2.10.0-SNAPSHOT\hadoop-mapreduce-client-common-2.10.0-SNAPSHOT.jar;C:\Users\jamesbak\.m2\repository\org\apache\hadoop\hadoop-yarn-server-web-proxy\2.10.0-SNAPSHOT\hadoop-yarn-server-web-proxy-2.10.0-SNAPSHOT.jar;C:\Users\jamesbak\.m2\repository\org\apache\hadoop\hadoop-yarn-server-common\2.10.0-SNAPSHOT\hadoop-yarn-server-common-2.10.0-SNAPSHOT.jar;C:\Users\jamesbak\.m2\repository\org\apache\hadoop\hadoop-yarn-registry\2.10.0-SNAPSHOT\hadoop-yarn-registry-2.10.0-SNAPSHOT.jar;C:\Users\jamesbak\.m2\repository\org\apache\geronimo\specs\geronimo-jcache_1.0_spec\1.0-alpha-1\geronimo-jcache_1.0_spec-1.0-alpha-1.jar;C:\Users\jamesbak\.m2\repository\org\ehcache\ehcache\3.3.1\ehcache-3.3.1.jar;C:\Users\jamesbak\.m2\repository\com\zaxxer\HikariCP-java7\2.4.12\HikariCP-java7-2.4.12.jar;C:\Users\jamesbak\.m2\repository\com\microsoft\sqlserver\mssql-jdbc\6.2.1.jre7\mssql-jdbc-6.2.1.jre7.jar;C:\Users\jamesbak\.m2\repository\org\apache\hadoop\hadoop-yarn-api\2.10.0-SNAPSHOT\hadoop-yarn-api-2.10.0-SNAPSHOT.jar;C:\Users\jamesbak\.m2\repository\org\apache\hadoop\hadoop-mapreduce-client-shuffle\2.10.0-SNAPSHOT\hadoop-mapreduce-client-shuffle-2.10.0-SNAPSHOT.jar;C:\Users\jamesbak\.m2\repository\org\apache\hadoop\hadoop-yarn-server-nodemanager\2.10.0-SNAPSHOT\hadoop-yarn-server-nodemanager-2.10.0-SNAPSHOT.jar;C:\Users\jamesbak\.m2\repository\com\codahale\metrics\metrics-core\3.0.1\metrics-core-3.0.1.jar;C:\Users\jamesbak\.m2\repository\com\google\inject\extensions\guice-servlet\3.0\guice-servlet-3.0.jar;C:\Users\jamesbak\.m2\repository\com\google\inject\guice\3.0\guice-3.0.jar;C:\Users\jamesbak\.m2\repository\javax\inject\javax.inject\1\javax.inject-1.jar;C:\Users\jamesbak\.m2\repository\aopalliance\aopalliance\1.0\aopalliance-1.0.jar;C:\Users\jamesbak\.m2\repository\io\netty\netty\3.6.2.Final\netty-3.6.2.Final.jar;C:\Users\jamesbak\.m2\repository\org\apache\hadoop\hadoop-mapreduce-client-hs\2.10.0-SNAPSHOT\hadoop-mapreduce-client-hs-2.10.0-SNAPSHOT.jar;C:\Users\jamesbak\.m2\repository\org\fusesource\leveldbjni\leveldbjni-all\1.8\leveldbjni-all-1.8.jar;C:\Users\jamesbak\.m2\repository\org\apache\hadoop\hadoop-mapreduce-client-core\2.10.0-SNAPSHOT\hadoop-mapreduce-client-core-2.10.0-SNAPSHOT.jar;C:\Users\jamesbak\.m2\repository\org\apache\hadoop\hadoop-yarn-client\2.10.0-SNAPSHOT\hadoop-yarn-client-2.10.0-SNAPSHOT.jar;C:\Users\jamesbak\.m2\repository\org\apache\hadoop\hadoop-yarn-common\2.10.0-SNAPSHOT\hadoop-yarn-common-2.10.0-SNAPSHOT.jar;C:\Users\jamesbak\.m2\repository\javax\xml\bind\jaxb-api\2.2.2\jaxb-api-2.2.2.jar;C:\Users\jamesbak\.m2\repository\javax\xml\stream\stax-api\1.0-2\stax-api-1.0-2.jar;C:\Users\jamesbak\.m2\repository\javax\activation\activation\1.1\activation-1.1.jar;C:\Users\jamesbak\.m2\repository\com\sun\jersey\jersey-client\1.9\jersey-client-1.9.jar;C:\Users\jamesbak\.m2\repository\com\sun\jersey\contribs\jersey-guice\1.9\jersey-guice-1.9.jar;C:\Users\jamesbak\.m2\repository\org\apache\hadoop\hadoop-mapreduce-client-jobclient\2.10.0-SNAPSHOT\hadoop-mapreduce-client-jobclient-2.10.0-SNAPSHOT.jar;C:\Users\jamesbak\.m2\repository\org\apache\hadoop\hadoop-mapreduce-client-jobclient\2.10.0-SNAPSHOT\hadoop-mapreduce-client-jobclient-2.10.0-SNAPSHOT-tests.jar;C:\Users\jamesbak\.m2\repository\org\apache\hadoop\hadoop-hdfs-client\2.10.0-SNAPSHOT\hadoop-hdfs-client-2.10.0-SNAPSHOT.jar;C:\Users\jamesbak\.m2\repository\com\squareup\okhttp\okhttp\2.7.5\okhttp-2.7.5.jar;C:\Users\jamesbak\.m2\repository\com\squareup\okio\okio\1.6.0\okio-1.6.0.jar;C:\Users\jamesbak\.m2\repository\org\apache\hadoop\hadoop-hdfs\2.10.0-SNAPSHOT\hadoop-hdfs-2.10.0-SNAPSHOT.jar;C:\Users\jamesbak\.m2\repository\commons-daemon\commons-daemon\1.0.13\commons-daemon-1.0.13.jar;C:\Users\jamesbak\.m2\repository\io\netty\netty-all\4.0.23.Final\netty-all-4.0.23.Final.jar;C:\Users\jamesbak\.m2\repository\xerces\xercesImpl\2.12.0\xercesImpl-2.12.0.jar;C:\Users\jamesbak\.m2\repository\xml-apis\xml-apis\1.4.01\xml-apis-1.4.01.jar;C:\Users\jamesbak\.m2\repository\com\fasterxml\jackson\core\jackson-databind\2.7.8\jackson-databind-2.7.8.jar;C:\Users\jamesbak\.m2\repository\com\fasterxml\jackson\core\jackson-annotations\2.7.8\jackson-annotations-2.7.8.jar;C:\Users\jamesbak\.m2\repository\com\fasterxml\jackson\core\jackson-core\2.7.8\jackson-core-2.7.8.jar;C:\Users\jamesbak\.m2\repository\org\apache\hadoop\hadoop-hdfs\2.10.0-SNAPSHOT\hadoop-hdfs-2.10.0-SNAPSHOT-tests.jar;C:\Users\jamesbak\.m2\repository\org\apache\hadoop\hadoop-common\2.10.0-SNAPSHOT\hadoop-common-2.10.0-SNAPSHOT-tests.jar;C:\Users\jamesbak\.m2\repository\org\apache\hadoop\hadoop-azure\2.10.0-SNAPSHOT\hadoop-azure-2.10.0-SNAPSHOT.jar;C:\Users\jamesbak\.m2\repository\com\microsoft\azure\azure-storage\5.4.0\azure-storage-5.4.0.jar;C:\Users\jamesbak\.m2\repository\com\microsoft\azure\azure-keyvault-core\0.8.0\azure-keyvault-core-0.8.0.jar;C:\Users\jamesbak\.m2\repository\org\mockito\mockito-all\1.8.5\mockito-all-1.8.5.jar;"/>
    <property name="java.vm.vendor" value="Oracle Corporation"/>
    <property name="sun.arch.data.model" value="64"/>
    <property name="test.build.dir" value="c:\depot\adls-migrator\target/test-dir"/>
    <property name="user.variant" value=""/>
    <property name="test.cache.data" value=""/>
    <property name="java.vendor.url" value="http://java.oracle.com/"/>
    <property name="user.timezone" value=""/>
    <property name="os.name" value="Windows Server 2019"/>
    <property name="java.vm.specification.version" value="1.8"/>
    <property name="test.build.data" value="c:\depot\adls-migrator\target/test-dir"/>
    <property name="user.country" value="US"/>
    <property name="sun.java.launcher" value="SUN_STANDARD"/>
    <property name="sun.boot.library.path" value="c:\Program Files\Java\jdk1.8.0_221\jre\bin"/>
    <property name="sun.java.command" value="C:\Users\jamesbak\AppData\Local\Temp\3\surefire1588314324727550430\surefirebooter1560862795745748332.jar C:\Users\jamesbak\AppData\Local\Temp\3\surefire1588314324727550430 2019-09-17T18-32-50_286-jvmRun1 surefire591865184223485234tmp surefire_44027510706194117191tmp"/>
    <property name="surefire.test.class.path" value="c:\depot\adls-migrator\target\test-classes;c:\depot\adls-migrator\target\classes;C:\Users\jamesbak\.m2\repository\junit\junit\4.11\junit-4.11.jar;C:\Users\jamesbak\.m2\repository\org\hamcrest\hamcrest-core\1.3\hamcrest-core-1.3.jar;C:\Users\jamesbak\.m2\repository\org\apache\hadoop\hadoop-common\2.10.0-SNAPSHOT\hadoop-common-2.10.0-SNAPSHOT.jar;C:\Users\jamesbak\.m2\repository\com\google\guava\guava\11.0.2\guava-11.0.2.jar;C:\Users\jamesbak\.m2\repository\commons-cli\commons-cli\1.2\commons-cli-1.2.jar;C:\Users\jamesbak\.m2\repository\org\apache\commons\commons-math3\3.1.1\commons-math3-3.1.1.jar;C:\Users\jamesbak\.m2\repository\xmlenc\xmlenc\0.52\xmlenc-0.52.jar;C:\Users\jamesbak\.m2\repository\org\apache\httpcomponents\httpclient\4.5.2\httpclient-4.5.2.jar;C:\Users\jamesbak\.m2\repository\org\apache\httpcomponents\httpcore\4.4.4\httpcore-4.4.4.jar;C:\Users\jamesbak\.m2\repository\commons-codec\commons-codec\1.4\commons-codec-1.4.jar;C:\Users\jamesbak\.m2\repository\commons-io\commons-io\2.4\commons-io-2.4.jar;C:\Users\jamesbak\.m2\repository\commons-net\commons-net\3.1\commons-net-3.1.jar;C:\Users\jamesbak\.m2\repository\commons-collections\commons-collections\3.2.2\commons-collections-3.2.2.jar;C:\Users\jamesbak\.m2\repository\javax\servlet\servlet-api\2.5\servlet-api-2.5.jar;C:\Users\jamesbak\.m2\repository\org\mortbay\jetty\jetty\6.1.26\jetty-6.1.26.jar;C:\Users\jamesbak\.m2\repository\org\mortbay\jetty\jetty-util\6.1.26\jetty-util-6.1.26.jar;C:\Users\jamesbak\.m2\repository\org\mortbay\jetty\jetty-sslengine\6.1.26\jetty-sslengine-6.1.26.jar;C:\Users\jamesbak\.m2\repository\javax\servlet\jsp\jsp-api\2.1\jsp-api-2.1.jar;C:\Users\jamesbak\.m2\repository\com\sun\jersey\jersey-core\1.9\jersey-core-1.9.jar;C:\Users\jamesbak\.m2\repository\com\sun\jersey\jersey-json\1.9\jersey-json-1.9.jar;C:\Users\jamesbak\.m2\repository\org\codehaus\jettison\jettison\1.1\jettison-1.1.jar;C:\Users\jamesbak\.m2\repository\com\sun\xml\bind\jaxb-impl\2.2.3-1\jaxb-impl-2.2.3-1.jar;C:\Users\jamesbak\.m2\repository\org\codehaus\jackson\jackson-jaxrs\1.9.13\jackson-jaxrs-1.9.13.jar;C:\Users\jamesbak\.m2\repository\org\codehaus\jackson\jackson-xc\1.9.13\jackson-xc-1.9.13.jar;C:\Users\jamesbak\.m2\repository\com\sun\jersey\jersey-server\1.9\jersey-server-1.9.jar;C:\Users\jamesbak\.m2\repository\asm\asm\3.2\asm-3.2.jar;C:\Users\jamesbak\.m2\repository\commons-logging\commons-logging\1.1.3\commons-logging-1.1.3.jar;C:\Users\jamesbak\.m2\repository\log4j\log4j\1.2.17\log4j-1.2.17.jar;C:\Users\jamesbak\.m2\repository\net\java\dev\jets3t\jets3t\0.9.0\jets3t-0.9.0.jar;C:\Users\jamesbak\.m2\repository\com\jamesmurty\utils\java-xmlbuilder\0.4\java-xmlbuilder-0.4.jar;C:\Users\jamesbak\.m2\repository\commons-lang\commons-lang\2.6\commons-lang-2.6.jar;C:\Users\jamesbak\.m2\repository\commons-configuration\commons-configuration\1.6\commons-configuration-1.6.jar;C:\Users\jamesbak\.m2\repository\commons-digester\commons-digester\1.8\commons-digester-1.8.jar;C:\Users\jamesbak\.m2\repository\commons-beanutils\commons-beanutils\1.7.0\commons-beanutils-1.7.0.jar;C:\Users\jamesbak\.m2\repository\commons-beanutils\commons-beanutils-core\1.8.0\commons-beanutils-core-1.8.0.jar;C:\Users\jamesbak\.m2\repository\org\apache\commons\commons-lang3\3.4\commons-lang3-3.4.jar;C:\Users\jamesbak\.m2\repository\org\slf4j\slf4j-api\1.7.25\slf4j-api-1.7.25.jar;C:\Users\jamesbak\.m2\repository\org\slf4j\slf4j-log4j12\1.7.25\slf4j-log4j12-1.7.25.jar;C:\Users\jamesbak\.m2\repository\org\codehaus\jackson\jackson-core-asl\1.9.13\jackson-core-asl-1.9.13.jar;C:\Users\jamesbak\.m2\repository\org\codehaus\jackson\jackson-mapper-asl\1.9.13\jackson-mapper-asl-1.9.13.jar;C:\Users\jamesbak\.m2\repository\org\apache\avro\avro\1.7.7\avro-1.7.7.jar;C:\Users\jamesbak\.m2\repository\com\thoughtworks\paranamer\paranamer\2.3\paranamer-2.3.jar;C:\Users\jamesbak\.m2\repository\org\xerial\snappy\snappy-java\1.0.5\snappy-java-1.0.5.jar;C:\Users\jamesbak\.m2\repository\com\google\protobuf\protobuf-java\2.5.0\protobuf-java-2.5.0.jar;C:\Users\jamesbak\.m2\repository\com\google\code\gson\gson\2.2.4\gson-2.2.4.jar;C:\Users\jamesbak\.m2\repository\org\apache\hadoop\hadoop-auth\2.10.0-SNAPSHOT\hadoop-auth-2.10.0-SNAPSHOT.jar;C:\Users\jamesbak\.m2\repository\com\nimbusds\nimbus-jose-jwt\4.41.1\nimbus-jose-jwt-4.41.1.jar;C:\Users\jamesbak\.m2\repository\com\github\stephenc\jcip\jcip-annotations\1.0-1\jcip-annotations-1.0-1.jar;C:\Users\jamesbak\.m2\repository\net\minidev\json-smart\1.3.1\json-smart-1.3.1.jar;C:\Users\jamesbak\.m2\repository\org\apache\directory\server\apacheds-kerberos-codec\2.0.0-M15\apacheds-kerberos-codec-2.0.0-M15.jar;C:\Users\jamesbak\.m2\repository\org\apache\directory\server\apacheds-i18n\2.0.0-M15\apacheds-i18n-2.0.0-M15.jar;C:\Users\jamesbak\.m2\repository\org\apache\directory\api\api-asn1-api\1.0.0-M20\api-asn1-api-1.0.0-M20.jar;C:\Users\jamesbak\.m2\repository\org\apache\directory\api\api-util\1.0.0-M20\api-util-1.0.0-M20.jar;C:\Users\jamesbak\.m2\repository\org\apache\curator\curator-framework\2.7.1\curator-framework-2.7.1.jar;C:\Users\jamesbak\.m2\repository\com\jcraft\jsch\0.1.54\jsch-0.1.54.jar;C:\Users\jamesbak\.m2\repository\org\apache\curator\curator-client\2.7.1\curator-client-2.7.1.jar;C:\Users\jamesbak\.m2\repository\org\apache\curator\curator-recipes\2.7.1\curator-recipes-2.7.1.jar;C:\Users\jamesbak\.m2\repository\com\google\code\findbugs\jsr305\3.0.0\jsr305-3.0.0.jar;C:\Users\jamesbak\.m2\repository\org\apache\htrace\htrace-core4\4.1.0-incubating\htrace-core4-4.1.0-incubating.jar;C:\Users\jamesbak\.m2\repository\org\apache\zookeeper\zookeeper\3.4.6\zookeeper-3.4.6.jar;C:\Users\jamesbak\.m2\repository\org\apache\commons\commons-compress\1.4.1\commons-compress-1.4.1.jar;C:\Users\jamesbak\.m2\repository\org\tukaani\xz\1.0\xz-1.0.jar;C:\Users\jamesbak\.m2\repository\org\codehaus\woodstox\stax2-api\3.1.4\stax2-api-3.1.4.jar;C:\Users\jamesbak\.m2\repository\com\fasterxml\woodstox\woodstox-core\5.0.3\woodstox-core-5.0.3.jar;C:\Users\jamesbak\.m2\repository\org\apache\hadoop\hadoop-annotations\2.10.0-SNAPSHOT\hadoop-annotations-2.10.0-SNAPSHOT.jar;c:\Program Files\Java\jdk1.8.0_221\jre\..\lib\tools.jar;C:\Users\jamesbak\.m2\repository\org\apache\hadoop\hadoop-mapreduce-client-app\2.10.0-SNAPSHOT\hadoop-mapreduce-client-app-2.10.0-SNAPSHOT.jar;C:\Users\jamesbak\.m2\repository\org\apache\hadoop\hadoop-mapreduce-client-common\2.10.0-SNAPSHOT\hadoop-mapreduce-client-common-2.10.0-SNAPSHOT.jar;C:\Users\jamesbak\.m2\repository\org\apache\hadoop\hadoop-yarn-server-web-proxy\2.10.0-SNAPSHOT\hadoop-yarn-server-web-proxy-2.10.0-SNAPSHOT.jar;C:\Users\jamesbak\.m2\repository\org\apache\hadoop\hadoop-yarn-server-common\2.10.0-SNAPSHOT\hadoop-yarn-server-common-2.10.0-SNAPSHOT.jar;C:\Users\jamesbak\.m2\repository\org\apache\hadoop\hadoop-yarn-registry\2.10.0-SNAPSHOT\hadoop-yarn-registry-2.10.0-SNAPSHOT.jar;C:\Users\jamesbak\.m2\repository\org\apache\geronimo\specs\geronimo-jcache_1.0_spec\1.0-alpha-1\geronimo-jcache_1.0_spec-1.0-alpha-1.jar;C:\Users\jamesbak\.m2\repository\org\ehcache\ehcache\3.3.1\ehcache-3.3.1.jar;C:\Users\jamesbak\.m2\repository\com\zaxxer\HikariCP-java7\2.4.12\HikariCP-java7-2.4.12.jar;C:\Users\jamesbak\.m2\repository\com\microsoft\sqlserver\mssql-jdbc\6.2.1.jre7\mssql-jdbc-6.2.1.jre7.jar;C:\Users\jamesbak\.m2\repository\org\apache\hadoop\hadoop-yarn-api\2.10.0-SNAPSHOT\hadoop-yarn-api-2.10.0-SNAPSHOT.jar;C:\Users\jamesbak\.m2\repository\org\apache\hadoop\hadoop-mapreduce-client-shuffle\2.10.0-SNAPSHOT\hadoop-mapreduce-client-shuffle-2.10.0-SNAPSHOT.jar;C:\Users\jamesbak\.m2\repository\org\apache\hadoop\hadoop-yarn-server-nodemanager\2.10.0-SNAPSHOT\hadoop-yarn-server-nodemanager-2.10.0-SNAPSHOT.jar;C:\Users\jamesbak\.m2\repository\com\codahale\metrics\metrics-core\3.0.1\metrics-core-3.0.1.jar;C:\Users\jamesbak\.m2\repository\com\google\inject\extensions\guice-servlet\3.0\guice-servlet-3.0.jar;C:\Users\jamesbak\.m2\repository\com\google\inject\guice\3.0\guice-3.0.jar;C:\Users\jamesbak\.m2\repository\javax\inject\javax.inject\1\javax.inject-1.jar;C:\Users\jamesbak\.m2\repository\aopalliance\aopalliance\1.0\aopalliance-1.0.jar;C:\Users\jamesbak\.m2\repository\io\netty\netty\3.6.2.Final\netty-3.6.2.Final.jar;C:\Users\jamesbak\.m2\repository\org\apache\hadoop\hadoop-mapreduce-client-hs\2.10.0-SNAPSHOT\hadoop-mapreduce-client-hs-2.10.0-SNAPSHOT.jar;C:\Users\jamesbak\.m2\repository\org\fusesource\leveldbjni\leveldbjni-all\1.8\leveldbjni-all-1.8.jar;C:\Users\jamesbak\.m2\repository\org\apache\hadoop\hadoop-mapreduce-client-core\2.10.0-SNAPSHOT\hadoop-mapreduce-client-core-2.10.0-SNAPSHOT.jar;C:\Users\jamesbak\.m2\repository\org\apache\hadoop\hadoop-yarn-client\2.10.0-SNAPSHOT\hadoop-yarn-client-2.10.0-SNAPSHOT.jar;C:\Users\jamesbak\.m2\repository\org\apache\hadoop\hadoop-yarn-common\2.10.0-SNAPSHOT\hadoop-yarn-common-2.10.0-SNAPSHOT.jar;C:\Users\jamesbak\.m2\repository\javax\xml\bind\jaxb-api\2.2.2\jaxb-api-2.2.2.jar;C:\Users\jamesbak\.m2\repository\javax\xml\stream\stax-api\1.0-2\stax-api-1.0-2.jar;C:\Users\jamesbak\.m2\repository\javax\activation\activation\1.1\activation-1.1.jar;C:\Users\jamesbak\.m2\repository\com\sun\jersey\jersey-client\1.9\jersey-client-1.9.jar;C:\Users\jamesbak\.m2\repository\com\sun\jersey\contribs\jersey-guice\1.9\jersey-guice-1.9.jar;C:\Users\jamesbak\.m2\repository\org\apache\hadoop\hadoop-mapreduce-client-jobclient\2.10.0-SNAPSHOT\hadoop-mapreduce-client-jobclient-2.10.0-SNAPSHOT.jar;C:\Users\jamesbak\.m2\repository\org\apache\hadoop\hadoop-mapreduce-client-jobclient\2.10.0-SNAPSHOT\hadoop-mapreduce-client-jobclient-2.10.0-SNAPSHOT-tests.jar;C:\Users\jamesbak\.m2\repository\org\apache\hadoop\hadoop-hdfs-client\2.10.0-SNAPSHOT\hadoop-hdfs-client-2.10.0-SNAPSHOT.jar;C:\Users\jamesbak\.m2\repository\com\squareup\okhttp\okhttp\2.7.5\okhttp-2.7.5.jar;C:\Users\jamesbak\.m2\repository\com\squareup\okio\okio\1.6.0\okio-1.6.0.jar;C:\Users\jamesbak\.m2\repository\org\apache\hadoop\hadoop-hdfs\2.10.0-SNAPSHOT\hadoop-hdfs-2.10.0-SNAPSHOT.jar;C:\Users\jamesbak\.m2\repository\commons-daemon\commons-daemon\1.0.13\commons-daemon-1.0.13.jar;C:\Users\jamesbak\.m2\repository\io\netty\netty-all\4.0.23.Final\netty-all-4.0.23.Final.jar;C:\Users\jamesbak\.m2\repository\xerces\xercesImpl\2.12.0\xercesImpl-2.12.0.jar;C:\Users\jamesbak\.m2\repository\xml-apis\xml-apis\1.4.01\xml-apis-1.4.01.jar;C:\Users\jamesbak\.m2\repository\com\fasterxml\jackson\core\jackson-databind\2.7.8\jackson-databind-2.7.8.jar;C:\Users\jamesbak\.m2\repository\com\fasterxml\jackson\core\jackson-annotations\2.7.8\jackson-annotations-2.7.8.jar;C:\Users\jamesbak\.m2\repository\com\fasterxml\jackson\core\jackson-core\2.7.8\jackson-core-2.7.8.jar;C:\Users\jamesbak\.m2\repository\org\apache\hadoop\hadoop-hdfs\2.10.0-SNAPSHOT\hadoop-hdfs-2.10.0-SNAPSHOT-tests.jar;C:\Users\jamesbak\.m2\repository\org\apache\hadoop\hadoop-common\2.10.0-SNAPSHOT\hadoop-common-2.10.0-SNAPSHOT-tests.jar;C:\Users\jamesbak\.m2\repository\org\apache\hadoop\hadoop-azure\2.10.0-SNAPSHOT\hadoop-azure-2.10.0-SNAPSHOT.jar;C:\Users\jamesbak\.m2\repository\com\microsoft\azure\azure-storage\5.4.0\azure-storage-5.4.0.jar;C:\Users\jamesbak\.m2\repository\com\microsoft\azure\azure-keyvault-core\0.8.0\azure-keyvault-core-0.8.0.jar;C:\Users\jamesbak\.m2\repository\org\mockito\mockito-all\1.8.5\mockito-all-1.8.5.jar;"/>
    <property name="sun.cpu.endian" value="little"/>
    <property name="user.home" value="C:\Users\jamesbak"/>
    <property name="user.language" value="en"/>
    <property name="java.specification.vendor" value="Oracle Corporation"/>
    <property name="java.home" value="c:\Program Files\Java\jdk1.8.0_221\jre"/>
    <property name="java.security.krb5.conf" value="c:\depot\adls-migrator\target/test-classes/krb5.conf"/>
    <property name="basedir" value="c:\depot\adls-migrator"/>
    <property name="file.separator" value="\"/>
    <property name="line.separator" value="&#10;"/>
    <property name="java.vm.specification.vendor" value="Oracle Corporation"/>
    <property name="java.specification.name" value="Java Platform API Specification"/>
    <property name="java.awt.graphicsenv" value="sun.awt.Win32GraphicsEnvironment"/>
    <property name="surefire.real.class.path" value="C:\Users\jamesbak\AppData\Local\Temp\3\surefire1588314324727550430\surefirebooter1560862795745748332.jar"/>
    <property name="hadoop.log.dir" value="c:\depot\adls-migrator\target/log"/>
    <property name="sun.boot.class.path" value="c:\Program Files\Java\jdk1.8.0_221\jre\lib\resources.jar;c:\Program Files\Java\jdk1.8.0_221\jre\lib\rt.jar;c:\Program Files\Java\jdk1.8.0_221\jre\lib\sunrsasign.jar;c:\Program Files\Java\jdk1.8.0_221\jre\lib\jsse.jar;c:\Program Files\Java\jdk1.8.0_221\jre\lib\jce.jar;c:\Program Files\Java\jdk1.8.0_221\jre\lib\charsets.jar;c:\Program Files\Java\jdk1.8.0_221\jre\lib\jfr.jar;c:\Program Files\Java\jdk1.8.0_221\jre\classes"/>
    <property name="user.script" value=""/>
    <property name="sun.management.compiler" value="HotSpot 64-Bit Tiered Compilers"/>
    <property name="java.runtime.version" value="1.8.0_221-b11"/>
    <property name="java.net.preferIPv4Stack" value="true"/>
    <property name="user.name" value="jamesbak"/>
    <property name="path.separator" value=";"/>
    <property name="java.security.egd" value="file:/dev/urandom"/>
    <property name="os.version" value="10.0"/>
    <property name="java.endorsed.dirs" value="c:\Program Files\Java\jdk1.8.0_221\jre\lib\endorsed"/>
    <property name="java.runtime.name" value="Java(TM) SE Runtime Environment"/>
    <property name="file.encoding" value="Cp1252"/>
    <property name="java.vm.name" value="Java HotSpot(TM) 64-Bit Server VM"/>
    <property name="test.build.webapps" value=""/>
    <property name="localRepository" value="C:\Users\jamesbak\.m2\repository"/>
    <property name="java.vendor.url.bug" value="http://bugreport.sun.com/bugreport/"/>
    <property name="java.io.tmpdir" value="C:\Users\jamesbak\AppData\Local\Temp\3\"/>
    <property name="require.test.libhadoop" value=""/>
    <property name="java.version" value="1.8.0_221"/>
    <property name="user.dir" value="c:\depot\adls-migrator"/>
    <property name="os.arch" value="amd64"/>
    <property name="java.vm.specification.name" value="Java Virtual Machine Specification"/>
    <property name="test.build.classes" value="c:\depot\adls-migrator\target/test-classes"/>
    <property name="java.awt.printerjob" value="sun.awt.windows.WPrinterJob"/>
    <property name="sun.os.patch.level" value=""/>
    <property name="hadoop.tmp.dir" value="c:\depot\adls-migrator\target/tmp"/>
    <property name="java.library.path" value="c:\Program Files\Java\jdk1.8.0_221\jre\bin;C:\Windows\Sun\Java\bin;C:\Windows\system32;C:\Windows;C:\Windows\system32;C:\Windows;C:\Windows\System32\Wbem;C:\Windows\System32\WindowsPowerShell\v1.0\;C:\Windows\System32\OpenSSH\;C:\Program Files\dotnet\;C:\Program Files\Microsoft SQL Server\130\Tools\Binn\;C:\Program Files\Microsoft SQL Server\Client SDK\ODBC\170\Tools\Binn\;C:\Program Files\Git\cmd;C:\Program Files (x86)\Windows Kits\8.0\Windows Performance Toolkit\;C:\Users\jamesbak\AppData\Local\Microsoft\WindowsApps;C:\Program Files\Ubuntu;C:\Users\jamesbak\AppData\Local\Programs\Fiddler;C:\Users\jamesbak\AppData\Local\Programs\Microsoft VS Code\bin;C:\Program Files\Java\jdk1.8.0_221\bin;C:\Program Files\Java\apache-maven-3.6.2\bin;C:\Program Files\Java\protoc-2.5.0;;c:\depot\adls-migrator/../../hadoop-common-project/hadoop-common/target/bin;${openssl.lib};."/>
    <property name="java.vm.info" value="mixed mode"/>
    <property name="java.vendor" value="Oracle Corporation"/>
    <property name="java.vm.version" value="25.221-b11"/>
    <property name="org.apache.commons.logging.simplelog.defaultlog" value="warn"/>
    <property name="java.ext.dirs" value="c:\Program Files\Java\jdk1.8.0_221\jre\lib\ext;C:\Windows\Sun\Java\lib\ext"/>
    <property name="sun.io.unicode.encoding" value="UnicodeLittle"/>
    <property name="org.apache.commons.logging.Log" value="org.apache.commons.logging.impl.SimpleLog"/>
    <property name="java.class.version" value="52.0"/>
  </properties>
  <testcase name="testFailOnCloseError" classname="com.azure.storage.adlsmigrator.mapred.TestRetriableFileCopyCommand" time="1.576">
    <error message="Unresolved compilation problem: &#10;	The method getPos() of type ThrottledInputStream must override a superclass method&#10;" type="java.lang.Error">java.lang.Error: 
Unresolved compilation problem: 
	The method getPos() of type ThrottledInputStream must override a superclass method

	at org.apache.hadoop.tools.util.ThrottledInputStream.getPos(ThrottledInputStream.java:164)
	at com.azure.storage.adlsmigrator.mapred.RetriableFileCopyCommand.seekIfRequired(RetriableFileCopyCommand.java:312)
	at com.azure.storage.adlsmigrator.mapred.RetriableFileCopyCommand.copyBytes(RetriableFileCopyCommand.java:260)
	at com.azure.storage.adlsmigrator.mapred.TestRetriableFileCopyCommand.testFailOnCloseError(TestRetriableFileCopyCommand.java:54)
	at sun.reflect.NativeMethodAccessorImpl.invoke0(Native Method)
	at sun.reflect.NativeMethodAccessorImpl.invoke(NativeMethodAccessorImpl.java:62)
	at sun.reflect.DelegatingMethodAccessorImpl.invoke(DelegatingMethodAccessorImpl.java:43)
	at java.lang.reflect.Method.invoke(Method.java:498)
	at org.junit.runners.model.FrameworkMethod$1.runReflectiveCall(FrameworkMethod.java:47)
	at org.junit.internal.runners.model.ReflectiveCallable.run(ReflectiveCallable.java:12)
	at org.junit.runners.model.FrameworkMethod.invokeExplosively(FrameworkMethod.java:44)
	at org.junit.internal.runners.statements.InvokeMethod.evaluate(InvokeMethod.java:17)
	at org.junit.runners.ParentRunner.runLeaf(ParentRunner.java:271)
	at org.junit.runners.BlockJUnit4ClassRunner.runChild(BlockJUnit4ClassRunner.java:70)
	at org.junit.runners.BlockJUnit4ClassRunner.runChild(BlockJUnit4ClassRunner.java:50)
	at org.junit.runners.ParentRunner$3.run(ParentRunner.java:238)
	at org.junit.runners.ParentRunner$1.schedule(ParentRunner.java:63)
	at org.junit.runners.ParentRunner.runChildren(ParentRunner.java:236)
	at org.junit.runners.ParentRunner.access$000(ParentRunner.java:53)
	at org.junit.runners.ParentRunner$2.evaluate(ParentRunner.java:229)
	at org.junit.runners.ParentRunner.run(ParentRunner.java:309)
	at org.apache.maven.surefire.junit4.JUnit4Provider.execute(JUnit4Provider.java:365)
	at org.apache.maven.surefire.junit4.JUnit4Provider.executeWithRerun(JUnit4Provider.java:273)
	at org.apache.maven.surefire.junit4.JUnit4Provider.executeTestSet(JUnit4Provider.java:238)
	at org.apache.maven.surefire.junit4.JUnit4Provider.invoke(JUnit4Provider.java:159)
	at org.apache.maven.surefire.booter.ForkedBooter.invokeProviderInSameClassLoader(ForkedBooter.java:379)
	at org.apache.maven.surefire.booter.ForkedBooter.runSuitesInProcess(ForkedBooter.java:340)
	at org.apache.maven.surefire.booter.ForkedBooter.execute(ForkedBooter.java:125)
	at org.apache.maven.surefire.booter.ForkedBooter.main(ForkedBooter.java:413)
</error>
    <system-out><![CDATA[2019-09-17 18:33:16,553 [main] DEBUG util.Shell (Shell.java:<clinit>(506)) - Failed to detect a valid hadoop home directory
java.io.FileNotFoundException: Hadoop home directory c:\depot\adls-migrator\..\..\hadoop-common-project\hadoop-common\target does not exist
	at org.apache.hadoop.util.Shell.checkHadoopHomeInner(Shell.java:477)
	at org.apache.hadoop.util.Shell.checkHadoopHome(Shell.java:425)
	at org.apache.hadoop.util.Shell.<clinit>(Shell.java:502)
	at org.apache.hadoop.util.StringUtils.<clinit>(StringUtils.java:78)
	at org.apache.hadoop.fs.FileSystem$Cache$Key.<init>(FileSystem.java:3421)
	at org.apache.hadoop.fs.FileSystem$Cache$Key.<init>(FileSystem.java:3416)
	at org.apache.hadoop.fs.FileSystem$Cache.get(FileSystem.java:3258)
	at org.apache.hadoop.fs.FileSystem.get(FileSystem.java:470)
	at org.apache.hadoop.fs.Path.getFileSystem(Path.java:356)
	at com.azure.storage.adlsmigrator.mapred.RetriableFileCopyCommand.getInputStream(RetriableFileCopyCommand.java:323)
	at com.azure.storage.adlsmigrator.mapred.RetriableFileCopyCommand.copyBytes(RetriableFileCopyCommand.java:259)
	at com.azure.storage.adlsmigrator.mapred.TestRetriableFileCopyCommand.testFailOnCloseError(TestRetriableFileCopyCommand.java:54)
	at sun.reflect.NativeMethodAccessorImpl.invoke0(Native Method)
	at sun.reflect.NativeMethodAccessorImpl.invoke(NativeMethodAccessorImpl.java:62)
	at sun.reflect.DelegatingMethodAccessorImpl.invoke(DelegatingMethodAccessorImpl.java:43)
	at java.lang.reflect.Method.invoke(Method.java:498)
	at org.junit.runners.model.FrameworkMethod$1.runReflectiveCall(FrameworkMethod.java:47)
	at org.junit.internal.runners.model.ReflectiveCallable.run(ReflectiveCallable.java:12)
	at org.junit.runners.model.FrameworkMethod.invokeExplosively(FrameworkMethod.java:44)
	at org.junit.internal.runners.statements.InvokeMethod.evaluate(InvokeMethod.java:17)
	at org.junit.runners.ParentRunner.runLeaf(ParentRunner.java:271)
	at org.junit.runners.BlockJUnit4ClassRunner.runChild(BlockJUnit4ClassRunner.java:70)
	at org.junit.runners.BlockJUnit4ClassRunner.runChild(BlockJUnit4ClassRunner.java:50)
	at org.junit.runners.ParentRunner$3.run(ParentRunner.java:238)
	at org.junit.runners.ParentRunner$1.schedule(ParentRunner.java:63)
	at org.junit.runners.ParentRunner.runChildren(ParentRunner.java:236)
	at org.junit.runners.ParentRunner.access$000(ParentRunner.java:53)
	at org.junit.runners.ParentRunner$2.evaluate(ParentRunner.java:229)
	at org.junit.runners.ParentRunner.run(ParentRunner.java:309)
	at org.apache.maven.surefire.junit4.JUnit4Provider.execute(JUnit4Provider.java:365)
	at org.apache.maven.surefire.junit4.JUnit4Provider.executeWithRerun(JUnit4Provider.java:273)
	at org.apache.maven.surefire.junit4.JUnit4Provider.executeTestSet(JUnit4Provider.java:238)
	at org.apache.maven.surefire.junit4.JUnit4Provider.invoke(JUnit4Provider.java:159)
	at org.apache.maven.surefire.booter.ForkedBooter.invokeProviderInSameClassLoader(ForkedBooter.java:379)
	at org.apache.maven.surefire.booter.ForkedBooter.runSuitesInProcess(ForkedBooter.java:340)
	at org.apache.maven.surefire.booter.ForkedBooter.execute(ForkedBooter.java:125)
	at org.apache.maven.surefire.booter.ForkedBooter.main(ForkedBooter.java:413)
2019-09-17 18:33:16,559 [main] WARN  util.Shell (Shell.java:<clinit>(679)) - Did not find winutils.exe: {}
java.io.FileNotFoundException: java.io.FileNotFoundException: Hadoop home directory c:\depot\adls-migrator\..\..\hadoop-common-project\hadoop-common\target does not exist -see https://wiki.apache.org/hadoop/WindowsProblems
	at org.apache.hadoop.util.Shell.fileNotFoundException(Shell.java:534)
	at org.apache.hadoop.util.Shell.getHadoopHomeDir(Shell.java:555)
	at org.apache.hadoop.util.Shell.getQualifiedBin(Shell.java:578)
	at org.apache.hadoop.util.Shell.<clinit>(Shell.java:675)
	at org.apache.hadoop.util.StringUtils.<clinit>(StringUtils.java:78)
	at org.apache.hadoop.fs.FileSystem$Cache$Key.<init>(FileSystem.java:3421)
	at org.apache.hadoop.fs.FileSystem$Cache$Key.<init>(FileSystem.java:3416)
	at org.apache.hadoop.fs.FileSystem$Cache.get(FileSystem.java:3258)
	at org.apache.hadoop.fs.FileSystem.get(FileSystem.java:470)
	at org.apache.hadoop.fs.Path.getFileSystem(Path.java:356)
	at com.azure.storage.adlsmigrator.mapred.RetriableFileCopyCommand.getInputStream(RetriableFileCopyCommand.java:323)
	at com.azure.storage.adlsmigrator.mapred.RetriableFileCopyCommand.copyBytes(RetriableFileCopyCommand.java:259)
	at com.azure.storage.adlsmigrator.mapred.TestRetriableFileCopyCommand.testFailOnCloseError(TestRetriableFileCopyCommand.java:54)
	at sun.reflect.NativeMethodAccessorImpl.invoke0(Native Method)
	at sun.reflect.NativeMethodAccessorImpl.invoke(NativeMethodAccessorImpl.java:62)
	at sun.reflect.DelegatingMethodAccessorImpl.invoke(DelegatingMethodAccessorImpl.java:43)
	at java.lang.reflect.Method.invoke(Method.java:498)
	at org.junit.runners.model.FrameworkMethod$1.runReflectiveCall(FrameworkMethod.java:47)
	at org.junit.internal.runners.model.ReflectiveCallable.run(ReflectiveCallable.java:12)
	at org.junit.runners.model.FrameworkMethod.invokeExplosively(FrameworkMethod.java:44)
	at org.junit.internal.runners.statements.InvokeMethod.evaluate(InvokeMethod.java:17)
	at org.junit.runners.ParentRunner.runLeaf(ParentRunner.java:271)
	at org.junit.runners.BlockJUnit4ClassRunner.runChild(BlockJUnit4ClassRunner.java:70)
	at org.junit.runners.BlockJUnit4ClassRunner.runChild(BlockJUnit4ClassRunner.java:50)
	at org.junit.runners.ParentRunner$3.run(ParentRunner.java:238)
	at org.junit.runners.ParentRunner$1.schedule(ParentRunner.java:63)
	at org.junit.runners.ParentRunner.runChildren(ParentRunner.java:236)
	at org.junit.runners.ParentRunner.access$000(ParentRunner.java:53)
	at org.junit.runners.ParentRunner$2.evaluate(ParentRunner.java:229)
	at org.junit.runners.ParentRunner.run(ParentRunner.java:309)
	at org.apache.maven.surefire.junit4.JUnit4Provider.execute(JUnit4Provider.java:365)
	at org.apache.maven.surefire.junit4.JUnit4Provider.executeWithRerun(JUnit4Provider.java:273)
	at org.apache.maven.surefire.junit4.JUnit4Provider.executeTestSet(JUnit4Provider.java:238)
	at org.apache.maven.surefire.junit4.JUnit4Provider.invoke(JUnit4Provider.java:159)
	at org.apache.maven.surefire.booter.ForkedBooter.invokeProviderInSameClassLoader(ForkedBooter.java:379)
	at org.apache.maven.surefire.booter.ForkedBooter.runSuitesInProcess(ForkedBooter.java:340)
	at org.apache.maven.surefire.booter.ForkedBooter.execute(ForkedBooter.java:125)
	at org.apache.maven.surefire.booter.ForkedBooter.main(ForkedBooter.java:413)
Caused by: java.io.FileNotFoundException: Hadoop home directory c:\depot\adls-migrator\..\..\hadoop-common-project\hadoop-common\target does not exist
	at org.apache.hadoop.util.Shell.checkHadoopHomeInner(Shell.java:477)
	at org.apache.hadoop.util.Shell.checkHadoopHome(Shell.java:425)
	at org.apache.hadoop.util.Shell.<clinit>(Shell.java:502)
	... 34 more
2019-09-17 18:33:16,560 [main] DEBUG util.Shell (Shell.java:<clinit>(681)) - Failed to find winutils.exe
java.io.FileNotFoundException: java.io.FileNotFoundException: Hadoop home directory c:\depot\adls-migrator\..\..\hadoop-common-project\hadoop-common\target does not exist -see https://wiki.apache.org/hadoop/WindowsProblems
	at org.apache.hadoop.util.Shell.fileNotFoundException(Shell.java:534)
	at org.apache.hadoop.util.Shell.getHadoopHomeDir(Shell.java:555)
	at org.apache.hadoop.util.Shell.getQualifiedBin(Shell.java:578)
	at org.apache.hadoop.util.Shell.<clinit>(Shell.java:675)
	at org.apache.hadoop.util.StringUtils.<clinit>(StringUtils.java:78)
	at org.apache.hadoop.fs.FileSystem$Cache$Key.<init>(FileSystem.java:3421)
	at org.apache.hadoop.fs.FileSystem$Cache$Key.<init>(FileSystem.java:3416)
	at org.apache.hadoop.fs.FileSystem$Cache.get(FileSystem.java:3258)
	at org.apache.hadoop.fs.FileSystem.get(FileSystem.java:470)
	at org.apache.hadoop.fs.Path.getFileSystem(Path.java:356)
	at com.azure.storage.adlsmigrator.mapred.RetriableFileCopyCommand.getInputStream(RetriableFileCopyCommand.java:323)
	at com.azure.storage.adlsmigrator.mapred.RetriableFileCopyCommand.copyBytes(RetriableFileCopyCommand.java:259)
	at com.azure.storage.adlsmigrator.mapred.TestRetriableFileCopyCommand.testFailOnCloseError(TestRetriableFileCopyCommand.java:54)
	at sun.reflect.NativeMethodAccessorImpl.invoke0(Native Method)
	at sun.reflect.NativeMethodAccessorImpl.invoke(NativeMethodAccessorImpl.java:62)
	at sun.reflect.DelegatingMethodAccessorImpl.invoke(DelegatingMethodAccessorImpl.java:43)
	at java.lang.reflect.Method.invoke(Method.java:498)
	at org.junit.runners.model.FrameworkMethod$1.runReflectiveCall(FrameworkMethod.java:47)
	at org.junit.internal.runners.model.ReflectiveCallable.run(ReflectiveCallable.java:12)
	at org.junit.runners.model.FrameworkMethod.invokeExplosively(FrameworkMethod.java:44)
	at org.junit.internal.runners.statements.InvokeMethod.evaluate(InvokeMethod.java:17)
	at org.junit.runners.ParentRunner.runLeaf(ParentRunner.java:271)
	at org.junit.runners.BlockJUnit4ClassRunner.runChild(BlockJUnit4ClassRunner.java:70)
	at org.junit.runners.BlockJUnit4ClassRunner.runChild(BlockJUnit4ClassRunner.java:50)
	at org.junit.runners.ParentRunner$3.run(ParentRunner.java:238)
	at org.junit.runners.ParentRunner$1.schedule(ParentRunner.java:63)
	at org.junit.runners.ParentRunner.runChildren(ParentRunner.java:236)
	at org.junit.runners.ParentRunner.access$000(ParentRunner.java:53)
	at org.junit.runners.ParentRunner$2.evaluate(ParentRunner.java:229)
	at org.junit.runners.ParentRunner.run(ParentRunner.java:309)
	at org.apache.maven.surefire.junit4.JUnit4Provider.execute(JUnit4Provider.java:365)
	at org.apache.maven.surefire.junit4.JUnit4Provider.executeWithRerun(JUnit4Provider.java:273)
	at org.apache.maven.surefire.junit4.JUnit4Provider.executeTestSet(JUnit4Provider.java:238)
	at org.apache.maven.surefire.junit4.JUnit4Provider.invoke(JUnit4Provider.java:159)
	at org.apache.maven.surefire.booter.ForkedBooter.invokeProviderInSameClassLoader(ForkedBooter.java:379)
	at org.apache.maven.surefire.booter.ForkedBooter.runSuitesInProcess(ForkedBooter.java:340)
	at org.apache.maven.surefire.booter.ForkedBooter.execute(ForkedBooter.java:125)
	at org.apache.maven.surefire.booter.ForkedBooter.main(ForkedBooter.java:413)
Caused by: java.io.FileNotFoundException: Hadoop home directory c:\depot\adls-migrator\..\..\hadoop-common-project\hadoop-common\target does not exist
	at org.apache.hadoop.util.Shell.checkHadoopHomeInner(Shell.java:477)
	at org.apache.hadoop.util.Shell.checkHadoopHome(Shell.java:425)
	at org.apache.hadoop.util.Shell.<clinit>(Shell.java:502)
	... 34 more
2019-09-17 18:33:16,598 [main] DEBUG lib.MutableMetricsFactory (MutableMetricsFactory.java:newForField(43)) - field org.apache.hadoop.metrics2.lib.MutableRate org.apache.hadoop.security.UserGroupInformation$UgiMetrics.loginSuccess with annotation @org.apache.hadoop.metrics2.annotation.Metric(always=false, sampleName=Ops, valueName=Time, about=, interval=10, type=DEFAULT, value=[Rate of successful kerberos logins and latency (milliseconds)])
2019-09-17 18:33:16,607 [main] DEBUG lib.MutableMetricsFactory (MutableMetricsFactory.java:newForField(43)) - field org.apache.hadoop.metrics2.lib.MutableRate org.apache.hadoop.security.UserGroupInformation$UgiMetrics.loginFailure with annotation @org.apache.hadoop.metrics2.annotation.Metric(always=false, sampleName=Ops, valueName=Time, about=, interval=10, type=DEFAULT, value=[Rate of failed kerberos logins and latency (milliseconds)])
2019-09-17 18:33:16,607 [main] DEBUG lib.MutableMetricsFactory (MutableMetricsFactory.java:newForField(43)) - field org.apache.hadoop.metrics2.lib.MutableRate org.apache.hadoop.security.UserGroupInformation$UgiMetrics.getGroups with annotation @org.apache.hadoop.metrics2.annotation.Metric(always=false, sampleName=Ops, valueName=Time, about=, interval=10, type=DEFAULT, value=[GetGroups])
2019-09-17 18:33:16,607 [main] DEBUG lib.MutableMetricsFactory (MutableMetricsFactory.java:newForField(43)) - field private org.apache.hadoop.metrics2.lib.MutableGaugeLong org.apache.hadoop.security.UserGroupInformation$UgiMetrics.renewalFailuresTotal with annotation @org.apache.hadoop.metrics2.annotation.Metric(always=false, sampleName=Ops, valueName=Time, about=, interval=10, type=DEFAULT, value=[Renewal failures since startup])
2019-09-17 18:33:16,609 [main] DEBUG lib.MutableMetricsFactory (MutableMetricsFactory.java:newForField(43)) - field private org.apache.hadoop.metrics2.lib.MutableGaugeInt org.apache.hadoop.security.UserGroupInformation$UgiMetrics.renewalFailures with annotation @org.apache.hadoop.metrics2.annotation.Metric(always=false, sampleName=Ops, valueName=Time, about=, interval=10, type=DEFAULT, value=[Renewal failures since last successful login])
2019-09-17 18:33:16,609 [main] DEBUG impl.MetricsSystemImpl (MetricsSystemImpl.java:register(231)) - UgiMetrics, User and group related metrics
2019-09-17 18:33:16,626 [main] DEBUG security.SecurityUtil (SecurityUtil.java:setTokenServiceUseIp(121)) - Setting hadoop.security.token.service.use_ip to true
2019-09-17 18:33:16,647 [main] DEBUG security.Groups (Groups.java:getUserToGroupsMappingService(447)) -  Creating new Groups object
2019-09-17 18:33:16,653 [main] DEBUG util.NativeCodeLoader (NativeCodeLoader.java:<clinit>(46)) - Trying to load the custom-built native-hadoop library...
2019-09-17 18:33:16,656 [main] DEBUG util.NativeCodeLoader (NativeCodeLoader.java:<clinit>(55)) - Failed to load native-hadoop with error: java.lang.UnsatisfiedLinkError: no hadoop in java.library.path
2019-09-17 18:33:16,657 [main] DEBUG util.NativeCodeLoader (NativeCodeLoader.java:<clinit>(56)) - java.library.path=c:\Program Files\Java\jdk1.8.0_221\jre\bin;C:\Windows\Sun\Java\bin;C:\Windows\system32;C:\Windows;C:\Windows\system32;C:\Windows;C:\Windows\System32\Wbem;C:\Windows\System32\WindowsPowerShell\v1.0\;C:\Windows\System32\OpenSSH\;C:\Program Files\dotnet\;C:\Program Files\Microsoft SQL Server\130\Tools\Binn\;C:\Program Files\Microsoft SQL Server\Client SDK\ODBC\170\Tools\Binn\;C:\Program Files\Git\cmd;C:\Program Files (x86)\Windows Kits\8.0\Windows Performance Toolkit\;C:\Users\jamesbak\AppData\Local\Microsoft\WindowsApps;C:\Program Files\Ubuntu;C:\Users\jamesbak\AppData\Local\Programs\Fiddler;C:\Users\jamesbak\AppData\Local\Programs\Microsoft VS Code\bin;C:\Program Files\Java\jdk1.8.0_221\bin;C:\Program Files\Java\apache-maven-3.6.2\bin;C:\Program Files\Java\protoc-2.5.0;;c:\depot\adls-migrator/../../hadoop-common-project/hadoop-common/target/bin;${openssl.lib};.
2019-09-17 18:33:16,657 [main] WARN  util.NativeCodeLoader (NativeCodeLoader.java:<clinit>(62)) - Unable to load native-hadoop library for your platform... using builtin-java classes where applicable
2019-09-17 18:33:16,658 [main] DEBUG util.PerformanceAdvisory (JniBasedUnixGroupsMappingWithFallback.java:<init>(41)) - Falling back to shell based
2019-09-17 18:33:16,662 [main] DEBUG security.JniBasedUnixGroupsMappingWithFallback (JniBasedUnixGroupsMappingWithFallback.java:<init>(45)) - Group mapping impl=org.apache.hadoop.security.ShellBasedUnixGroupsMapping
2019-09-17 18:33:16,820 [main] DEBUG security.Groups (Groups.java:<init>(151)) - Group mapping impl=org.apache.hadoop.security.JniBasedUnixGroupsMappingWithFallback; cacheTimeout=300000; warningDeltaMs=5000
2019-09-17 18:33:16,835 [main] DEBUG security.UserGroupInformation (UserGroupInformation.java:login(246)) - hadoop login
2019-09-17 18:33:16,851 [main] DEBUG security.UserGroupInformation (UserGroupInformation.java:commit(181)) - hadoop login commit
2019-09-17 18:33:16,867 [main] DEBUG security.UserGroupInformation (UserGroupInformation.java:commit(211)) - using local user:NTUserPrincipal: jamesbak
2019-09-17 18:33:16,867 [main] DEBUG security.UserGroupInformation (UserGroupInformation.java:commit(217)) - Using user: "NTUserPrincipal: jamesbak" with name jamesbak
2019-09-17 18:33:16,867 [main] DEBUG security.UserGroupInformation (UserGroupInformation.java:commit(227)) - User entry: "jamesbak"
2019-09-17 18:33:16,867 [main] DEBUG security.UserGroupInformation (UserGroupInformation.java:loginUserFromSubject(863)) - Assuming keytab is managed externally since logged in from subject.
2019-09-17 18:33:16,867 [main] DEBUG security.UserGroupInformation (UserGroupInformation.java:loginUserFromSubject(922)) - UGI loginUser:jamesbak (auth:SIMPLE)
2019-09-17 18:33:16,913 [main] DEBUG core.Tracer (Tracer.java:loadSamplers(106)) - sampler.classes = ; loaded no samplers
2019-09-17 18:33:16,960 [main] DEBUG core.Tracer (Tracer.java:loadSpanReceivers(128)) - span.receiver.classes = ; loaded no span receivers
2019-09-17 18:33:16,960 [main] DEBUG fs.FileSystem (FileSystem.java:loadFileSystems(3148)) - Loading filesystems
2019-09-17 18:33:16,976 [main] DEBUG fs.FileSystem (FileSystem.java:loadFileSystems(3160)) - file:// = class org.apache.hadoop.fs.LocalFileSystem from /C:/Users/jamesbak/.m2/repository/org/apache/hadoop/hadoop-common/2.10.0-SNAPSHOT/hadoop-common-2.10.0-SNAPSHOT.jar
2019-09-17 18:33:16,976 [main] DEBUG fs.FileSystem (FileSystem.java:loadFileSystems(3160)) - viewfs:// = class org.apache.hadoop.fs.viewfs.ViewFileSystem from /C:/Users/jamesbak/.m2/repository/org/apache/hadoop/hadoop-common/2.10.0-SNAPSHOT/hadoop-common-2.10.0-SNAPSHOT.jar
2019-09-17 18:33:16,992 [main] DEBUG fs.FileSystem (FileSystem.java:loadFileSystems(3160)) - ftp:// = class org.apache.hadoop.fs.ftp.FTPFileSystem from /C:/Users/jamesbak/.m2/repository/org/apache/hadoop/hadoop-common/2.10.0-SNAPSHOT/hadoop-common-2.10.0-SNAPSHOT.jar
2019-09-17 18:33:16,992 [main] DEBUG fs.FileSystem (FileSystem.java:loadFileSystems(3160)) - har:// = class org.apache.hadoop.fs.HarFileSystem from /C:/Users/jamesbak/.m2/repository/org/apache/hadoop/hadoop-common/2.10.0-SNAPSHOT/hadoop-common-2.10.0-SNAPSHOT.jar
2019-09-17 18:33:16,992 [main] DEBUG fs.FileSystem (FileSystem.java:loadFileSystems(3160)) - http:// = class org.apache.hadoop.fs.http.HttpFileSystem from /C:/Users/jamesbak/.m2/repository/org/apache/hadoop/hadoop-common/2.10.0-SNAPSHOT/hadoop-common-2.10.0-SNAPSHOT.jar
2019-09-17 18:33:16,992 [main] DEBUG fs.FileSystem (FileSystem.java:loadFileSystems(3160)) - https:// = class org.apache.hadoop.fs.http.HttpsFileSystem from /C:/Users/jamesbak/.m2/repository/org/apache/hadoop/hadoop-common/2.10.0-SNAPSHOT/hadoop-common-2.10.0-SNAPSHOT.jar
2019-09-17 18:33:17,007 [main] DEBUG fs.FileSystem (FileSystem.java:loadFileSystems(3160)) - hdfs:// = class org.apache.hadoop.hdfs.DistributedFileSystem from /C:/Users/jamesbak/.m2/repository/org/apache/hadoop/hadoop-hdfs-client/2.10.0-SNAPSHOT/hadoop-hdfs-client-2.10.0-SNAPSHOT.jar
2019-09-17 18:33:17,407 [main] DEBUG fs.FileSystem (FileSystem.java:loadFileSystems(3160)) - webhdfs:// = class org.apache.hadoop.hdfs.web.WebHdfsFileSystem from /C:/Users/jamesbak/.m2/repository/org/apache/hadoop/hadoop-hdfs-client/2.10.0-SNAPSHOT/hadoop-hdfs-client-2.10.0-SNAPSHOT.jar
2019-09-17 18:33:17,411 [main] DEBUG fs.FileSystem (FileSystem.java:loadFileSystems(3160)) - swebhdfs:// = class org.apache.hadoop.hdfs.web.SWebHdfsFileSystem from /C:/Users/jamesbak/.m2/repository/org/apache/hadoop/hadoop-hdfs-client/2.10.0-SNAPSHOT/hadoop-hdfs-client-2.10.0-SNAPSHOT.jar
2019-09-17 18:33:17,418 [main] DEBUG fs.FileSystem (FileSystem.java:loadFileSystems(3160)) - hftp:// = class org.apache.hadoop.hdfs.web.HftpFileSystem from /C:/Users/jamesbak/.m2/repository/org/apache/hadoop/hadoop-hdfs-client/2.10.0-SNAPSHOT/hadoop-hdfs-client-2.10.0-SNAPSHOT.jar
2019-09-17 18:33:17,421 [main] DEBUG fs.FileSystem (FileSystem.java:loadFileSystems(3160)) - hsftp:// = class org.apache.hadoop.hdfs.web.HsftpFileSystem from /C:/Users/jamesbak/.m2/repository/org/apache/hadoop/hadoop-hdfs-client/2.10.0-SNAPSHOT/hadoop-hdfs-client-2.10.0-SNAPSHOT.jar
2019-09-17 18:33:17,421 [main] DEBUG fs.FileSystem (FileSystem.java:getFileSystemClass(3203)) - Looking for FS supporting file
2019-09-17 18:33:17,421 [main] DEBUG fs.FileSystem (FileSystem.java:getFileSystemClass(3207)) - looking for configuration option fs.file.impl
2019-09-17 18:33:17,469 [main] DEBUG fs.FileSystem (FileSystem.java:getFileSystemClass(3214)) - Looking in service filesystems for implementation class
2019-09-17 18:33:17,469 [main] DEBUG fs.FileSystem (FileSystem.java:getFileSystemClass(3223)) - FS for file is class org.apache.hadoop.fs.LocalFileSystem
]]></system-out>
  </testcase>
</testsuite>