<?xml version="1.0" encoding="UTF-8"?>
<testsuite xmlns:xsi="http://www.w3.org/2001/XMLSchema-instance" xsi:noNamespaceSchemaLocation="https://maven.apache.org/surefire/maven-surefire-plugin/xsd/surefire-test-report.xsd" name="org.apache.hadoop.tools.TestCopyListing" time="4.395" tests="1" errors="1" skipped="0" failures="0">
  <properties>
    <property name="sun.desktop" value="windows"/>
    <property name="awt.toolkit" value="sun.awt.windows.WToolkit"/>
    <property name="java.specification.version" value="1.8"/>
    <property name="file.encoding.pkg" value="sun.io"/>
    <property name="sun.cpu.isalist" value="amd64"/>
    <property name="sun.jnu.encoding" value="Cp1252"/>
    <property name="java.class.path" value="c:\depot\adls-migrator\target\test-classes;c:\depot\adls-migrator\target\classes;C:\Users\jamesbak\.m2\repository\junit\junit\4.11\junit-4.11.jar;C:\Users\jamesbak\.m2\repository\org\hamcrest\hamcrest-core\1.3\hamcrest-core-1.3.jar;C:\Users\jamesbak\.m2\repository\org\apache\hadoop\hadoop-common\2.10.0-SNAPSHOT\hadoop-common-2.10.0-SNAPSHOT.jar;C:\Users\jamesbak\.m2\repository\com\google\guava\guava\11.0.2\guava-11.0.2.jar;C:\Users\jamesbak\.m2\repository\commons-cli\commons-cli\1.2\commons-cli-1.2.jar;C:\Users\jamesbak\.m2\repository\org\apache\commons\commons-math3\3.1.1\commons-math3-3.1.1.jar;C:\Users\jamesbak\.m2\repository\xmlenc\xmlenc\0.52\xmlenc-0.52.jar;C:\Users\jamesbak\.m2\repository\org\apache\httpcomponents\httpclient\4.5.2\httpclient-4.5.2.jar;C:\Users\jamesbak\.m2\repository\org\apache\httpcomponents\httpcore\4.4.4\httpcore-4.4.4.jar;C:\Users\jamesbak\.m2\repository\commons-codec\commons-codec\1.4\commons-codec-1.4.jar;C:\Users\jamesbak\.m2\repository\commons-io\commons-io\2.4\commons-io-2.4.jar;C:\Users\jamesbak\.m2\repository\commons-net\commons-net\3.1\commons-net-3.1.jar;C:\Users\jamesbak\.m2\repository\commons-collections\commons-collections\3.2.2\commons-collections-3.2.2.jar;C:\Users\jamesbak\.m2\repository\javax\servlet\servlet-api\2.5\servlet-api-2.5.jar;C:\Users\jamesbak\.m2\repository\org\mortbay\jetty\jetty\6.1.26\jetty-6.1.26.jar;C:\Users\jamesbak\.m2\repository\org\mortbay\jetty\jetty-util\6.1.26\jetty-util-6.1.26.jar;C:\Users\jamesbak\.m2\repository\org\mortbay\jetty\jetty-sslengine\6.1.26\jetty-sslengine-6.1.26.jar;C:\Users\jamesbak\.m2\repository\javax\servlet\jsp\jsp-api\2.1\jsp-api-2.1.jar;C:\Users\jamesbak\.m2\repository\com\sun\jersey\jersey-core\1.9\jersey-core-1.9.jar;C:\Users\jamesbak\.m2\repository\com\sun\jersey\jersey-json\1.9\jersey-json-1.9.jar;C:\Users\jamesbak\.m2\repository\org\codehaus\jettison\jettison\1.1\jettison-1.1.jar;C:\Users\jamesbak\.m2\repository\com\sun\xml\bind\jaxb-impl\2.2.3-1\jaxb-impl-2.2.3-1.jar;C:\Users\jamesbak\.m2\repository\org\codehaus\jackson\jackson-jaxrs\1.9.13\jackson-jaxrs-1.9.13.jar;C:\Users\jamesbak\.m2\repository\org\codehaus\jackson\jackson-xc\1.9.13\jackson-xc-1.9.13.jar;C:\Users\jamesbak\.m2\repository\com\sun\jersey\jersey-server\1.9\jersey-server-1.9.jar;C:\Users\jamesbak\.m2\repository\asm\asm\3.2\asm-3.2.jar;C:\Users\jamesbak\.m2\repository\commons-logging\commons-logging\1.1.3\commons-logging-1.1.3.jar;C:\Users\jamesbak\.m2\repository\log4j\log4j\1.2.17\log4j-1.2.17.jar;C:\Users\jamesbak\.m2\repository\net\java\dev\jets3t\jets3t\0.9.0\jets3t-0.9.0.jar;C:\Users\jamesbak\.m2\repository\com\jamesmurty\utils\java-xmlbuilder\0.4\java-xmlbuilder-0.4.jar;C:\Users\jamesbak\.m2\repository\commons-lang\commons-lang\2.6\commons-lang-2.6.jar;C:\Users\jamesbak\.m2\repository\commons-configuration\commons-configuration\1.6\commons-configuration-1.6.jar;C:\Users\jamesbak\.m2\repository\commons-digester\commons-digester\1.8\commons-digester-1.8.jar;C:\Users\jamesbak\.m2\repository\commons-beanutils\commons-beanutils\1.7.0\commons-beanutils-1.7.0.jar;C:\Users\jamesbak\.m2\repository\commons-beanutils\commons-beanutils-core\1.8.0\commons-beanutils-core-1.8.0.jar;C:\Users\jamesbak\.m2\repository\org\apache\commons\commons-lang3\3.4\commons-lang3-3.4.jar;C:\Users\jamesbak\.m2\repository\org\slf4j\slf4j-api\1.7.25\slf4j-api-1.7.25.jar;C:\Users\jamesbak\.m2\repository\org\slf4j\slf4j-log4j12\1.7.25\slf4j-log4j12-1.7.25.jar;C:\Users\jamesbak\.m2\repository\org\codehaus\jackson\jackson-core-asl\1.9.13\jackson-core-asl-1.9.13.jar;C:\Users\jamesbak\.m2\repository\org\codehaus\jackson\jackson-mapper-asl\1.9.13\jackson-mapper-asl-1.9.13.jar;C:\Users\jamesbak\.m2\repository\org\apache\avro\avro\1.7.7\avro-1.7.7.jar;C:\Users\jamesbak\.m2\repository\com\thoughtworks\paranamer\paranamer\2.3\paranamer-2.3.jar;C:\Users\jamesbak\.m2\repository\org\xerial\snappy\snappy-java\1.0.5\snappy-java-1.0.5.jar;C:\Users\jamesbak\.m2\repository\com\google\protobuf\protobuf-java\2.5.0\protobuf-java-2.5.0.jar;C:\Users\jamesbak\.m2\repository\com\google\code\gson\gson\2.2.4\gson-2.2.4.jar;C:\Users\jamesbak\.m2\repository\org\apache\hadoop\hadoop-auth\2.10.0-SNAPSHOT\hadoop-auth-2.10.0-SNAPSHOT.jar;C:\Users\jamesbak\.m2\repository\com\nimbusds\nimbus-jose-jwt\4.41.1\nimbus-jose-jwt-4.41.1.jar;C:\Users\jamesbak\.m2\repository\com\github\stephenc\jcip\jcip-annotations\1.0-1\jcip-annotations-1.0-1.jar;C:\Users\jamesbak\.m2\repository\net\minidev\json-smart\1.3.1\json-smart-1.3.1.jar;C:\Users\jamesbak\.m2\repository\org\apache\directory\server\apacheds-kerberos-codec\2.0.0-M15\apacheds-kerberos-codec-2.0.0-M15.jar;C:\Users\jamesbak\.m2\repository\org\apache\directory\server\apacheds-i18n\2.0.0-M15\apacheds-i18n-2.0.0-M15.jar;C:\Users\jamesbak\.m2\repository\org\apache\directory\api\api-asn1-api\1.0.0-M20\api-asn1-api-1.0.0-M20.jar;C:\Users\jamesbak\.m2\repository\org\apache\directory\api\api-util\1.0.0-M20\api-util-1.0.0-M20.jar;C:\Users\jamesbak\.m2\repository\org\apache\curator\curator-framework\2.7.1\curator-framework-2.7.1.jar;C:\Users\jamesbak\.m2\repository\com\jcraft\jsch\0.1.54\jsch-0.1.54.jar;C:\Users\jamesbak\.m2\repository\org\apache\curator\curator-client\2.7.1\curator-client-2.7.1.jar;C:\Users\jamesbak\.m2\repository\org\apache\curator\curator-recipes\2.7.1\curator-recipes-2.7.1.jar;C:\Users\jamesbak\.m2\repository\com\google\code\findbugs\jsr305\3.0.0\jsr305-3.0.0.jar;C:\Users\jamesbak\.m2\repository\org\apache\htrace\htrace-core4\4.1.0-incubating\htrace-core4-4.1.0-incubating.jar;C:\Users\jamesbak\.m2\repository\org\apache\zookeeper\zookeeper\3.4.6\zookeeper-3.4.6.jar;C:\Users\jamesbak\.m2\repository\org\apache\commons\commons-compress\1.4.1\commons-compress-1.4.1.jar;C:\Users\jamesbak\.m2\repository\org\tukaani\xz\1.0\xz-1.0.jar;C:\Users\jamesbak\.m2\repository\org\codehaus\woodstox\stax2-api\3.1.4\stax2-api-3.1.4.jar;C:\Users\jamesbak\.m2\repository\com\fasterxml\woodstox\woodstox-core\5.0.3\woodstox-core-5.0.3.jar;C:\Users\jamesbak\.m2\repository\org\apache\hadoop\hadoop-annotations\2.10.0-SNAPSHOT\hadoop-annotations-2.10.0-SNAPSHOT.jar;c:\Program Files\Java\jdk1.8.0_221\jre\..\lib\tools.jar;C:\Users\jamesbak\.m2\repository\org\apache\hadoop\hadoop-mapreduce-client-app\2.10.0-SNAPSHOT\hadoop-mapreduce-client-app-2.10.0-SNAPSHOT.jar;C:\Users\jamesbak\.m2\repository\org\apache\hadoop\hadoop-mapreduce-client-common\2.10.0-SNAPSHOT\hadoop-mapreduce-client-common-2.10.0-SNAPSHOT.jar;C:\Users\jamesbak\.m2\repository\org\apache\hadoop\hadoop-yarn-server-web-proxy\2.10.0-SNAPSHOT\hadoop-yarn-server-web-proxy-2.10.0-SNAPSHOT.jar;C:\Users\jamesbak\.m2\repository\org\apache\hadoop\hadoop-yarn-server-common\2.10.0-SNAPSHOT\hadoop-yarn-server-common-2.10.0-SNAPSHOT.jar;C:\Users\jamesbak\.m2\repository\org\apache\hadoop\hadoop-yarn-registry\2.10.0-SNAPSHOT\hadoop-yarn-registry-2.10.0-SNAPSHOT.jar;C:\Users\jamesbak\.m2\repository\org\apache\geronimo\specs\geronimo-jcache_1.0_spec\1.0-alpha-1\geronimo-jcache_1.0_spec-1.0-alpha-1.jar;C:\Users\jamesbak\.m2\repository\org\ehcache\ehcache\3.3.1\ehcache-3.3.1.jar;C:\Users\jamesbak\.m2\repository\com\zaxxer\HikariCP-java7\2.4.12\HikariCP-java7-2.4.12.jar;C:\Users\jamesbak\.m2\repository\com\microsoft\sqlserver\mssql-jdbc\6.2.1.jre7\mssql-jdbc-6.2.1.jre7.jar;C:\Users\jamesbak\.m2\repository\org\apache\hadoop\hadoop-yarn-api\2.10.0-SNAPSHOT\hadoop-yarn-api-2.10.0-SNAPSHOT.jar;C:\Users\jamesbak\.m2\repository\org\apache\hadoop\hadoop-mapreduce-client-shuffle\2.10.0-SNAPSHOT\hadoop-mapreduce-client-shuffle-2.10.0-SNAPSHOT.jar;C:\Users\jamesbak\.m2\repository\org\apache\hadoop\hadoop-yarn-server-nodemanager\2.10.0-SNAPSHOT\hadoop-yarn-server-nodemanager-2.10.0-SNAPSHOT.jar;C:\Users\jamesbak\.m2\repository\com\codahale\metrics\metrics-core\3.0.1\metrics-core-3.0.1.jar;C:\Users\jamesbak\.m2\repository\com\google\inject\extensions\guice-servlet\3.0\guice-servlet-3.0.jar;C:\Users\jamesbak\.m2\repository\com\google\inject\guice\3.0\guice-3.0.jar;C:\Users\jamesbak\.m2\repository\javax\inject\javax.inject\1\javax.inject-1.jar;C:\Users\jamesbak\.m2\repository\aopalliance\aopalliance\1.0\aopalliance-1.0.jar;C:\Users\jamesbak\.m2\repository\io\netty\netty\3.6.2.Final\netty-3.6.2.Final.jar;C:\Users\jamesbak\.m2\repository\org\apache\hadoop\hadoop-mapreduce-client-hs\2.10.0-SNAPSHOT\hadoop-mapreduce-client-hs-2.10.0-SNAPSHOT.jar;C:\Users\jamesbak\.m2\repository\org\fusesource\leveldbjni\leveldbjni-all\1.8\leveldbjni-all-1.8.jar;C:\Users\jamesbak\.m2\repository\org\apache\hadoop\hadoop-mapreduce-client-core\2.10.0-SNAPSHOT\hadoop-mapreduce-client-core-2.10.0-SNAPSHOT.jar;C:\Users\jamesbak\.m2\repository\org\apache\hadoop\hadoop-yarn-client\2.10.0-SNAPSHOT\hadoop-yarn-client-2.10.0-SNAPSHOT.jar;C:\Users\jamesbak\.m2\repository\org\apache\hadoop\hadoop-yarn-common\2.10.0-SNAPSHOT\hadoop-yarn-common-2.10.0-SNAPSHOT.jar;C:\Users\jamesbak\.m2\repository\javax\xml\bind\jaxb-api\2.2.2\jaxb-api-2.2.2.jar;C:\Users\jamesbak\.m2\repository\javax\xml\stream\stax-api\1.0-2\stax-api-1.0-2.jar;C:\Users\jamesbak\.m2\repository\javax\activation\activation\1.1\activation-1.1.jar;C:\Users\jamesbak\.m2\repository\com\sun\jersey\jersey-client\1.9\jersey-client-1.9.jar;C:\Users\jamesbak\.m2\repository\com\sun\jersey\contribs\jersey-guice\1.9\jersey-guice-1.9.jar;C:\Users\jamesbak\.m2\repository\org\apache\hadoop\hadoop-mapreduce-client-jobclient\2.10.0-SNAPSHOT\hadoop-mapreduce-client-jobclient-2.10.0-SNAPSHOT.jar;C:\Users\jamesbak\.m2\repository\org\apache\hadoop\hadoop-mapreduce-client-jobclient\2.10.0-SNAPSHOT\hadoop-mapreduce-client-jobclient-2.10.0-SNAPSHOT-tests.jar;C:\Users\jamesbak\.m2\repository\org\apache\hadoop\hadoop-hdfs-client\2.10.0-SNAPSHOT\hadoop-hdfs-client-2.10.0-SNAPSHOT.jar;C:\Users\jamesbak\.m2\repository\com\squareup\okhttp\okhttp\2.7.5\okhttp-2.7.5.jar;C:\Users\jamesbak\.m2\repository\com\squareup\okio\okio\1.6.0\okio-1.6.0.jar;C:\Users\jamesbak\.m2\repository\org\apache\hadoop\hadoop-hdfs\2.10.0-SNAPSHOT\hadoop-hdfs-2.10.0-SNAPSHOT.jar;C:\Users\jamesbak\.m2\repository\commons-daemon\commons-daemon\1.0.13\commons-daemon-1.0.13.jar;C:\Users\jamesbak\.m2\repository\io\netty\netty-all\4.0.23.Final\netty-all-4.0.23.Final.jar;C:\Users\jamesbak\.m2\repository\xerces\xercesImpl\2.12.0\xercesImpl-2.12.0.jar;C:\Users\jamesbak\.m2\repository\xml-apis\xml-apis\1.4.01\xml-apis-1.4.01.jar;C:\Users\jamesbak\.m2\repository\com\fasterxml\jackson\core\jackson-databind\2.7.8\jackson-databind-2.7.8.jar;C:\Users\jamesbak\.m2\repository\com\fasterxml\jackson\core\jackson-annotations\2.7.8\jackson-annotations-2.7.8.jar;C:\Users\jamesbak\.m2\repository\com\fasterxml\jackson\core\jackson-core\2.7.8\jackson-core-2.7.8.jar;C:\Users\jamesbak\.m2\repository\org\apache\hadoop\hadoop-hdfs\2.10.0-SNAPSHOT\hadoop-hdfs-2.10.0-SNAPSHOT-tests.jar;C:\Users\jamesbak\.m2\repository\org\apache\hadoop\hadoop-common\2.10.0-SNAPSHOT\hadoop-common-2.10.0-SNAPSHOT-tests.jar;C:\Users\jamesbak\.m2\repository\org\apache\hadoop\hadoop-azure\2.10.0-SNAPSHOT\hadoop-azure-2.10.0-SNAPSHOT.jar;C:\Users\jamesbak\.m2\repository\com\microsoft\azure\azure-storage\5.4.0\azure-storage-5.4.0.jar;C:\Users\jamesbak\.m2\repository\com\microsoft\azure\azure-keyvault-core\0.8.0\azure-keyvault-core-0.8.0.jar;C:\Users\jamesbak\.m2\repository\org\mockito\mockito-all\1.8.5\mockito-all-1.8.5.jar;"/>
    <property name="java.vm.vendor" value="Oracle Corporation"/>
    <property name="sun.arch.data.model" value="64"/>
    <property name="test.build.dir" value="c:\depot\adls-migrator\target/test-dir"/>
    <property name="user.variant" value=""/>
    <property name="test.cache.data" value=""/>
    <property name="java.vendor.url" value="http://java.oracle.com/"/>
    <property name="user.timezone" value=""/>
    <property name="os.name" value="Windows Server 2019"/>
    <property name="java.vm.specification.version" value="1.8"/>
    <property name="test.build.data" value="c:\depot\adls-migrator\target/test-dir"/>
    <property name="user.country" value="US"/>
    <property name="sun.java.launcher" value="SUN_STANDARD"/>
    <property name="sun.boot.library.path" value="c:\Program Files\Java\jdk1.8.0_221\jre\bin"/>
    <property name="sun.java.command" value="C:\Users\jamesbak\AppData\Local\Temp\3\surefire1588314324727550430\surefirebooter5463892216417600646.jar C:\Users\jamesbak\AppData\Local\Temp\3\surefire1588314324727550430 2019-09-17T18-32-50_286-jvmRun1 surefire36926374245843022tmp surefire_627825639646353371tmp"/>
    <property name="surefire.test.class.path" value="c:\depot\adls-migrator\target\test-classes;c:\depot\adls-migrator\target\classes;C:\Users\jamesbak\.m2\repository\junit\junit\4.11\junit-4.11.jar;C:\Users\jamesbak\.m2\repository\org\hamcrest\hamcrest-core\1.3\hamcrest-core-1.3.jar;C:\Users\jamesbak\.m2\repository\org\apache\hadoop\hadoop-common\2.10.0-SNAPSHOT\hadoop-common-2.10.0-SNAPSHOT.jar;C:\Users\jamesbak\.m2\repository\com\google\guava\guava\11.0.2\guava-11.0.2.jar;C:\Users\jamesbak\.m2\repository\commons-cli\commons-cli\1.2\commons-cli-1.2.jar;C:\Users\jamesbak\.m2\repository\org\apache\commons\commons-math3\3.1.1\commons-math3-3.1.1.jar;C:\Users\jamesbak\.m2\repository\xmlenc\xmlenc\0.52\xmlenc-0.52.jar;C:\Users\jamesbak\.m2\repository\org\apache\httpcomponents\httpclient\4.5.2\httpclient-4.5.2.jar;C:\Users\jamesbak\.m2\repository\org\apache\httpcomponents\httpcore\4.4.4\httpcore-4.4.4.jar;C:\Users\jamesbak\.m2\repository\commons-codec\commons-codec\1.4\commons-codec-1.4.jar;C:\Users\jamesbak\.m2\repository\commons-io\commons-io\2.4\commons-io-2.4.jar;C:\Users\jamesbak\.m2\repository\commons-net\commons-net\3.1\commons-net-3.1.jar;C:\Users\jamesbak\.m2\repository\commons-collections\commons-collections\3.2.2\commons-collections-3.2.2.jar;C:\Users\jamesbak\.m2\repository\javax\servlet\servlet-api\2.5\servlet-api-2.5.jar;C:\Users\jamesbak\.m2\repository\org\mortbay\jetty\jetty\6.1.26\jetty-6.1.26.jar;C:\Users\jamesbak\.m2\repository\org\mortbay\jetty\jetty-util\6.1.26\jetty-util-6.1.26.jar;C:\Users\jamesbak\.m2\repository\org\mortbay\jetty\jetty-sslengine\6.1.26\jetty-sslengine-6.1.26.jar;C:\Users\jamesbak\.m2\repository\javax\servlet\jsp\jsp-api\2.1\jsp-api-2.1.jar;C:\Users\jamesbak\.m2\repository\com\sun\jersey\jersey-core\1.9\jersey-core-1.9.jar;C:\Users\jamesbak\.m2\repository\com\sun\jersey\jersey-json\1.9\jersey-json-1.9.jar;C:\Users\jamesbak\.m2\repository\org\codehaus\jettison\jettison\1.1\jettison-1.1.jar;C:\Users\jamesbak\.m2\repository\com\sun\xml\bind\jaxb-impl\2.2.3-1\jaxb-impl-2.2.3-1.jar;C:\Users\jamesbak\.m2\repository\org\codehaus\jackson\jackson-jaxrs\1.9.13\jackson-jaxrs-1.9.13.jar;C:\Users\jamesbak\.m2\repository\org\codehaus\jackson\jackson-xc\1.9.13\jackson-xc-1.9.13.jar;C:\Users\jamesbak\.m2\repository\com\sun\jersey\jersey-server\1.9\jersey-server-1.9.jar;C:\Users\jamesbak\.m2\repository\asm\asm\3.2\asm-3.2.jar;C:\Users\jamesbak\.m2\repository\commons-logging\commons-logging\1.1.3\commons-logging-1.1.3.jar;C:\Users\jamesbak\.m2\repository\log4j\log4j\1.2.17\log4j-1.2.17.jar;C:\Users\jamesbak\.m2\repository\net\java\dev\jets3t\jets3t\0.9.0\jets3t-0.9.0.jar;C:\Users\jamesbak\.m2\repository\com\jamesmurty\utils\java-xmlbuilder\0.4\java-xmlbuilder-0.4.jar;C:\Users\jamesbak\.m2\repository\commons-lang\commons-lang\2.6\commons-lang-2.6.jar;C:\Users\jamesbak\.m2\repository\commons-configuration\commons-configuration\1.6\commons-configuration-1.6.jar;C:\Users\jamesbak\.m2\repository\commons-digester\commons-digester\1.8\commons-digester-1.8.jar;C:\Users\jamesbak\.m2\repository\commons-beanutils\commons-beanutils\1.7.0\commons-beanutils-1.7.0.jar;C:\Users\jamesbak\.m2\repository\commons-beanutils\commons-beanutils-core\1.8.0\commons-beanutils-core-1.8.0.jar;C:\Users\jamesbak\.m2\repository\org\apache\commons\commons-lang3\3.4\commons-lang3-3.4.jar;C:\Users\jamesbak\.m2\repository\org\slf4j\slf4j-api\1.7.25\slf4j-api-1.7.25.jar;C:\Users\jamesbak\.m2\repository\org\slf4j\slf4j-log4j12\1.7.25\slf4j-log4j12-1.7.25.jar;C:\Users\jamesbak\.m2\repository\org\codehaus\jackson\jackson-core-asl\1.9.13\jackson-core-asl-1.9.13.jar;C:\Users\jamesbak\.m2\repository\org\codehaus\jackson\jackson-mapper-asl\1.9.13\jackson-mapper-asl-1.9.13.jar;C:\Users\jamesbak\.m2\repository\org\apache\avro\avro\1.7.7\avro-1.7.7.jar;C:\Users\jamesbak\.m2\repository\com\thoughtworks\paranamer\paranamer\2.3\paranamer-2.3.jar;C:\Users\jamesbak\.m2\repository\org\xerial\snappy\snappy-java\1.0.5\snappy-java-1.0.5.jar;C:\Users\jamesbak\.m2\repository\com\google\protobuf\protobuf-java\2.5.0\protobuf-java-2.5.0.jar;C:\Users\jamesbak\.m2\repository\com\google\code\gson\gson\2.2.4\gson-2.2.4.jar;C:\Users\jamesbak\.m2\repository\org\apache\hadoop\hadoop-auth\2.10.0-SNAPSHOT\hadoop-auth-2.10.0-SNAPSHOT.jar;C:\Users\jamesbak\.m2\repository\com\nimbusds\nimbus-jose-jwt\4.41.1\nimbus-jose-jwt-4.41.1.jar;C:\Users\jamesbak\.m2\repository\com\github\stephenc\jcip\jcip-annotations\1.0-1\jcip-annotations-1.0-1.jar;C:\Users\jamesbak\.m2\repository\net\minidev\json-smart\1.3.1\json-smart-1.3.1.jar;C:\Users\jamesbak\.m2\repository\org\apache\directory\server\apacheds-kerberos-codec\2.0.0-M15\apacheds-kerberos-codec-2.0.0-M15.jar;C:\Users\jamesbak\.m2\repository\org\apache\directory\server\apacheds-i18n\2.0.0-M15\apacheds-i18n-2.0.0-M15.jar;C:\Users\jamesbak\.m2\repository\org\apache\directory\api\api-asn1-api\1.0.0-M20\api-asn1-api-1.0.0-M20.jar;C:\Users\jamesbak\.m2\repository\org\apache\directory\api\api-util\1.0.0-M20\api-util-1.0.0-M20.jar;C:\Users\jamesbak\.m2\repository\org\apache\curator\curator-framework\2.7.1\curator-framework-2.7.1.jar;C:\Users\jamesbak\.m2\repository\com\jcraft\jsch\0.1.54\jsch-0.1.54.jar;C:\Users\jamesbak\.m2\repository\org\apache\curator\curator-client\2.7.1\curator-client-2.7.1.jar;C:\Users\jamesbak\.m2\repository\org\apache\curator\curator-recipes\2.7.1\curator-recipes-2.7.1.jar;C:\Users\jamesbak\.m2\repository\com\google\code\findbugs\jsr305\3.0.0\jsr305-3.0.0.jar;C:\Users\jamesbak\.m2\repository\org\apache\htrace\htrace-core4\4.1.0-incubating\htrace-core4-4.1.0-incubating.jar;C:\Users\jamesbak\.m2\repository\org\apache\zookeeper\zookeeper\3.4.6\zookeeper-3.4.6.jar;C:\Users\jamesbak\.m2\repository\org\apache\commons\commons-compress\1.4.1\commons-compress-1.4.1.jar;C:\Users\jamesbak\.m2\repository\org\tukaani\xz\1.0\xz-1.0.jar;C:\Users\jamesbak\.m2\repository\org\codehaus\woodstox\stax2-api\3.1.4\stax2-api-3.1.4.jar;C:\Users\jamesbak\.m2\repository\com\fasterxml\woodstox\woodstox-core\5.0.3\woodstox-core-5.0.3.jar;C:\Users\jamesbak\.m2\repository\org\apache\hadoop\hadoop-annotations\2.10.0-SNAPSHOT\hadoop-annotations-2.10.0-SNAPSHOT.jar;c:\Program Files\Java\jdk1.8.0_221\jre\..\lib\tools.jar;C:\Users\jamesbak\.m2\repository\org\apache\hadoop\hadoop-mapreduce-client-app\2.10.0-SNAPSHOT\hadoop-mapreduce-client-app-2.10.0-SNAPSHOT.jar;C:\Users\jamesbak\.m2\repository\org\apache\hadoop\hadoop-mapreduce-client-common\2.10.0-SNAPSHOT\hadoop-mapreduce-client-common-2.10.0-SNAPSHOT.jar;C:\Users\jamesbak\.m2\repository\org\apache\hadoop\hadoop-yarn-server-web-proxy\2.10.0-SNAPSHOT\hadoop-yarn-server-web-proxy-2.10.0-SNAPSHOT.jar;C:\Users\jamesbak\.m2\repository\org\apache\hadoop\hadoop-yarn-server-common\2.10.0-SNAPSHOT\hadoop-yarn-server-common-2.10.0-SNAPSHOT.jar;C:\Users\jamesbak\.m2\repository\org\apache\hadoop\hadoop-yarn-registry\2.10.0-SNAPSHOT\hadoop-yarn-registry-2.10.0-SNAPSHOT.jar;C:\Users\jamesbak\.m2\repository\org\apache\geronimo\specs\geronimo-jcache_1.0_spec\1.0-alpha-1\geronimo-jcache_1.0_spec-1.0-alpha-1.jar;C:\Users\jamesbak\.m2\repository\org\ehcache\ehcache\3.3.1\ehcache-3.3.1.jar;C:\Users\jamesbak\.m2\repository\com\zaxxer\HikariCP-java7\2.4.12\HikariCP-java7-2.4.12.jar;C:\Users\jamesbak\.m2\repository\com\microsoft\sqlserver\mssql-jdbc\6.2.1.jre7\mssql-jdbc-6.2.1.jre7.jar;C:\Users\jamesbak\.m2\repository\org\apache\hadoop\hadoop-yarn-api\2.10.0-SNAPSHOT\hadoop-yarn-api-2.10.0-SNAPSHOT.jar;C:\Users\jamesbak\.m2\repository\org\apache\hadoop\hadoop-mapreduce-client-shuffle\2.10.0-SNAPSHOT\hadoop-mapreduce-client-shuffle-2.10.0-SNAPSHOT.jar;C:\Users\jamesbak\.m2\repository\org\apache\hadoop\hadoop-yarn-server-nodemanager\2.10.0-SNAPSHOT\hadoop-yarn-server-nodemanager-2.10.0-SNAPSHOT.jar;C:\Users\jamesbak\.m2\repository\com\codahale\metrics\metrics-core\3.0.1\metrics-core-3.0.1.jar;C:\Users\jamesbak\.m2\repository\com\google\inject\extensions\guice-servlet\3.0\guice-servlet-3.0.jar;C:\Users\jamesbak\.m2\repository\com\google\inject\guice\3.0\guice-3.0.jar;C:\Users\jamesbak\.m2\repository\javax\inject\javax.inject\1\javax.inject-1.jar;C:\Users\jamesbak\.m2\repository\aopalliance\aopalliance\1.0\aopalliance-1.0.jar;C:\Users\jamesbak\.m2\repository\io\netty\netty\3.6.2.Final\netty-3.6.2.Final.jar;C:\Users\jamesbak\.m2\repository\org\apache\hadoop\hadoop-mapreduce-client-hs\2.10.0-SNAPSHOT\hadoop-mapreduce-client-hs-2.10.0-SNAPSHOT.jar;C:\Users\jamesbak\.m2\repository\org\fusesource\leveldbjni\leveldbjni-all\1.8\leveldbjni-all-1.8.jar;C:\Users\jamesbak\.m2\repository\org\apache\hadoop\hadoop-mapreduce-client-core\2.10.0-SNAPSHOT\hadoop-mapreduce-client-core-2.10.0-SNAPSHOT.jar;C:\Users\jamesbak\.m2\repository\org\apache\hadoop\hadoop-yarn-client\2.10.0-SNAPSHOT\hadoop-yarn-client-2.10.0-SNAPSHOT.jar;C:\Users\jamesbak\.m2\repository\org\apache\hadoop\hadoop-yarn-common\2.10.0-SNAPSHOT\hadoop-yarn-common-2.10.0-SNAPSHOT.jar;C:\Users\jamesbak\.m2\repository\javax\xml\bind\jaxb-api\2.2.2\jaxb-api-2.2.2.jar;C:\Users\jamesbak\.m2\repository\javax\xml\stream\stax-api\1.0-2\stax-api-1.0-2.jar;C:\Users\jamesbak\.m2\repository\javax\activation\activation\1.1\activation-1.1.jar;C:\Users\jamesbak\.m2\repository\com\sun\jersey\jersey-client\1.9\jersey-client-1.9.jar;C:\Users\jamesbak\.m2\repository\com\sun\jersey\contribs\jersey-guice\1.9\jersey-guice-1.9.jar;C:\Users\jamesbak\.m2\repository\org\apache\hadoop\hadoop-mapreduce-client-jobclient\2.10.0-SNAPSHOT\hadoop-mapreduce-client-jobclient-2.10.0-SNAPSHOT.jar;C:\Users\jamesbak\.m2\repository\org\apache\hadoop\hadoop-mapreduce-client-jobclient\2.10.0-SNAPSHOT\hadoop-mapreduce-client-jobclient-2.10.0-SNAPSHOT-tests.jar;C:\Users\jamesbak\.m2\repository\org\apache\hadoop\hadoop-hdfs-client\2.10.0-SNAPSHOT\hadoop-hdfs-client-2.10.0-SNAPSHOT.jar;C:\Users\jamesbak\.m2\repository\com\squareup\okhttp\okhttp\2.7.5\okhttp-2.7.5.jar;C:\Users\jamesbak\.m2\repository\com\squareup\okio\okio\1.6.0\okio-1.6.0.jar;C:\Users\jamesbak\.m2\repository\org\apache\hadoop\hadoop-hdfs\2.10.0-SNAPSHOT\hadoop-hdfs-2.10.0-SNAPSHOT.jar;C:\Users\jamesbak\.m2\repository\commons-daemon\commons-daemon\1.0.13\commons-daemon-1.0.13.jar;C:\Users\jamesbak\.m2\repository\io\netty\netty-all\4.0.23.Final\netty-all-4.0.23.Final.jar;C:\Users\jamesbak\.m2\repository\xerces\xercesImpl\2.12.0\xercesImpl-2.12.0.jar;C:\Users\jamesbak\.m2\repository\xml-apis\xml-apis\1.4.01\xml-apis-1.4.01.jar;C:\Users\jamesbak\.m2\repository\com\fasterxml\jackson\core\jackson-databind\2.7.8\jackson-databind-2.7.8.jar;C:\Users\jamesbak\.m2\repository\com\fasterxml\jackson\core\jackson-annotations\2.7.8\jackson-annotations-2.7.8.jar;C:\Users\jamesbak\.m2\repository\com\fasterxml\jackson\core\jackson-core\2.7.8\jackson-core-2.7.8.jar;C:\Users\jamesbak\.m2\repository\org\apache\hadoop\hadoop-hdfs\2.10.0-SNAPSHOT\hadoop-hdfs-2.10.0-SNAPSHOT-tests.jar;C:\Users\jamesbak\.m2\repository\org\apache\hadoop\hadoop-common\2.10.0-SNAPSHOT\hadoop-common-2.10.0-SNAPSHOT-tests.jar;C:\Users\jamesbak\.m2\repository\org\apache\hadoop\hadoop-azure\2.10.0-SNAPSHOT\hadoop-azure-2.10.0-SNAPSHOT.jar;C:\Users\jamesbak\.m2\repository\com\microsoft\azure\azure-storage\5.4.0\azure-storage-5.4.0.jar;C:\Users\jamesbak\.m2\repository\com\microsoft\azure\azure-keyvault-core\0.8.0\azure-keyvault-core-0.8.0.jar;C:\Users\jamesbak\.m2\repository\org\mockito\mockito-all\1.8.5\mockito-all-1.8.5.jar;"/>
    <property name="sun.cpu.endian" value="little"/>
    <property name="user.home" value="C:\Users\jamesbak"/>
    <property name="user.language" value="en"/>
    <property name="java.specification.vendor" value="Oracle Corporation"/>
    <property name="java.home" value="c:\Program Files\Java\jdk1.8.0_221\jre"/>
    <property name="java.security.krb5.conf" value="c:\depot\adls-migrator\target/test-classes/krb5.conf"/>
    <property name="basedir" value="c:\depot\adls-migrator"/>
    <property name="file.separator" value="\"/>
    <property name="line.separator" value="&#10;"/>
    <property name="java.vm.specification.vendor" value="Oracle Corporation"/>
    <property name="java.specification.name" value="Java Platform API Specification"/>
    <property name="java.awt.graphicsenv" value="sun.awt.Win32GraphicsEnvironment"/>
    <property name="surefire.real.class.path" value="C:\Users\jamesbak\AppData\Local\Temp\3\surefire1588314324727550430\surefirebooter5463892216417600646.jar"/>
    <property name="hadoop.log.dir" value="c:\depot\adls-migrator\target/log"/>
    <property name="sun.boot.class.path" value="c:\Program Files\Java\jdk1.8.0_221\jre\lib\resources.jar;c:\Program Files\Java\jdk1.8.0_221\jre\lib\rt.jar;c:\Program Files\Java\jdk1.8.0_221\jre\lib\sunrsasign.jar;c:\Program Files\Java\jdk1.8.0_221\jre\lib\jsse.jar;c:\Program Files\Java\jdk1.8.0_221\jre\lib\jce.jar;c:\Program Files\Java\jdk1.8.0_221\jre\lib\charsets.jar;c:\Program Files\Java\jdk1.8.0_221\jre\lib\jfr.jar;c:\Program Files\Java\jdk1.8.0_221\jre\classes"/>
    <property name="user.script" value=""/>
    <property name="sun.management.compiler" value="HotSpot 64-Bit Tiered Compilers"/>
    <property name="java.runtime.version" value="1.8.0_221-b11"/>
    <property name="java.net.preferIPv4Stack" value="true"/>
    <property name="user.name" value="jamesbak"/>
    <property name="path.separator" value=";"/>
    <property name="java.security.egd" value="file:/dev/urandom"/>
    <property name="os.version" value="10.0"/>
    <property name="java.endorsed.dirs" value="c:\Program Files\Java\jdk1.8.0_221\jre\lib\endorsed"/>
    <property name="java.runtime.name" value="Java(TM) SE Runtime Environment"/>
    <property name="file.encoding" value="Cp1252"/>
    <property name="java.vm.name" value="Java HotSpot(TM) 64-Bit Server VM"/>
    <property name="test.build.webapps" value=""/>
    <property name="localRepository" value="C:\Users\jamesbak\.m2\repository"/>
    <property name="java.vendor.url.bug" value="http://bugreport.sun.com/bugreport/"/>
    <property name="java.io.tmpdir" value="C:\Users\jamesbak\AppData\Local\Temp\3\"/>
    <property name="require.test.libhadoop" value=""/>
    <property name="java.version" value="1.8.0_221"/>
    <property name="user.dir" value="c:\depot\adls-migrator"/>
    <property name="os.arch" value="amd64"/>
    <property name="java.vm.specification.name" value="Java Virtual Machine Specification"/>
    <property name="test.build.classes" value="c:\depot\adls-migrator\target/test-classes"/>
    <property name="java.awt.printerjob" value="sun.awt.windows.WPrinterJob"/>
    <property name="sun.os.patch.level" value=""/>
    <property name="hadoop.tmp.dir" value="c:\depot\adls-migrator\target/tmp"/>
    <property name="java.library.path" value="c:\Program Files\Java\jdk1.8.0_221\jre\bin;C:\Windows\Sun\Java\bin;C:\Windows\system32;C:\Windows;C:\Windows\system32;C:\Windows;C:\Windows\System32\Wbem;C:\Windows\System32\WindowsPowerShell\v1.0\;C:\Windows\System32\OpenSSH\;C:\Program Files\dotnet\;C:\Program Files\Microsoft SQL Server\130\Tools\Binn\;C:\Program Files\Microsoft SQL Server\Client SDK\ODBC\170\Tools\Binn\;C:\Program Files\Git\cmd;C:\Program Files (x86)\Windows Kits\8.0\Windows Performance Toolkit\;C:\Users\jamesbak\AppData\Local\Microsoft\WindowsApps;C:\Program Files\Ubuntu;C:\Users\jamesbak\AppData\Local\Programs\Fiddler;C:\Users\jamesbak\AppData\Local\Programs\Microsoft VS Code\bin;C:\Program Files\Java\jdk1.8.0_221\bin;C:\Program Files\Java\apache-maven-3.6.2\bin;C:\Program Files\Java\protoc-2.5.0;;c:\depot\adls-migrator/../../hadoop-common-project/hadoop-common/target/bin;${openssl.lib};."/>
    <property name="java.vm.info" value="mixed mode"/>
    <property name="java.vendor" value="Oracle Corporation"/>
    <property name="java.vm.version" value="25.221-b11"/>
    <property name="org.apache.commons.logging.simplelog.defaultlog" value="warn"/>
    <property name="java.ext.dirs" value="c:\Program Files\Java\jdk1.8.0_221\jre\lib\ext;C:\Windows\Sun\Java\lib\ext"/>
    <property name="sun.io.unicode.encoding" value="UnicodeLittle"/>
    <property name="org.apache.commons.logging.Log" value="org.apache.commons.logging.impl.SimpleLog"/>
    <property name="java.class.version" value="52.0"/>
  </properties>
  <testcase name="org.apache.hadoop.tools.TestCopyListing" classname="org.apache.hadoop.tools.TestCopyListing" time="4.394">
    <error message="org.apache.hadoop.io.nativeio.NativeIO$Windows.access0(Ljava/lang/String;I)Z" type="java.lang.UnsatisfiedLinkError"><![CDATA[java.lang.UnsatisfiedLinkError: org.apache.hadoop.io.nativeio.NativeIO$Windows.access0(Ljava/lang/String;I)Z
	at org.apache.hadoop.io.nativeio.NativeIO$Windows.access0(Native Method)
	at org.apache.hadoop.io.nativeio.NativeIO$Windows.access(NativeIO.java:606)
	at org.apache.hadoop.fs.FileUtil.canWrite(FileUtil.java:1017)
	at org.apache.hadoop.hdfs.server.common.Storage$StorageDirectory.analyzeStorage(Storage.java:558)
	at org.apache.hadoop.hdfs.server.common.Storage$StorageDirectory.analyzeStorage(Storage.java:518)
	at org.apache.hadoop.hdfs.server.namenode.FSImage.recoverStorageDirs(FSImage.java:383)
	at org.apache.hadoop.hdfs.server.namenode.FSImage.recoverTransitionRead(FSImage.java:239)
	at org.apache.hadoop.hdfs.server.namenode.FSNamesystem.loadFSImage(FSNamesystem.java:1064)
	at org.apache.hadoop.hdfs.server.namenode.FSNamesystem.loadFromDisk(FSNamesystem.java:685)
	at org.apache.hadoop.hdfs.server.namenode.NameNode.loadNamesystem(NameNode.java:668)
	at org.apache.hadoop.hdfs.server.namenode.NameNode.initialize(NameNode.java:730)
	at org.apache.hadoop.hdfs.server.namenode.NameNode.<init>(NameNode.java:955)
	at org.apache.hadoop.hdfs.server.namenode.NameNode.<init>(NameNode.java:934)
	at org.apache.hadoop.hdfs.server.namenode.NameNode.createNameNode(NameNode.java:1708)
	at org.apache.hadoop.hdfs.MiniDFSCluster.createNameNode(MiniDFSCluster.java:1310)
	at org.apache.hadoop.hdfs.MiniDFSCluster.configureNameService(MiniDFSCluster.java:1076)
	at org.apache.hadoop.hdfs.MiniDFSCluster.createNameNodesAndSetConf(MiniDFSCluster.java:986)
	at org.apache.hadoop.hdfs.MiniDFSCluster.initMiniDFSCluster(MiniDFSCluster.java:883)
	at org.apache.hadoop.hdfs.MiniDFSCluster.<init>(MiniDFSCluster.java:516)
	at org.apache.hadoop.hdfs.MiniDFSCluster$Builder.build(MiniDFSCluster.java:475)
	at org.apache.hadoop.tools.TestCopyListing.create(TestCopyListing.java:64)
	at sun.reflect.NativeMethodAccessorImpl.invoke0(Native Method)
	at sun.reflect.NativeMethodAccessorImpl.invoke(NativeMethodAccessorImpl.java:62)
	at sun.reflect.DelegatingMethodAccessorImpl.invoke(DelegatingMethodAccessorImpl.java:43)
	at java.lang.reflect.Method.invoke(Method.java:498)
	at org.junit.runners.model.FrameworkMethod$1.runReflectiveCall(FrameworkMethod.java:47)
	at org.junit.internal.runners.model.ReflectiveCallable.run(ReflectiveCallable.java:12)
	at org.junit.runners.model.FrameworkMethod.invokeExplosively(FrameworkMethod.java:44)
	at org.junit.internal.runners.statements.RunBefores.evaluate(RunBefores.java:24)
	at org.junit.internal.runners.statements.RunAfters.evaluate(RunAfters.java:27)
	at org.junit.runners.ParentRunner.run(ParentRunner.java:309)
	at org.apache.maven.surefire.junit4.JUnit4Provider.execute(JUnit4Provider.java:365)
	at org.apache.maven.surefire.junit4.JUnit4Provider.executeWithRerun(JUnit4Provider.java:273)
	at org.apache.maven.surefire.junit4.JUnit4Provider.executeTestSet(JUnit4Provider.java:238)
	at org.apache.maven.surefire.junit4.JUnit4Provider.invoke(JUnit4Provider.java:159)
	at org.apache.maven.surefire.booter.ForkedBooter.invokeProviderInSameClassLoader(ForkedBooter.java:379)
	at org.apache.maven.surefire.booter.ForkedBooter.runSuitesInProcess(ForkedBooter.java:340)
	at org.apache.maven.surefire.booter.ForkedBooter.execute(ForkedBooter.java:125)
	at org.apache.maven.surefire.booter.ForkedBooter.main(ForkedBooter.java:413)
]]></error>
    <system-out><![CDATA[2019-09-17 18:33:26,617 [main] DEBUG util.Shell (Shell.java:<clinit>(506)) - Failed to detect a valid hadoop home directory
java.io.FileNotFoundException: Hadoop home directory c:\depot\adls-migrator\..\..\hadoop-common-project\hadoop-common\target does not exist
	at org.apache.hadoop.util.Shell.checkHadoopHomeInner(Shell.java:477)
	at org.apache.hadoop.util.Shell.checkHadoopHome(Shell.java:425)
	at org.apache.hadoop.util.Shell.<clinit>(Shell.java:502)
	at org.apache.hadoop.util.StringUtils.<clinit>(StringUtils.java:78)
	at org.apache.hadoop.conf.Configuration.getBoolean(Configuration.java:1567)
	at org.apache.hadoop.security.ssl.SSLFactory.<init>(SSLFactory.java:111)
	at org.apache.hadoop.hdfs.web.URLConnectionFactory.newSslConnConfigurator(URLConnectionFactory.java:163)
	at org.apache.hadoop.hdfs.web.URLConnectionFactory.getSSLConnectionConfiguration(URLConnectionFactory.java:106)
	at org.apache.hadoop.hdfs.web.URLConnectionFactory.newDefaultURLConnectionFactory(URLConnectionFactory.java:85)
	at org.apache.hadoop.hdfs.server.common.Util.<clinit>(Util.java:71)
	at org.apache.hadoop.hdfs.MiniDFSCluster.initNameNodeConf(MiniDFSCluster.java:1202)
	at org.apache.hadoop.hdfs.MiniDFSCluster.configureNameService(MiniDFSCluster.java:1022)
	at org.apache.hadoop.hdfs.MiniDFSCluster.createNameNodesAndSetConf(MiniDFSCluster.java:986)
	at org.apache.hadoop.hdfs.MiniDFSCluster.initMiniDFSCluster(MiniDFSCluster.java:883)
	at org.apache.hadoop.hdfs.MiniDFSCluster.<init>(MiniDFSCluster.java:516)
	at org.apache.hadoop.hdfs.MiniDFSCluster$Builder.build(MiniDFSCluster.java:475)
	at org.apache.hadoop.tools.TestCopyListing.create(TestCopyListing.java:64)
	at sun.reflect.NativeMethodAccessorImpl.invoke0(Native Method)
	at sun.reflect.NativeMethodAccessorImpl.invoke(NativeMethodAccessorImpl.java:62)
	at sun.reflect.DelegatingMethodAccessorImpl.invoke(DelegatingMethodAccessorImpl.java:43)
	at java.lang.reflect.Method.invoke(Method.java:498)
	at org.junit.runners.model.FrameworkMethod$1.runReflectiveCall(FrameworkMethod.java:47)
	at org.junit.internal.runners.model.ReflectiveCallable.run(ReflectiveCallable.java:12)
	at org.junit.runners.model.FrameworkMethod.invokeExplosively(FrameworkMethod.java:44)
	at org.junit.internal.runners.statements.RunBefores.evaluate(RunBefores.java:24)
	at org.junit.internal.runners.statements.RunAfters.evaluate(RunAfters.java:27)
	at org.junit.runners.ParentRunner.run(ParentRunner.java:309)
	at org.apache.maven.surefire.junit4.JUnit4Provider.execute(JUnit4Provider.java:365)
	at org.apache.maven.surefire.junit4.JUnit4Provider.executeWithRerun(JUnit4Provider.java:273)
	at org.apache.maven.surefire.junit4.JUnit4Provider.executeTestSet(JUnit4Provider.java:238)
	at org.apache.maven.surefire.junit4.JUnit4Provider.invoke(JUnit4Provider.java:159)
	at org.apache.maven.surefire.booter.ForkedBooter.invokeProviderInSameClassLoader(ForkedBooter.java:379)
	at org.apache.maven.surefire.booter.ForkedBooter.runSuitesInProcess(ForkedBooter.java:340)
	at org.apache.maven.surefire.booter.ForkedBooter.execute(ForkedBooter.java:125)
	at org.apache.maven.surefire.booter.ForkedBooter.main(ForkedBooter.java:413)
2019-09-17 18:33:26,626 [main] WARN  util.Shell (Shell.java:<clinit>(679)) - Did not find winutils.exe: {}
java.io.FileNotFoundException: java.io.FileNotFoundException: Hadoop home directory c:\depot\adls-migrator\..\..\hadoop-common-project\hadoop-common\target does not exist -see https://wiki.apache.org/hadoop/WindowsProblems
	at org.apache.hadoop.util.Shell.fileNotFoundException(Shell.java:534)
	at org.apache.hadoop.util.Shell.getHadoopHomeDir(Shell.java:555)
	at org.apache.hadoop.util.Shell.getQualifiedBin(Shell.java:578)
	at org.apache.hadoop.util.Shell.<clinit>(Shell.java:675)
	at org.apache.hadoop.util.StringUtils.<clinit>(StringUtils.java:78)
	at org.apache.hadoop.conf.Configuration.getBoolean(Configuration.java:1567)
	at org.apache.hadoop.security.ssl.SSLFactory.<init>(SSLFactory.java:111)
	at org.apache.hadoop.hdfs.web.URLConnectionFactory.newSslConnConfigurator(URLConnectionFactory.java:163)
	at org.apache.hadoop.hdfs.web.URLConnectionFactory.getSSLConnectionConfiguration(URLConnectionFactory.java:106)
	at org.apache.hadoop.hdfs.web.URLConnectionFactory.newDefaultURLConnectionFactory(URLConnectionFactory.java:85)
	at org.apache.hadoop.hdfs.server.common.Util.<clinit>(Util.java:71)
	at org.apache.hadoop.hdfs.MiniDFSCluster.initNameNodeConf(MiniDFSCluster.java:1202)
	at org.apache.hadoop.hdfs.MiniDFSCluster.configureNameService(MiniDFSCluster.java:1022)
	at org.apache.hadoop.hdfs.MiniDFSCluster.createNameNodesAndSetConf(MiniDFSCluster.java:986)
	at org.apache.hadoop.hdfs.MiniDFSCluster.initMiniDFSCluster(MiniDFSCluster.java:883)
	at org.apache.hadoop.hdfs.MiniDFSCluster.<init>(MiniDFSCluster.java:516)
	at org.apache.hadoop.hdfs.MiniDFSCluster$Builder.build(MiniDFSCluster.java:475)
	at org.apache.hadoop.tools.TestCopyListing.create(TestCopyListing.java:64)
	at sun.reflect.NativeMethodAccessorImpl.invoke0(Native Method)
	at sun.reflect.NativeMethodAccessorImpl.invoke(NativeMethodAccessorImpl.java:62)
	at sun.reflect.DelegatingMethodAccessorImpl.invoke(DelegatingMethodAccessorImpl.java:43)
	at java.lang.reflect.Method.invoke(Method.java:498)
	at org.junit.runners.model.FrameworkMethod$1.runReflectiveCall(FrameworkMethod.java:47)
	at org.junit.internal.runners.model.ReflectiveCallable.run(ReflectiveCallable.java:12)
	at org.junit.runners.model.FrameworkMethod.invokeExplosively(FrameworkMethod.java:44)
	at org.junit.internal.runners.statements.RunBefores.evaluate(RunBefores.java:24)
	at org.junit.internal.runners.statements.RunAfters.evaluate(RunAfters.java:27)
	at org.junit.runners.ParentRunner.run(ParentRunner.java:309)
	at org.apache.maven.surefire.junit4.JUnit4Provider.execute(JUnit4Provider.java:365)
	at org.apache.maven.surefire.junit4.JUnit4Provider.executeWithRerun(JUnit4Provider.java:273)
	at org.apache.maven.surefire.junit4.JUnit4Provider.executeTestSet(JUnit4Provider.java:238)
	at org.apache.maven.surefire.junit4.JUnit4Provider.invoke(JUnit4Provider.java:159)
	at org.apache.maven.surefire.booter.ForkedBooter.invokeProviderInSameClassLoader(ForkedBooter.java:379)
	at org.apache.maven.surefire.booter.ForkedBooter.runSuitesInProcess(ForkedBooter.java:340)
	at org.apache.maven.surefire.booter.ForkedBooter.execute(ForkedBooter.java:125)
	at org.apache.maven.surefire.booter.ForkedBooter.main(ForkedBooter.java:413)
Caused by: java.io.FileNotFoundException: Hadoop home directory c:\depot\adls-migrator\..\..\hadoop-common-project\hadoop-common\target does not exist
	at org.apache.hadoop.util.Shell.checkHadoopHomeInner(Shell.java:477)
	at org.apache.hadoop.util.Shell.checkHadoopHome(Shell.java:425)
	at org.apache.hadoop.util.Shell.<clinit>(Shell.java:502)
	... 32 more
2019-09-17 18:33:26,628 [main] DEBUG util.Shell (Shell.java:<clinit>(681)) - Failed to find winutils.exe
java.io.FileNotFoundException: java.io.FileNotFoundException: Hadoop home directory c:\depot\adls-migrator\..\..\hadoop-common-project\hadoop-common\target does not exist -see https://wiki.apache.org/hadoop/WindowsProblems
	at org.apache.hadoop.util.Shell.fileNotFoundException(Shell.java:534)
	at org.apache.hadoop.util.Shell.getHadoopHomeDir(Shell.java:555)
	at org.apache.hadoop.util.Shell.getQualifiedBin(Shell.java:578)
	at org.apache.hadoop.util.Shell.<clinit>(Shell.java:675)
	at org.apache.hadoop.util.StringUtils.<clinit>(StringUtils.java:78)
	at org.apache.hadoop.conf.Configuration.getBoolean(Configuration.java:1567)
	at org.apache.hadoop.security.ssl.SSLFactory.<init>(SSLFactory.java:111)
	at org.apache.hadoop.hdfs.web.URLConnectionFactory.newSslConnConfigurator(URLConnectionFactory.java:163)
	at org.apache.hadoop.hdfs.web.URLConnectionFactory.getSSLConnectionConfiguration(URLConnectionFactory.java:106)
	at org.apache.hadoop.hdfs.web.URLConnectionFactory.newDefaultURLConnectionFactory(URLConnectionFactory.java:85)
	at org.apache.hadoop.hdfs.server.common.Util.<clinit>(Util.java:71)
	at org.apache.hadoop.hdfs.MiniDFSCluster.initNameNodeConf(MiniDFSCluster.java:1202)
	at org.apache.hadoop.hdfs.MiniDFSCluster.configureNameService(MiniDFSCluster.java:1022)
	at org.apache.hadoop.hdfs.MiniDFSCluster.createNameNodesAndSetConf(MiniDFSCluster.java:986)
	at org.apache.hadoop.hdfs.MiniDFSCluster.initMiniDFSCluster(MiniDFSCluster.java:883)
	at org.apache.hadoop.hdfs.MiniDFSCluster.<init>(MiniDFSCluster.java:516)
	at org.apache.hadoop.hdfs.MiniDFSCluster$Builder.build(MiniDFSCluster.java:475)
	at org.apache.hadoop.tools.TestCopyListing.create(TestCopyListing.java:64)
	at sun.reflect.NativeMethodAccessorImpl.invoke0(Native Method)
	at sun.reflect.NativeMethodAccessorImpl.invoke(NativeMethodAccessorImpl.java:62)
	at sun.reflect.DelegatingMethodAccessorImpl.invoke(DelegatingMethodAccessorImpl.java:43)
	at java.lang.reflect.Method.invoke(Method.java:498)
	at org.junit.runners.model.FrameworkMethod$1.runReflectiveCall(FrameworkMethod.java:47)
	at org.junit.internal.runners.model.ReflectiveCallable.run(ReflectiveCallable.java:12)
	at org.junit.runners.model.FrameworkMethod.invokeExplosively(FrameworkMethod.java:44)
	at org.junit.internal.runners.statements.RunBefores.evaluate(RunBefores.java:24)
	at org.junit.internal.runners.statements.RunAfters.evaluate(RunAfters.java:27)
	at org.junit.runners.ParentRunner.run(ParentRunner.java:309)
	at org.apache.maven.surefire.junit4.JUnit4Provider.execute(JUnit4Provider.java:365)
	at org.apache.maven.surefire.junit4.JUnit4Provider.executeWithRerun(JUnit4Provider.java:273)
	at org.apache.maven.surefire.junit4.JUnit4Provider.executeTestSet(JUnit4Provider.java:238)
	at org.apache.maven.surefire.junit4.JUnit4Provider.invoke(JUnit4Provider.java:159)
	at org.apache.maven.surefire.booter.ForkedBooter.invokeProviderInSameClassLoader(ForkedBooter.java:379)
	at org.apache.maven.surefire.booter.ForkedBooter.runSuitesInProcess(ForkedBooter.java:340)
	at org.apache.maven.surefire.booter.ForkedBooter.execute(ForkedBooter.java:125)
	at org.apache.maven.surefire.booter.ForkedBooter.main(ForkedBooter.java:413)
Caused by: java.io.FileNotFoundException: Hadoop home directory c:\depot\adls-migrator\..\..\hadoop-common-project\hadoop-common\target does not exist
	at org.apache.hadoop.util.Shell.checkHadoopHomeInner(Shell.java:477)
	at org.apache.hadoop.util.Shell.checkHadoopHome(Shell.java:425)
	at org.apache.hadoop.util.Shell.<clinit>(Shell.java:502)
	... 32 more
2019-09-17 18:33:26,631 [main] DEBUG ssl.SSLFactory (SSLFactory.java:<init>(125)) - will exclude cipher suites: 
2019-09-17 18:33:26,726 [main] DEBUG ssl.FileBasedKeyStoresFactory (FileBasedKeyStoresFactory.java:init(228)) - The property 'ssl.client.truststore.location' has not been set, no TrustStore will be loaded
2019-09-17 18:33:27,203 [main] DEBUG lib.MutableMetricsFactory (MutableMetricsFactory.java:newForField(43)) - field org.apache.hadoop.metrics2.lib.MutableRate org.apache.hadoop.security.UserGroupInformation$UgiMetrics.loginSuccess with annotation @org.apache.hadoop.metrics2.annotation.Metric(always=false, sampleName=Ops, valueName=Time, about=, interval=10, type=DEFAULT, value=[Rate of successful kerberos logins and latency (milliseconds)])
2019-09-17 18:33:27,225 [main] DEBUG lib.MutableMetricsFactory (MutableMetricsFactory.java:newForField(43)) - field org.apache.hadoop.metrics2.lib.MutableRate org.apache.hadoop.security.UserGroupInformation$UgiMetrics.loginFailure with annotation @org.apache.hadoop.metrics2.annotation.Metric(always=false, sampleName=Ops, valueName=Time, about=, interval=10, type=DEFAULT, value=[Rate of failed kerberos logins and latency (milliseconds)])
2019-09-17 18:33:27,225 [main] DEBUG lib.MutableMetricsFactory (MutableMetricsFactory.java:newForField(43)) - field org.apache.hadoop.metrics2.lib.MutableRate org.apache.hadoop.security.UserGroupInformation$UgiMetrics.getGroups with annotation @org.apache.hadoop.metrics2.annotation.Metric(always=false, sampleName=Ops, valueName=Time, about=, interval=10, type=DEFAULT, value=[GetGroups])
2019-09-17 18:33:27,226 [main] DEBUG lib.MutableMetricsFactory (MutableMetricsFactory.java:newForField(43)) - field private org.apache.hadoop.metrics2.lib.MutableGaugeLong org.apache.hadoop.security.UserGroupInformation$UgiMetrics.renewalFailuresTotal with annotation @org.apache.hadoop.metrics2.annotation.Metric(always=false, sampleName=Ops, valueName=Time, about=, interval=10, type=DEFAULT, value=[Renewal failures since startup])
2019-09-17 18:33:27,227 [main] DEBUG lib.MutableMetricsFactory (MutableMetricsFactory.java:newForField(43)) - field private org.apache.hadoop.metrics2.lib.MutableGaugeInt org.apache.hadoop.security.UserGroupInformation$UgiMetrics.renewalFailures with annotation @org.apache.hadoop.metrics2.annotation.Metric(always=false, sampleName=Ops, valueName=Time, about=, interval=10, type=DEFAULT, value=[Renewal failures since last successful login])
2019-09-17 18:33:27,229 [main] DEBUG impl.MetricsSystemImpl (MetricsSystemImpl.java:register(231)) - UgiMetrics, User and group related metrics
2019-09-17 18:33:27,266 [main] DEBUG security.SecurityUtil (SecurityUtil.java:setTokenServiceUseIp(121)) - Setting hadoop.security.token.service.use_ip to true
2019-09-17 18:33:27,324 [main] DEBUG security.Groups (Groups.java:getUserToGroupsMappingService(447)) -  Creating new Groups object
2019-09-17 18:33:27,328 [main] DEBUG util.NativeCodeLoader (NativeCodeLoader.java:<clinit>(46)) - Trying to load the custom-built native-hadoop library...
2019-09-17 18:33:27,331 [main] DEBUG util.NativeCodeLoader (NativeCodeLoader.java:<clinit>(55)) - Failed to load native-hadoop with error: java.lang.UnsatisfiedLinkError: no hadoop in java.library.path
2019-09-17 18:33:27,331 [main] DEBUG util.NativeCodeLoader (NativeCodeLoader.java:<clinit>(56)) - java.library.path=c:\Program Files\Java\jdk1.8.0_221\jre\bin;C:\Windows\Sun\Java\bin;C:\Windows\system32;C:\Windows;C:\Windows\system32;C:\Windows;C:\Windows\System32\Wbem;C:\Windows\System32\WindowsPowerShell\v1.0\;C:\Windows\System32\OpenSSH\;C:\Program Files\dotnet\;C:\Program Files\Microsoft SQL Server\130\Tools\Binn\;C:\Program Files\Microsoft SQL Server\Client SDK\ODBC\170\Tools\Binn\;C:\Program Files\Git\cmd;C:\Program Files (x86)\Windows Kits\8.0\Windows Performance Toolkit\;C:\Users\jamesbak\AppData\Local\Microsoft\WindowsApps;C:\Program Files\Ubuntu;C:\Users\jamesbak\AppData\Local\Programs\Fiddler;C:\Users\jamesbak\AppData\Local\Programs\Microsoft VS Code\bin;C:\Program Files\Java\jdk1.8.0_221\bin;C:\Program Files\Java\apache-maven-3.6.2\bin;C:\Program Files\Java\protoc-2.5.0;;c:\depot\adls-migrator/../../hadoop-common-project/hadoop-common/target/bin;${openssl.lib};.
2019-09-17 18:33:27,333 [main] WARN  util.NativeCodeLoader (NativeCodeLoader.java:<clinit>(62)) - Unable to load native-hadoop library for your platform... using builtin-java classes where applicable
2019-09-17 18:33:27,334 [main] DEBUG util.PerformanceAdvisory (JniBasedUnixGroupsMappingWithFallback.java:<init>(41)) - Falling back to shell based
2019-09-17 18:33:27,336 [main] DEBUG security.JniBasedUnixGroupsMappingWithFallback (JniBasedUnixGroupsMappingWithFallback.java:<init>(45)) - Group mapping impl=org.apache.hadoop.security.ShellBasedUnixGroupsMapping
2019-09-17 18:33:27,390 [main] DEBUG security.Groups (Groups.java:<init>(151)) - Group mapping impl=org.apache.hadoop.security.JniBasedUnixGroupsMappingWithFallback; cacheTimeout=300000; warningDeltaMs=5000
2019-09-17 18:33:27,511 [main] DEBUG namenode.NameNode (NameNode.java:initializeGenericKeys(1754)) - Setting fs.defaultFS to hdfs://127.0.0.1:0
Formatting using clusterid: testClusterID
2019-09-17 18:33:27,550 [main] DEBUG util.KMSUtil (KMSUtil.java:createKeyProvider(52)) - Creating key provider with config key hadoop.security.key.provider.path
2019-09-17 18:33:27,564 [main] DEBUG security.UserGroupInformation (UserGroupInformation.java:login(246)) - hadoop login
2019-09-17 18:33:27,581 [main] DEBUG security.UserGroupInformation (UserGroupInformation.java:commit(181)) - hadoop login commit
2019-09-17 18:33:27,584 [main] DEBUG security.UserGroupInformation (UserGroupInformation.java:commit(211)) - using local user:NTUserPrincipal: jamesbak
2019-09-17 18:33:27,584 [main] DEBUG security.UserGroupInformation (UserGroupInformation.java:commit(217)) - Using user: "NTUserPrincipal: jamesbak" with name jamesbak
2019-09-17 18:33:27,585 [main] DEBUG security.UserGroupInformation (UserGroupInformation.java:commit(227)) - User entry: "jamesbak"
2019-09-17 18:33:27,585 [main] DEBUG security.UserGroupInformation (UserGroupInformation.java:loginUserFromSubject(863)) - Assuming keytab is managed externally since logged in from subject.
2019-09-17 18:33:27,597 [main] DEBUG security.UserGroupInformation (UserGroupInformation.java:loginUserFromSubject(922)) - UGI loginUser:jamesbak (auth:SIMPLE)
2019-09-17 18:33:27,649 [main] INFO  Configuration.deprecation (Configuration.java:logDeprecation(1297)) - hadoop.configured.node.mapping is deprecated. Instead, use net.topology.configured.node.mapping
2019-09-17 18:33:27,653 [main] INFO  blockmanagement.BlockManager (InvalidateBlocks.java:printBlockDeletionTime(73)) - dfs.namenode.startup.delay.block.deletion.sec is set to 000:00:00:00.000
2019-09-17 18:33:27,653 [main] INFO  blockmanagement.BlockManager (InvalidateBlocks.java:printBlockDeletionTime(78)) - The block deletion will start around 2019 Sep 17 18:33:27
2019-09-17 18:33:27,655 [main] INFO  util.GSet (LightWeightGSet.java:computeCapacity(395)) - Computing capacity for map BlocksMap
2019-09-17 18:33:27,655 [main] INFO  util.GSet (LightWeightGSet.java:computeCapacity(396)) - VM type       = 64-bit
2019-09-17 18:33:27,657 [main] INFO  util.GSet (LightWeightGSet.java:computeCapacity(397)) - 2.0% max memory 910.5 MB = 18.2 MB
2019-09-17 18:33:27,657 [main] INFO  util.GSet (LightWeightGSet.java:computeCapacity(402)) - capacity      = 2^21 = 2097152 entries
2019-09-17 18:33:27,658 [main] DEBUG util.GSet (LightWeightGSet.java:<init>(90)) - recommended=2097152, actual=2097152
2019-09-17 18:33:27,660 [main] INFO  blockmanagement.BlockManager (BlockManager.java:createBlockTokenSecretManager(481)) - dfs.block.access.token.enable=false
2019-09-17 18:33:27,660 [main] WARN  conf.Configuration (Configuration.java:getTimeDurationHelper(1701)) - No unit for dfs.heartbeat.interval(3) assuming SECONDS
2019-09-17 18:33:27,660 [main] WARN  conf.Configuration (Configuration.java:getTimeDurationHelper(1701)) - No unit for dfs.namenode.safemode.extension(0) assuming MILLISECONDS
2019-09-17 18:33:27,660 [main] INFO  blockmanagement.BlockManagerSafeMode (BlockManagerSafeMode.java:<init>(158)) - dfs.namenode.safemode.threshold-pct = 0.9990000128746033
2019-09-17 18:33:27,660 [main] INFO  blockmanagement.BlockManagerSafeMode (BlockManagerSafeMode.java:<init>(159)) - dfs.namenode.safemode.min.datanodes = 0
2019-09-17 18:33:27,660 [main] INFO  blockmanagement.BlockManagerSafeMode (BlockManagerSafeMode.java:<init>(161)) - dfs.namenode.safemode.extension = 0
2019-09-17 18:33:27,660 [main] INFO  blockmanagement.BlockManager (BlockManager.java:<init>(467)) - defaultReplication         = 1
2019-09-17 18:33:27,660 [main] INFO  blockmanagement.BlockManager (BlockManager.java:<init>(468)) - maxReplication             = 512
2019-09-17 18:33:27,660 [main] INFO  blockmanagement.BlockManager (BlockManager.java:<init>(469)) - minReplication             = 1
2019-09-17 18:33:27,660 [main] INFO  blockmanagement.BlockManager (BlockManager.java:<init>(470)) - maxReplicationStreams      = 2
2019-09-17 18:33:27,660 [main] INFO  blockmanagement.BlockManager (BlockManager.java:<init>(471)) - replicationRecheckInterval = 3000
2019-09-17 18:33:27,660 [main] INFO  blockmanagement.BlockManager (BlockManager.java:<init>(472)) - encryptDataTransfer        = false
2019-09-17 18:33:27,660 [main] INFO  blockmanagement.BlockManager (BlockManager.java:<init>(473)) - maxNumBlocksToLog          = 1000
2019-09-17 18:33:27,723 [main] INFO  namenode.FSDirectory (SerialNumberManager.java:initialize(77)) - GLOBAL serial map: bits=24 maxEntries=16777215
2019-09-17 18:33:27,738 [main] INFO  util.GSet (LightWeightGSet.java:computeCapacity(395)) - Computing capacity for map INodeMap
2019-09-17 18:33:27,754 [main] INFO  util.GSet (LightWeightGSet.java:computeCapacity(396)) - VM type       = 64-bit
2019-09-17 18:33:27,754 [main] INFO  util.GSet (LightWeightGSet.java:computeCapacity(397)) - 1.0% max memory 910.5 MB = 9.1 MB
2019-09-17 18:33:27,754 [main] INFO  util.GSet (LightWeightGSet.java:computeCapacity(402)) - capacity      = 2^20 = 1048576 entries
2019-09-17 18:33:27,754 [main] DEBUG util.GSet (LightWeightGSet.java:<init>(90)) - recommended=1048576, actual=1048576
2019-09-17 18:33:27,770 [main] INFO  namenode.FSDirectory (FSDirectory.java:<init>(276)) - ACLs enabled? false
2019-09-17 18:33:27,770 [main] INFO  namenode.FSDirectory (FSDirectory.java:<init>(280)) - XAttrs enabled? true
2019-09-17 18:33:27,770 [main] INFO  namenode.NameNode (FSDirectory.java:<init>(344)) - Caching file names occurring more than 10 times
2019-09-17 18:33:27,785 [main] INFO  util.GSet (LightWeightGSet.java:computeCapacity(395)) - Computing capacity for map cachedBlocks
2019-09-17 18:33:27,785 [main] INFO  util.GSet (LightWeightGSet.java:computeCapacity(396)) - VM type       = 64-bit
2019-09-17 18:33:27,785 [main] INFO  util.GSet (LightWeightGSet.java:computeCapacity(397)) - 0.25% max memory 910.5 MB = 2.3 MB
2019-09-17 18:33:27,785 [main] INFO  util.GSet (LightWeightGSet.java:computeCapacity(402)) - capacity      = 2^18 = 262144 entries
2019-09-17 18:33:27,785 [main] DEBUG util.GSet (LightWeightGSet.java:<init>(90)) - recommended=262144, actual=262144
2019-09-17 18:33:27,785 [main] INFO  metrics.TopMetrics (TopMetrics.java:logConf(76)) - NNTop conf: dfs.namenode.top.window.num.buckets = 10
2019-09-17 18:33:27,785 [main] INFO  metrics.TopMetrics (TopMetrics.java:logConf(78)) - NNTop conf: dfs.namenode.top.num.users = 10
2019-09-17 18:33:27,785 [main] INFO  metrics.TopMetrics (TopMetrics.java:logConf(80)) - NNTop conf: dfs.namenode.top.windows.minutes = 1,5,25
2019-09-17 18:33:27,785 [main] DEBUG impl.MetricsSystemImpl (MetricsSystemImpl.java:register(231)) - NNTopUserOpCounts, Top N operations by user
2019-09-17 18:33:27,785 [main] INFO  util.GSet (LightWeightGSet.java:computeCapacity(395)) - Computing capacity for map NameNodeRetryCache
2019-09-17 18:33:27,785 [main] INFO  util.GSet (LightWeightGSet.java:computeCapacity(396)) - VM type       = 64-bit
2019-09-17 18:33:27,785 [main] INFO  util.GSet (LightWeightGSet.java:computeCapacity(397)) - 0.029999999329447746% max memory 910.5 MB = 279.7 KB
2019-09-17 18:33:27,785 [main] INFO  util.GSet (LightWeightGSet.java:computeCapacity(402)) - capacity      = 2^15 = 32768 entries
2019-09-17 18:33:27,785 [main] DEBUG util.GSet (LightWeightGSet.java:<init>(90)) - recommended=32768, actual=32768
2019-09-17 18:33:27,785 [main] DEBUG metrics.RetryCacheMetrics (RetryCacheMetrics.java:<init>(46)) - Initialized MetricsRegistry{info=MetricsInfoImpl{name=RetryCache.NameNodeRetryCache, description=RetryCache.NameNodeRetryCache}, tags=[], metrics=[]}
2019-09-17 18:33:27,801 [main] DEBUG lib.MutableMetricsFactory (MutableMetricsFactory.java:newForField(43)) - field org.apache.hadoop.metrics2.lib.MutableCounterLong org.apache.hadoop.ipc.metrics.RetryCacheMetrics.cacheHit with annotation @org.apache.hadoop.metrics2.annotation.Metric(always=false, sampleName=Ops, valueName=Time, about=, interval=10, type=DEFAULT, value=[Number of RetryCache hit])
2019-09-17 18:33:27,801 [main] DEBUG lib.MutableMetricsFactory (MutableMetricsFactory.java:newForField(43)) - field org.apache.hadoop.metrics2.lib.MutableCounterLong org.apache.hadoop.ipc.metrics.RetryCacheMetrics.cacheCleared with annotation @org.apache.hadoop.metrics2.annotation.Metric(always=false, sampleName=Ops, valueName=Time, about=, interval=10, type=DEFAULT, value=[Number of RetryCache cleared])
2019-09-17 18:33:27,801 [main] DEBUG lib.MutableMetricsFactory (MutableMetricsFactory.java:newForField(43)) - field org.apache.hadoop.metrics2.lib.MutableCounterLong org.apache.hadoop.ipc.metrics.RetryCacheMetrics.cacheUpdated with annotation @org.apache.hadoop.metrics2.annotation.Metric(always=false, sampleName=Ops, valueName=Time, about=, interval=10, type=DEFAULT, value=[Number of RetryCache updated])
2019-09-17 18:33:27,801 [main] DEBUG impl.MetricsSystemImpl (MetricsSystemImpl.java:register(231)) - RetryCache.NameNodeRetryCache, Aggregate RetryCache metrics
2019-09-17 18:33:27,879 [FSImageSaver for C:\depot\adls-migrator\target\test-dir\dfs\name-0-2 of type IMAGE_AND_EDITS] INFO  namenode.FSImageFormatProtobuf (FSImageFormatProtobuf.java:save(486)) - Saving image file C:\depot\adls-migrator\target\test-dir\dfs\name-0-2\current\fsimage.ckpt_0000000000000000000 using no compression
2019-09-17 18:33:27,879 [FSImageSaver for C:\depot\adls-migrator\target\test-dir\dfs\name-0-1 of type IMAGE_AND_EDITS] INFO  namenode.FSImageFormatProtobuf (FSImageFormatProtobuf.java:save(486)) - Saving image file C:\depot\adls-migrator\target\test-dir\dfs\name-0-1\current\fsimage.ckpt_0000000000000000000 using no compression
2019-09-17 18:33:27,957 [FSImageSaver for C:\depot\adls-migrator\target\test-dir\dfs\name-0-2 of type IMAGE_AND_EDITS] INFO  namenode.FSImageFormatProtobuf (FSImageFormatProtobuf.java:save(490)) - Image file C:\depot\adls-migrator\target\test-dir\dfs\name-0-2\current\fsimage.ckpt_0000000000000000000 of size 327 bytes saved in 0 seconds .
2019-09-17 18:33:27,957 [FSImageSaver for C:\depot\adls-migrator\target\test-dir\dfs\name-0-1 of type IMAGE_AND_EDITS] INFO  namenode.FSImageFormatProtobuf (FSImageFormatProtobuf.java:save(490)) - Image file C:\depot\adls-migrator\target\test-dir\dfs\name-0-1\current\fsimage.ckpt_0000000000000000000 of size 327 bytes saved in 0 seconds .
2019-09-17 18:33:28,066 [main] INFO  namenode.NameNode (NameNode.java:createNameNode(1633)) - createNameNode []
2019-09-17 18:33:28,082 [main] DEBUG impl.MetricsSystemImpl (MetricsSystemImpl.java:initMode(623)) - from system property: null
2019-09-17 18:33:28,082 [main] DEBUG impl.MetricsSystemImpl (MetricsSystemImpl.java:initMode(624)) - from environment variable: null
2019-09-17 18:33:28,169 [main] WARN  impl.MetricsConfig (MetricsConfig.java:loadFirst(128)) - Cannot locate configuration: tried hadoop-metrics2-namenode.properties,hadoop-metrics2.properties
2019-09-17 18:33:28,181 [main] DEBUG impl.MetricsConfig (MetricsConfig.java:getProperty(183)) - poking parent 'PropertiesConfiguration' for key: period
2019-09-17 18:33:28,181 [main] DEBUG impl.MetricsConfig (MetricsConfig.java:getProperty(183)) - poking parent 'PropertiesConfiguration' for key: periodMillis
2019-09-17 18:33:28,188 [main] DEBUG lib.MutableMetricsFactory (MutableMetricsFactory.java:newForField(43)) - field org.apache.hadoop.metrics2.lib.MutableStat org.apache.hadoop.metrics2.impl.MetricsSystemImpl.snapshotStat with annotation @org.apache.hadoop.metrics2.annotation.Metric(always=false, sampleName=Ops, valueName=Time, about=, interval=10, type=DEFAULT, value=[Snapshot, Snapshot stats])
2019-09-17 18:33:28,189 [main] DEBUG lib.MutableMetricsFactory (MutableMetricsFactory.java:newForField(43)) - field org.apache.hadoop.metrics2.lib.MutableStat org.apache.hadoop.metrics2.impl.MetricsSystemImpl.publishStat with annotation @org.apache.hadoop.metrics2.annotation.Metric(always=false, sampleName=Ops, valueName=Time, about=, interval=10, type=DEFAULT, value=[Publish, Publishing stats])
2019-09-17 18:33:28,190 [main] DEBUG lib.MutableMetricsFactory (MutableMetricsFactory.java:newForField(43)) - field org.apache.hadoop.metrics2.lib.MutableCounterLong org.apache.hadoop.metrics2.impl.MetricsSystemImpl.droppedPubAll with annotation @org.apache.hadoop.metrics2.annotation.Metric(always=false, sampleName=Ops, valueName=Time, about=, interval=10, type=DEFAULT, value=[Dropped updates by all sinks])
2019-09-17 18:33:28,197 [main] DEBUG impl.MetricsConfig (MetricsConfig.java:getProperty(183)) - poking parent 'PropertiesConfiguration' for key: source.source.start_mbeans
2019-09-17 18:33:28,197 [main] DEBUG impl.MetricsConfig (MetricsConfig.java:getProperty(183)) - poking parent 'MetricsConfig' for key: source.start_mbeans
2019-09-17 18:33:28,198 [main] DEBUG impl.MetricsConfig (MetricsConfig.java:getProperty(183)) - poking parent 'PropertiesConfiguration' for key: *.source.start_mbeans
2019-09-17 18:33:28,287 [main] DEBUG impl.MetricsSourceAdapter (MetricsSourceAdapter.java:updateAttrCache(253)) - Updating attr cache...
2019-09-17 18:33:28,288 [main] DEBUG impl.MetricsSourceAdapter (MetricsSourceAdapter.java:updateAttrCache(267)) - Done. # tags & metrics=10
2019-09-17 18:33:28,288 [main] DEBUG impl.MetricsSourceAdapter (MetricsSourceAdapter.java:updateInfoCache(246)) - Updating info cache...
2019-09-17 18:33:28,289 [main] DEBUG impl.MetricsSystemImpl (MBeanInfoBuilder.java:get(109)) - [javax.management.MBeanAttributeInfo[description=Metrics context, name=tag.Context, type=java.lang.String, read-only, descriptor={}], javax.management.MBeanAttributeInfo[description=Number of active metrics sources, name=NumActiveSources, type=java.lang.Integer, read-only, descriptor={}], javax.management.MBeanAttributeInfo[description=Number of all registered metrics sources, name=NumAllSources, type=java.lang.Integer, read-only, descriptor={}], javax.management.MBeanAttributeInfo[description=Number of active metrics sinks, name=NumActiveSinks, type=java.lang.Integer, read-only, descriptor={}], javax.management.MBeanAttributeInfo[description=Number of all registered metrics sinks, name=NumAllSinks, type=java.lang.Integer, read-only, descriptor={}], javax.management.MBeanAttributeInfo[description=Number of ops for snapshot stats, name=SnapshotNumOps, type=java.lang.Long, read-only, descriptor={}], javax.management.MBeanAttributeInfo[description=Average time for snapshot stats, name=SnapshotAvgTime, type=java.lang.Double, read-only, descriptor={}], javax.management.MBeanAttributeInfo[description=Number of ops for publishing stats, name=PublishNumOps, type=java.lang.Long, read-only, descriptor={}], javax.management.MBeanAttributeInfo[description=Average time for publishing stats, name=PublishAvgTime, type=java.lang.Double, read-only, descriptor={}], javax.management.MBeanAttributeInfo[description=Dropped updates by all sinks, name=DroppedPubAll, type=java.lang.Long, read-only, descriptor={}]]
2019-09-17 18:33:28,290 [main] DEBUG impl.MetricsSourceAdapter (MetricsSourceAdapter.java:updateInfoCache(248)) - Done
2019-09-17 18:33:28,290 [main] DEBUG util.MBeans (MBeans.java:register(67)) - Registered Hadoop:service=NameNode,name=MetricsSystem,sub=Stats
2019-09-17 18:33:28,291 [main] DEBUG impl.MetricsSourceAdapter (MetricsSourceAdapter.java:startMBeans(224)) - MBean for source MetricsSystem,sub=Stats registered.
2019-09-17 18:33:28,293 [main] INFO  impl.MetricsSystemImpl (MetricsSystemImpl.java:startTimer(374)) - Scheduled Metric snapshot period at 10 second(s).
2019-09-17 18:33:28,293 [main] INFO  impl.MetricsSystemImpl (MetricsSystemImpl.java:start(191)) - NameNode metrics system started
2019-09-17 18:33:28,293 [main] DEBUG impl.MetricsConfig (MetricsConfig.java:getProperty(183)) - poking parent 'PropertiesConfiguration' for key: source.source.start_mbeans
2019-09-17 18:33:28,294 [main] DEBUG impl.MetricsConfig (MetricsConfig.java:getProperty(183)) - poking parent 'MetricsConfig' for key: source.start_mbeans
2019-09-17 18:33:28,294 [main] DEBUG impl.MetricsConfig (MetricsConfig.java:getProperty(183)) - poking parent 'PropertiesConfiguration' for key: *.source.start_mbeans
2019-09-17 18:33:28,295 [main] DEBUG impl.MetricsSourceAdapter (MetricsSourceAdapter.java:updateAttrCache(253)) - Updating attr cache...
2019-09-17 18:33:28,296 [main] DEBUG impl.MetricsSourceAdapter (MetricsSourceAdapter.java:updateAttrCache(267)) - Done. # tags & metrics=10
2019-09-17 18:33:28,296 [main] DEBUG impl.MetricsSourceAdapter (MetricsSourceAdapter.java:updateInfoCache(246)) - Updating info cache...
2019-09-17 18:33:28,296 [main] DEBUG impl.MetricsSystemImpl (MBeanInfoBuilder.java:get(109)) - [javax.management.MBeanAttributeInfo[description=Metrics context, name=tag.Context, type=java.lang.String, read-only, descriptor={}], javax.management.MBeanAttributeInfo[description=Local hostname, name=tag.Hostname, type=java.lang.String, read-only, descriptor={}], javax.management.MBeanAttributeInfo[description=Number of ops for rate of successful kerberos logins and latency (milliseconds), name=LoginSuccessNumOps, type=java.lang.Long, read-only, descriptor={}], javax.management.MBeanAttributeInfo[description=Average time for rate of successful kerberos logins and latency (milliseconds), name=LoginSuccessAvgTime, type=java.lang.Double, read-only, descriptor={}], javax.management.MBeanAttributeInfo[description=Number of ops for rate of failed kerberos logins and latency (milliseconds), name=LoginFailureNumOps, type=java.lang.Long, read-only, descriptor={}], javax.management.MBeanAttributeInfo[description=Average time for rate of failed kerberos logins and latency (milliseconds), name=LoginFailureAvgTime, type=java.lang.Double, read-only, descriptor={}], javax.management.MBeanAttributeInfo[description=Number of ops for getGroups, name=GetGroupsNumOps, type=java.lang.Long, read-only, descriptor={}], javax.management.MBeanAttributeInfo[description=Average time for getGroups, name=GetGroupsAvgTime, type=java.lang.Double, read-only, descriptor={}], javax.management.MBeanAttributeInfo[description=Renewal failures since startup, name=RenewalFailuresTotal, type=java.lang.Long, read-only, descriptor={}], javax.management.MBeanAttributeInfo[description=Renewal failures since last successful login, name=RenewalFailures, type=java.lang.Integer, read-only, descriptor={}]]
2019-09-17 18:33:28,297 [main] DEBUG impl.MetricsSourceAdapter (MetricsSourceAdapter.java:updateInfoCache(248)) - Done
2019-09-17 18:33:28,297 [main] DEBUG util.MBeans (MBeans.java:register(67)) - Registered Hadoop:service=NameNode,name=UgiMetrics
2019-09-17 18:33:28,297 [main] DEBUG impl.MetricsSourceAdapter (MetricsSourceAdapter.java:startMBeans(224)) - MBean for source UgiMetrics registered.
2019-09-17 18:33:28,298 [main] DEBUG impl.MetricsSystemImpl (MetricsSystemImpl.java:registerSource(269)) - Registered source UgiMetrics
2019-09-17 18:33:28,298 [main] DEBUG impl.MetricsConfig (MetricsConfig.java:getProperty(183)) - poking parent 'PropertiesConfiguration' for key: source.source.start_mbeans
2019-09-17 18:33:28,298 [main] DEBUG impl.MetricsConfig (MetricsConfig.java:getProperty(183)) - poking parent 'MetricsConfig' for key: source.start_mbeans
2019-09-17 18:33:28,299 [main] DEBUG impl.MetricsConfig (MetricsConfig.java:getProperty(183)) - poking parent 'PropertiesConfiguration' for key: *.source.start_mbeans
2019-09-17 18:33:28,299 [main] DEBUG window.RollingWindowManager (RollingWindowManager.java:snapshot(193)) - iterating in reported metrics, size=0 values=[]
2019-09-17 18:33:28,300 [main] DEBUG window.RollingWindowManager (RollingWindowManager.java:snapshot(193)) - iterating in reported metrics, size=0 values=[]
2019-09-17 18:33:28,300 [main] DEBUG window.RollingWindowManager (RollingWindowManager.java:snapshot(193)) - iterating in reported metrics, size=0 values=[]
2019-09-17 18:33:28,301 [main] DEBUG impl.MetricsSourceAdapter (MetricsSourceAdapter.java:updateAttrCache(253)) - Updating attr cache...
2019-09-17 18:33:28,301 [main] DEBUG impl.MetricsSourceAdapter (MetricsSourceAdapter.java:updateAttrCache(267)) - Done. # tags & metrics=6
2019-09-17 18:33:28,301 [main] DEBUG impl.MetricsSourceAdapter (MetricsSourceAdapter.java:updateInfoCache(246)) - Updating info cache...
2019-09-17 18:33:28,302 [main] DEBUG impl.MetricsSystemImpl (MBeanInfoBuilder.java:get(109)) - [javax.management.MBeanAttributeInfo[description=Metrics context, name=tag.Context, type=java.lang.String, read-only, descriptor={}], javax.management.MBeanAttributeInfo[description=Local hostname, name=tag.Hostname, type=java.lang.String, read-only, descriptor={}], javax.management.MBeanAttributeInfo[description=Metrics context, name=tag.Context.1, type=java.lang.String, read-only, descriptor={}], javax.management.MBeanAttributeInfo[description=Local hostname, name=tag.Hostname.1, type=java.lang.String, read-only, descriptor={}], javax.management.MBeanAttributeInfo[description=Metrics context, name=tag.Context.2, type=java.lang.String, read-only, descriptor={}], javax.management.MBeanAttributeInfo[description=Local hostname, name=tag.Hostname.2, type=java.lang.String, read-only, descriptor={}]]
2019-09-17 18:33:28,302 [main] DEBUG impl.MetricsSourceAdapter (MetricsSourceAdapter.java:updateInfoCache(248)) - Done
2019-09-17 18:33:28,303 [main] DEBUG util.MBeans (MBeans.java:register(67)) - Registered Hadoop:service=NameNode,name=NNTopUserOpCounts
2019-09-17 18:33:28,303 [main] DEBUG impl.MetricsSourceAdapter (MetricsSourceAdapter.java:startMBeans(224)) - MBean for source NNTopUserOpCounts registered.
2019-09-17 18:33:28,303 [main] DEBUG impl.MetricsSystemImpl (MetricsSystemImpl.java:registerSource(269)) - Registered source NNTopUserOpCounts
2019-09-17 18:33:28,304 [main] DEBUG impl.MetricsConfig (MetricsConfig.java:getProperty(183)) - poking parent 'PropertiesConfiguration' for key: source.source.start_mbeans
2019-09-17 18:33:28,304 [main] DEBUG impl.MetricsConfig (MetricsConfig.java:getProperty(183)) - poking parent 'MetricsConfig' for key: source.start_mbeans
2019-09-17 18:33:28,304 [main] DEBUG impl.MetricsConfig (MetricsConfig.java:getProperty(183)) - poking parent 'PropertiesConfiguration' for key: *.source.start_mbeans
2019-09-17 18:33:28,304 [main] DEBUG impl.MetricsSourceAdapter (MetricsSourceAdapter.java:updateAttrCache(253)) - Updating attr cache...
2019-09-17 18:33:28,305 [main] DEBUG impl.MetricsSourceAdapter (MetricsSourceAdapter.java:updateAttrCache(267)) - Done. # tags & metrics=5
2019-09-17 18:33:28,305 [main] DEBUG impl.MetricsSourceAdapter (MetricsSourceAdapter.java:updateInfoCache(246)) - Updating info cache...
2019-09-17 18:33:28,306 [main] DEBUG impl.MetricsSystemImpl (MBeanInfoBuilder.java:get(109)) - [javax.management.MBeanAttributeInfo[description=Metrics context, name=tag.Context, type=java.lang.String, read-only, descriptor={}], javax.management.MBeanAttributeInfo[description=Local hostname, name=tag.Hostname, type=java.lang.String, read-only, descriptor={}], javax.management.MBeanAttributeInfo[description=Number of RetryCache hit, name=CacheHit, type=java.lang.Long, read-only, descriptor={}], javax.management.MBeanAttributeInfo[description=Number of RetryCache cleared, name=CacheCleared, type=java.lang.Long, read-only, descriptor={}], javax.management.MBeanAttributeInfo[description=Number of RetryCache updated, name=CacheUpdated, type=java.lang.Long, read-only, descriptor={}]]
2019-09-17 18:33:28,306 [main] DEBUG impl.MetricsSourceAdapter (MetricsSourceAdapter.java:updateInfoCache(248)) - Done
2019-09-17 18:33:28,307 [main] DEBUG util.MBeans (MBeans.java:register(67)) - Registered Hadoop:service=NameNode,name=RetryCache.NameNodeRetryCache
2019-09-17 18:33:28,307 [main] DEBUG impl.MetricsSourceAdapter (MetricsSourceAdapter.java:startMBeans(224)) - MBean for source RetryCache.NameNodeRetryCache registered.
2019-09-17 18:33:28,307 [main] DEBUG impl.MetricsSystemImpl (MetricsSystemImpl.java:registerSource(269)) - Registered source RetryCache.NameNodeRetryCache
2019-09-17 18:33:28,309 [main] DEBUG util.MBeans (MBeans.java:register(67)) - Registered Hadoop:service=NameNode,name=MetricsSystem,sub=Control
2019-09-17 18:33:28,349 [main] DEBUG core.Tracer (Tracer.java:loadSamplers(106)) - sampler.classes = ; loaded no samplers
2019-09-17 18:33:28,394 [main] DEBUG core.Tracer (Tracer.java:loadSpanReceivers(128)) - span.receiver.classes = ; loaded no span receivers
2019-09-17 18:33:28,395 [main] INFO  namenode.NameNode (NameNode.java:setClientNamenodeAddress(468)) - fs.defaultFS is hdfs://127.0.0.1:0
2019-09-17 18:33:28,398 [main] DEBUG namenode.NameNode (NameNode.java:initializeGenericKeys(1754)) - Setting fs.defaultFS to hdfs://127.0.0.1:0
2019-09-17 18:33:28,514 [main] DEBUG impl.MetricsSystemImpl (MetricsSystemImpl.java:register(231)) - JvmMetrics, JVM related metrics etc.
2019-09-17 18:33:28,515 [main] DEBUG impl.MetricsConfig (MetricsConfig.java:getProperty(183)) - poking parent 'PropertiesConfiguration' for key: source.source.start_mbeans
2019-09-17 18:33:28,515 [main] DEBUG impl.MetricsConfig (MetricsConfig.java:getProperty(183)) - poking parent 'MetricsConfig' for key: source.start_mbeans
2019-09-17 18:33:28,515 [main] DEBUG impl.MetricsConfig (MetricsConfig.java:getProperty(183)) - poking parent 'PropertiesConfiguration' for key: *.source.start_mbeans
2019-09-17 18:33:28,520 [main] DEBUG impl.MetricsSourceAdapter (MetricsSourceAdapter.java:updateAttrCache(253)) - Updating attr cache...
2019-09-17 18:33:28,520 [main] DEBUG impl.MetricsSourceAdapter (MetricsSourceAdapter.java:updateAttrCache(267)) - Done. # tags & metrics=27
2019-09-17 18:33:28,521 [main] DEBUG impl.MetricsSourceAdapter (MetricsSourceAdapter.java:updateInfoCache(246)) - Updating info cache...
2019-09-17 18:33:28,521 [main] DEBUG impl.MetricsSystemImpl (MBeanInfoBuilder.java:get(109)) - [javax.management.MBeanAttributeInfo[description=Metrics context, name=tag.Context, type=java.lang.String, read-only, descriptor={}], javax.management.MBeanAttributeInfo[description=Process name, name=tag.ProcessName, type=java.lang.String, read-only, descriptor={}], javax.management.MBeanAttributeInfo[description=Session ID, name=tag.SessionId, type=java.lang.String, read-only, descriptor={}], javax.management.MBeanAttributeInfo[description=Local hostname, name=tag.Hostname, type=java.lang.String, read-only, descriptor={}], javax.management.MBeanAttributeInfo[description=Non-heap memory used in MB, name=MemNonHeapUsedM, type=java.lang.Float, read-only, descriptor={}], javax.management.MBeanAttributeInfo[description=Non-heap memory committed in MB, name=MemNonHeapCommittedM, type=java.lang.Float, read-only, descriptor={}], javax.management.MBeanAttributeInfo[description=Non-heap memory max in MB, name=MemNonHeapMaxM, type=java.lang.Float, read-only, descriptor={}], javax.management.MBeanAttributeInfo[description=Heap memory used in MB, name=MemHeapUsedM, type=java.lang.Float, read-only, descriptor={}], javax.management.MBeanAttributeInfo[description=Heap memory committed in MB, name=MemHeapCommittedM, type=java.lang.Float, read-only, descriptor={}], javax.management.MBeanAttributeInfo[description=Heap memory max in MB, name=MemHeapMaxM, type=java.lang.Float, read-only, descriptor={}], javax.management.MBeanAttributeInfo[description=Max memory size in MB, name=MemMaxM, type=java.lang.Float, read-only, descriptor={}], javax.management.MBeanAttributeInfo[description=GC Count for PS Scavenge, name=GcCountPS Scavenge, type=java.lang.Long, read-only, descriptor={}], javax.management.MBeanAttributeInfo[description=GC Time for PS Scavenge, name=GcTimeMillisPS Scavenge, type=java.lang.Long, read-only, descriptor={}], javax.management.MBeanAttributeInfo[description=GC Count for PS MarkSweep, name=GcCountPS MarkSweep, type=java.lang.Long, read-only, descriptor={}], javax.management.MBeanAttributeInfo[description=GC Time for PS MarkSweep, name=GcTimeMillisPS MarkSweep, type=java.lang.Long, read-only, descriptor={}], javax.management.MBeanAttributeInfo[description=Total GC count, name=GcCount, type=java.lang.Long, read-only, descriptor={}], javax.management.MBeanAttributeInfo[description=Total GC time in milliseconds, name=GcTimeMillis, type=java.lang.Long, read-only, descriptor={}], javax.management.MBeanAttributeInfo[description=Number of new threads, name=ThreadsNew, type=java.lang.Integer, read-only, descriptor={}], javax.management.MBeanAttributeInfo[description=Number of runnable threads, name=ThreadsRunnable, type=java.lang.Integer, read-only, descriptor={}], javax.management.MBeanAttributeInfo[description=Number of blocked threads, name=ThreadsBlocked, type=java.lang.Integer, read-only, descriptor={}], javax.management.MBeanAttributeInfo[description=Number of waiting threads, name=ThreadsWaiting, type=java.lang.Integer, read-only, descriptor={}], javax.management.MBeanAttributeInfo[description=Number of timed waiting threads, name=ThreadsTimedWaiting, type=java.lang.Integer, read-only, descriptor={}], javax.management.MBeanAttributeInfo[description=Number of terminated threads, name=ThreadsTerminated, type=java.lang.Integer, read-only, descriptor={}], javax.management.MBeanAttributeInfo[description=Total number of fatal log events, name=LogFatal, type=java.lang.Long, read-only, descriptor={}], javax.management.MBeanAttributeInfo[description=Total number of error log events, name=LogError, type=java.lang.Long, read-only, descriptor={}], javax.management.MBeanAttributeInfo[description=Total number of warning log events, name=LogWarn, type=java.lang.Long, read-only, descriptor={}], javax.management.MBeanAttributeInfo[description=Total number of info log events, name=LogInfo, type=java.lang.Long, read-only, descriptor={}]]
2019-09-17 18:33:28,522 [main] DEBUG impl.MetricsSourceAdapter (MetricsSourceAdapter.java:updateInfoCache(248)) - Done
2019-09-17 18:33:28,522 [main] DEBUG util.MBeans (MBeans.java:register(67)) - Registered Hadoop:service=NameNode,name=JvmMetrics
2019-09-17 18:33:28,522 [main] DEBUG impl.MetricsSourceAdapter (MetricsSourceAdapter.java:startMBeans(224)) - MBean for source JvmMetrics registered.
2019-09-17 18:33:28,522 [main] DEBUG impl.MetricsSystemImpl (MetricsSystemImpl.java:registerSource(269)) - Registered source JvmMetrics
2019-09-17 18:33:28,524 [main] DEBUG lib.MutableMetricsFactory (MutableMetricsFactory.java:newForField(43)) - field org.apache.hadoop.metrics2.lib.MutableCounterLong org.apache.hadoop.hdfs.server.namenode.metrics.NameNodeMetrics.createFileOps with annotation @org.apache.hadoop.metrics2.annotation.Metric(always=false, sampleName=Ops, valueName=Time, about=, interval=10, type=DEFAULT, value=[])
2019-09-17 18:33:28,524 [main] DEBUG lib.MutableMetricsFactory (MutableMetricsFactory.java:newForField(43)) - field org.apache.hadoop.metrics2.lib.MutableCounterLong org.apache.hadoop.hdfs.server.namenode.metrics.NameNodeMetrics.filesCreated with annotation @org.apache.hadoop.metrics2.annotation.Metric(always=false, sampleName=Ops, valueName=Time, about=, interval=10, type=DEFAULT, value=[])
2019-09-17 18:33:28,525 [main] DEBUG lib.MutableMetricsFactory (MutableMetricsFactory.java:newForField(43)) - field org.apache.hadoop.metrics2.lib.MutableCounterLong org.apache.hadoop.hdfs.server.namenode.metrics.NameNodeMetrics.filesAppended with annotation @org.apache.hadoop.metrics2.annotation.Metric(always=false, sampleName=Ops, valueName=Time, about=, interval=10, type=DEFAULT, value=[])
2019-09-17 18:33:28,525 [main] DEBUG lib.MutableMetricsFactory (MutableMetricsFactory.java:newForField(43)) - field org.apache.hadoop.metrics2.lib.MutableCounterLong org.apache.hadoop.hdfs.server.namenode.metrics.NameNodeMetrics.getBlockLocations with annotation @org.apache.hadoop.metrics2.annotation.Metric(always=false, sampleName=Ops, valueName=Time, about=, interval=10, type=DEFAULT, value=[])
2019-09-17 18:33:28,526 [main] DEBUG lib.MutableMetricsFactory (MutableMetricsFactory.java:newForField(43)) - field org.apache.hadoop.metrics2.lib.MutableCounterLong org.apache.hadoop.hdfs.server.namenode.metrics.NameNodeMetrics.filesRenamed with annotation @org.apache.hadoop.metrics2.annotation.Metric(always=false, sampleName=Ops, valueName=Time, about=, interval=10, type=DEFAULT, value=[])
2019-09-17 18:33:28,527 [main] DEBUG lib.MutableMetricsFactory (MutableMetricsFactory.java:newForField(43)) - field org.apache.hadoop.metrics2.lib.MutableCounterLong org.apache.hadoop.hdfs.server.namenode.metrics.NameNodeMetrics.filesTruncated with annotation @org.apache.hadoop.metrics2.annotation.Metric(always=false, sampleName=Ops, valueName=Time, about=, interval=10, type=DEFAULT, value=[])
2019-09-17 18:33:28,527 [main] DEBUG lib.MutableMetricsFactory (MutableMetricsFactory.java:newForField(43)) - field org.apache.hadoop.metrics2.lib.MutableCounterLong org.apache.hadoop.hdfs.server.namenode.metrics.NameNodeMetrics.getListingOps with annotation @org.apache.hadoop.metrics2.annotation.Metric(always=false, sampleName=Ops, valueName=Time, about=, interval=10, type=DEFAULT, value=[])
2019-09-17 18:33:28,528 [main] DEBUG lib.MutableMetricsFactory (MutableMetricsFactory.java:newForField(43)) - field org.apache.hadoop.metrics2.lib.MutableCounterLong org.apache.hadoop.hdfs.server.namenode.metrics.NameNodeMetrics.deleteFileOps with annotation @org.apache.hadoop.metrics2.annotation.Metric(always=false, sampleName=Ops, valueName=Time, about=, interval=10, type=DEFAULT, value=[])
2019-09-17 18:33:28,528 [main] DEBUG lib.MutableMetricsFactory (MutableMetricsFactory.java:newForField(43)) - field org.apache.hadoop.metrics2.lib.MutableCounterLong org.apache.hadoop.hdfs.server.namenode.metrics.NameNodeMetrics.filesDeleted with annotation @org.apache.hadoop.metrics2.annotation.Metric(always=false, sampleName=Ops, valueName=Time, about=, interval=10, type=DEFAULT, value=[Number of files/dirs deleted by delete or rename operations])
2019-09-17 18:33:28,529 [main] DEBUG lib.MutableMetricsFactory (MutableMetricsFactory.java:newForField(43)) - field org.apache.hadoop.metrics2.lib.MutableCounterLong org.apache.hadoop.hdfs.server.namenode.metrics.NameNodeMetrics.fileInfoOps with annotation @org.apache.hadoop.metrics2.annotation.Metric(always=false, sampleName=Ops, valueName=Time, about=, interval=10, type=DEFAULT, value=[])
2019-09-17 18:33:28,529 [main] DEBUG lib.MutableMetricsFactory (MutableMetricsFactory.java:newForField(43)) - field org.apache.hadoop.metrics2.lib.MutableCounterLong org.apache.hadoop.hdfs.server.namenode.metrics.NameNodeMetrics.addBlockOps with annotation @org.apache.hadoop.metrics2.annotation.Metric(always=false, sampleName=Ops, valueName=Time, about=, interval=10, type=DEFAULT, value=[])
2019-09-17 18:33:28,530 [main] DEBUG lib.MutableMetricsFactory (MutableMetricsFactory.java:newForField(43)) - field org.apache.hadoop.metrics2.lib.MutableCounterLong org.apache.hadoop.hdfs.server.namenode.metrics.NameNodeMetrics.getAdditionalDatanodeOps with annotation @org.apache.hadoop.metrics2.annotation.Metric(always=false, sampleName=Ops, valueName=Time, about=, interval=10, type=DEFAULT, value=[])
2019-09-17 18:33:28,531 [main] DEBUG lib.MutableMetricsFactory (MutableMetricsFactory.java:newForField(43)) - field org.apache.hadoop.metrics2.lib.MutableCounterLong org.apache.hadoop.hdfs.server.namenode.metrics.NameNodeMetrics.createSymlinkOps with annotation @org.apache.hadoop.metrics2.annotation.Metric(always=false, sampleName=Ops, valueName=Time, about=, interval=10, type=DEFAULT, value=[])
2019-09-17 18:33:28,531 [main] DEBUG lib.MutableMetricsFactory (MutableMetricsFactory.java:newForField(43)) - field org.apache.hadoop.metrics2.lib.MutableCounterLong org.apache.hadoop.hdfs.server.namenode.metrics.NameNodeMetrics.getLinkTargetOps with annotation @org.apache.hadoop.metrics2.annotation.Metric(always=false, sampleName=Ops, valueName=Time, about=, interval=10, type=DEFAULT, value=[])
2019-09-17 18:33:28,532 [main] DEBUG lib.MutableMetricsFactory (MutableMetricsFactory.java:newForField(43)) - field org.apache.hadoop.metrics2.lib.MutableCounterLong org.apache.hadoop.hdfs.server.namenode.metrics.NameNodeMetrics.filesInGetListingOps with annotation @org.apache.hadoop.metrics2.annotation.Metric(always=false, sampleName=Ops, valueName=Time, about=, interval=10, type=DEFAULT, value=[])
2019-09-17 18:33:28,532 [main] DEBUG lib.MutableMetricsFactory (MutableMetricsFactory.java:newForField(43)) - field org.apache.hadoop.metrics2.lib.MutableCounterLong org.apache.hadoop.hdfs.server.namenode.metrics.NameNodeMetrics.successfulReReplications with annotation @org.apache.hadoop.metrics2.annotation.Metric(always=false, sampleName=Ops, valueName=Time, about=, interval=10, type=DEFAULT, value=[Number of successful re-replications])
2019-09-17 18:33:28,533 [main] DEBUG lib.MutableMetricsFactory (MutableMetricsFactory.java:newForField(43)) - field org.apache.hadoop.metrics2.lib.MutableCounterLong org.apache.hadoop.hdfs.server.namenode.metrics.NameNodeMetrics.numTimesReReplicationNotScheduled with annotation @org.apache.hadoop.metrics2.annotation.Metric(always=false, sampleName=Ops, valueName=Time, about=, interval=10, type=DEFAULT, value=[Number of times we failed to schedule a block re-replication.])
2019-09-17 18:33:28,533 [main] DEBUG lib.MutableMetricsFactory (MutableMetricsFactory.java:newForField(43)) - field org.apache.hadoop.metrics2.lib.MutableCounterLong org.apache.hadoop.hdfs.server.namenode.metrics.NameNodeMetrics.timeoutReReplications with annotation @org.apache.hadoop.metrics2.annotation.Metric(always=false, sampleName=Ops, valueName=Time, about=, interval=10, type=DEFAULT, value=[Number of timed out block re-replications])
2019-09-17 18:33:28,534 [main] DEBUG lib.MutableMetricsFactory (MutableMetricsFactory.java:newForField(43)) - field org.apache.hadoop.metrics2.lib.MutableCounterLong org.apache.hadoop.hdfs.server.namenode.metrics.NameNodeMetrics.allowSnapshotOps with annotation @org.apache.hadoop.metrics2.annotation.Metric(always=false, sampleName=Ops, valueName=Time, about=, interval=10, type=DEFAULT, value=[Number of allowSnapshot operations])
2019-09-17 18:33:28,534 [main] DEBUG lib.MutableMetricsFactory (MutableMetricsFactory.java:newForField(43)) - field org.apache.hadoop.metrics2.lib.MutableCounterLong org.apache.hadoop.hdfs.server.namenode.metrics.NameNodeMetrics.disallowSnapshotOps with annotation @org.apache.hadoop.metrics2.annotation.Metric(always=false, sampleName=Ops, valueName=Time, about=, interval=10, type=DEFAULT, value=[Number of disallowSnapshot operations])
2019-09-17 18:33:28,535 [main] DEBUG lib.MutableMetricsFactory (MutableMetricsFactory.java:newForField(43)) - field org.apache.hadoop.metrics2.lib.MutableCounterLong org.apache.hadoop.hdfs.server.namenode.metrics.NameNodeMetrics.createSnapshotOps with annotation @org.apache.hadoop.metrics2.annotation.Metric(always=false, sampleName=Ops, valueName=Time, about=, interval=10, type=DEFAULT, value=[Number of createSnapshot operations])
2019-09-17 18:33:28,535 [main] DEBUG lib.MutableMetricsFactory (MutableMetricsFactory.java:newForField(43)) - field org.apache.hadoop.metrics2.lib.MutableCounterLong org.apache.hadoop.hdfs.server.namenode.metrics.NameNodeMetrics.deleteSnapshotOps with annotation @org.apache.hadoop.metrics2.annotation.Metric(always=false, sampleName=Ops, valueName=Time, about=, interval=10, type=DEFAULT, value=[Number of deleteSnapshot operations])
2019-09-17 18:33:28,536 [main] DEBUG lib.MutableMetricsFactory (MutableMetricsFactory.java:newForField(43)) - field org.apache.hadoop.metrics2.lib.MutableCounterLong org.apache.hadoop.hdfs.server.namenode.metrics.NameNodeMetrics.renameSnapshotOps with annotation @org.apache.hadoop.metrics2.annotation.Metric(always=false, sampleName=Ops, valueName=Time, about=, interval=10, type=DEFAULT, value=[Number of renameSnapshot operations])
2019-09-17 18:33:28,537 [main] DEBUG lib.MutableMetricsFactory (MutableMetricsFactory.java:newForField(43)) - field org.apache.hadoop.metrics2.lib.MutableCounterLong org.apache.hadoop.hdfs.server.namenode.metrics.NameNodeMetrics.listSnapshottableDirOps with annotation @org.apache.hadoop.metrics2.annotation.Metric(always=false, sampleName=Ops, valueName=Time, about=, interval=10, type=DEFAULT, value=[Number of listSnapshottableDirectory operations])
2019-09-17 18:33:28,537 [main] DEBUG lib.MutableMetricsFactory (MutableMetricsFactory.java:newForField(43)) - field org.apache.hadoop.metrics2.lib.MutableCounterLong org.apache.hadoop.hdfs.server.namenode.metrics.NameNodeMetrics.snapshotDiffReportOps with annotation @org.apache.hadoop.metrics2.annotation.Metric(always=false, sampleName=Ops, valueName=Time, about=, interval=10, type=DEFAULT, value=[Number of snapshotDiffReport operations])
2019-09-17 18:33:28,538 [main] DEBUG lib.MutableMetricsFactory (MutableMetricsFactory.java:newForField(43)) - field org.apache.hadoop.metrics2.lib.MutableCounterLong org.apache.hadoop.hdfs.server.namenode.metrics.NameNodeMetrics.blockReceivedAndDeletedOps with annotation @org.apache.hadoop.metrics2.annotation.Metric(always=false, sampleName=Ops, valueName=Time, about=, interval=10, type=DEFAULT, value=[Number of blockReceivedAndDeleted calls])
2019-09-17 18:33:28,538 [main] DEBUG lib.MutableMetricsFactory (MutableMetricsFactory.java:newForField(43)) - field org.apache.hadoop.metrics2.lib.MutableCounterLong org.apache.hadoop.hdfs.server.namenode.metrics.NameNodeMetrics.storageBlockReportOps with annotation @org.apache.hadoop.metrics2.annotation.Metric(always=false, sampleName=Ops, valueName=Time, about=, interval=10, type=DEFAULT, value=[Number of blockReports from individual storages])
2019-09-17 18:33:28,539 [main] DEBUG lib.MutableMetricsFactory (MutableMetricsFactory.java:newForField(43)) - field org.apache.hadoop.metrics2.lib.MutableGaugeInt org.apache.hadoop.hdfs.server.namenode.metrics.NameNodeMetrics.blockOpsQueued with annotation @org.apache.hadoop.metrics2.annotation.Metric(always=false, sampleName=Ops, valueName=Time, about=, interval=10, type=DEFAULT, value=[Number of blockReports and blockReceivedAndDeleted queued])
2019-09-17 18:33:28,540 [main] DEBUG lib.MutableMetricsFactory (MutableMetricsFactory.java:newForField(43)) - field org.apache.hadoop.metrics2.lib.MutableCounterLong org.apache.hadoop.hdfs.server.namenode.metrics.NameNodeMetrics.blockOpsBatched with annotation @org.apache.hadoop.metrics2.annotation.Metric(always=false, sampleName=Ops, valueName=Time, about=, interval=10, type=DEFAULT, value=[Number of blockReports and blockReceivedAndDeleted batch processed])
2019-09-17 18:33:28,541 [main] DEBUG lib.MutableMetricsFactory (MutableMetricsFactory.java:newForField(43)) - field org.apache.hadoop.metrics2.lib.MutableRate org.apache.hadoop.hdfs.server.namenode.metrics.NameNodeMetrics.transactions with annotation @org.apache.hadoop.metrics2.annotation.Metric(always=false, sampleName=Ops, valueName=Time, about=, interval=10, type=DEFAULT, value=[Journal transactions])
2019-09-17 18:33:28,541 [main] DEBUG lib.MutableMetricsFactory (MutableMetricsFactory.java:newForField(43)) - field org.apache.hadoop.metrics2.lib.MutableRate org.apache.hadoop.hdfs.server.namenode.metrics.NameNodeMetrics.syncs with annotation @org.apache.hadoop.metrics2.annotation.Metric(always=false, sampleName=Ops, valueName=Time, about=, interval=10, type=DEFAULT, value=[Journal syncs])
2019-09-17 18:33:28,542 [main] DEBUG lib.MutableMetricsFactory (MutableMetricsFactory.java:newForField(43)) - field org.apache.hadoop.metrics2.lib.MutableCounterLong org.apache.hadoop.hdfs.server.namenode.metrics.NameNodeMetrics.transactionsBatchedInSync with annotation @org.apache.hadoop.metrics2.annotation.Metric(always=false, sampleName=Ops, valueName=Time, about=, interval=10, type=DEFAULT, value=[Journal transactions batched in sync])
2019-09-17 18:33:28,543 [main] DEBUG lib.MutableMetricsFactory (MutableMetricsFactory.java:newForField(43)) - field org.apache.hadoop.metrics2.lib.MutableRate org.apache.hadoop.hdfs.server.namenode.metrics.NameNodeMetrics.blockReport with annotation @org.apache.hadoop.metrics2.annotation.Metric(always=false, sampleName=Ops, valueName=Time, about=, interval=10, type=DEFAULT, value=[Block report])
2019-09-17 18:33:28,543 [main] DEBUG lib.MutableMetricsFactory (MutableMetricsFactory.java:newForField(43)) - field org.apache.hadoop.metrics2.lib.MutableRate org.apache.hadoop.hdfs.server.namenode.metrics.NameNodeMetrics.cacheReport with annotation @org.apache.hadoop.metrics2.annotation.Metric(always=false, sampleName=Ops, valueName=Time, about=, interval=10, type=DEFAULT, value=[Cache report])
2019-09-17 18:33:28,544 [main] DEBUG lib.MutableMetricsFactory (MutableMetricsFactory.java:newForField(43)) - field private org.apache.hadoop.metrics2.lib.MutableRate org.apache.hadoop.hdfs.server.namenode.metrics.NameNodeMetrics.generateEDEKTime with annotation @org.apache.hadoop.metrics2.annotation.Metric(always=false, sampleName=Ops, valueName=Time, about=, interval=10, type=DEFAULT, value=[Generate EDEK time])
2019-09-17 18:33:28,545 [main] DEBUG lib.MutableMetricsFactory (MutableMetricsFactory.java:newForField(43)) - field private org.apache.hadoop.metrics2.lib.MutableRate org.apache.hadoop.hdfs.server.namenode.metrics.NameNodeMetrics.warmUpEDEKTime with annotation @org.apache.hadoop.metrics2.annotation.Metric(always=false, sampleName=Ops, valueName=Time, about=, interval=10, type=DEFAULT, value=[Warm-up EDEK time])
2019-09-17 18:33:28,545 [main] DEBUG lib.MutableMetricsFactory (MutableMetricsFactory.java:newForField(43)) - field private org.apache.hadoop.metrics2.lib.MutableRate org.apache.hadoop.hdfs.server.namenode.metrics.NameNodeMetrics.resourceCheckTime with annotation @org.apache.hadoop.metrics2.annotation.Metric(always=false, sampleName=Ops, valueName=Time, about=, interval=10, type=DEFAULT, value=[Resource check time])
2019-09-17 18:33:28,546 [main] DEBUG lib.MutableMetricsFactory (MutableMetricsFactory.java:newForField(43)) - field org.apache.hadoop.metrics2.lib.MutableGaugeInt org.apache.hadoop.hdfs.server.namenode.metrics.NameNodeMetrics.safeModeTime with annotation @org.apache.hadoop.metrics2.annotation.Metric(always=false, sampleName=Ops, valueName=Time, about=, interval=10, type=DEFAULT, value=[Duration in SafeMode at startup in msec])
2019-09-17 18:33:28,546 [main] DEBUG lib.MutableMetricsFactory (MutableMetricsFactory.java:newForField(43)) - field org.apache.hadoop.metrics2.lib.MutableGaugeInt org.apache.hadoop.hdfs.server.namenode.metrics.NameNodeMetrics.fsImageLoadTime with annotation @org.apache.hadoop.metrics2.annotation.Metric(always=false, sampleName=Ops, valueName=Time, about=, interval=10, type=DEFAULT, value=[Time loading FS Image at startup in msec])
2019-09-17 18:33:28,547 [main] DEBUG lib.MutableMetricsFactory (MutableMetricsFactory.java:newForField(43)) - field org.apache.hadoop.metrics2.lib.MutableRate org.apache.hadoop.hdfs.server.namenode.metrics.NameNodeMetrics.getEdit with annotation @org.apache.hadoop.metrics2.annotation.Metric(always=false, sampleName=Ops, valueName=Time, about=, interval=10, type=DEFAULT, value=[GetImageServlet getEdit])
2019-09-17 18:33:28,547 [main] DEBUG lib.MutableMetricsFactory (MutableMetricsFactory.java:newForField(43)) - field org.apache.hadoop.metrics2.lib.MutableRate org.apache.hadoop.hdfs.server.namenode.metrics.NameNodeMetrics.getImage with annotation @org.apache.hadoop.metrics2.annotation.Metric(always=false, sampleName=Ops, valueName=Time, about=, interval=10, type=DEFAULT, value=[GetImageServlet getImage])
2019-09-17 18:33:28,548 [main] DEBUG lib.MutableMetricsFactory (MutableMetricsFactory.java:newForField(43)) - field org.apache.hadoop.metrics2.lib.MutableRate org.apache.hadoop.hdfs.server.namenode.metrics.NameNodeMetrics.putImage with annotation @org.apache.hadoop.metrics2.annotation.Metric(always=false, sampleName=Ops, valueName=Time, about=, interval=10, type=DEFAULT, value=[GetImageServlet putImage])
2019-09-17 18:33:28,549 [main] DEBUG lib.MutableMetricsFactory (MutableMetricsFactory.java:newForMethod(97)) - method public long org.apache.hadoop.hdfs.server.namenode.metrics.NameNodeMetrics.totalFileOps() with annotation @org.apache.hadoop.metrics2.annotation.Metric(always=false, sampleName=Ops, valueName=Time, about=, interval=10, type=DEFAULT, value=[Number of file system operations])
2019-09-17 18:33:28,552 [main] DEBUG impl.MetricsSystemImpl (MetricsSystemImpl.java:register(231)) - NameNodeActivity, NameNode metrics
2019-09-17 18:33:28,553 [main] DEBUG impl.MetricsConfig (MetricsConfig.java:getProperty(183)) - poking parent 'PropertiesConfiguration' for key: source.source.start_mbeans
2019-09-17 18:33:28,553 [main] DEBUG impl.MetricsConfig (MetricsConfig.java:getProperty(183)) - poking parent 'MetricsConfig' for key: source.start_mbeans
2019-09-17 18:33:28,554 [main] DEBUG impl.MetricsConfig (MetricsConfig.java:getProperty(183)) - poking parent 'PropertiesConfiguration' for key: *.source.start_mbeans
2019-09-17 18:33:28,554 [main] DEBUG impl.MetricsSourceAdapter (MetricsSourceAdapter.java:updateAttrCache(253)) - Updating attr cache...
2019-09-17 18:33:28,554 [main] DEBUG impl.MetricsSourceAdapter (MetricsSourceAdapter.java:updateAttrCache(267)) - Done. # tags & metrics=57
2019-09-17 18:33:28,555 [main] DEBUG impl.MetricsSourceAdapter (MetricsSourceAdapter.java:updateInfoCache(246)) - Updating info cache...
2019-09-17 18:33:28,555 [main] DEBUG impl.MetricsSystemImpl (MBeanInfoBuilder.java:get(109)) - [javax.management.MBeanAttributeInfo[description=Process name, name=tag.ProcessName, type=java.lang.String, read-only, descriptor={}], javax.management.MBeanAttributeInfo[description=Session ID, name=tag.SessionId, type=java.lang.String, read-only, descriptor={}], javax.management.MBeanAttributeInfo[description=Metrics context, name=tag.Context, type=java.lang.String, read-only, descriptor={}], javax.management.MBeanAttributeInfo[description=Local hostname, name=tag.Hostname, type=java.lang.String, read-only, descriptor={}], javax.management.MBeanAttributeInfo[description=CreateFileOps, name=CreateFileOps, type=java.lang.Long, read-only, descriptor={}], javax.management.MBeanAttributeInfo[description=FilesCreated, name=FilesCreated, type=java.lang.Long, read-only, descriptor={}], javax.management.MBeanAttributeInfo[description=FilesAppended, name=FilesAppended, type=java.lang.Long, read-only, descriptor={}], javax.management.MBeanAttributeInfo[description=GetBlockLocations, name=GetBlockLocations, type=java.lang.Long, read-only, descriptor={}], javax.management.MBeanAttributeInfo[description=FilesRenamed, name=FilesRenamed, type=java.lang.Long, read-only, descriptor={}], javax.management.MBeanAttributeInfo[description=FilesTruncated, name=FilesTruncated, type=java.lang.Long, read-only, descriptor={}], javax.management.MBeanAttributeInfo[description=GetListingOps, name=GetListingOps, type=java.lang.Long, read-only, descriptor={}], javax.management.MBeanAttributeInfo[description=DeleteFileOps, name=DeleteFileOps, type=java.lang.Long, read-only, descriptor={}], javax.management.MBeanAttributeInfo[description=Number of files/dirs deleted by delete or rename operations, name=FilesDeleted, type=java.lang.Long, read-only, descriptor={}], javax.management.MBeanAttributeInfo[description=FileInfoOps, name=FileInfoOps, type=java.lang.Long, read-only, descriptor={}], javax.management.MBeanAttributeInfo[description=AddBlockOps, name=AddBlockOps, type=java.lang.Long, read-only, descriptor={}], javax.management.MBeanAttributeInfo[description=GetAdditionalDatanodeOps, name=GetAdditionalDatanodeOps, type=java.lang.Long, read-only, descriptor={}], javax.management.MBeanAttributeInfo[description=CreateSymlinkOps, name=CreateSymlinkOps, type=java.lang.Long, read-only, descriptor={}], javax.management.MBeanAttributeInfo[description=GetLinkTargetOps, name=GetLinkTargetOps, type=java.lang.Long, read-only, descriptor={}], javax.management.MBeanAttributeInfo[description=FilesInGetListingOps, name=FilesInGetListingOps, type=java.lang.Long, read-only, descriptor={}], javax.management.MBeanAttributeInfo[description=Number of successful re-replications, name=SuccessfulReReplications, type=java.lang.Long, read-only, descriptor={}], javax.management.MBeanAttributeInfo[description=Number of times we failed to schedule a block re-replication., name=NumTimesReReplicationNotScheduled, type=java.lang.Long, read-only, descriptor={}], javax.management.MBeanAttributeInfo[description=Number of timed out block re-replications, name=TimeoutReReplications, type=java.lang.Long, read-only, descriptor={}], javax.management.MBeanAttributeInfo[description=Number of allowSnapshot operations, name=AllowSnapshotOps, type=java.lang.Long, read-only, descriptor={}], javax.management.MBeanAttributeInfo[description=Number of disallowSnapshot operations, name=DisallowSnapshotOps, type=java.lang.Long, read-only, descriptor={}], javax.management.MBeanAttributeInfo[description=Number of createSnapshot operations, name=CreateSnapshotOps, type=java.lang.Long, read-only, descriptor={}], javax.management.MBeanAttributeInfo[description=Number of deleteSnapshot operations, name=DeleteSnapshotOps, type=java.lang.Long, read-only, descriptor={}], javax.management.MBeanAttributeInfo[description=Number of renameSnapshot operations, name=RenameSnapshotOps, type=java.lang.Long, read-only, descriptor={}], javax.management.MBeanAttributeInfo[description=Number of listSnapshottableDirectory operations, name=ListSnapshottableDirOps, type=java.lang.Long, read-only, descriptor={}], javax.management.MBeanAttributeInfo[description=Number of snapshotDiffReport operations, name=SnapshotDiffReportOps, type=java.lang.Long, read-only, descriptor={}], javax.management.MBeanAttributeInfo[description=Number of blockReceivedAndDeleted calls, name=BlockReceivedAndDeletedOps, type=java.lang.Long, read-only, descriptor={}], javax.management.MBeanAttributeInfo[description=Number of blockReports from individual storages, name=StorageBlockReportOps, type=java.lang.Long, read-only, descriptor={}], javax.management.MBeanAttributeInfo[description=Number of blockReports and blockReceivedAndDeleted queued, name=BlockOpsQueued, type=java.lang.Integer, read-only, descriptor={}], javax.management.MBeanAttributeInfo[description=Number of blockReports and blockReceivedAndDeleted batch processed, name=BlockOpsBatched, type=java.lang.Long, read-only, descriptor={}], javax.management.MBeanAttributeInfo[description=Number of ops for journal transactions, name=TransactionsNumOps, type=java.lang.Long, read-only, descriptor={}], javax.management.MBeanAttributeInfo[description=Average time for journal transactions, name=TransactionsAvgTime, type=java.lang.Double, read-only, descriptor={}], javax.management.MBeanAttributeInfo[description=Number of ops for journal syncs, name=SyncsNumOps, type=java.lang.Long, read-only, descriptor={}], javax.management.MBeanAttributeInfo[description=Average time for journal syncs, name=SyncsAvgTime, type=java.lang.Double, read-only, descriptor={}], javax.management.MBeanAttributeInfo[description=Journal transactions batched in sync, name=TransactionsBatchedInSync, type=java.lang.Long, read-only, descriptor={}], javax.management.MBeanAttributeInfo[description=Number of ops for block report, name=BlockReportNumOps, type=java.lang.Long, read-only, descriptor={}], javax.management.MBeanAttributeInfo[description=Average time for block report, name=BlockReportAvgTime, type=java.lang.Double, read-only, descriptor={}], javax.management.MBeanAttributeInfo[description=Number of ops for cache report, name=CacheReportNumOps, type=java.lang.Long, read-only, descriptor={}], javax.management.MBeanAttributeInfo[description=Average time for cache report, name=CacheReportAvgTime, type=java.lang.Double, read-only, descriptor={}], javax.management.MBeanAttributeInfo[description=Number of ops for generate EDEK time, name=GenerateEDEKTimeNumOps, type=java.lang.Long, read-only, descriptor={}], javax.management.MBeanAttributeInfo[description=Average time for generate EDEK time, name=GenerateEDEKTimeAvgTime, type=java.lang.Double, read-only, descriptor={}], javax.management.MBeanAttributeInfo[description=Number of ops for warm-up EDEK time, name=WarmUpEDEKTimeNumOps, type=java.lang.Long, read-only, descriptor={}], javax.management.MBeanAttributeInfo[description=Average time for warm-up EDEK time, name=WarmUpEDEKTimeAvgTime, type=java.lang.Double, read-only, descriptor={}], javax.management.MBeanAttributeInfo[description=Number of ops for resource check time, name=ResourceCheckTimeNumOps, type=java.lang.Long, read-only, descriptor={}], javax.management.MBeanAttributeInfo[description=Average time for resource check time, name=ResourceCheckTimeAvgTime, type=java.lang.Double, read-only, descriptor={}], javax.management.MBeanAttributeInfo[description=Duration in SafeMode at startup in msec, name=SafeModeTime, type=java.lang.Integer, read-only, descriptor={}], javax.management.MBeanAttributeInfo[description=Time loading FS Image at startup in msec, name=FsImageLoadTime, type=java.lang.Integer, read-only, descriptor={}], javax.management.MBeanAttributeInfo[description=Number of ops for getImageServlet getEdit, name=GetEditNumOps, type=java.lang.Long, read-only, descriptor={}], javax.management.MBeanAttributeInfo[description=Average time for getImageServlet getEdit, name=GetEditAvgTime, type=java.lang.Double, read-only, descriptor={}], javax.management.MBeanAttributeInfo[description=Number of ops for getImageServlet getImage, name=GetImageNumOps, type=java.lang.Long, read-only, descriptor={}], javax.management.MBeanAttributeInfo[description=Average time for getImageServlet getImage, name=GetImageAvgTime, type=java.lang.Double, read-only, descriptor={}], javax.management.MBeanAttributeInfo[description=Number of ops for getImageServlet putImage, name=PutImageNumOps, type=java.lang.Long, read-only, descriptor={}], javax.management.MBeanAttributeInfo[description=Average time for getImageServlet putImage, name=PutImageAvgTime, type=java.lang.Double, read-only, descriptor={}], javax.management.MBeanAttributeInfo[description=Number of file system operations, name=TotalFileOps, type=java.lang.Long, read-only, descriptor={}]]
2019-09-17 18:33:28,556 [main] DEBUG impl.MetricsSourceAdapter (MetricsSourceAdapter.java:updateInfoCache(248)) - Done
2019-09-17 18:33:28,557 [main] DEBUG util.MBeans (MBeans.java:register(67)) - Registered Hadoop:service=NameNode,name=NameNodeActivity
2019-09-17 18:33:28,557 [main] DEBUG impl.MetricsSourceAdapter (MetricsSourceAdapter.java:startMBeans(224)) - MBean for source NameNodeActivity registered.
2019-09-17 18:33:28,557 [main] DEBUG impl.MetricsSystemImpl (MetricsSystemImpl.java:registerSource(269)) - Registered source NameNodeActivity
2019-09-17 18:33:28,559 [main] DEBUG impl.MetricsSystemImpl (MetricsSystemImpl.java:register(231)) - StartupProgress, NameNode startup progress
2019-09-17 18:33:28,560 [main] DEBUG impl.MetricsConfig (MetricsConfig.java:getProperty(183)) - poking parent 'PropertiesConfiguration' for key: source.source.start_mbeans
2019-09-17 18:33:28,560 [main] DEBUG impl.MetricsConfig (MetricsConfig.java:getProperty(183)) - poking parent 'MetricsConfig' for key: source.start_mbeans
2019-09-17 18:33:28,560 [main] DEBUG impl.MetricsConfig (MetricsConfig.java:getProperty(183)) - poking parent 'PropertiesConfiguration' for key: *.source.start_mbeans
2019-09-17 18:33:28,565 [main] DEBUG impl.MetricsSourceAdapter (MetricsSourceAdapter.java:updateAttrCache(253)) - Updating attr cache...
2019-09-17 18:33:28,565 [main] DEBUG impl.MetricsSourceAdapter (MetricsSourceAdapter.java:updateAttrCache(267)) - Done. # tags & metrics=19
2019-09-17 18:33:28,565 [main] DEBUG impl.MetricsSourceAdapter (MetricsSourceAdapter.java:updateInfoCache(246)) - Updating info cache...
2019-09-17 18:33:28,566 [main] DEBUG impl.MetricsSystemImpl (MBeanInfoBuilder.java:get(109)) - [javax.management.MBeanAttributeInfo[description=Local hostname, name=tag.Hostname, type=java.lang.String, read-only, descriptor={}], javax.management.MBeanAttributeInfo[description=overall elapsed time, name=ElapsedTime, type=java.lang.Long, read-only, descriptor={}], javax.management.MBeanAttributeInfo[description=overall percent complete, name=PercentComplete, type=java.lang.Float, read-only, descriptor={}], javax.management.MBeanAttributeInfo[description=Loading fsimage count, name=LoadingFsImageCount, type=java.lang.Long, read-only, descriptor={}], javax.management.MBeanAttributeInfo[description=Loading fsimage elapsed time, name=LoadingFsImageElapsedTime, type=java.lang.Long, read-only, descriptor={}], javax.management.MBeanAttributeInfo[description=Loading fsimage total, name=LoadingFsImageTotal, type=java.lang.Long, read-only, descriptor={}], javax.management.MBeanAttributeInfo[description=Loading fsimage percent complete, name=LoadingFsImagePercentComplete, type=java.lang.Float, read-only, descriptor={}], javax.management.MBeanAttributeInfo[description=Loading edits count, name=LoadingEditsCount, type=java.lang.Long, read-only, descriptor={}], javax.management.MBeanAttributeInfo[description=Loading edits elapsed time, name=LoadingEditsElapsedTime, type=java.lang.Long, read-only, descriptor={}], javax.management.MBeanAttributeInfo[description=Loading edits total, name=LoadingEditsTotal, type=java.lang.Long, read-only, descriptor={}], javax.management.MBeanAttributeInfo[description=Loading edits percent complete, name=LoadingEditsPercentComplete, type=java.lang.Float, read-only, descriptor={}], javax.management.MBeanAttributeInfo[description=Saving checkpoint count, name=SavingCheckpointCount, type=java.lang.Long, read-only, descriptor={}], javax.management.MBeanAttributeInfo[description=Saving checkpoint elapsed time, name=SavingCheckpointElapsedTime, type=java.lang.Long, read-only, descriptor={}], javax.management.MBeanAttributeInfo[description=Saving checkpoint total, name=SavingCheckpointTotal, type=java.lang.Long, read-only, descriptor={}], javax.management.MBeanAttributeInfo[description=Saving checkpoint percent complete, name=SavingCheckpointPercentComplete, type=java.lang.Float, read-only, descriptor={}], javax.management.MBeanAttributeInfo[description=Safe mode count, name=SafeModeCount, type=java.lang.Long, read-only, descriptor={}], javax.management.MBeanAttributeInfo[description=Safe mode elapsed time, name=SafeModeElapsedTime, type=java.lang.Long, read-only, descriptor={}], javax.management.MBeanAttributeInfo[description=Safe mode total, name=SafeModeTotal, type=java.lang.Long, read-only, descriptor={}], javax.management.MBeanAttributeInfo[description=Safe mode percent complete, name=SafeModePercentComplete, type=java.lang.Float, read-only, descriptor={}]]
2019-09-17 18:33:28,567 [main] DEBUG impl.MetricsSourceAdapter (MetricsSourceAdapter.java:updateInfoCache(248)) - Done
2019-09-17 18:33:28,567 [main] DEBUG util.MBeans (MBeans.java:register(67)) - Registered Hadoop:service=NameNode,name=StartupProgress
2019-09-17 18:33:28,567 [main] DEBUG impl.MetricsSourceAdapter (MetricsSourceAdapter.java:startMBeans(224)) - MBean for source StartupProgress registered.
2019-09-17 18:33:28,567 [main] DEBUG impl.MetricsSystemImpl (MetricsSystemImpl.java:registerSource(269)) - Registered source StartupProgress
2019-09-17 18:33:28,572 [main] DEBUG service.AbstractService (AbstractService.java:enterState(453)) - Service: org.apache.hadoop.util.JvmPauseMonitor entered state INITED
2019-09-17 18:33:28,575 [main] DEBUG service.AbstractService (AbstractService.java:start(198)) - Service org.apache.hadoop.util.JvmPauseMonitor is started
2019-09-17 18:33:28,576 [org.apache.hadoop.util.JvmPauseMonitor$Monitor@6853425f] INFO  util.JvmPauseMonitor (JvmPauseMonitor.java:run(188)) - Starting JVM pause monitor
2019-09-17 18:33:28,711 [main] INFO  mortbay.log (Slf4jLog.java:info(67)) - Logging to org.slf4j.impl.Log4jLoggerAdapter(org.mortbay.log) via org.mortbay.log.Slf4jLog
2019-09-17 18:33:28,712 [main] DEBUG mortbay.log (Slf4jLog.java:debug(40)) - filterNameMap=null
2019-09-17 18:33:28,712 [main] DEBUG mortbay.log (Slf4jLog.java:debug(40)) - pathFilters=null
2019-09-17 18:33:28,712 [main] DEBUG mortbay.log (Slf4jLog.java:debug(40)) - servletFilterMap=null
2019-09-17 18:33:28,713 [main] DEBUG mortbay.log (Slf4jLog.java:debug(40)) - servletPathMap={/=org.mortbay.jetty.servlet.DefaultServlet-1034909474}
2019-09-17 18:33:28,713 [main] DEBUG mortbay.log (Slf4jLog.java:debug(40)) - servletNameMap={org.mortbay.jetty.servlet.DefaultServlet-1034909474=org.mortbay.jetty.servlet.DefaultServlet-1034909474}
2019-09-17 18:33:28,742 [main] DEBUG mortbay.log (Slf4jLog.java:debug(40)) - filterNameMap={NoCacheFilter=NoCacheFilter}
2019-09-17 18:33:28,743 [main] DEBUG mortbay.log (Slf4jLog.java:debug(40)) - pathFilters=[(F=NoCacheFilter,[/*],[],15)]
2019-09-17 18:33:28,743 [main] DEBUG mortbay.log (Slf4jLog.java:debug(40)) - servletFilterMap=null
2019-09-17 18:33:28,744 [main] DEBUG mortbay.log (Slf4jLog.java:debug(40)) - servletPathMap={/=org.mortbay.jetty.servlet.DefaultServlet-1034909474}
2019-09-17 18:33:28,744 [main] DEBUG mortbay.log (Slf4jLog.java:debug(40)) - servletNameMap={org.mortbay.jetty.servlet.DefaultServlet-1034909474=org.mortbay.jetty.servlet.DefaultServlet-1034909474}
2019-09-17 18:33:28,753 [main] INFO  server.AuthenticationFilter (AuthenticationFilter.java:constructSecretProvider(240)) - Unable to initialize FileSignerSecretProvider, falling back to use random secrets.
2019-09-17 18:33:28,760 [main] DEBUG mortbay.log (Slf4jLog.java:debug(40)) - Container Server@38234a38 + org.mortbay.thread.QueuedThreadPool@484094a5 as threadpool
2019-09-17 18:33:28,767 [main] WARN  http.HttpRequestLog (HttpRequestLog.java:getRequestLog(97)) - Jetty request log can only be enabled using Log4j
2019-09-17 18:33:28,768 [main] DEBUG mortbay.log (Slf4jLog.java:debug(40)) - Container Server@38234a38 + ContextHandlerCollection@2c4d1ac as handler
2019-09-17 18:33:28,769 [main] DEBUG mortbay.log (Slf4jLog.java:debug(40)) - Container ContextHandlerCollection@2c4d1ac + org.mortbay.jetty.webapp.WebAppContext@7f0d96f2{/,jar:file:/C:/Users/jamesbak/.m2/repository/org/apache/hadoop/hadoop-hdfs/2.10.0-SNAPSHOT/hadoop-hdfs-2.10.0-SNAPSHOT-tests.jar!/webapps/hdfs} as handler
2019-09-17 18:33:28,770 [main] DEBUG mortbay.log (Slf4jLog.java:debug(40)) - Container ServletHandler@545b995e + NoCacheFilter as filter
2019-09-17 18:33:28,771 [main] DEBUG mortbay.log (Slf4jLog.java:debug(40)) - Container ServletHandler@545b995e + (F=NoCacheFilter,[/*],[],15) as filterMapping
2019-09-17 18:33:28,771 [main] DEBUG mortbay.log (Slf4jLog.java:debug(40)) - Container ServletHandler@545b995e + org.mortbay.jetty.servlet.DefaultServlet-1034909474 as servlet
2019-09-17 18:33:28,772 [main] DEBUG mortbay.log (Slf4jLog.java:debug(40)) - Container ServletHandler@545b995e + (S=org.mortbay.jetty.servlet.DefaultServlet-1034909474,[/]) as servletMapping
2019-09-17 18:33:28,772 [main] DEBUG mortbay.log (Slf4jLog.java:debug(40)) - Container SecurityHandler@76a2ddf3 + ServletHandler@545b995e as handler
2019-09-17 18:33:28,772 [main] DEBUG mortbay.log (Slf4jLog.java:debug(40)) - Container SessionHandler@524f3b3a + SecurityHandler@76a2ddf3 as handler
2019-09-17 18:33:28,773 [main] DEBUG mortbay.log (Slf4jLog.java:debug(40)) - Container SessionHandler@524f3b3a + org.mortbay.jetty.servlet.HashSessionManager@41e68d87 as sessionManager
2019-09-17 18:33:28,773 [main] DEBUG mortbay.log (Slf4jLog.java:debug(40)) - Container org.mortbay.jetty.webapp.WebAppContext@7f0d96f2{/,jar:file:/C:/Users/jamesbak/.m2/repository/org/apache/hadoop/hadoop-hdfs/2.10.0-SNAPSHOT/hadoop-hdfs-2.10.0-SNAPSHOT-tests.jar!/webapps/hdfs} + SessionHandler@524f3b3a as handler
2019-09-17 18:33:28,773 [main] DEBUG mortbay.log (Slf4jLog.java:debug(40)) - Container org.mortbay.jetty.webapp.WebAppContext@7f0d96f2{/,jar:file:/C:/Users/jamesbak/.m2/repository/org/apache/hadoop/hadoop-hdfs/2.10.0-SNAPSHOT/hadoop-hdfs-2.10.0-SNAPSHOT-tests.jar!/webapps/hdfs} + ErrorPageErrorHandler@49ff7d8c as error
2019-09-17 18:33:28,774 [main] DEBUG mortbay.log (Slf4jLog.java:debug(40)) - Container ContextHandlerCollection@2c4d1ac + org.mortbay.jetty.servlet.Context@29526c05{/logs,null} as handler
2019-09-17 18:33:28,774 [main] DEBUG mortbay.log (Slf4jLog.java:debug(40)) - Container org.mortbay.jetty.servlet.Context@29526c05{/logs,null} + ServletHandler@2ef14fe as handler
2019-09-17 18:33:28,778 [main] DEBUG mortbay.log (Slf4jLog.java:debug(40)) - Checking Resource aliases
2019-09-17 18:33:28,778 [main] DEBUG mortbay.log (Slf4jLog.java:debug(40)) - Container ServletHandler@2ef14fe + org.apache.hadoop.http.AdminAuthorizedServlet-224591451 as servlet
2019-09-17 18:33:28,778 [main] DEBUG mortbay.log (Slf4jLog.java:debug(40)) - Container ServletHandler@2ef14fe + (S=org.apache.hadoop.http.AdminAuthorizedServlet-224591451,[/*]) as servletMapping
2019-09-17 18:33:28,778 [main] DEBUG mortbay.log (Slf4jLog.java:debug(40)) - filterNameMap=null
2019-09-17 18:33:28,778 [main] DEBUG mortbay.log (Slf4jLog.java:debug(40)) - pathFilters=null
2019-09-17 18:33:28,778 [main] DEBUG mortbay.log (Slf4jLog.java:debug(40)) - servletFilterMap=null
2019-09-17 18:33:28,778 [main] DEBUG mortbay.log (Slf4jLog.java:debug(40)) - servletPathMap={/*=org.apache.hadoop.http.AdminAuthorizedServlet-224591451}
2019-09-17 18:33:28,778 [main] DEBUG mortbay.log (Slf4jLog.java:debug(40)) - servletNameMap={org.apache.hadoop.http.AdminAuthorizedServlet-224591451=org.apache.hadoop.http.AdminAuthorizedServlet-224591451}
2019-09-17 18:33:28,778 [main] DEBUG mortbay.log (Slf4jLog.java:debug(40)) - Container org.mortbay.jetty.servlet.Context@29526c05{/logs,file:/C:/depot/adls-migrator/target/log} - ServletHandler@2ef14fe as handler
2019-09-17 18:33:28,778 [main] DEBUG mortbay.log (Slf4jLog.java:debug(40)) - Container org.mortbay.jetty.servlet.Context@29526c05{/logs,file:/C:/depot/adls-migrator/target/log} + SessionHandler@49964d75 as handler
2019-09-17 18:33:28,778 [main] DEBUG mortbay.log (Slf4jLog.java:debug(40)) - Container SessionHandler@49964d75 + org.mortbay.jetty.servlet.HashSessionManager@528c868 as sessionManager
2019-09-17 18:33:28,778 [main] DEBUG mortbay.log (Slf4jLog.java:debug(40)) - Container SessionHandler@49964d75 + ServletHandler@2ef14fe as handler
2019-09-17 18:33:28,778 [main] DEBUG mortbay.log (Slf4jLog.java:debug(40)) - Container ServletHandler@545b995e + NoCacheFilter as filter
2019-09-17 18:33:28,778 [main] DEBUG mortbay.log (Slf4jLog.java:debug(40)) - Container ServletHandler@545b995e + (F=NoCacheFilter,[/*],[],15) as filterMapping
2019-09-17 18:33:28,778 [main] DEBUG mortbay.log (Slf4jLog.java:debug(40)) - filterNameMap={NoCacheFilter=NoCacheFilter}
2019-09-17 18:33:28,778 [main] DEBUG mortbay.log (Slf4jLog.java:debug(40)) - pathFilters=[(F=NoCacheFilter,[/*],[],15), (F=NoCacheFilter,[/*],[],15)]
2019-09-17 18:33:28,778 [main] DEBUG mortbay.log (Slf4jLog.java:debug(40)) - servletFilterMap=null
2019-09-17 18:33:28,778 [main] DEBUG mortbay.log (Slf4jLog.java:debug(40)) - servletPathMap={/=org.mortbay.jetty.servlet.DefaultServlet-1034909474}
2019-09-17 18:33:28,778 [main] DEBUG mortbay.log (Slf4jLog.java:debug(40)) - servletNameMap={org.mortbay.jetty.servlet.DefaultServlet-1034909474=org.mortbay.jetty.servlet.DefaultServlet-1034909474}
2019-09-17 18:33:28,778 [main] DEBUG mortbay.log (Slf4jLog.java:debug(40)) - Container ContextHandlerCollection@2c4d1ac + org.mortbay.jetty.servlet.Context@466276d8{/static,null} as handler
2019-09-17 18:33:28,794 [main] DEBUG mortbay.log (Slf4jLog.java:debug(40)) - Container org.mortbay.jetty.servlet.Context@466276d8{/static,null} + ServletHandler@5ce8d869 as handler
2019-09-17 18:33:28,794 [main] DEBUG mortbay.log (Slf4jLog.java:debug(40)) - Container ServletHandler@5ce8d869 + org.mortbay.jetty.servlet.DefaultServlet-835146383 as servlet
2019-09-17 18:33:28,794 [main] DEBUG mortbay.log (Slf4jLog.java:debug(40)) - Container ServletHandler@5ce8d869 + (S=org.mortbay.jetty.servlet.DefaultServlet-835146383,[/*]) as servletMapping
2019-09-17 18:33:28,794 [main] DEBUG mortbay.log (Slf4jLog.java:debug(40)) - filterNameMap=null
2019-09-17 18:33:28,794 [main] DEBUG mortbay.log (Slf4jLog.java:debug(40)) - pathFilters=null
2019-09-17 18:33:28,794 [main] DEBUG mortbay.log (Slf4jLog.java:debug(40)) - servletFilterMap=null
2019-09-17 18:33:28,794 [main] DEBUG mortbay.log (Slf4jLog.java:debug(40)) - servletPathMap={/*=org.mortbay.jetty.servlet.DefaultServlet-835146383}
2019-09-17 18:33:28,794 [main] DEBUG mortbay.log (Slf4jLog.java:debug(40)) - servletNameMap={org.mortbay.jetty.servlet.DefaultServlet-835146383=org.mortbay.jetty.servlet.DefaultServlet-835146383}
2019-09-17 18:33:28,794 [main] DEBUG mortbay.log (Slf4jLog.java:debug(40)) - Container org.mortbay.jetty.servlet.Context@466276d8{/static,jar:file:/C:/Users/jamesbak/.m2/repository/org/apache/hadoop/hadoop-hdfs/2.10.0-SNAPSHOT/hadoop-hdfs-2.10.0-SNAPSHOT-tests.jar!/webapps/static} - ServletHandler@5ce8d869 as handler
2019-09-17 18:33:28,794 [main] DEBUG mortbay.log (Slf4jLog.java:debug(40)) - Container org.mortbay.jetty.servlet.Context@466276d8{/static,jar:file:/C:/Users/jamesbak/.m2/repository/org/apache/hadoop/hadoop-hdfs/2.10.0-SNAPSHOT/hadoop-hdfs-2.10.0-SNAPSHOT-tests.jar!/webapps/static} + SessionHandler@2b76ff4e as handler
2019-09-17 18:33:28,794 [main] DEBUG mortbay.log (Slf4jLog.java:debug(40)) - Container SessionHandler@2b76ff4e + org.mortbay.jetty.servlet.HashSessionManager@7a1234bf as sessionManager
2019-09-17 18:33:28,794 [main] DEBUG mortbay.log (Slf4jLog.java:debug(40)) - Container SessionHandler@2b76ff4e + ServletHandler@5ce8d869 as handler
2019-09-17 18:33:28,794 [main] DEBUG mortbay.log (Slf4jLog.java:debug(40)) - Container ServletHandler@545b995e + safety as filter
2019-09-17 18:33:28,794 [main] DEBUG mortbay.log (Slf4jLog.java:debug(40)) - Container ServletHandler@545b995e + (F=safety,[/*],[],15) as filterMapping
2019-09-17 18:33:28,794 [main] DEBUG mortbay.log (Slf4jLog.java:debug(40)) - filterNameMap={safety=safety, NoCacheFilter=NoCacheFilter}
2019-09-17 18:33:28,794 [main] DEBUG mortbay.log (Slf4jLog.java:debug(40)) - pathFilters=[(F=NoCacheFilter,[/*],[],15), (F=NoCacheFilter,[/*],[],15), (F=safety,[/*],[],15)]
2019-09-17 18:33:28,794 [main] DEBUG mortbay.log (Slf4jLog.java:debug(40)) - servletFilterMap=null
2019-09-17 18:33:28,794 [main] DEBUG mortbay.log (Slf4jLog.java:debug(40)) - servletPathMap={/=org.mortbay.jetty.servlet.DefaultServlet-1034909474}
2019-09-17 18:33:28,794 [main] DEBUG mortbay.log (Slf4jLog.java:debug(40)) - servletNameMap={org.mortbay.jetty.servlet.DefaultServlet-1034909474=org.mortbay.jetty.servlet.DefaultServlet-1034909474}
2019-09-17 18:33:28,794 [main] DEBUG mortbay.log (Slf4jLog.java:debug(40)) - Container ServletHandler@2ef14fe + safety as filter
2019-09-17 18:33:28,794 [main] DEBUG mortbay.log (Slf4jLog.java:debug(40)) - Container ServletHandler@2ef14fe + (F=safety,[/*],[],15) as filterMapping
2019-09-17 18:33:28,794 [main] DEBUG mortbay.log (Slf4jLog.java:debug(40)) - filterNameMap={safety=safety}
2019-09-17 18:33:28,794 [main] DEBUG mortbay.log (Slf4jLog.java:debug(40)) - pathFilters=[(F=safety,[/*],[],15)]
2019-09-17 18:33:28,794 [main] DEBUG mortbay.log (Slf4jLog.java:debug(40)) - servletFilterMap=null
2019-09-17 18:33:28,794 [main] DEBUG mortbay.log (Slf4jLog.java:debug(40)) - servletPathMap={/*=org.apache.hadoop.http.AdminAuthorizedServlet-224591451}
2019-09-17 18:33:28,794 [main] DEBUG mortbay.log (Slf4jLog.java:debug(40)) - servletNameMap={org.apache.hadoop.http.AdminAuthorizedServlet-224591451=org.apache.hadoop.http.AdminAuthorizedServlet-224591451}
2019-09-17 18:33:28,794 [main] DEBUG mortbay.log (Slf4jLog.java:debug(40)) - Container ServletHandler@5ce8d869 + safety as filter
2019-09-17 18:33:28,794 [main] DEBUG mortbay.log (Slf4jLog.java:debug(40)) - Container ServletHandler@5ce8d869 + (F=safety,[/*],[],15) as filterMapping
2019-09-17 18:33:28,794 [main] DEBUG mortbay.log (Slf4jLog.java:debug(40)) - filterNameMap={safety=safety}
2019-09-17 18:33:28,794 [main] DEBUG mortbay.log (Slf4jLog.java:debug(40)) - pathFilters=[(F=safety,[/*],[],15)]
2019-09-17 18:33:28,794 [main] DEBUG mortbay.log (Slf4jLog.java:debug(40)) - servletFilterMap=null
2019-09-17 18:33:28,794 [main] DEBUG mortbay.log (Slf4jLog.java:debug(40)) - servletPathMap={/*=org.mortbay.jetty.servlet.DefaultServlet-835146383}
2019-09-17 18:33:28,794 [main] DEBUG mortbay.log (Slf4jLog.java:debug(40)) - servletNameMap={org.mortbay.jetty.servlet.DefaultServlet-835146383=org.mortbay.jetty.servlet.DefaultServlet-835146383}
2019-09-17 18:33:28,794 [main] INFO  http.HttpServer2 (HttpServer2.java:addGlobalFilter(817)) - Added global filter 'safety' (class=org.apache.hadoop.http.HttpServer2$QuotingInputFilter)
2019-09-17 18:33:28,794 [main] DEBUG mortbay.log (Slf4jLog.java:debug(40)) - Container ServletHandler@545b995e + static_user_filter as filter
2019-09-17 18:33:28,794 [main] DEBUG mortbay.log (Slf4jLog.java:debug(40)) - Container ServletHandler@545b995e + (F=static_user_filter,[*.html, *.jsp],[],15) as filterMapping
2019-09-17 18:33:28,794 [main] DEBUG mortbay.log (Slf4jLog.java:debug(40)) - filterNameMap={safety=safety, NoCacheFilter=NoCacheFilter, static_user_filter=static_user_filter}
2019-09-17 18:33:28,794 [main] DEBUG mortbay.log (Slf4jLog.java:debug(40)) - pathFilters=[(F=NoCacheFilter,[/*],[],15), (F=NoCacheFilter,[/*],[],15), (F=safety,[/*],[],15), (F=static_user_filter,[*.html, *.jsp],[],15)]
2019-09-17 18:33:28,809 [main] DEBUG mortbay.log (Slf4jLog.java:debug(40)) - servletFilterMap=null
2019-09-17 18:33:28,809 [main] DEBUG mortbay.log (Slf4jLog.java:debug(40)) - servletPathMap={/=org.mortbay.jetty.servlet.DefaultServlet-1034909474}
2019-09-17 18:33:28,809 [main] DEBUG mortbay.log (Slf4jLog.java:debug(40)) - servletNameMap={org.mortbay.jetty.servlet.DefaultServlet-1034909474=org.mortbay.jetty.servlet.DefaultServlet-1034909474}
2019-09-17 18:33:28,809 [main] INFO  http.HttpServer2 (HttpServer2.java:addFilter(792)) - Added filter static_user_filter (class=org.apache.hadoop.http.lib.StaticUserWebFilter$StaticUserFilter) to context hdfs
2019-09-17 18:33:28,809 [main] DEBUG mortbay.log (Slf4jLog.java:debug(40)) - Container ServletHandler@2ef14fe + static_user_filter as filter
2019-09-17 18:33:28,809 [main] DEBUG mortbay.log (Slf4jLog.java:debug(40)) - Container ServletHandler@2ef14fe + (F=static_user_filter,[/*],[],15) as filterMapping
2019-09-17 18:33:28,809 [main] DEBUG mortbay.log (Slf4jLog.java:debug(40)) - filterNameMap={safety=safety, static_user_filter=static_user_filter}
2019-09-17 18:33:28,809 [main] DEBUG mortbay.log (Slf4jLog.java:debug(40)) - pathFilters=[(F=safety,[/*],[],15), (F=static_user_filter,[/*],[],15)]
2019-09-17 18:33:28,809 [main] DEBUG mortbay.log (Slf4jLog.java:debug(40)) - servletFilterMap=null
2019-09-17 18:33:28,809 [main] DEBUG mortbay.log (Slf4jLog.java:debug(40)) - servletPathMap={/*=org.apache.hadoop.http.AdminAuthorizedServlet-224591451}
2019-09-17 18:33:28,809 [main] DEBUG mortbay.log (Slf4jLog.java:debug(40)) - servletNameMap={org.apache.hadoop.http.AdminAuthorizedServlet-224591451=org.apache.hadoop.http.AdminAuthorizedServlet-224591451}
2019-09-17 18:33:28,809 [main] INFO  http.HttpServer2 (HttpServer2.java:addFilter(800)) - Added filter static_user_filter (class=org.apache.hadoop.http.lib.StaticUserWebFilter$StaticUserFilter) to context logs
2019-09-17 18:33:28,809 [main] DEBUG mortbay.log (Slf4jLog.java:debug(40)) - Container ServletHandler@5ce8d869 + static_user_filter as filter
2019-09-17 18:33:28,809 [main] DEBUG mortbay.log (Slf4jLog.java:debug(40)) - Container ServletHandler@5ce8d869 + (F=static_user_filter,[/*],[],15) as filterMapping
2019-09-17 18:33:28,809 [main] DEBUG mortbay.log (Slf4jLog.java:debug(40)) - filterNameMap={safety=safety, static_user_filter=static_user_filter}
2019-09-17 18:33:28,809 [main] DEBUG mortbay.log (Slf4jLog.java:debug(40)) - pathFilters=[(F=safety,[/*],[],15), (F=static_user_filter,[/*],[],15)]
2019-09-17 18:33:28,809 [main] DEBUG mortbay.log (Slf4jLog.java:debug(40)) - servletFilterMap=null
2019-09-17 18:33:28,809 [main] DEBUG mortbay.log (Slf4jLog.java:debug(40)) - servletPathMap={/*=org.mortbay.jetty.servlet.DefaultServlet-835146383}
2019-09-17 18:33:28,809 [main] DEBUG mortbay.log (Slf4jLog.java:debug(40)) - servletNameMap={org.mortbay.jetty.servlet.DefaultServlet-835146383=org.mortbay.jetty.servlet.DefaultServlet-835146383}
2019-09-17 18:33:28,809 [main] INFO  http.HttpServer2 (HttpServer2.java:addFilter(800)) - Added filter static_user_filter (class=org.apache.hadoop.http.lib.StaticUserWebFilter$StaticUserFilter) to context static
2019-09-17 18:33:28,809 [main] DEBUG mortbay.log (Slf4jLog.java:debug(40)) - Container ServletHandler@545b995e + stacks as servlet
2019-09-17 18:33:28,809 [main] DEBUG mortbay.log (Slf4jLog.java:debug(40)) - Container ServletHandler@545b995e + (S=stacks,[/stacks]) as servletMapping
2019-09-17 18:33:28,809 [main] DEBUG mortbay.log (Slf4jLog.java:debug(40)) - filterNameMap={safety=safety, NoCacheFilter=NoCacheFilter, static_user_filter=static_user_filter}
2019-09-17 18:33:28,809 [main] DEBUG mortbay.log (Slf4jLog.java:debug(40)) - pathFilters=[(F=NoCacheFilter,[/*],[],15), (F=NoCacheFilter,[/*],[],15), (F=safety,[/*],[],15), (F=static_user_filter,[*.html, *.jsp],[],15)]
2019-09-17 18:33:28,809 [main] DEBUG mortbay.log (Slf4jLog.java:debug(40)) - servletFilterMap=null
2019-09-17 18:33:28,809 [main] DEBUG mortbay.log (Slf4jLog.java:debug(40)) - servletPathMap={/stacks=stacks, /=org.mortbay.jetty.servlet.DefaultServlet-1034909474}
2019-09-17 18:33:28,809 [main] DEBUG mortbay.log (Slf4jLog.java:debug(40)) - servletNameMap={stacks=stacks, org.mortbay.jetty.servlet.DefaultServlet-1034909474=org.mortbay.jetty.servlet.DefaultServlet-1034909474}
2019-09-17 18:33:28,809 [main] DEBUG mortbay.log (Slf4jLog.java:debug(40)) - Container ServletHandler@545b995e + (F=static_user_filter,[/stacks],[],15) as filterMapping
2019-09-17 18:33:28,809 [main] DEBUG mortbay.log (Slf4jLog.java:debug(40)) - filterNameMap={safety=safety, NoCacheFilter=NoCacheFilter, static_user_filter=static_user_filter}
2019-09-17 18:33:28,809 [main] DEBUG mortbay.log (Slf4jLog.java:debug(40)) - pathFilters=[(F=NoCacheFilter,[/*],[],15), (F=NoCacheFilter,[/*],[],15), (F=safety,[/*],[],15), (F=static_user_filter,[*.html, *.jsp],[],15), (F=static_user_filter,[/stacks],[],15)]
2019-09-17 18:33:28,809 [main] DEBUG mortbay.log (Slf4jLog.java:debug(40)) - servletFilterMap=null
2019-09-17 18:33:28,809 [main] DEBUG mortbay.log (Slf4jLog.java:debug(40)) - servletPathMap={/stacks=stacks, /=org.mortbay.jetty.servlet.DefaultServlet-1034909474}
2019-09-17 18:33:28,809 [main] DEBUG mortbay.log (Slf4jLog.java:debug(40)) - servletNameMap={stacks=stacks, org.mortbay.jetty.servlet.DefaultServlet-1034909474=org.mortbay.jetty.servlet.DefaultServlet-1034909474}
2019-09-17 18:33:28,809 [main] DEBUG mortbay.log (Slf4jLog.java:debug(40)) - Container ServletHandler@545b995e + logLevel as servlet
2019-09-17 18:33:28,809 [main] DEBUG mortbay.log (Slf4jLog.java:debug(40)) - Container ServletHandler@545b995e + (S=logLevel,[/logLevel]) as servletMapping
2019-09-17 18:33:28,809 [main] DEBUG mortbay.log (Slf4jLog.java:debug(40)) - filterNameMap={safety=safety, NoCacheFilter=NoCacheFilter, static_user_filter=static_user_filter}
2019-09-17 18:33:28,809 [main] DEBUG mortbay.log (Slf4jLog.java:debug(40)) - pathFilters=[(F=NoCacheFilter,[/*],[],15), (F=NoCacheFilter,[/*],[],15), (F=safety,[/*],[],15), (F=static_user_filter,[*.html, *.jsp],[],15), (F=static_user_filter,[/stacks],[],15)]
2019-09-17 18:33:28,809 [main] DEBUG mortbay.log (Slf4jLog.java:debug(40)) - servletFilterMap=null
2019-09-17 18:33:28,809 [main] DEBUG mortbay.log (Slf4jLog.java:debug(40)) - servletPathMap={/stacks=stacks, /logLevel=logLevel, /=org.mortbay.jetty.servlet.DefaultServlet-1034909474}
2019-09-17 18:33:28,809 [main] DEBUG mortbay.log (Slf4jLog.java:debug(40)) - servletNameMap={logLevel=logLevel, stacks=stacks, org.mortbay.jetty.servlet.DefaultServlet-1034909474=org.mortbay.jetty.servlet.DefaultServlet-1034909474}
2019-09-17 18:33:28,809 [main] DEBUG mortbay.log (Slf4jLog.java:debug(40)) - Container ServletHandler@545b995e + (F=static_user_filter,[/logLevel],[],15) as filterMapping
2019-09-17 18:33:28,809 [main] DEBUG mortbay.log (Slf4jLog.java:debug(40)) - filterNameMap={safety=safety, NoCacheFilter=NoCacheFilter, static_user_filter=static_user_filter}
2019-09-17 18:33:28,809 [main] DEBUG mortbay.log (Slf4jLog.java:debug(40)) - pathFilters=[(F=NoCacheFilter,[/*],[],15), (F=NoCacheFilter,[/*],[],15), (F=safety,[/*],[],15), (F=static_user_filter,[*.html, *.jsp],[],15), (F=static_user_filter,[/stacks],[],15), (F=static_user_filter,[/logLevel],[],15)]
2019-09-17 18:33:28,809 [main] DEBUG mortbay.log (Slf4jLog.java:debug(40)) - servletFilterMap=null
2019-09-17 18:33:28,809 [main] DEBUG mortbay.log (Slf4jLog.java:debug(40)) - servletPathMap={/stacks=stacks, /logLevel=logLevel, /=org.mortbay.jetty.servlet.DefaultServlet-1034909474}
2019-09-17 18:33:28,809 [main] DEBUG mortbay.log (Slf4jLog.java:debug(40)) - servletNameMap={logLevel=logLevel, stacks=stacks, org.mortbay.jetty.servlet.DefaultServlet-1034909474=org.mortbay.jetty.servlet.DefaultServlet-1034909474}
2019-09-17 18:33:28,825 [main] DEBUG mortbay.log (Slf4jLog.java:debug(40)) - Container ServletHandler@545b995e + metrics as servlet
2019-09-17 18:33:28,825 [main] DEBUG mortbay.log (Slf4jLog.java:debug(40)) - Container ServletHandler@545b995e + (S=metrics,[/metrics]) as servletMapping
2019-09-17 18:33:28,825 [main] DEBUG mortbay.log (Slf4jLog.java:debug(40)) - filterNameMap={safety=safety, NoCacheFilter=NoCacheFilter, static_user_filter=static_user_filter}
2019-09-17 18:33:28,825 [main] DEBUG mortbay.log (Slf4jLog.java:debug(40)) - pathFilters=[(F=NoCacheFilter,[/*],[],15), (F=NoCacheFilter,[/*],[],15), (F=safety,[/*],[],15), (F=static_user_filter,[*.html, *.jsp],[],15), (F=static_user_filter,[/stacks],[],15), (F=static_user_filter,[/logLevel],[],15)]
2019-09-17 18:33:28,825 [main] DEBUG mortbay.log (Slf4jLog.java:debug(40)) - servletFilterMap=null
2019-09-17 18:33:28,825 [main] DEBUG mortbay.log (Slf4jLog.java:debug(40)) - servletPathMap={/stacks=stacks, /logLevel=logLevel, /metrics=metrics, /=org.mortbay.jetty.servlet.DefaultServlet-1034909474}
2019-09-17 18:33:28,825 [main] DEBUG mortbay.log (Slf4jLog.java:debug(40)) - servletNameMap={logLevel=logLevel, stacks=stacks, org.mortbay.jetty.servlet.DefaultServlet-1034909474=org.mortbay.jetty.servlet.DefaultServlet-1034909474, metrics=metrics}
2019-09-17 18:33:28,825 [main] DEBUG mortbay.log (Slf4jLog.java:debug(40)) - Container ServletHandler@545b995e + (F=static_user_filter,[/metrics],[],15) as filterMapping
2019-09-17 18:33:28,825 [main] DEBUG mortbay.log (Slf4jLog.java:debug(40)) - filterNameMap={safety=safety, NoCacheFilter=NoCacheFilter, static_user_filter=static_user_filter}
2019-09-17 18:33:28,825 [main] DEBUG mortbay.log (Slf4jLog.java:debug(40)) - pathFilters=[(F=NoCacheFilter,[/*],[],15), (F=NoCacheFilter,[/*],[],15), (F=safety,[/*],[],15), (F=static_user_filter,[*.html, *.jsp],[],15), (F=static_user_filter,[/stacks],[],15), (F=static_user_filter,[/logLevel],[],15), (F=static_user_filter,[/metrics],[],15)]
2019-09-17 18:33:28,825 [main] DEBUG mortbay.log (Slf4jLog.java:debug(40)) - servletFilterMap=null
2019-09-17 18:33:28,825 [main] DEBUG mortbay.log (Slf4jLog.java:debug(40)) - servletPathMap={/stacks=stacks, /logLevel=logLevel, /metrics=metrics, /=org.mortbay.jetty.servlet.DefaultServlet-1034909474}
2019-09-17 18:33:28,825 [main] DEBUG mortbay.log (Slf4jLog.java:debug(40)) - servletNameMap={logLevel=logLevel, stacks=stacks, org.mortbay.jetty.servlet.DefaultServlet-1034909474=org.mortbay.jetty.servlet.DefaultServlet-1034909474, metrics=metrics}
2019-09-17 18:33:28,825 [main] DEBUG mortbay.log (Slf4jLog.java:debug(40)) - Container ServletHandler@545b995e + jmx as servlet
2019-09-17 18:33:28,825 [main] DEBUG mortbay.log (Slf4jLog.java:debug(40)) - Container ServletHandler@545b995e + (S=jmx,[/jmx]) as servletMapping
2019-09-17 18:33:28,825 [main] DEBUG mortbay.log (Slf4jLog.java:debug(40)) - filterNameMap={safety=safety, NoCacheFilter=NoCacheFilter, static_user_filter=static_user_filter}
2019-09-17 18:33:28,825 [main] DEBUG mortbay.log (Slf4jLog.java:debug(40)) - pathFilters=[(F=NoCacheFilter,[/*],[],15), (F=NoCacheFilter,[/*],[],15), (F=safety,[/*],[],15), (F=static_user_filter,[*.html, *.jsp],[],15), (F=static_user_filter,[/stacks],[],15), (F=static_user_filter,[/logLevel],[],15), (F=static_user_filter,[/metrics],[],15)]
2019-09-17 18:33:28,825 [main] DEBUG mortbay.log (Slf4jLog.java:debug(40)) - servletFilterMap=null
2019-09-17 18:33:28,825 [main] DEBUG mortbay.log (Slf4jLog.java:debug(40)) - servletPathMap={/jmx=jmx, /stacks=stacks, /logLevel=logLevel, /metrics=metrics, /=org.mortbay.jetty.servlet.DefaultServlet-1034909474}
2019-09-17 18:33:28,825 [main] DEBUG mortbay.log (Slf4jLog.java:debug(40)) - servletNameMap={logLevel=logLevel, jmx=jmx, stacks=stacks, org.mortbay.jetty.servlet.DefaultServlet-1034909474=org.mortbay.jetty.servlet.DefaultServlet-1034909474, metrics=metrics}
2019-09-17 18:33:28,825 [main] DEBUG mortbay.log (Slf4jLog.java:debug(40)) - Container ServletHandler@545b995e + (F=static_user_filter,[/jmx],[],15) as filterMapping
2019-09-17 18:33:28,825 [main] DEBUG mortbay.log (Slf4jLog.java:debug(40)) - filterNameMap={safety=safety, NoCacheFilter=NoCacheFilter, static_user_filter=static_user_filter}
2019-09-17 18:33:28,825 [main] DEBUG mortbay.log (Slf4jLog.java:debug(40)) - pathFilters=[(F=NoCacheFilter,[/*],[],15), (F=NoCacheFilter,[/*],[],15), (F=safety,[/*],[],15), (F=static_user_filter,[*.html, *.jsp],[],15), (F=static_user_filter,[/stacks],[],15), (F=static_user_filter,[/logLevel],[],15), (F=static_user_filter,[/metrics],[],15), (F=static_user_filter,[/jmx],[],15)]
2019-09-17 18:33:28,825 [main] DEBUG mortbay.log (Slf4jLog.java:debug(40)) - servletFilterMap=null
2019-09-17 18:33:28,825 [main] DEBUG mortbay.log (Slf4jLog.java:debug(40)) - servletPathMap={/jmx=jmx, /stacks=stacks, /logLevel=logLevel, /metrics=metrics, /=org.mortbay.jetty.servlet.DefaultServlet-1034909474}
2019-09-17 18:33:28,825 [main] DEBUG mortbay.log (Slf4jLog.java:debug(40)) - servletNameMap={logLevel=logLevel, jmx=jmx, stacks=stacks, org.mortbay.jetty.servlet.DefaultServlet-1034909474=org.mortbay.jetty.servlet.DefaultServlet-1034909474, metrics=metrics}
2019-09-17 18:33:28,825 [main] DEBUG mortbay.log (Slf4jLog.java:debug(40)) - Container ServletHandler@545b995e + conf as servlet
2019-09-17 18:33:28,825 [main] DEBUG mortbay.log (Slf4jLog.java:debug(40)) - Container ServletHandler@545b995e + (S=conf,[/conf]) as servletMapping
2019-09-17 18:33:28,825 [main] DEBUG mortbay.log (Slf4jLog.java:debug(40)) - filterNameMap={safety=safety, NoCacheFilter=NoCacheFilter, static_user_filter=static_user_filter}
2019-09-17 18:33:28,825 [main] DEBUG mortbay.log (Slf4jLog.java:debug(40)) - pathFilters=[(F=NoCacheFilter,[/*],[],15), (F=NoCacheFilter,[/*],[],15), (F=safety,[/*],[],15), (F=static_user_filter,[*.html, *.jsp],[],15), (F=static_user_filter,[/stacks],[],15), (F=static_user_filter,[/logLevel],[],15), (F=static_user_filter,[/metrics],[],15), (F=static_user_filter,[/jmx],[],15)]
2019-09-17 18:33:28,825 [main] DEBUG mortbay.log (Slf4jLog.java:debug(40)) - servletFilterMap=null
2019-09-17 18:33:28,825 [main] DEBUG mortbay.log (Slf4jLog.java:debug(40)) - servletPathMap={/jmx=jmx, /conf=conf, /stacks=stacks, /logLevel=logLevel, /metrics=metrics, /=org.mortbay.jetty.servlet.DefaultServlet-1034909474}
2019-09-17 18:33:28,825 [main] DEBUG mortbay.log (Slf4jLog.java:debug(40)) - servletNameMap={logLevel=logLevel, jmx=jmx, stacks=stacks, org.mortbay.jetty.servlet.DefaultServlet-1034909474=org.mortbay.jetty.servlet.DefaultServlet-1034909474, conf=conf, metrics=metrics}
2019-09-17 18:33:28,825 [main] DEBUG mortbay.log (Slf4jLog.java:debug(40)) - Container ServletHandler@545b995e + (F=static_user_filter,[/conf],[],15) as filterMapping
2019-09-17 18:33:28,825 [main] DEBUG mortbay.log (Slf4jLog.java:debug(40)) - filterNameMap={safety=safety, NoCacheFilter=NoCacheFilter, static_user_filter=static_user_filter}
2019-09-17 18:33:28,825 [main] DEBUG mortbay.log (Slf4jLog.java:debug(40)) - pathFilters=[(F=NoCacheFilter,[/*],[],15), (F=NoCacheFilter,[/*],[],15), (F=safety,[/*],[],15), (F=static_user_filter,[*.html, *.jsp],[],15), (F=static_user_filter,[/stacks],[],15), (F=static_user_filter,[/logLevel],[],15), (F=static_user_filter,[/metrics],[],15), (F=static_user_filter,[/jmx],[],15), (F=static_user_filter,[/conf],[],15)]
2019-09-17 18:33:28,825 [main] DEBUG mortbay.log (Slf4jLog.java:debug(40)) - servletFilterMap=null
2019-09-17 18:33:28,825 [main] DEBUG mortbay.log (Slf4jLog.java:debug(40)) - servletPathMap={/jmx=jmx, /conf=conf, /stacks=stacks, /logLevel=logLevel, /metrics=metrics, /=org.mortbay.jetty.servlet.DefaultServlet-1034909474}
2019-09-17 18:33:28,825 [main] DEBUG mortbay.log (Slf4jLog.java:debug(40)) - servletNameMap={logLevel=logLevel, jmx=jmx, stacks=stacks, org.mortbay.jetty.servlet.DefaultServlet-1034909474=org.mortbay.jetty.servlet.DefaultServlet-1034909474, conf=conf, metrics=metrics}
2019-09-17 18:33:28,840 [main] DEBUG mortbay.log (Slf4jLog.java:debug(40)) - Container Server@38234a38 + HttpServer2$SelectChannelConnectorWithSafeStartup@127.0.0.1:0 as connector
2019-09-17 18:33:29,147 [main] DEBUG mortbay.log (Slf4jLog.java:debug(40)) - Container ServletHandler@545b995e + org.apache.hadoop.hdfs.web.AuthFilter as filter
2019-09-17 18:33:29,148 [main] DEBUG mortbay.log (Slf4jLog.java:debug(40)) - Container ServletHandler@545b995e + (F=org.apache.hadoop.hdfs.web.AuthFilter,[/webhdfs/v1/*],[],15) as filterMapping
2019-09-17 18:33:29,148 [main] DEBUG mortbay.log (Slf4jLog.java:debug(40)) - filterNameMap={org.apache.hadoop.hdfs.web.AuthFilter=org.apache.hadoop.hdfs.web.AuthFilter, safety=safety, NoCacheFilter=NoCacheFilter, static_user_filter=static_user_filter}
2019-09-17 18:33:29,149 [main] DEBUG mortbay.log (Slf4jLog.java:debug(40)) - pathFilters=[(F=NoCacheFilter,[/*],[],15), (F=NoCacheFilter,[/*],[],15), (F=safety,[/*],[],15), (F=static_user_filter,[*.html, *.jsp],[],15), (F=static_user_filter,[/stacks],[],15), (F=static_user_filter,[/logLevel],[],15), (F=static_user_filter,[/metrics],[],15), (F=static_user_filter,[/jmx],[],15), (F=static_user_filter,[/conf],[],15), (F=org.apache.hadoop.hdfs.web.AuthFilter,[/webhdfs/v1/*],[],15)]
2019-09-17 18:33:29,149 [main] DEBUG mortbay.log (Slf4jLog.java:debug(40)) - servletFilterMap=null
2019-09-17 18:33:29,149 [main] DEBUG mortbay.log (Slf4jLog.java:debug(40)) - servletPathMap={/jmx=jmx, /conf=conf, /stacks=stacks, /logLevel=logLevel, /metrics=metrics, /=org.mortbay.jetty.servlet.DefaultServlet-1034909474}
2019-09-17 18:33:29,150 [main] DEBUG mortbay.log (Slf4jLog.java:debug(40)) - servletNameMap={logLevel=logLevel, jmx=jmx, stacks=stacks, org.mortbay.jetty.servlet.DefaultServlet-1034909474=org.mortbay.jetty.servlet.DefaultServlet-1034909474, conf=conf, metrics=metrics}
2019-09-17 18:33:29,150 [main] INFO  http.HttpServer2 (NameNodeHttpServer.java:initWebHdfs(104)) - Added filter 'org.apache.hadoop.hdfs.web.AuthFilter' (class=org.apache.hadoop.hdfs.web.AuthFilter)
2019-09-17 18:33:29,150 [main] INFO  http.HttpServer2 (HttpServer2.java:addJerseyResourcePackage(713)) - addJerseyResourcePackage: packageName=org.apache.hadoop.hdfs.server.namenode.web.resources;org.apache.hadoop.hdfs.web.resources, pathSpec=/webhdfs/v1/*
2019-09-17 18:33:29,157 [main] DEBUG mortbay.log (Slf4jLog.java:debug(40)) - Container ServletHandler@545b995e + com.sun.jersey.spi.container.servlet.ServletContainer-782228073 as servlet
2019-09-17 18:33:29,157 [main] DEBUG mortbay.log (Slf4jLog.java:debug(40)) - Container ServletHandler@545b995e + (S=com.sun.jersey.spi.container.servlet.ServletContainer-782228073,[/webhdfs/v1/*]) as servletMapping
2019-09-17 18:33:29,158 [main] DEBUG mortbay.log (Slf4jLog.java:debug(40)) - filterNameMap={org.apache.hadoop.hdfs.web.AuthFilter=org.apache.hadoop.hdfs.web.AuthFilter, safety=safety, NoCacheFilter=NoCacheFilter, static_user_filter=static_user_filter}
2019-09-17 18:33:29,159 [main] DEBUG mortbay.log (Slf4jLog.java:debug(40)) - pathFilters=[(F=NoCacheFilter,[/*],[],15), (F=NoCacheFilter,[/*],[],15), (F=safety,[/*],[],15), (F=static_user_filter,[*.html, *.jsp],[],15), (F=static_user_filter,[/stacks],[],15), (F=static_user_filter,[/logLevel],[],15), (F=static_user_filter,[/metrics],[],15), (F=static_user_filter,[/jmx],[],15), (F=static_user_filter,[/conf],[],15), (F=org.apache.hadoop.hdfs.web.AuthFilter,[/webhdfs/v1/*],[],15)]
2019-09-17 18:33:29,159 [main] DEBUG mortbay.log (Slf4jLog.java:debug(40)) - servletFilterMap=null
2019-09-17 18:33:29,160 [main] DEBUG mortbay.log (Slf4jLog.java:debug(40)) - servletPathMap={/jmx=jmx, /webhdfs/v1/*=com.sun.jersey.spi.container.servlet.ServletContainer-782228073, /conf=conf, /stacks=stacks, /logLevel=logLevel, /metrics=metrics, /=org.mortbay.jetty.servlet.DefaultServlet-1034909474}
2019-09-17 18:33:29,160 [main] DEBUG mortbay.log (Slf4jLog.java:debug(40)) - servletNameMap={logLevel=logLevel, jmx=jmx, stacks=stacks, com.sun.jersey.spi.container.servlet.ServletContainer-782228073=com.sun.jersey.spi.container.servlet.ServletContainer-782228073, org.mortbay.jetty.servlet.DefaultServlet-1034909474=org.mortbay.jetty.servlet.DefaultServlet-1034909474, conf=conf, metrics=metrics}
2019-09-17 18:33:29,162 [main] DEBUG mortbay.log (Slf4jLog.java:debug(40)) - Container ServletHandler@545b995e + startupProgress as servlet
2019-09-17 18:33:29,163 [main] DEBUG mortbay.log (Slf4jLog.java:debug(40)) - Container ServletHandler@545b995e + (S=startupProgress,[/startupProgress]) as servletMapping
2019-09-17 18:33:29,163 [main] DEBUG mortbay.log (Slf4jLog.java:debug(40)) - filterNameMap={org.apache.hadoop.hdfs.web.AuthFilter=org.apache.hadoop.hdfs.web.AuthFilter, safety=safety, NoCacheFilter=NoCacheFilter, static_user_filter=static_user_filter}
2019-09-17 18:33:29,163 [main] DEBUG mortbay.log (Slf4jLog.java:debug(40)) - pathFilters=[(F=NoCacheFilter,[/*],[],15), (F=NoCacheFilter,[/*],[],15), (F=safety,[/*],[],15), (F=static_user_filter,[*.html, *.jsp],[],15), (F=static_user_filter,[/stacks],[],15), (F=static_user_filter,[/logLevel],[],15), (F=static_user_filter,[/metrics],[],15), (F=static_user_filter,[/jmx],[],15), (F=static_user_filter,[/conf],[],15), (F=org.apache.hadoop.hdfs.web.AuthFilter,[/webhdfs/v1/*],[],15)]
2019-09-17 18:33:29,165 [main] DEBUG mortbay.log (Slf4jLog.java:debug(40)) - servletFilterMap=null
2019-09-17 18:33:29,165 [main] DEBUG mortbay.log (Slf4jLog.java:debug(40)) - servletPathMap={/jmx=jmx, /startupProgress=startupProgress, /webhdfs/v1/*=com.sun.jersey.spi.container.servlet.ServletContainer-782228073, /conf=conf, /stacks=stacks, /logLevel=logLevel, /metrics=metrics, /=org.mortbay.jetty.servlet.DefaultServlet-1034909474}
2019-09-17 18:33:29,165 [main] DEBUG mortbay.log (Slf4jLog.java:debug(40)) - servletNameMap={logLevel=logLevel, jmx=jmx, stacks=stacks, com.sun.jersey.spi.container.servlet.ServletContainer-782228073=com.sun.jersey.spi.container.servlet.ServletContainer-782228073, org.mortbay.jetty.servlet.DefaultServlet-1034909474=org.mortbay.jetty.servlet.DefaultServlet-1034909474, startupProgress=startupProgress, conf=conf, metrics=metrics}
2019-09-17 18:33:29,167 [main] DEBUG mortbay.log (Slf4jLog.java:debug(40)) - Container ServletHandler@545b995e + getDelegationToken as servlet
2019-09-17 18:33:29,168 [main] DEBUG mortbay.log (Slf4jLog.java:debug(40)) - Container ServletHandler@545b995e + (S=getDelegationToken,[/getDelegationToken]) as servletMapping
2019-09-17 18:33:29,168 [main] DEBUG mortbay.log (Slf4jLog.java:debug(40)) - filterNameMap={org.apache.hadoop.hdfs.web.AuthFilter=org.apache.hadoop.hdfs.web.AuthFilter, safety=safety, NoCacheFilter=NoCacheFilter, static_user_filter=static_user_filter}
2019-09-17 18:33:29,168 [main] DEBUG mortbay.log (Slf4jLog.java:debug(40)) - pathFilters=[(F=NoCacheFilter,[/*],[],15), (F=NoCacheFilter,[/*],[],15), (F=safety,[/*],[],15), (F=static_user_filter,[*.html, *.jsp],[],15), (F=static_user_filter,[/stacks],[],15), (F=static_user_filter,[/logLevel],[],15), (F=static_user_filter,[/metrics],[],15), (F=static_user_filter,[/jmx],[],15), (F=static_user_filter,[/conf],[],15), (F=org.apache.hadoop.hdfs.web.AuthFilter,[/webhdfs/v1/*],[],15)]
2019-09-17 18:33:29,168 [main] DEBUG mortbay.log (Slf4jLog.java:debug(40)) - servletFilterMap=null
2019-09-17 18:33:29,170 [main] DEBUG mortbay.log (Slf4jLog.java:debug(40)) - servletPathMap={/jmx=jmx, /startupProgress=startupProgress, /getDelegationToken=getDelegationToken, /webhdfs/v1/*=com.sun.jersey.spi.container.servlet.ServletContainer-782228073, /conf=conf, /stacks=stacks, /logLevel=logLevel, /metrics=metrics, /=org.mortbay.jetty.servlet.DefaultServlet-1034909474}
2019-09-17 18:33:29,170 [main] DEBUG mortbay.log (Slf4jLog.java:debug(40)) - servletNameMap={logLevel=logLevel, jmx=jmx, stacks=stacks, com.sun.jersey.spi.container.servlet.ServletContainer-782228073=com.sun.jersey.spi.container.servlet.ServletContainer-782228073, org.mortbay.jetty.servlet.DefaultServlet-1034909474=org.mortbay.jetty.servlet.DefaultServlet-1034909474, startupProgress=startupProgress, conf=conf, metrics=metrics, getDelegationToken=getDelegationToken}
2019-09-17 18:33:29,173 [main] DEBUG mortbay.log (Slf4jLog.java:debug(40)) - Container ServletHandler@545b995e + renewDelegationToken as servlet
2019-09-17 18:33:29,174 [main] DEBUG mortbay.log (Slf4jLog.java:debug(40)) - Container ServletHandler@545b995e + (S=renewDelegationToken,[/renewDelegationToken]) as servletMapping
2019-09-17 18:33:29,175 [main] DEBUG mortbay.log (Slf4jLog.java:debug(40)) - filterNameMap={org.apache.hadoop.hdfs.web.AuthFilter=org.apache.hadoop.hdfs.web.AuthFilter, safety=safety, NoCacheFilter=NoCacheFilter, static_user_filter=static_user_filter}
2019-09-17 18:33:29,175 [main] DEBUG mortbay.log (Slf4jLog.java:debug(40)) - pathFilters=[(F=NoCacheFilter,[/*],[],15), (F=NoCacheFilter,[/*],[],15), (F=safety,[/*],[],15), (F=static_user_filter,[*.html, *.jsp],[],15), (F=static_user_filter,[/stacks],[],15), (F=static_user_filter,[/logLevel],[],15), (F=static_user_filter,[/metrics],[],15), (F=static_user_filter,[/jmx],[],15), (F=static_user_filter,[/conf],[],15), (F=org.apache.hadoop.hdfs.web.AuthFilter,[/webhdfs/v1/*],[],15)]
2019-09-17 18:33:29,175 [main] DEBUG mortbay.log (Slf4jLog.java:debug(40)) - servletFilterMap=null
2019-09-17 18:33:29,175 [main] DEBUG mortbay.log (Slf4jLog.java:debug(40)) - servletPathMap={/jmx=jmx, /startupProgress=startupProgress, /getDelegationToken=getDelegationToken, /webhdfs/v1/*=com.sun.jersey.spi.container.servlet.ServletContainer-782228073, /conf=conf, /stacks=stacks, /logLevel=logLevel, /metrics=metrics, /renewDelegationToken=renewDelegationToken, /=org.mortbay.jetty.servlet.DefaultServlet-1034909474}
2019-09-17 18:33:29,176 [main] DEBUG mortbay.log (Slf4jLog.java:debug(40)) - servletNameMap={logLevel=logLevel, jmx=jmx, stacks=stacks, com.sun.jersey.spi.container.servlet.ServletContainer-782228073=com.sun.jersey.spi.container.servlet.ServletContainer-782228073, renewDelegationToken=renewDelegationToken, org.mortbay.jetty.servlet.DefaultServlet-1034909474=org.mortbay.jetty.servlet.DefaultServlet-1034909474, startupProgress=startupProgress, conf=conf, metrics=metrics, getDelegationToken=getDelegationToken}
2019-09-17 18:33:29,177 [main] DEBUG mortbay.log (Slf4jLog.java:debug(40)) - Container ServletHandler@545b995e + cancelDelegationToken as servlet
2019-09-17 18:33:29,177 [main] DEBUG mortbay.log (Slf4jLog.java:debug(40)) - Container ServletHandler@545b995e + (S=cancelDelegationToken,[/cancelDelegationToken]) as servletMapping
2019-09-17 18:33:29,178 [main] DEBUG mortbay.log (Slf4jLog.java:debug(40)) - filterNameMap={org.apache.hadoop.hdfs.web.AuthFilter=org.apache.hadoop.hdfs.web.AuthFilter, safety=safety, NoCacheFilter=NoCacheFilter, static_user_filter=static_user_filter}
2019-09-17 18:33:29,178 [main] DEBUG mortbay.log (Slf4jLog.java:debug(40)) - pathFilters=[(F=NoCacheFilter,[/*],[],15), (F=NoCacheFilter,[/*],[],15), (F=safety,[/*],[],15), (F=static_user_filter,[*.html, *.jsp],[],15), (F=static_user_filter,[/stacks],[],15), (F=static_user_filter,[/logLevel],[],15), (F=static_user_filter,[/metrics],[],15), (F=static_user_filter,[/jmx],[],15), (F=static_user_filter,[/conf],[],15), (F=org.apache.hadoop.hdfs.web.AuthFilter,[/webhdfs/v1/*],[],15)]
2019-09-17 18:33:29,179 [main] DEBUG mortbay.log (Slf4jLog.java:debug(40)) - servletFilterMap=null
2019-09-17 18:33:29,179 [main] DEBUG mortbay.log (Slf4jLog.java:debug(40)) - servletPathMap={/jmx=jmx, /startupProgress=startupProgress, /getDelegationToken=getDelegationToken, /cancelDelegationToken=cancelDelegationToken, /webhdfs/v1/*=com.sun.jersey.spi.container.servlet.ServletContainer-782228073, /conf=conf, /stacks=stacks, /logLevel=logLevel, /metrics=metrics, /renewDelegationToken=renewDelegationToken, /=org.mortbay.jetty.servlet.DefaultServlet-1034909474}
2019-09-17 18:33:29,179 [main] DEBUG mortbay.log (Slf4jLog.java:debug(40)) - servletNameMap={logLevel=logLevel, jmx=jmx, stacks=stacks, com.sun.jersey.spi.container.servlet.ServletContainer-782228073=com.sun.jersey.spi.container.servlet.ServletContainer-782228073, renewDelegationToken=renewDelegationToken, org.mortbay.jetty.servlet.DefaultServlet-1034909474=org.mortbay.jetty.servlet.DefaultServlet-1034909474, startupProgress=startupProgress, cancelDelegationToken=cancelDelegationToken, conf=conf, metrics=metrics, getDelegationToken=getDelegationToken}
2019-09-17 18:33:29,181 [main] DEBUG mortbay.log (Slf4jLog.java:debug(40)) - Container ServletHandler@545b995e + fsck as servlet
2019-09-17 18:33:29,181 [main] DEBUG mortbay.log (Slf4jLog.java:debug(40)) - Container ServletHandler@545b995e + (S=fsck,[/fsck]) as servletMapping
2019-09-17 18:33:29,181 [main] DEBUG mortbay.log (Slf4jLog.java:debug(40)) - filterNameMap={org.apache.hadoop.hdfs.web.AuthFilter=org.apache.hadoop.hdfs.web.AuthFilter, safety=safety, NoCacheFilter=NoCacheFilter, static_user_filter=static_user_filter}
2019-09-17 18:33:29,182 [main] DEBUG mortbay.log (Slf4jLog.java:debug(40)) - pathFilters=[(F=NoCacheFilter,[/*],[],15), (F=NoCacheFilter,[/*],[],15), (F=safety,[/*],[],15), (F=static_user_filter,[*.html, *.jsp],[],15), (F=static_user_filter,[/stacks],[],15), (F=static_user_filter,[/logLevel],[],15), (F=static_user_filter,[/metrics],[],15), (F=static_user_filter,[/jmx],[],15), (F=static_user_filter,[/conf],[],15), (F=org.apache.hadoop.hdfs.web.AuthFilter,[/webhdfs/v1/*],[],15)]
2019-09-17 18:33:29,182 [main] DEBUG mortbay.log (Slf4jLog.java:debug(40)) - servletFilterMap=null
2019-09-17 18:33:29,182 [main] DEBUG mortbay.log (Slf4jLog.java:debug(40)) - servletPathMap={/jmx=jmx, /startupProgress=startupProgress, /fsck=fsck, /getDelegationToken=getDelegationToken, /cancelDelegationToken=cancelDelegationToken, /webhdfs/v1/*=com.sun.jersey.spi.container.servlet.ServletContainer-782228073, /conf=conf, /stacks=stacks, /logLevel=logLevel, /metrics=metrics, /renewDelegationToken=renewDelegationToken, /=org.mortbay.jetty.servlet.DefaultServlet-1034909474}
2019-09-17 18:33:29,182 [main] DEBUG mortbay.log (Slf4jLog.java:debug(40)) - servletNameMap={logLevel=logLevel, jmx=jmx, fsck=fsck, stacks=stacks, com.sun.jersey.spi.container.servlet.ServletContainer-782228073=com.sun.jersey.spi.container.servlet.ServletContainer-782228073, renewDelegationToken=renewDelegationToken, org.mortbay.jetty.servlet.DefaultServlet-1034909474=org.mortbay.jetty.servlet.DefaultServlet-1034909474, startupProgress=startupProgress, cancelDelegationToken=cancelDelegationToken, conf=conf, metrics=metrics, getDelegationToken=getDelegationToken}
2019-09-17 18:33:29,184 [main] DEBUG mortbay.log (Slf4jLog.java:debug(40)) - Container ServletHandler@545b995e + imagetransfer as servlet
2019-09-17 18:33:29,185 [main] DEBUG mortbay.log (Slf4jLog.java:debug(40)) - Container ServletHandler@545b995e + (S=imagetransfer,[/imagetransfer]) as servletMapping
2019-09-17 18:33:29,185 [main] DEBUG mortbay.log (Slf4jLog.java:debug(40)) - filterNameMap={org.apache.hadoop.hdfs.web.AuthFilter=org.apache.hadoop.hdfs.web.AuthFilter, safety=safety, NoCacheFilter=NoCacheFilter, static_user_filter=static_user_filter}
2019-09-17 18:33:29,186 [main] DEBUG mortbay.log (Slf4jLog.java:debug(40)) - pathFilters=[(F=NoCacheFilter,[/*],[],15), (F=NoCacheFilter,[/*],[],15), (F=safety,[/*],[],15), (F=static_user_filter,[*.html, *.jsp],[],15), (F=static_user_filter,[/stacks],[],15), (F=static_user_filter,[/logLevel],[],15), (F=static_user_filter,[/metrics],[],15), (F=static_user_filter,[/jmx],[],15), (F=static_user_filter,[/conf],[],15), (F=org.apache.hadoop.hdfs.web.AuthFilter,[/webhdfs/v1/*],[],15)]
2019-09-17 18:33:29,186 [main] DEBUG mortbay.log (Slf4jLog.java:debug(40)) - servletFilterMap=null
2019-09-17 18:33:29,186 [main] DEBUG mortbay.log (Slf4jLog.java:debug(40)) - servletPathMap={/fsck=fsck, /getDelegationToken=getDelegationToken, /cancelDelegationToken=cancelDelegationToken, /stacks=stacks, /logLevel=logLevel, /renewDelegationToken=renewDelegationToken, /=org.mortbay.jetty.servlet.DefaultServlet-1034909474, /jmx=jmx, /startupProgress=startupProgress, /imagetransfer=imagetransfer, /webhdfs/v1/*=com.sun.jersey.spi.container.servlet.ServletContainer-782228073, /conf=conf, /metrics=metrics}
2019-09-17 18:33:29,187 [main] DEBUG mortbay.log (Slf4jLog.java:debug(40)) - servletNameMap={fsck=fsck, stacks=stacks, renewDelegationToken=renewDelegationToken, org.mortbay.jetty.servlet.DefaultServlet-1034909474=org.mortbay.jetty.servlet.DefaultServlet-1034909474, startupProgress=startupProgress, cancelDelegationToken=cancelDelegationToken, conf=conf, imagetransfer=imagetransfer, logLevel=logLevel, jmx=jmx, com.sun.jersey.spi.container.servlet.ServletContainer-782228073=com.sun.jersey.spi.container.servlet.ServletContainer-782228073, metrics=metrics, getDelegationToken=getDelegationToken}
2019-09-17 18:33:29,188 [main] DEBUG mortbay.log (Slf4jLog.java:debug(40)) - Container ServletHandler@545b995e + listPaths as servlet
2019-09-17 18:33:29,189 [main] DEBUG mortbay.log (Slf4jLog.java:debug(40)) - Container ServletHandler@545b995e + (S=listPaths,[/listPaths/*]) as servletMapping
2019-09-17 18:33:29,190 [main] DEBUG mortbay.log (Slf4jLog.java:debug(40)) - filterNameMap={org.apache.hadoop.hdfs.web.AuthFilter=org.apache.hadoop.hdfs.web.AuthFilter, safety=safety, NoCacheFilter=NoCacheFilter, static_user_filter=static_user_filter}
2019-09-17 18:33:29,190 [main] DEBUG mortbay.log (Slf4jLog.java:debug(40)) - pathFilters=[(F=NoCacheFilter,[/*],[],15), (F=NoCacheFilter,[/*],[],15), (F=safety,[/*],[],15), (F=static_user_filter,[*.html, *.jsp],[],15), (F=static_user_filter,[/stacks],[],15), (F=static_user_filter,[/logLevel],[],15), (F=static_user_filter,[/metrics],[],15), (F=static_user_filter,[/jmx],[],15), (F=static_user_filter,[/conf],[],15), (F=org.apache.hadoop.hdfs.web.AuthFilter,[/webhdfs/v1/*],[],15)]
2019-09-17 18:33:29,191 [main] DEBUG mortbay.log (Slf4jLog.java:debug(40)) - servletFilterMap=null
2019-09-17 18:33:29,191 [main] DEBUG mortbay.log (Slf4jLog.java:debug(40)) - servletPathMap={/fsck=fsck, /getDelegationToken=getDelegationToken, /cancelDelegationToken=cancelDelegationToken, /stacks=stacks, /logLevel=logLevel, /renewDelegationToken=renewDelegationToken, /=org.mortbay.jetty.servlet.DefaultServlet-1034909474, /jmx=jmx, /startupProgress=startupProgress, /imagetransfer=imagetransfer, /webhdfs/v1/*=com.sun.jersey.spi.container.servlet.ServletContainer-782228073, /listPaths/*=listPaths, /conf=conf, /metrics=metrics}
2019-09-17 18:33:29,191 [main] DEBUG mortbay.log (Slf4jLog.java:debug(40)) - servletNameMap={fsck=fsck, stacks=stacks, renewDelegationToken=renewDelegationToken, org.mortbay.jetty.servlet.DefaultServlet-1034909474=org.mortbay.jetty.servlet.DefaultServlet-1034909474, startupProgress=startupProgress, cancelDelegationToken=cancelDelegationToken, conf=conf, imagetransfer=imagetransfer, logLevel=logLevel, jmx=jmx, com.sun.jersey.spi.container.servlet.ServletContainer-782228073=com.sun.jersey.spi.container.servlet.ServletContainer-782228073, metrics=metrics, getDelegationToken=getDelegationToken, listPaths=listPaths}
2019-09-17 18:33:29,193 [main] DEBUG mortbay.log (Slf4jLog.java:debug(40)) - Container ServletHandler@545b995e + data as servlet
2019-09-17 18:33:29,193 [main] DEBUG mortbay.log (Slf4jLog.java:debug(40)) - Container ServletHandler@545b995e + (S=data,[/data/*]) as servletMapping
2019-09-17 18:33:29,194 [main] DEBUG mortbay.log (Slf4jLog.java:debug(40)) - filterNameMap={org.apache.hadoop.hdfs.web.AuthFilter=org.apache.hadoop.hdfs.web.AuthFilter, safety=safety, NoCacheFilter=NoCacheFilter, static_user_filter=static_user_filter}
2019-09-17 18:33:29,195 [main] DEBUG mortbay.log (Slf4jLog.java:debug(40)) - pathFilters=[(F=NoCacheFilter,[/*],[],15), (F=NoCacheFilter,[/*],[],15), (F=safety,[/*],[],15), (F=static_user_filter,[*.html, *.jsp],[],15), (F=static_user_filter,[/stacks],[],15), (F=static_user_filter,[/logLevel],[],15), (F=static_user_filter,[/metrics],[],15), (F=static_user_filter,[/jmx],[],15), (F=static_user_filter,[/conf],[],15), (F=org.apache.hadoop.hdfs.web.AuthFilter,[/webhdfs/v1/*],[],15)]
2019-09-17 18:33:29,195 [main] DEBUG mortbay.log (Slf4jLog.java:debug(40)) - servletFilterMap=null
2019-09-17 18:33:29,196 [main] DEBUG mortbay.log (Slf4jLog.java:debug(40)) - servletPathMap={/fsck=fsck, /data/*=data, /getDelegationToken=getDelegationToken, /cancelDelegationToken=cancelDelegationToken, /stacks=stacks, /logLevel=logLevel, /renewDelegationToken=renewDelegationToken, /=org.mortbay.jetty.servlet.DefaultServlet-1034909474, /jmx=jmx, /startupProgress=startupProgress, /imagetransfer=imagetransfer, /webhdfs/v1/*=com.sun.jersey.spi.container.servlet.ServletContainer-782228073, /listPaths/*=listPaths, /conf=conf, /metrics=metrics}
2019-09-17 18:33:29,196 [main] DEBUG mortbay.log (Slf4jLog.java:debug(40)) - servletNameMap={data=data, fsck=fsck, stacks=stacks, renewDelegationToken=renewDelegationToken, org.mortbay.jetty.servlet.DefaultServlet-1034909474=org.mortbay.jetty.servlet.DefaultServlet-1034909474, startupProgress=startupProgress, cancelDelegationToken=cancelDelegationToken, conf=conf, imagetransfer=imagetransfer, logLevel=logLevel, jmx=jmx, com.sun.jersey.spi.container.servlet.ServletContainer-782228073=com.sun.jersey.spi.container.servlet.ServletContainer-782228073, metrics=metrics, getDelegationToken=getDelegationToken, listPaths=listPaths}
2019-09-17 18:33:29,198 [main] DEBUG mortbay.log (Slf4jLog.java:debug(40)) - Container ServletHandler@545b995e + checksum as servlet
2019-09-17 18:33:29,199 [main] DEBUG mortbay.log (Slf4jLog.java:debug(40)) - Container ServletHandler@545b995e + (S=checksum,[/fileChecksum/*]) as servletMapping
2019-09-17 18:33:29,202 [main] DEBUG mortbay.log (Slf4jLog.java:debug(40)) - filterNameMap={org.apache.hadoop.hdfs.web.AuthFilter=org.apache.hadoop.hdfs.web.AuthFilter, safety=safety, NoCacheFilter=NoCacheFilter, static_user_filter=static_user_filter}
2019-09-17 18:33:29,205 [main] DEBUG mortbay.log (Slf4jLog.java:debug(40)) - pathFilters=[(F=NoCacheFilter,[/*],[],15), (F=NoCacheFilter,[/*],[],15), (F=safety,[/*],[],15), (F=static_user_filter,[*.html, *.jsp],[],15), (F=static_user_filter,[/stacks],[],15), (F=static_user_filter,[/logLevel],[],15), (F=static_user_filter,[/metrics],[],15), (F=static_user_filter,[/jmx],[],15), (F=static_user_filter,[/conf],[],15), (F=org.apache.hadoop.hdfs.web.AuthFilter,[/webhdfs/v1/*],[],15)]
2019-09-17 18:33:29,205 [main] DEBUG mortbay.log (Slf4jLog.java:debug(40)) - servletFilterMap=null
2019-09-17 18:33:29,205 [main] DEBUG mortbay.log (Slf4jLog.java:debug(40)) - servletPathMap={/fsck=fsck, /data/*=data, /getDelegationToken=getDelegationToken, /cancelDelegationToken=cancelDelegationToken, /stacks=stacks, /logLevel=logLevel, /renewDelegationToken=renewDelegationToken, /=org.mortbay.jetty.servlet.DefaultServlet-1034909474, /jmx=jmx, /startupProgress=startupProgress, /fileChecksum/*=checksum, /imagetransfer=imagetransfer, /webhdfs/v1/*=com.sun.jersey.spi.container.servlet.ServletContainer-782228073, /listPaths/*=listPaths, /conf=conf, /metrics=metrics}
2019-09-17 18:33:29,207 [main] DEBUG mortbay.log (Slf4jLog.java:debug(40)) - servletNameMap={data=data, fsck=fsck, stacks=stacks, renewDelegationToken=renewDelegationToken, org.mortbay.jetty.servlet.DefaultServlet-1034909474=org.mortbay.jetty.servlet.DefaultServlet-1034909474, startupProgress=startupProgress, cancelDelegationToken=cancelDelegationToken, conf=conf, imagetransfer=imagetransfer, logLevel=logLevel, jmx=jmx, com.sun.jersey.spi.container.servlet.ServletContainer-782228073=com.sun.jersey.spi.container.servlet.ServletContainer-782228073, checksum=checksum, metrics=metrics, getDelegationToken=getDelegationToken, listPaths=listPaths}
2019-09-17 18:33:29,210 [main] DEBUG mortbay.log (Slf4jLog.java:debug(40)) - Container ServletHandler@545b995e + contentSummary as servlet
2019-09-17 18:33:29,210 [main] DEBUG mortbay.log (Slf4jLog.java:debug(40)) - Container ServletHandler@545b995e + (S=contentSummary,[/contentSummary/*]) as servletMapping
2019-09-17 18:33:29,214 [main] DEBUG mortbay.log (Slf4jLog.java:debug(40)) - filterNameMap={org.apache.hadoop.hdfs.web.AuthFilter=org.apache.hadoop.hdfs.web.AuthFilter, safety=safety, NoCacheFilter=NoCacheFilter, static_user_filter=static_user_filter}
2019-09-17 18:33:29,215 [main] DEBUG mortbay.log (Slf4jLog.java:debug(40)) - pathFilters=[(F=NoCacheFilter,[/*],[],15), (F=NoCacheFilter,[/*],[],15), (F=safety,[/*],[],15), (F=static_user_filter,[*.html, *.jsp],[],15), (F=static_user_filter,[/stacks],[],15), (F=static_user_filter,[/logLevel],[],15), (F=static_user_filter,[/metrics],[],15), (F=static_user_filter,[/jmx],[],15), (F=static_user_filter,[/conf],[],15), (F=org.apache.hadoop.hdfs.web.AuthFilter,[/webhdfs/v1/*],[],15)]
2019-09-17 18:33:29,215 [main] DEBUG mortbay.log (Slf4jLog.java:debug(40)) - servletFilterMap=null
2019-09-17 18:33:29,215 [main] DEBUG mortbay.log (Slf4jLog.java:debug(40)) - servletPathMap={/contentSummary/*=contentSummary, /fsck=fsck, /data/*=data, /getDelegationToken=getDelegationToken, /cancelDelegationToken=cancelDelegationToken, /stacks=stacks, /logLevel=logLevel, /renewDelegationToken=renewDelegationToken, /=org.mortbay.jetty.servlet.DefaultServlet-1034909474, /jmx=jmx, /startupProgress=startupProgress, /fileChecksum/*=checksum, /imagetransfer=imagetransfer, /webhdfs/v1/*=com.sun.jersey.spi.container.servlet.ServletContainer-782228073, /listPaths/*=listPaths, /conf=conf, /metrics=metrics}
2019-09-17 18:33:29,216 [main] DEBUG mortbay.log (Slf4jLog.java:debug(40)) - servletNameMap={data=data, fsck=fsck, stacks=stacks, renewDelegationToken=renewDelegationToken, org.mortbay.jetty.servlet.DefaultServlet-1034909474=org.mortbay.jetty.servlet.DefaultServlet-1034909474, startupProgress=startupProgress, cancelDelegationToken=cancelDelegationToken, conf=conf, imagetransfer=imagetransfer, logLevel=logLevel, jmx=jmx, com.sun.jersey.spi.container.servlet.ServletContainer-782228073=com.sun.jersey.spi.container.servlet.ServletContainer-782228073, checksum=checksum, metrics=metrics, getDelegationToken=getDelegationToken, listPaths=listPaths, contentSummary=contentSummary}
2019-09-17 18:33:29,223 [main] INFO  http.HttpServer2 (HttpServer2.java:bindListener(1015)) - Jetty bound to port 52764
2019-09-17 18:33:29,223 [main] INFO  mortbay.log (Slf4jLog.java:info(67)) - jetty-6.1.26
2019-09-17 18:33:29,238 [main] DEBUG mortbay.log (Slf4jLog.java:debug(40)) - started org.mortbay.thread.QueuedThreadPool@484094a5
2019-09-17 18:33:29,380 [main] DEBUG mortbay.log (Slf4jLog.java:debug(40)) - Thread Context class loader is: ContextLoader@hdfs([]) / sun.misc.Launcher$AppClassLoader@42a57993
2019-09-17 18:33:29,381 [main] DEBUG mortbay.log (Slf4jLog.java:debug(40)) - Parent class loader is: sun.misc.Launcher$AppClassLoader@42a57993
2019-09-17 18:33:29,381 [main] DEBUG mortbay.log (Slf4jLog.java:debug(40)) - Parent class loader is: sun.misc.Launcher$ExtClassLoader@6b1274d2
2019-09-17 18:33:29,382 [main] DEBUG mortbay.log (Slf4jLog.java:debug(40)) - Try webapp=jar:file:/C:/Users/jamesbak/.m2/repository/org/apache/hadoop/hadoop-hdfs/2.10.0-SNAPSHOT/hadoop-hdfs-2.10.0-SNAPSHOT-tests.jar!/webapps/hdfs, exists=true, directory=true
2019-09-17 18:33:29,384 [main] DEBUG mortbay.log (Slf4jLog.java:debug(40)) - Created temp dir C:\Users\jamesbak\AppData\Local\Temp\3\Jetty_127_0_0_1_52764_hdfs____ziec7t for org.mortbay.jetty.webapp.WebAppContext@7f0d96f2{/,jar:file:/C:/Users/jamesbak/.m2/repository/org/apache/hadoop/hadoop-hdfs/2.10.0-SNAPSHOT/hadoop-hdfs-2.10.0-SNAPSHOT-tests.jar!/webapps/hdfs}
2019-09-17 18:33:29,384 [main] INFO  mortbay.log (Slf4jLog.java:info(67)) - Extract jar:file:/C:/Users/jamesbak/.m2/repository/org/apache/hadoop/hadoop-hdfs/2.10.0-SNAPSHOT/hadoop-hdfs-2.10.0-SNAPSHOT-tests.jar!/webapps/hdfs to C:\Users\jamesbak\AppData\Local\Temp\3\Jetty_127_0_0_1_52764_hdfs____ziec7t\webapp
2019-09-17 18:33:29,385 [main] DEBUG mortbay.log (Slf4jLog.java:debug(40)) - Extract jar:file:/C:/Users/jamesbak/.m2/repository/org/apache/hadoop/hadoop-hdfs/2.10.0-SNAPSHOT/hadoop-hdfs-2.10.0-SNAPSHOT-tests.jar!/webapps/hdfs to C:\Users\jamesbak\AppData\Local\Temp\3\Jetty_127_0_0_1_52764_hdfs____ziec7t\webapp
2019-09-17 18:33:29,385 [main] DEBUG mortbay.log (Slf4jLog.java:debug(40)) - Extracting entry = webapps/hdfs from jar file:/C:/Users/jamesbak/.m2/repository/org/apache/hadoop/hadoop-hdfs/2.10.0-SNAPSHOT/hadoop-hdfs-2.10.0-SNAPSHOT-tests.jar
2019-09-17 18:33:29,387 [main] DEBUG mortbay.log (Slf4jLog.java:debug(40)) - Skipping entry: webapps/
2019-09-17 18:33:29,387 [main] DEBUG mortbay.log (Slf4jLog.java:debug(40)) - Skipping entry: webapps/datanode/
2019-09-17 18:33:29,387 [main] DEBUG mortbay.log (Slf4jLog.java:debug(40)) - Skipping entry: webapps/datanode/WEB-INF/
2019-09-17 18:33:29,389 [main] DEBUG mortbay.log (Slf4jLog.java:debug(40)) - Skipping entry: webapps/journal/
2019-09-17 18:33:29,389 [main] DEBUG mortbay.log (Slf4jLog.java:debug(40)) - Skipping entry: webapps/journal/WEB-INF/
2019-09-17 18:33:29,390 [main] DEBUG mortbay.log (Slf4jLog.java:debug(40)) - Skipping entry: webapps/nfs3/
2019-09-17 18:33:29,390 [main] DEBUG mortbay.log (Slf4jLog.java:debug(40)) - Skipping entry: webapps/nfs3/WEB-INF/
2019-09-17 18:33:29,390 [main] DEBUG mortbay.log (Slf4jLog.java:debug(40)) - Skipping entry: webapps/secondary/
2019-09-17 18:33:29,390 [main] DEBUG mortbay.log (Slf4jLog.java:debug(40)) - Skipping entry: webapps/secondary/WEB-INF/
2019-09-17 18:33:29,390 [main] DEBUG mortbay.log (Slf4jLog.java:debug(40)) - Skipping entry: webapps/static/
2019-09-17 18:33:29,390 [main] DEBUG mortbay.log (Slf4jLog.java:debug(40)) - Skipping entry: webapps/static/bootstrap-3.0.2/
2019-09-17 18:33:29,390 [main] DEBUG mortbay.log (Slf4jLog.java:debug(40)) - Skipping entry: webapps/static/bootstrap-3.0.2/css/
2019-09-17 18:33:29,390 [main] DEBUG mortbay.log (Slf4jLog.java:debug(40)) - Skipping entry: webapps/static/bootstrap-3.0.2/fonts/
2019-09-17 18:33:29,391 [main] DEBUG mortbay.log (Slf4jLog.java:debug(40)) - Skipping entry: webapps/static/bootstrap-3.0.2/img/
2019-09-17 18:33:29,391 [main] DEBUG mortbay.log (Slf4jLog.java:debug(40)) - Skipping entry: webapps/static/bootstrap-3.0.2/js/
2019-09-17 18:33:29,391 [main] DEBUG mortbay.log (Slf4jLog.java:debug(40)) - Skipping entry: META-INF/LICENSE.txt
2019-09-17 18:33:29,394 [main] DEBUG mortbay.log (Slf4jLog.java:debug(40)) - Skipping entry: META-INF/NOTICE.txt
2019-09-17 18:33:29,394 [main] DEBUG mortbay.log (Slf4jLog.java:debug(40)) - Skipping entry: org/
2019-09-17 18:33:29,396 [main] DEBUG mortbay.log (Slf4jLog.java:debug(40)) - Skipping entry: org/apache/
2019-09-17 18:33:29,397 [main] DEBUG mortbay.log (Slf4jLog.java:debug(40)) - Skipping entry: org/apache/hadoop/
2019-09-17 18:33:29,397 [main] DEBUG mortbay.log (Slf4jLog.java:debug(40)) - Skipping entry: org/apache/hadoop/cli/
2019-09-17 18:33:29,397 [main] DEBUG mortbay.log (Slf4jLog.java:debug(40)) - Skipping entry: org/apache/hadoop/cli/CLITestCmdDFS.class
2019-09-17 18:33:29,398 [main] DEBUG mortbay.log (Slf4jLog.java:debug(40)) - Skipping entry: org/apache/hadoop/cli/CLITestHelperDFS$TestConfigFileParserDFS.class
2019-09-17 18:33:29,398 [main] DEBUG mortbay.log (Slf4jLog.java:debug(40)) - Skipping entry: org/apache/hadoop/cli/CLITestHelperDFS.class
2019-09-17 18:33:29,399 [main] DEBUG mortbay.log (Slf4jLog.java:debug(40)) - Skipping entry: org/apache/hadoop/cli/TestAclCLI.class
2019-09-17 18:33:29,399 [main] DEBUG mortbay.log (Slf4jLog.java:debug(40)) - Skipping entry: org/apache/hadoop/cli/TestCacheAdminCLI$1.class
2019-09-17 18:33:29,399 [main] DEBUG mortbay.log (Slf4jLog.java:debug(40)) - Skipping entry: org/apache/hadoop/cli/TestCacheAdminCLI$CLITestCmdCacheAdmin.class
2019-09-17 18:33:29,399 [main] DEBUG mortbay.log (Slf4jLog.java:debug(40)) - Skipping entry: org/apache/hadoop/cli/TestCacheAdminCLI$TestConfigFileParserCacheAdmin.class
2019-09-17 18:33:29,399 [main] DEBUG mortbay.log (Slf4jLog.java:debug(40)) - Skipping entry: org/apache/hadoop/cli/TestCacheAdminCLI.class
2019-09-17 18:33:29,400 [main] DEBUG mortbay.log (Slf4jLog.java:debug(40)) - Skipping entry: org/apache/hadoop/cli/TestCryptoAdminCLI$1.class
2019-09-17 18:33:29,400 [main] DEBUG mortbay.log (Slf4jLog.java:debug(40)) - Skipping entry: org/apache/hadoop/cli/TestCryptoAdminCLI$CLITestCmdCryptoAdmin.class
2019-09-17 18:33:29,400 [main] DEBUG mortbay.log (Slf4jLog.java:debug(40)) - Skipping entry: org/apache/hadoop/cli/TestCryptoAdminCLI$TestConfigFileParserCryptoAdmin.class
2019-09-17 18:33:29,400 [main] DEBUG mortbay.log (Slf4jLog.java:debug(40)) - Skipping entry: org/apache/hadoop/cli/TestCryptoAdminCLI.class
2019-09-17 18:33:29,401 [main] DEBUG mortbay.log (Slf4jLog.java:debug(40)) - Skipping entry: org/apache/hadoop/cli/TestDeleteCLI.class
2019-09-17 18:33:29,401 [main] DEBUG mortbay.log (Slf4jLog.java:debug(40)) - Skipping entry: org/apache/hadoop/cli/TestHDFSCLI.class
2019-09-17 18:33:29,401 [main] DEBUG mortbay.log (Slf4jLog.java:debug(40)) - Skipping entry: org/apache/hadoop/cli/TestXAttrCLI.class
2019-09-17 18:33:29,402 [main] DEBUG mortbay.log (Slf4jLog.java:debug(40)) - Skipping entry: org/apache/hadoop/cli/util/
2019-09-17 18:33:29,402 [main] DEBUG mortbay.log (Slf4jLog.java:debug(40)) - Skipping entry: org/apache/hadoop/cli/util/CacheAdminCmdExecutor.class
2019-09-17 18:33:29,402 [main] DEBUG mortbay.log (Slf4jLog.java:debug(40)) - Skipping entry: org/apache/hadoop/cli/util/CLICommandCacheAdmin.class
2019-09-17 18:33:29,402 [main] DEBUG mortbay.log (Slf4jLog.java:debug(40)) - Skipping entry: org/apache/hadoop/cli/util/CLICommandCryptoAdmin.class
2019-09-17 18:33:29,402 [main] DEBUG mortbay.log (Slf4jLog.java:debug(40)) - Skipping entry: org/apache/hadoop/cli/util/CLICommandDFSAdmin.class
2019-09-17 18:33:29,402 [main] DEBUG mortbay.log (Slf4jLog.java:debug(40)) - Skipping entry: org/apache/hadoop/cli/util/CryptoAdminCmdExecutor.class
2019-09-17 18:33:29,403 [main] DEBUG mortbay.log (Slf4jLog.java:debug(40)) - Skipping entry: org/apache/hadoop/fs/
2019-09-17 18:33:29,403 [main] DEBUG mortbay.log (Slf4jLog.java:debug(40)) - Skipping entry: org/apache/hadoop/fs/contract/
2019-09-17 18:33:29,403 [main] DEBUG mortbay.log (Slf4jLog.java:debug(40)) - Skipping entry: org/apache/hadoop/fs/contract/hdfs/
2019-09-17 18:33:29,403 [main] DEBUG mortbay.log (Slf4jLog.java:debug(40)) - Skipping entry: org/apache/hadoop/fs/contract/hdfs/HDFSContract.class
2019-09-17 18:33:29,403 [main] DEBUG mortbay.log (Slf4jLog.java:debug(40)) - Skipping entry: org/apache/hadoop/fs/contract/hdfs/TestHDFSContractAppend.class
2019-09-17 18:33:29,404 [main] DEBUG mortbay.log (Slf4jLog.java:debug(40)) - Skipping entry: org/apache/hadoop/fs/contract/hdfs/TestHDFSContractConcat.class
2019-09-17 18:33:29,404 [main] DEBUG mortbay.log (Slf4jLog.java:debug(40)) - Skipping entry: org/apache/hadoop/fs/contract/hdfs/TestHDFSContractCreate.class
2019-09-17 18:33:29,404 [main] DEBUG mortbay.log (Slf4jLog.java:debug(40)) - Skipping entry: org/apache/hadoop/fs/contract/hdfs/TestHDFSContractDelete.class
2019-09-17 18:33:29,405 [main] DEBUG mortbay.log (Slf4jLog.java:debug(40)) - Skipping entry: org/apache/hadoop/fs/contract/hdfs/TestHDFSContractGetFileStatus.class
2019-09-17 18:33:29,405 [main] DEBUG mortbay.log (Slf4jLog.java:debug(40)) - Skipping entry: org/apache/hadoop/fs/contract/hdfs/TestHDFSContractMkdir.class
2019-09-17 18:33:29,405 [main] DEBUG mortbay.log (Slf4jLog.java:debug(40)) - Skipping entry: org/apache/hadoop/fs/contract/hdfs/TestHDFSContractOpen.class
2019-09-17 18:33:29,405 [main] DEBUG mortbay.log (Slf4jLog.java:debug(40)) - Skipping entry: org/apache/hadoop/fs/contract/hdfs/TestHDFSContractRename.class
2019-09-17 18:33:29,405 [main] DEBUG mortbay.log (Slf4jLog.java:debug(40)) - Skipping entry: org/apache/hadoop/fs/contract/hdfs/TestHDFSContractRootDirectory.class
2019-09-17 18:33:29,406 [main] DEBUG mortbay.log (Slf4jLog.java:debug(40)) - Skipping entry: org/apache/hadoop/fs/contract/hdfs/TestHDFSContractSeek.class
2019-09-17 18:33:29,406 [main] DEBUG mortbay.log (Slf4jLog.java:debug(40)) - Skipping entry: org/apache/hadoop/fs/contract/hdfs/TestHDFSContractSetTimes.class
2019-09-17 18:33:29,406 [main] DEBUG mortbay.log (Slf4jLog.java:debug(40)) - Skipping entry: org/apache/hadoop/fs/loadGenerator/
2019-09-17 18:33:29,406 [main] DEBUG mortbay.log (Slf4jLog.java:debug(40)) - Skipping entry: org/apache/hadoop/fs/loadGenerator/TestLoadGenerator.class
2019-09-17 18:33:29,406 [main] DEBUG mortbay.log (Slf4jLog.java:debug(40)) - Skipping entry: org/apache/hadoop/fs/permission/
2019-09-17 18:33:29,407 [main] DEBUG mortbay.log (Slf4jLog.java:debug(40)) - Skipping entry: org/apache/hadoop/fs/permission/TestStickyBit.class
2019-09-17 18:33:29,407 [main] DEBUG mortbay.log (Slf4jLog.java:debug(40)) - Skipping entry: org/apache/hadoop/fs/shell/
2019-09-17 18:33:29,407 [main] DEBUG mortbay.log (Slf4jLog.java:debug(40)) - Skipping entry: org/apache/hadoop/fs/shell/TestHdfsTextCommand.class
2019-09-17 18:33:29,407 [main] DEBUG mortbay.log (Slf4jLog.java:debug(40)) - Skipping entry: org/apache/hadoop/fs/TestEnhancedByteBufferAccess$1.class
2019-09-17 18:33:29,408 [main] DEBUG mortbay.log (Slf4jLog.java:debug(40)) - Skipping entry: org/apache/hadoop/fs/TestEnhancedByteBufferAccess$2.class
2019-09-17 18:33:29,408 [main] DEBUG mortbay.log (Slf4jLog.java:debug(40)) - Skipping entry: org/apache/hadoop/fs/TestEnhancedByteBufferAccess$3$1.class
2019-09-17 18:33:29,408 [main] DEBUG mortbay.log (Slf4jLog.java:debug(40)) - Skipping entry: org/apache/hadoop/fs/TestEnhancedByteBufferAccess$3.class
2019-09-17 18:33:29,408 [main] DEBUG mortbay.log (Slf4jLog.java:debug(40)) - Skipping entry: org/apache/hadoop/fs/TestEnhancedByteBufferAccess$4$1.class
2019-09-17 18:33:29,409 [main] DEBUG mortbay.log (Slf4jLog.java:debug(40)) - Skipping entry: org/apache/hadoop/fs/TestEnhancedByteBufferAccess$4.class
2019-09-17 18:33:29,409 [main] DEBUG mortbay.log (Slf4jLog.java:debug(40)) - Skipping entry: org/apache/hadoop/fs/TestEnhancedByteBufferAccess$CountingVisitor.class
2019-09-17 18:33:29,409 [main] DEBUG mortbay.log (Slf4jLog.java:debug(40)) - Skipping entry: org/apache/hadoop/fs/TestEnhancedByteBufferAccess$RestrictedAllocatingByteBufferPool.class
2019-09-17 18:33:29,409 [main] DEBUG mortbay.log (Slf4jLog.java:debug(40)) - Skipping entry: org/apache/hadoop/fs/TestEnhancedByteBufferAccess.class
2019-09-17 18:33:29,410 [main] DEBUG mortbay.log (Slf4jLog.java:debug(40)) - Skipping entry: org/apache/hadoop/fs/TestFcHdfsCreateMkdir.class
2019-09-17 18:33:29,410 [main] DEBUG mortbay.log (Slf4jLog.java:debug(40)) - Skipping entry: org/apache/hadoop/fs/TestFcHdfsPermission.class
2019-09-17 18:33:29,410 [main] DEBUG mortbay.log (Slf4jLog.java:debug(40)) - Skipping entry: org/apache/hadoop/fs/TestFcHdfsSetUMask.class
2019-09-17 18:33:29,411 [main] DEBUG mortbay.log (Slf4jLog.java:debug(40)) - Skipping entry: org/apache/hadoop/fs/TestGlobPaths$1.class
2019-09-17 18:33:29,411 [main] DEBUG mortbay.log (Slf4jLog.java:debug(40)) - Skipping entry: org/apache/hadoop/fs/TestGlobPaths$AcceptAllPathFilter.class
2019-09-17 18:33:29,411 [main] DEBUG mortbay.log (Slf4jLog.java:debug(40)) - Skipping entry: org/apache/hadoop/fs/TestGlobPaths$AcceptPathsEndingInZ.class
2019-09-17 18:33:29,411 [main] DEBUG mortbay.log (Slf4jLog.java:debug(40)) - Skipping entry: org/apache/hadoop/fs/TestGlobPaths$FSTestWrapperGlobTest.class
2019-09-17 18:33:29,411 [main] DEBUG mortbay.log (Slf4jLog.java:debug(40)) - Skipping entry: org/apache/hadoop/fs/TestGlobPaths$RegexPathFilter.class
2019-09-17 18:33:29,412 [main] DEBUG mortbay.log (Slf4jLog.java:debug(40)) - Skipping entry: org/apache/hadoop/fs/TestGlobPaths$TestGlobAccessDenied.class
2019-09-17 18:33:29,412 [main] DEBUG mortbay.log (Slf4jLog.java:debug(40)) - Skipping entry: org/apache/hadoop/fs/TestGlobPaths$TestGlobFillsInScheme.class
2019-09-17 18:33:29,412 [main] DEBUG mortbay.log (Slf4jLog.java:debug(40)) - Skipping entry: org/apache/hadoop/fs/TestGlobPaths$TestGlobRoot.class
2019-09-17 18:33:29,412 [main] DEBUG mortbay.log (Slf4jLog.java:debug(40)) - Skipping entry: org/apache/hadoop/fs/TestGlobPaths$TestGlobSymlinksWithCustomPathFilter.class
2019-09-17 18:33:29,412 [main] DEBUG mortbay.log (Slf4jLog.java:debug(40)) - Skipping entry: org/apache/hadoop/fs/TestGlobPaths$TestGlobWithSymlinks.class
2019-09-17 18:33:29,412 [main] DEBUG mortbay.log (Slf4jLog.java:debug(40)) - Skipping entry: org/apache/hadoop/fs/TestGlobPaths$TestGlobWithSymlinksToSymlinks.class
2019-09-17 18:33:29,412 [main] DEBUG mortbay.log (Slf4jLog.java:debug(40)) - Skipping entry: org/apache/hadoop/fs/TestGlobPaths$TestNonTerminalGlobs.class
2019-09-17 18:33:29,413 [main] DEBUG mortbay.log (Slf4jLog.java:debug(40)) - Skipping entry: org/apache/hadoop/fs/TestGlobPaths$TestRelativePath.class
2019-09-17 18:33:29,413 [main] DEBUG mortbay.log (Slf4jLog.java:debug(40)) - Skipping entry: org/apache/hadoop/fs/TestGlobPaths$TestReservedHdfsPaths.class
2019-09-17 18:33:29,413 [main] DEBUG mortbay.log (Slf4jLog.java:debug(40)) - Skipping entry: org/apache/hadoop/fs/TestGlobPaths.class
2019-09-17 18:33:29,413 [main] DEBUG mortbay.log (Slf4jLog.java:debug(40)) - Skipping entry: org/apache/hadoop/fs/TestHDFSFileContextMainOperations.class
2019-09-17 18:33:29,414 [main] DEBUG mortbay.log (Slf4jLog.java:debug(40)) - Skipping entry: org/apache/hadoop/fs/TestHdfsNativeCodeLoader.class
2019-09-17 18:33:29,414 [main] DEBUG mortbay.log (Slf4jLog.java:debug(40)) - Skipping entry: org/apache/hadoop/fs/TestResolveHdfsSymlink.class
2019-09-17 18:33:29,414 [main] DEBUG mortbay.log (Slf4jLog.java:debug(40)) - Skipping entry: org/apache/hadoop/fs/TestSWebHdfsFileContextMainOperations.class
2019-09-17 18:33:29,415 [main] DEBUG mortbay.log (Slf4jLog.java:debug(40)) - Skipping entry: org/apache/hadoop/fs/TestSymlinkHdfs.class
2019-09-17 18:33:29,415 [main] DEBUG mortbay.log (Slf4jLog.java:debug(40)) - Skipping entry: org/apache/hadoop/fs/TestSymlinkHdfsDisable.class
2019-09-17 18:33:29,415 [main] DEBUG mortbay.log (Slf4jLog.java:debug(40)) - Skipping entry: org/apache/hadoop/fs/TestSymlinkHdfsFileContext.class
2019-09-17 18:33:29,415 [main] DEBUG mortbay.log (Slf4jLog.java:debug(40)) - Skipping entry: org/apache/hadoop/fs/TestSymlinkHdfsFileSystem.class
2019-09-17 18:33:29,416 [main] DEBUG mortbay.log (Slf4jLog.java:debug(40)) - Skipping entry: org/apache/hadoop/fs/TestUnbuffer$1BuggyStream.class
2019-09-17 18:33:29,416 [main] DEBUG mortbay.log (Slf4jLog.java:debug(40)) - Skipping entry: org/apache/hadoop/fs/TestUnbuffer.class
2019-09-17 18:33:29,416 [main] DEBUG mortbay.log (Slf4jLog.java:debug(40)) - Skipping entry: org/apache/hadoop/fs/TestUrlStreamHandler.class
2019-09-17 18:33:29,417 [main] DEBUG mortbay.log (Slf4jLog.java:debug(40)) - Skipping entry: org/apache/hadoop/fs/TestVolumeId.class
2019-09-17 18:33:29,417 [main] DEBUG mortbay.log (Slf4jLog.java:debug(40)) - Skipping entry: org/apache/hadoop/fs/TestWebHdfsFileContextMainOperations.class
2019-09-17 18:33:29,417 [main] DEBUG mortbay.log (Slf4jLog.java:debug(40)) - Skipping entry: org/apache/hadoop/fs/viewfs/
2019-09-17 18:33:29,418 [main] DEBUG mortbay.log (Slf4jLog.java:debug(40)) - Skipping entry: org/apache/hadoop/fs/viewfs/TestViewFileSystemAtHdfsRoot.class
2019-09-17 18:33:29,418 [main] DEBUG mortbay.log (Slf4jLog.java:debug(40)) - Skipping entry: org/apache/hadoop/fs/viewfs/TestViewFileSystemHdfs.class
2019-09-17 18:33:29,418 [main] DEBUG mortbay.log (Slf4jLog.java:debug(40)) - Skipping entry: org/apache/hadoop/fs/viewfs/TestViewFileSystemWithAcls.class
2019-09-17 18:33:29,418 [main] DEBUG mortbay.log (Slf4jLog.java:debug(40)) - Skipping entry: org/apache/hadoop/fs/viewfs/TestViewFileSystemWithTruncate$1.class
2019-09-17 18:33:29,418 [main] DEBUG mortbay.log (Slf4jLog.java:debug(40)) - Skipping entry: org/apache/hadoop/fs/viewfs/TestViewFileSystemWithTruncate.class
2019-09-17 18:33:29,419 [main] DEBUG mortbay.log (Slf4jLog.java:debug(40)) - Skipping entry: org/apache/hadoop/fs/viewfs/TestViewFileSystemWithXAttrs.class
2019-09-17 18:33:29,419 [main] DEBUG mortbay.log (Slf4jLog.java:debug(40)) - Skipping entry: org/apache/hadoop/fs/viewfs/TestViewFsAtHdfsRoot.class
2019-09-17 18:33:29,419 [main] DEBUG mortbay.log (Slf4jLog.java:debug(40)) - Skipping entry: org/apache/hadoop/fs/viewfs/TestViewFsFileStatusHdfs.class
2019-09-17 18:33:29,419 [main] DEBUG mortbay.log (Slf4jLog.java:debug(40)) - Skipping entry: org/apache/hadoop/fs/viewfs/TestViewFsHdfs.class
2019-09-17 18:33:29,420 [main] DEBUG mortbay.log (Slf4jLog.java:debug(40)) - Skipping entry: org/apache/hadoop/fs/viewfs/TestViewFsWithAcls.class
2019-09-17 18:33:29,420 [main] DEBUG mortbay.log (Slf4jLog.java:debug(40)) - Skipping entry: org/apache/hadoop/fs/viewfs/TestViewFsWithXAttrs.class
2019-09-17 18:33:29,421 [main] DEBUG mortbay.log (Slf4jLog.java:debug(40)) - Skipping entry: org/apache/hadoop/hdfs/
2019-09-17 18:33:29,421 [main] DEBUG mortbay.log (Slf4jLog.java:debug(40)) - Skipping entry: org/apache/hadoop/hdfs/AdminStatesBaseTest.class
2019-09-17 18:33:29,422 [main] DEBUG mortbay.log (Slf4jLog.java:debug(40)) - Skipping entry: org/apache/hadoop/hdfs/AppendTestUtil$1.class
2019-09-17 18:33:29,422 [main] DEBUG mortbay.log (Slf4jLog.java:debug(40)) - Skipping entry: org/apache/hadoop/hdfs/AppendTestUtil.class
2019-09-17 18:33:29,422 [main] DEBUG mortbay.log (Slf4jLog.java:debug(40)) - Skipping entry: org/apache/hadoop/hdfs/BenchmarkThroughput.class
2019-09-17 18:33:29,422 [main] DEBUG mortbay.log (Slf4jLog.java:debug(40)) - Skipping entry: org/apache/hadoop/hdfs/client/
2019-09-17 18:33:29,422 [main] DEBUG mortbay.log (Slf4jLog.java:debug(40)) - Skipping entry: org/apache/hadoop/hdfs/client/impl/
2019-09-17 18:33:29,422 [main] DEBUG mortbay.log (Slf4jLog.java:debug(40)) - Skipping entry: org/apache/hadoop/hdfs/client/impl/BlockReaderTestUtil$1.class
2019-09-17 18:33:29,423 [main] DEBUG mortbay.log (Slf4jLog.java:debug(40)) - Skipping entry: org/apache/hadoop/hdfs/client/impl/BlockReaderTestUtil.class
2019-09-17 18:33:29,423 [main] DEBUG mortbay.log (Slf4jLog.java:debug(40)) - Skipping entry: org/apache/hadoop/hdfs/client/impl/TestBlockReaderBase.class
2019-09-17 18:33:29,423 [main] DEBUG mortbay.log (Slf4jLog.java:debug(40)) - Skipping entry: org/apache/hadoop/hdfs/client/impl/TestBlockReaderFactory$1.class
2019-09-17 18:33:29,423 [main] DEBUG mortbay.log (Slf4jLog.java:debug(40)) - Skipping entry: org/apache/hadoop/hdfs/client/impl/TestBlockReaderFactory$2.class
2019-09-17 18:33:29,423 [main] DEBUG mortbay.log (Slf4jLog.java:debug(40)) - Skipping entry: org/apache/hadoop/hdfs/client/impl/TestBlockReaderFactory$3.class
2019-09-17 18:33:29,423 [main] DEBUG mortbay.log (Slf4jLog.java:debug(40)) - Skipping entry: org/apache/hadoop/hdfs/client/impl/TestBlockReaderFactory$4.class
2019-09-17 18:33:29,424 [main] DEBUG mortbay.log (Slf4jLog.java:debug(40)) - Skipping entry: org/apache/hadoop/hdfs/client/impl/TestBlockReaderFactory$5.class
2019-09-17 18:33:29,424 [main] DEBUG mortbay.log (Slf4jLog.java:debug(40)) - Skipping entry: org/apache/hadoop/hdfs/client/impl/TestBlockReaderFactory$6.class
2019-09-17 18:33:29,424 [main] DEBUG mortbay.log (Slf4jLog.java:debug(40)) - Skipping entry: org/apache/hadoop/hdfs/client/impl/TestBlockReaderFactory$7.class
2019-09-17 18:33:29,424 [main] DEBUG mortbay.log (Slf4jLog.java:debug(40)) - Skipping entry: org/apache/hadoop/hdfs/client/impl/TestBlockReaderFactory.class
2019-09-17 18:33:29,424 [main] DEBUG mortbay.log (Slf4jLog.java:debug(40)) - Skipping entry: org/apache/hadoop/hdfs/client/impl/TestBlockReaderLocal$1.class
2019-09-17 18:33:29,425 [main] DEBUG mortbay.log (Slf4jLog.java:debug(40)) - Skipping entry: org/apache/hadoop/hdfs/client/impl/TestBlockReaderLocal$BlockReaderLocalTest.class
2019-09-17 18:33:29,425 [main] DEBUG mortbay.log (Slf4jLog.java:debug(40)) - Skipping entry: org/apache/hadoop/hdfs/client/impl/TestBlockReaderLocal$TestBlockReaderLocalArrayReads2.class
2019-09-17 18:33:29,425 [main] DEBUG mortbay.log (Slf4jLog.java:debug(40)) - Skipping entry: org/apache/hadoop/hdfs/client/impl/TestBlockReaderLocal$TestBlockReaderLocalByteBufferFastLaneReads.class
2019-09-17 18:33:29,425 [main] DEBUG mortbay.log (Slf4jLog.java:debug(40)) - Skipping entry: org/apache/hadoop/hdfs/client/impl/TestBlockReaderLocal$TestBlockReaderLocalByteBufferReads.class
2019-09-17 18:33:29,425 [main] DEBUG mortbay.log (Slf4jLog.java:debug(40)) - Skipping entry: org/apache/hadoop/hdfs/client/impl/TestBlockReaderLocal$TestBlockReaderLocalImmediateClose.class
2019-09-17 18:33:29,426 [main] DEBUG mortbay.log (Slf4jLog.java:debug(40)) - Skipping entry: org/apache/hadoop/hdfs/client/impl/TestBlockReaderLocal$TestBlockReaderLocalOnFileWithoutChecksum.class
2019-09-17 18:33:29,426 [main] DEBUG mortbay.log (Slf4jLog.java:debug(40)) - Skipping entry: org/apache/hadoop/hdfs/client/impl/TestBlockReaderLocal$TestBlockReaderLocalReadCorrupt.class
2019-09-17 18:33:29,426 [main] DEBUG mortbay.log (Slf4jLog.java:debug(40)) - Skipping entry: org/apache/hadoop/hdfs/client/impl/TestBlockReaderLocal$TestBlockReaderLocalReadCorruptStart.class
2019-09-17 18:33:29,426 [main] DEBUG mortbay.log (Slf4jLog.java:debug(40)) - Skipping entry: org/apache/hadoop/hdfs/client/impl/TestBlockReaderLocal$TestBlockReaderLocalReadZeroBytes.class
2019-09-17 18:33:29,426 [main] DEBUG mortbay.log (Slf4jLog.java:debug(40)) - Skipping entry: org/apache/hadoop/hdfs/client/impl/TestBlockReaderLocal$TestBlockReaderLocalWithMlockChanges.class
2019-09-17 18:33:29,427 [main] DEBUG mortbay.log (Slf4jLog.java:debug(40)) - Skipping entry: org/apache/hadoop/hdfs/client/impl/TestBlockReaderLocal$TestBlockReaderSimpleReads.class
2019-09-17 18:33:29,427 [main] DEBUG mortbay.log (Slf4jLog.java:debug(40)) - Skipping entry: org/apache/hadoop/hdfs/client/impl/TestBlockReaderLocal.class
2019-09-17 18:33:29,427 [main] DEBUG mortbay.log (Slf4jLog.java:debug(40)) - Skipping entry: org/apache/hadoop/hdfs/client/impl/TestBlockReaderLocalLegacy.class
2019-09-17 18:33:29,428 [main] DEBUG mortbay.log (Slf4jLog.java:debug(40)) - Skipping entry: org/apache/hadoop/hdfs/client/impl/TestBlockReaderRemote.class
2019-09-17 18:33:29,428 [main] DEBUG mortbay.log (Slf4jLog.java:debug(40)) - Skipping entry: org/apache/hadoop/hdfs/client/impl/TestBlockReaderRemote2.class
2019-09-17 18:33:29,428 [main] DEBUG mortbay.log (Slf4jLog.java:debug(40)) - Skipping entry: org/apache/hadoop/hdfs/client/impl/TestClientBlockVerification.class
2019-09-17 18:33:29,428 [main] DEBUG mortbay.log (Slf4jLog.java:debug(40)) - Skipping entry: org/apache/hadoop/hdfs/crypto/
2019-09-17 18:33:29,428 [main] DEBUG mortbay.log (Slf4jLog.java:debug(40)) - Skipping entry: org/apache/hadoop/hdfs/crypto/TestHdfsCryptoStreams.class
2019-09-17 18:33:29,429 [main] DEBUG mortbay.log (Slf4jLog.java:debug(40)) - Skipping entry: org/apache/hadoop/hdfs/DataNodeCluster.class
2019-09-17 18:33:29,429 [main] DEBUG mortbay.log (Slf4jLog.java:debug(40)) - Skipping entry: org/apache/hadoop/hdfs/DFSClientAdapter.class
2019-09-17 18:33:29,429 [main] DEBUG mortbay.log (Slf4jLog.java:debug(40)) - Skipping entry: org/apache/hadoop/hdfs/DFSTestUtil$1.class
2019-09-17 18:33:29,429 [main] DEBUG mortbay.log (Slf4jLog.java:debug(40)) - Skipping entry: org/apache/hadoop/hdfs/DFSTestUtil$2.class
2019-09-17 18:33:29,429 [main] DEBUG mortbay.log (Slf4jLog.java:debug(40)) - Skipping entry: org/apache/hadoop/hdfs/DFSTestUtil$3.class
2019-09-17 18:33:29,430 [main] DEBUG mortbay.log (Slf4jLog.java:debug(40)) - Skipping entry: org/apache/hadoop/hdfs/DFSTestUtil$4.class
2019-09-17 18:33:29,430 [main] DEBUG mortbay.log (Slf4jLog.java:debug(40)) - Skipping entry: org/apache/hadoop/hdfs/DFSTestUtil$5.class
2019-09-17 18:33:29,430 [main] DEBUG mortbay.log (Slf4jLog.java:debug(40)) - Skipping entry: org/apache/hadoop/hdfs/DFSTestUtil$6.class
2019-09-17 18:33:29,430 [main] DEBUG mortbay.log (Slf4jLog.java:debug(40)) - Skipping entry: org/apache/hadoop/hdfs/DFSTestUtil$Builder.class
2019-09-17 18:33:29,431 [main] DEBUG mortbay.log (Slf4jLog.java:debug(40)) - Skipping entry: org/apache/hadoop/hdfs/DFSTestUtil$MockUnixGroupsMapping.class
2019-09-17 18:33:29,431 [main] DEBUG mortbay.log (Slf4jLog.java:debug(40)) - Skipping entry: org/apache/hadoop/hdfs/DFSTestUtil$MyFile.class
2019-09-17 18:33:29,431 [main] DEBUG mortbay.log (Slf4jLog.java:debug(40)) - Skipping entry: org/apache/hadoop/hdfs/DFSTestUtil$ShortCircuitTestContext.class
2019-09-17 18:33:29,432 [main] DEBUG mortbay.log (Slf4jLog.java:debug(40)) - Skipping entry: org/apache/hadoop/hdfs/DFSTestUtil.class
2019-09-17 18:33:29,433 [main] DEBUG mortbay.log (Slf4jLog.java:debug(40)) - Skipping entry: org/apache/hadoop/hdfs/FileAppendTest4.class
2019-09-17 18:33:29,433 [main] DEBUG mortbay.log (Slf4jLog.java:debug(40)) - Skipping entry: org/apache/hadoop/hdfs/LogVerificationAppender.class
2019-09-17 18:33:29,433 [main] DEBUG mortbay.log (Slf4jLog.java:debug(40)) - Skipping entry: org/apache/hadoop/hdfs/MiniDFSCluster$1.class
2019-09-17 18:33:29,434 [main] DEBUG mortbay.log (Slf4jLog.java:debug(40)) - Skipping entry: org/apache/hadoop/hdfs/MiniDFSCluster$2.class
2019-09-17 18:33:29,434 [main] DEBUG mortbay.log (Slf4jLog.java:debug(40)) - Skipping entry: org/apache/hadoop/hdfs/MiniDFSCluster$3.class
2019-09-17 18:33:29,434 [main] DEBUG mortbay.log (Slf4jLog.java:debug(40)) - Skipping entry: org/apache/hadoop/hdfs/MiniDFSCluster$Builder.class
2019-09-17 18:33:29,434 [main] DEBUG mortbay.log (Slf4jLog.java:debug(40)) - Skipping entry: org/apache/hadoop/hdfs/MiniDFSCluster$DataNodeProperties.class
2019-09-17 18:33:29,434 [main] DEBUG mortbay.log (Slf4jLog.java:debug(40)) - Skipping entry: org/apache/hadoop/hdfs/MiniDFSCluster$NameNodeInfo.class
2019-09-17 18:33:29,435 [main] DEBUG mortbay.log (Slf4jLog.java:debug(40)) - Skipping entry: org/apache/hadoop/hdfs/MiniDFSCluster.class
2019-09-17 18:33:29,435 [main] DEBUG mortbay.log (Slf4jLog.java:debug(40)) - Skipping entry: org/apache/hadoop/hdfs/MiniDFSClusterWithNodeGroup.class
2019-09-17 18:33:29,436 [main] DEBUG mortbay.log (Slf4jLog.java:debug(40)) - Skipping entry: org/apache/hadoop/hdfs/MiniDFSNNTopology$NNConf.class
2019-09-17 18:33:29,436 [main] DEBUG mortbay.log (Slf4jLog.java:debug(40)) - Skipping entry: org/apache/hadoop/hdfs/MiniDFSNNTopology$NSConf.class
2019-09-17 18:33:29,436 [main] DEBUG mortbay.log (Slf4jLog.java:debug(40)) - Skipping entry: org/apache/hadoop/hdfs/MiniDFSNNTopology.class
2019-09-17 18:33:29,436 [main] DEBUG mortbay.log (Slf4jLog.java:debug(40)) - Skipping entry: org/apache/hadoop/hdfs/net/
2019-09-17 18:33:29,437 [main] DEBUG mortbay.log (Slf4jLog.java:debug(40)) - Skipping entry: org/apache/hadoop/hdfs/net/TestDFSNetworkTopology.class
2019-09-17 18:33:29,437 [main] DEBUG mortbay.log (Slf4jLog.java:debug(40)) - Skipping entry: org/apache/hadoop/hdfs/protocol/
2019-09-17 18:33:29,437 [main] DEBUG mortbay.log (Slf4jLog.java:debug(40)) - Skipping entry: org/apache/hadoop/hdfs/protocol/datatransfer/
2019-09-17 18:33:29,437 [main] DEBUG mortbay.log (Slf4jLog.java:debug(40)) - Skipping entry: org/apache/hadoop/hdfs/protocol/datatransfer/sasl/
2019-09-17 18:33:29,438 [main] DEBUG mortbay.log (Slf4jLog.java:debug(40)) - Skipping entry: org/apache/hadoop/hdfs/protocol/datatransfer/sasl/SaslDataTransferTestCase.class
2019-09-17 18:33:29,438 [main] DEBUG mortbay.log (Slf4jLog.java:debug(40)) - Skipping entry: org/apache/hadoop/hdfs/protocol/datatransfer/sasl/TestSaslDataTransfer$1.class
2019-09-17 18:33:29,438 [main] DEBUG mortbay.log (Slf4jLog.java:debug(40)) - Skipping entry: org/apache/hadoop/hdfs/protocol/datatransfer/sasl/TestSaslDataTransfer.class
2019-09-17 18:33:29,439 [main] DEBUG mortbay.log (Slf4jLog.java:debug(40)) - Skipping entry: org/apache/hadoop/hdfs/protocol/datatransfer/TestPacketReceiver.class
2019-09-17 18:33:29,439 [main] DEBUG mortbay.log (Slf4jLog.java:debug(40)) - Skipping entry: org/apache/hadoop/hdfs/protocol/TestAnnotations.class
2019-09-17 18:33:29,440 [main] DEBUG mortbay.log (Slf4jLog.java:debug(40)) - Skipping entry: org/apache/hadoop/hdfs/protocol/TestBlockListAsLongs$1.class
2019-09-17 18:33:29,440 [main] DEBUG mortbay.log (Slf4jLog.java:debug(40)) - Skipping entry: org/apache/hadoop/hdfs/protocol/TestBlockListAsLongs.class
2019-09-17 18:33:29,440 [main] DEBUG mortbay.log (Slf4jLog.java:debug(40)) - Skipping entry: org/apache/hadoop/hdfs/protocol/TestLayoutVersion.class
2019-09-17 18:33:29,441 [main] DEBUG mortbay.log (Slf4jLog.java:debug(40)) - Skipping entry: org/apache/hadoop/hdfs/protocol/TestLocatedBlock.class
2019-09-17 18:33:29,441 [main] DEBUG mortbay.log (Slf4jLog.java:debug(40)) - Skipping entry: org/apache/hadoop/hdfs/protocolPB/
2019-09-17 18:33:29,442 [main] DEBUG mortbay.log (Slf4jLog.java:debug(40)) - Skipping entry: org/apache/hadoop/hdfs/protocolPB/TestPBHelper.class
2019-09-17 18:33:29,442 [main] DEBUG mortbay.log (Slf4jLog.java:debug(40)) - Skipping entry: org/apache/hadoop/hdfs/qjournal/
2019-09-17 18:33:29,442 [main] DEBUG mortbay.log (Slf4jLog.java:debug(40)) - Skipping entry: org/apache/hadoop/hdfs/qjournal/client/
2019-09-17 18:33:29,443 [main] DEBUG mortbay.log (Slf4jLog.java:debug(40)) - Skipping entry: org/apache/hadoop/hdfs/qjournal/client/TestEpochsAreUnique$1.class
2019-09-17 18:33:29,443 [main] DEBUG mortbay.log (Slf4jLog.java:debug(40)) - Skipping entry: org/apache/hadoop/hdfs/qjournal/client/TestEpochsAreUnique$FaultyLoggerFactory.class
2019-09-17 18:33:29,443 [main] DEBUG mortbay.log (Slf4jLog.java:debug(40)) - Skipping entry: org/apache/hadoop/hdfs/qjournal/client/TestEpochsAreUnique$SometimesFaulty.class
2019-09-17 18:33:29,443 [main] DEBUG mortbay.log (Slf4jLog.java:debug(40)) - Skipping entry: org/apache/hadoop/hdfs/qjournal/client/TestEpochsAreUnique.class
2019-09-17 18:33:29,443 [main] DEBUG mortbay.log (Slf4jLog.java:debug(40)) - Skipping entry: org/apache/hadoop/hdfs/qjournal/client/TestIPCLoggerChannel$1.class
2019-09-17 18:33:29,443 [main] DEBUG mortbay.log (Slf4jLog.java:debug(40)) - Skipping entry: org/apache/hadoop/hdfs/qjournal/client/TestIPCLoggerChannel$2.class
2019-09-17 18:33:29,444 [main] DEBUG mortbay.log (Slf4jLog.java:debug(40)) - Skipping entry: org/apache/hadoop/hdfs/qjournal/client/TestIPCLoggerChannel.class
2019-09-17 18:33:29,444 [main] DEBUG mortbay.log (Slf4jLog.java:debug(40)) - Skipping entry: org/apache/hadoop/hdfs/qjournal/client/TestQJMWithFaults$1.class
2019-09-17 18:33:29,444 [main] DEBUG mortbay.log (Slf4jLog.java:debug(40)) - Skipping entry: org/apache/hadoop/hdfs/qjournal/client/TestQJMWithFaults$2.class
2019-09-17 18:33:29,444 [main] DEBUG mortbay.log (Slf4jLog.java:debug(40)) - Skipping entry: org/apache/hadoop/hdfs/qjournal/client/TestQJMWithFaults$InvocationCountingChannel$1.class
2019-09-17 18:33:29,445 [main] DEBUG mortbay.log (Slf4jLog.java:debug(40)) - Skipping entry: org/apache/hadoop/hdfs/qjournal/client/TestQJMWithFaults$InvocationCountingChannel$2.class
2019-09-17 18:33:29,445 [main] DEBUG mortbay.log (Slf4jLog.java:debug(40)) - Skipping entry: org/apache/hadoop/hdfs/qjournal/client/TestQJMWithFaults$InvocationCountingChannel.class
2019-09-17 18:33:29,445 [main] DEBUG mortbay.log (Slf4jLog.java:debug(40)) - Skipping entry: org/apache/hadoop/hdfs/qjournal/client/TestQJMWithFaults$RandomFaultyChannel$1.class
2019-09-17 18:33:29,445 [main] DEBUG mortbay.log (Slf4jLog.java:debug(40)) - Skipping entry: org/apache/hadoop/hdfs/qjournal/client/TestQJMWithFaults$RandomFaultyChannel.class
2019-09-17 18:33:29,446 [main] DEBUG mortbay.log (Slf4jLog.java:debug(40)) - Skipping entry: org/apache/hadoop/hdfs/qjournal/client/TestQJMWithFaults$WrapEveryCall.class
2019-09-17 18:33:29,446 [main] DEBUG mortbay.log (Slf4jLog.java:debug(40)) - Skipping entry: org/apache/hadoop/hdfs/qjournal/client/TestQJMWithFaults.class
2019-09-17 18:33:29,446 [main] DEBUG mortbay.log (Slf4jLog.java:debug(40)) - Skipping entry: org/apache/hadoop/hdfs/qjournal/client/TestQuorumCall$1.class
2019-09-17 18:33:29,446 [main] DEBUG mortbay.log (Slf4jLog.java:debug(40)) - Skipping entry: org/apache/hadoop/hdfs/qjournal/client/TestQuorumCall.class
2019-09-17 18:33:29,447 [main] DEBUG mortbay.log (Slf4jLog.java:debug(40)) - Skipping entry: org/apache/hadoop/hdfs/qjournal/client/TestQuorumJournalManager$1$1.class
2019-09-17 18:33:29,447 [main] DEBUG mortbay.log (Slf4jLog.java:debug(40)) - Skipping entry: org/apache/hadoop/hdfs/qjournal/client/TestQuorumJournalManager$1.class
2019-09-17 18:33:29,447 [main] DEBUG mortbay.log (Slf4jLog.java:debug(40)) - Skipping entry: org/apache/hadoop/hdfs/qjournal/client/TestQuorumJournalManager.class
2019-09-17 18:33:29,448 [main] DEBUG mortbay.log (Slf4jLog.java:debug(40)) - Skipping entry: org/apache/hadoop/hdfs/qjournal/client/TestQuorumJournalManagerUnit$1.class
2019-09-17 18:33:29,448 [main] DEBUG mortbay.log (Slf4jLog.java:debug(40)) - Skipping entry: org/apache/hadoop/hdfs/qjournal/client/TestQuorumJournalManagerUnit.class
2019-09-17 18:33:29,448 [main] DEBUG mortbay.log (Slf4jLog.java:debug(40)) - Skipping entry: org/apache/hadoop/hdfs/qjournal/client/TestSegmentRecoveryComparator.class
2019-09-17 18:33:29,449 [main] DEBUG mortbay.log (Slf4jLog.java:debug(40)) - Skipping entry: org/apache/hadoop/hdfs/qjournal/MiniJournalCluster$1.class
2019-09-17 18:33:29,449 [main] DEBUG mortbay.log (Slf4jLog.java:debug(40)) - Skipping entry: org/apache/hadoop/hdfs/qjournal/MiniJournalCluster$Builder.class
2019-09-17 18:33:29,449 [main] DEBUG mortbay.log (Slf4jLog.java:debug(40)) - Skipping entry: org/apache/hadoop/hdfs/qjournal/MiniJournalCluster$JNInfo.class
2019-09-17 18:33:29,449 [main] DEBUG mortbay.log (Slf4jLog.java:debug(40)) - Skipping entry: org/apache/hadoop/hdfs/qjournal/MiniJournalCluster.class
2019-09-17 18:33:29,449 [main] DEBUG mortbay.log (Slf4jLog.java:debug(40)) - Skipping entry: org/apache/hadoop/hdfs/qjournal/MiniQJMHACluster$1.class
2019-09-17 18:33:29,449 [main] DEBUG mortbay.log (Slf4jLog.java:debug(40)) - Skipping entry: org/apache/hadoop/hdfs/qjournal/MiniQJMHACluster$Builder.class
2019-09-17 18:33:29,450 [main] DEBUG mortbay.log (Slf4jLog.java:debug(40)) - Skipping entry: org/apache/hadoop/hdfs/qjournal/MiniQJMHACluster.class
2019-09-17 18:33:29,450 [main] DEBUG mortbay.log (Slf4jLog.java:debug(40)) - Skipping entry: org/apache/hadoop/hdfs/qjournal/QJMTestUtil.class
2019-09-17 18:33:29,450 [main] DEBUG mortbay.log (Slf4jLog.java:debug(40)) - Skipping entry: org/apache/hadoop/hdfs/qjournal/server/
2019-09-17 18:33:29,450 [main] DEBUG mortbay.log (Slf4jLog.java:debug(40)) - Skipping entry: org/apache/hadoop/hdfs/qjournal/server/JournalTestUtil.class
2019-09-17 18:33:29,450 [main] DEBUG mortbay.log (Slf4jLog.java:debug(40)) - Skipping entry: org/apache/hadoop/hdfs/qjournal/server/TestJournal.class
2019-09-17 18:33:29,451 [main] DEBUG mortbay.log (Slf4jLog.java:debug(40)) - Skipping entry: org/apache/hadoop/hdfs/qjournal/server/TestJournaledEditsCache.class
2019-09-17 18:33:29,451 [main] DEBUG mortbay.log (Slf4jLog.java:debug(40)) - Skipping entry: org/apache/hadoop/hdfs/qjournal/server/TestJournalNode.class
2019-09-17 18:33:29,452 [main] DEBUG mortbay.log (Slf4jLog.java:debug(40)) - Skipping entry: org/apache/hadoop/hdfs/qjournal/server/TestJournalNodeMXBean.class
2019-09-17 18:33:29,452 [main] DEBUG mortbay.log (Slf4jLog.java:debug(40)) - Skipping entry: org/apache/hadoop/hdfs/qjournal/server/TestJournalNodeRespectsBindHostKeys.class
2019-09-17 18:33:29,452 [main] DEBUG mortbay.log (Slf4jLog.java:debug(40)) - Skipping entry: org/apache/hadoop/hdfs/qjournal/TestMiniJournalCluster.class
2019-09-17 18:33:29,453 [main] DEBUG mortbay.log (Slf4jLog.java:debug(40)) - Skipping entry: org/apache/hadoop/hdfs/qjournal/TestNNWithQJM.class
2019-09-17 18:33:29,453 [main] DEBUG mortbay.log (Slf4jLog.java:debug(40)) - Skipping entry: org/apache/hadoop/hdfs/qjournal/TestSecureNNWithQJM.class
2019-09-17 18:33:29,453 [main] DEBUG mortbay.log (Slf4jLog.java:debug(40)) - Skipping entry: org/apache/hadoop/hdfs/security/
2019-09-17 18:33:29,454 [main] DEBUG mortbay.log (Slf4jLog.java:debug(40)) - Skipping entry: org/apache/hadoop/hdfs/security/TestClientProtocolWithDelegationToken$1.class
2019-09-17 18:33:29,454 [main] DEBUG mortbay.log (Slf4jLog.java:debug(40)) - Skipping entry: org/apache/hadoop/hdfs/security/TestClientProtocolWithDelegationToken.class
2019-09-17 18:33:29,454 [main] DEBUG mortbay.log (Slf4jLog.java:debug(40)) - Skipping entry: org/apache/hadoop/hdfs/security/TestDelegationToken$1.class
2019-09-17 18:33:29,454 [main] DEBUG mortbay.log (Slf4jLog.java:debug(40)) - Skipping entry: org/apache/hadoop/hdfs/security/TestDelegationToken$2.class
2019-09-17 18:33:29,455 [main] DEBUG mortbay.log (Slf4jLog.java:debug(40)) - Skipping entry: org/apache/hadoop/hdfs/security/TestDelegationToken$3.class
2019-09-17 18:33:29,455 [main] DEBUG mortbay.log (Slf4jLog.java:debug(40)) - Skipping entry: org/apache/hadoop/hdfs/security/TestDelegationToken$4.class
2019-09-17 18:33:29,455 [main] DEBUG mortbay.log (Slf4jLog.java:debug(40)) - Skipping entry: org/apache/hadoop/hdfs/security/TestDelegationToken$5.class
2019-09-17 18:33:29,455 [main] DEBUG mortbay.log (Slf4jLog.java:debug(40)) - Skipping entry: org/apache/hadoop/hdfs/security/TestDelegationToken.class
2019-09-17 18:33:29,455 [main] DEBUG mortbay.log (Slf4jLog.java:debug(40)) - Skipping entry: org/apache/hadoop/hdfs/security/TestDelegationTokenForProxyUser$1.class
2019-09-17 18:33:29,456 [main] DEBUG mortbay.log (Slf4jLog.java:debug(40)) - Skipping entry: org/apache/hadoop/hdfs/security/TestDelegationTokenForProxyUser.class
2019-09-17 18:33:29,456 [main] DEBUG mortbay.log (Slf4jLog.java:debug(40)) - Skipping entry: org/apache/hadoop/hdfs/security/token/
2019-09-17 18:33:29,456 [main] DEBUG mortbay.log (Slf4jLog.java:debug(40)) - Skipping entry: org/apache/hadoop/hdfs/security/token/block/
2019-09-17 18:33:29,456 [main] DEBUG mortbay.log (Slf4jLog.java:debug(40)) - Skipping entry: org/apache/hadoop/hdfs/security/token/block/SecurityTestUtil.class
2019-09-17 18:33:29,457 [main] DEBUG mortbay.log (Slf4jLog.java:debug(40)) - Skipping entry: org/apache/hadoop/hdfs/security/token/block/TestBlockToken$GetLengthAnswer.class
2019-09-17 18:33:29,457 [main] DEBUG mortbay.log (Slf4jLog.java:debug(40)) - Skipping entry: org/apache/hadoop/hdfs/security/token/block/TestBlockToken.class
2019-09-17 18:33:29,457 [main] DEBUG mortbay.log (Slf4jLog.java:debug(40)) - Skipping entry: org/apache/hadoop/hdfs/server/
2019-09-17 18:33:29,457 [main] DEBUG mortbay.log (Slf4jLog.java:debug(40)) - Skipping entry: org/apache/hadoop/hdfs/server/balancer/
2019-09-17 18:33:29,458 [main] DEBUG mortbay.log (Slf4jLog.java:debug(40)) - Skipping entry: org/apache/hadoop/hdfs/server/balancer/TestBalancer$1.class
2019-09-17 18:33:29,458 [main] DEBUG mortbay.log (Slf4jLog.java:debug(40)) - Skipping entry: org/apache/hadoop/hdfs/server/balancer/TestBalancer$2.class
2019-09-17 18:33:29,458 [main] DEBUG mortbay.log (Slf4jLog.java:debug(40)) - Skipping entry: org/apache/hadoop/hdfs/server/balancer/TestBalancer$HostNameBasedNodes.class
2019-09-17 18:33:29,458 [main] DEBUG mortbay.log (Slf4jLog.java:debug(40)) - Skipping entry: org/apache/hadoop/hdfs/server/balancer/TestBalancer$NewNodeInfo.class
2019-09-17 18:33:29,458 [main] DEBUG mortbay.log (Slf4jLog.java:debug(40)) - Skipping entry: org/apache/hadoop/hdfs/server/balancer/TestBalancer$PortNumberBasedNodes.class
2019-09-17 18:33:29,458 [main] DEBUG mortbay.log (Slf4jLog.java:debug(40)) - Skipping entry: org/apache/hadoop/hdfs/server/balancer/TestBalancer.class
2019-09-17 18:33:29,459 [main] DEBUG mortbay.log (Slf4jLog.java:debug(40)) - Skipping entry: org/apache/hadoop/hdfs/server/balancer/TestBalancerRPCDelay.class
2019-09-17 18:33:29,459 [main] DEBUG mortbay.log (Slf4jLog.java:debug(40)) - Skipping entry: org/apache/hadoop/hdfs/server/balancer/TestBalancerWithEncryptedTransfer.class
2019-09-17 18:33:29,460 [main] DEBUG mortbay.log (Slf4jLog.java:debug(40)) - Skipping entry: org/apache/hadoop/hdfs/server/balancer/TestBalancerWithHANameNodes.class
2019-09-17 18:33:29,460 [main] DEBUG mortbay.log (Slf4jLog.java:debug(40)) - Skipping entry: org/apache/hadoop/hdfs/server/balancer/TestBalancerWithMultipleNameNodes$Suite.class
2019-09-17 18:33:29,460 [main] DEBUG mortbay.log (Slf4jLog.java:debug(40)) - Skipping entry: org/apache/hadoop/hdfs/server/balancer/TestBalancerWithMultipleNameNodes.class
2019-09-17 18:33:29,461 [main] DEBUG mortbay.log (Slf4jLog.java:debug(40)) - Skipping entry: org/apache/hadoop/hdfs/server/balancer/TestBalancerWithNodeGroup.class
2019-09-17 18:33:29,461 [main] DEBUG mortbay.log (Slf4jLog.java:debug(40)) - Skipping entry: org/apache/hadoop/hdfs/server/balancer/TestBalancerWithSaslDataTransfer.class
2019-09-17 18:33:29,461 [main] DEBUG mortbay.log (Slf4jLog.java:debug(40)) - Skipping entry: org/apache/hadoop/hdfs/server/balancer/TestKeyManager.class
2019-09-17 18:33:29,461 [main] DEBUG mortbay.log (Slf4jLog.java:debug(40)) - Skipping entry: org/apache/hadoop/hdfs/server/blockmanagement/
2019-09-17 18:33:29,461 [main] DEBUG mortbay.log (Slf4jLog.java:debug(40)) - Skipping entry: org/apache/hadoop/hdfs/server/blockmanagement/BaseReplicationPolicyTest.class
2019-09-17 18:33:29,462 [main] DEBUG mortbay.log (Slf4jLog.java:debug(40)) - Skipping entry: org/apache/hadoop/hdfs/server/blockmanagement/BlockManagerTestUtil.class
2019-09-17 18:33:29,462 [main] DEBUG mortbay.log (Slf4jLog.java:debug(40)) - Skipping entry: org/apache/hadoop/hdfs/server/blockmanagement/TestAvailableSpaceBlockPlacementPolicy.class
2019-09-17 18:33:29,462 [main] DEBUG mortbay.log (Slf4jLog.java:debug(40)) - Skipping entry: org/apache/hadoop/hdfs/server/blockmanagement/TestBlockInfo.class
2019-09-17 18:33:29,463 [main] DEBUG mortbay.log (Slf4jLog.java:debug(40)) - Skipping entry: org/apache/hadoop/hdfs/server/blockmanagement/TestBlockManager$1$1.class
2019-09-17 18:33:29,463 [main] DEBUG mortbay.log (Slf4jLog.java:debug(40)) - Skipping entry: org/apache/hadoop/hdfs/server/blockmanagement/TestBlockManager$1.class
2019-09-17 18:33:29,463 [main] DEBUG mortbay.log (Slf4jLog.java:debug(40)) - Skipping entry: org/apache/hadoop/hdfs/server/blockmanagement/TestBlockManager$2$1.class
2019-09-17 18:33:29,463 [main] DEBUG mortbay.log (Slf4jLog.java:debug(40)) - Skipping entry: org/apache/hadoop/hdfs/server/blockmanagement/TestBlockManager$2.class
2019-09-17 18:33:29,463 [main] DEBUG mortbay.log (Slf4jLog.java:debug(40)) - Skipping entry: org/apache/hadoop/hdfs/server/blockmanagement/TestBlockManager$3.class
2019-09-17 18:33:29,463 [main] DEBUG mortbay.log (Slf4jLog.java:debug(40)) - Skipping entry: org/apache/hadoop/hdfs/server/blockmanagement/TestBlockManager.class
2019-09-17 18:33:29,464 [main] DEBUG mortbay.log (Slf4jLog.java:debug(40)) - Skipping entry: org/apache/hadoop/hdfs/server/blockmanagement/TestBlockManagerSafeMode$1.class
2019-09-17 18:33:29,464 [main] DEBUG mortbay.log (Slf4jLog.java:debug(40)) - Skipping entry: org/apache/hadoop/hdfs/server/blockmanagement/TestBlockManagerSafeMode$2.class
2019-09-17 18:33:29,464 [main] DEBUG mortbay.log (Slf4jLog.java:debug(40)) - Skipping entry: org/apache/hadoop/hdfs/server/blockmanagement/TestBlockManagerSafeMode.class
2019-09-17 18:33:29,465 [main] DEBUG mortbay.log (Slf4jLog.java:debug(40)) - Skipping entry: org/apache/hadoop/hdfs/server/blockmanagement/TestBlockPlacementStatusWithUpgradeDomain.class
2019-09-17 18:33:29,465 [main] DEBUG mortbay.log (Slf4jLog.java:debug(40)) - Skipping entry: org/apache/hadoop/hdfs/server/blockmanagement/TestBlockReportLease$1.class
2019-09-17 18:33:29,465 [main] DEBUG mortbay.log (Slf4jLog.java:debug(40)) - Skipping entry: org/apache/hadoop/hdfs/server/blockmanagement/TestBlockReportLease.class
2019-09-17 18:33:29,465 [main] DEBUG mortbay.log (Slf4jLog.java:debug(40)) - Skipping entry: org/apache/hadoop/hdfs/server/blockmanagement/TestBlockReportRateLimiting$1.class
2019-09-17 18:33:29,465 [main] DEBUG mortbay.log (Slf4jLog.java:debug(40)) - Skipping entry: org/apache/hadoop/hdfs/server/blockmanagement/TestBlockReportRateLimiting$2.class
2019-09-17 18:33:29,466 [main] DEBUG mortbay.log (Slf4jLog.java:debug(40)) - Skipping entry: org/apache/hadoop/hdfs/server/blockmanagement/TestBlockReportRateLimiting$3.class
2019-09-17 18:33:29,466 [main] DEBUG mortbay.log (Slf4jLog.java:debug(40)) - Skipping entry: org/apache/hadoop/hdfs/server/blockmanagement/TestBlockReportRateLimiting.class
2019-09-17 18:33:29,466 [main] DEBUG mortbay.log (Slf4jLog.java:debug(40)) - Skipping entry: org/apache/hadoop/hdfs/server/blockmanagement/TestBlockStatsMXBean.class
2019-09-17 18:33:29,466 [main] DEBUG mortbay.log (Slf4jLog.java:debug(40)) - Skipping entry: org/apache/hadoop/hdfs/server/blockmanagement/TestBlocksWithNotEnoughRacks.class
2019-09-17 18:33:29,466 [main] DEBUG mortbay.log (Slf4jLog.java:debug(40)) - Skipping entry: org/apache/hadoop/hdfs/server/blockmanagement/TestBlockTokenWithDFS$1.class
2019-09-17 18:33:29,466 [main] DEBUG mortbay.log (Slf4jLog.java:debug(40)) - Skipping entry: org/apache/hadoop/hdfs/server/blockmanagement/TestBlockTokenWithDFS.class
2019-09-17 18:33:29,467 [main] DEBUG mortbay.log (Slf4jLog.java:debug(40)) - Skipping entry: org/apache/hadoop/hdfs/server/blockmanagement/TestBlockUnderConstructionFeature.class
2019-09-17 18:33:29,467 [main] DEBUG mortbay.log (Slf4jLog.java:debug(40)) - Skipping entry: org/apache/hadoop/hdfs/server/blockmanagement/TestCachedBlocksList.class
2019-09-17 18:33:29,467 [main] DEBUG mortbay.log (Slf4jLog.java:debug(40)) - Skipping entry: org/apache/hadoop/hdfs/server/blockmanagement/TestComputeInvalidateWork.class
2019-09-17 18:33:29,467 [main] DEBUG mortbay.log (Slf4jLog.java:debug(40)) - Skipping entry: org/apache/hadoop/hdfs/server/blockmanagement/TestCorruptReplicaInfo.class
2019-09-17 18:33:29,468 [main] DEBUG mortbay.log (Slf4jLog.java:debug(40)) - Skipping entry: org/apache/hadoop/hdfs/server/blockmanagement/TestDatanodeDescriptor.class
2019-09-17 18:33:29,468 [main] DEBUG mortbay.log (Slf4jLog.java:debug(40)) - Skipping entry: org/apache/hadoop/hdfs/server/blockmanagement/TestDatanodeManager$MockDfsNetworkTopology.class
2019-09-17 18:33:29,468 [main] DEBUG mortbay.log (Slf4jLog.java:debug(40)) - Skipping entry: org/apache/hadoop/hdfs/server/blockmanagement/TestDatanodeManager$MyResolver.class
2019-09-17 18:33:29,468 [main] DEBUG mortbay.log (Slf4jLog.java:debug(40)) - Skipping entry: org/apache/hadoop/hdfs/server/blockmanagement/TestDatanodeManager.class
2019-09-17 18:33:29,469 [main] DEBUG mortbay.log (Slf4jLog.java:debug(40)) - Skipping entry: org/apache/hadoop/hdfs/server/blockmanagement/TestHeartbeatHandling.class
2019-09-17 18:33:29,469 [main] DEBUG mortbay.log (Slf4jLog.java:debug(40)) - Skipping entry: org/apache/hadoop/hdfs/server/blockmanagement/TestHost2NodesMap.class
2019-09-17 18:33:29,469 [main] DEBUG mortbay.log (Slf4jLog.java:debug(40)) - Skipping entry: org/apache/hadoop/hdfs/server/blockmanagement/TestHostFileManager.class
2019-09-17 18:33:29,469 [main] DEBUG mortbay.log (Slf4jLog.java:debug(40)) - Skipping entry: org/apache/hadoop/hdfs/server/blockmanagement/TestNameNodePrunesMissingStorages$1.class
2019-09-17 18:33:29,470 [main] DEBUG mortbay.log (Slf4jLog.java:debug(40)) - Skipping entry: org/apache/hadoop/hdfs/server/blockmanagement/TestNameNodePrunesMissingStorages$2.class
2019-09-17 18:33:29,470 [main] DEBUG mortbay.log (Slf4jLog.java:debug(40)) - Skipping entry: org/apache/hadoop/hdfs/server/blockmanagement/TestNameNodePrunesMissingStorages.class
2019-09-17 18:33:29,470 [main] DEBUG mortbay.log (Slf4jLog.java:debug(40)) - Skipping entry: org/apache/hadoop/hdfs/server/blockmanagement/TestNodeCount.class
2019-09-17 18:33:29,471 [main] DEBUG mortbay.log (Slf4jLog.java:debug(40)) - Skipping entry: org/apache/hadoop/hdfs/server/blockmanagement/TestOverReplicatedBlocks.class
2019-09-17 18:33:29,473 [main] DEBUG mortbay.log (Slf4jLog.java:debug(40)) - Skipping entry: org/apache/hadoop/hdfs/server/blockmanagement/TestPendingDataNodeMessages.class
2019-09-17 18:33:29,473 [main] DEBUG mortbay.log (Slf4jLog.java:debug(40)) - Skipping entry: org/apache/hadoop/hdfs/server/blockmanagement/TestPendingInvalidateBlock$1.class
2019-09-17 18:33:29,473 [main] DEBUG mortbay.log (Slf4jLog.java:debug(40)) - Skipping entry: org/apache/hadoop/hdfs/server/blockmanagement/TestPendingInvalidateBlock.class
2019-09-17 18:33:29,474 [main] DEBUG mortbay.log (Slf4jLog.java:debug(40)) - Skipping entry: org/apache/hadoop/hdfs/server/blockmanagement/TestPendingRecoveryBlocks.class
2019-09-17 18:33:29,474 [main] DEBUG mortbay.log (Slf4jLog.java:debug(40)) - Skipping entry: org/apache/hadoop/hdfs/server/blockmanagement/TestPendingReplication$1.class
2019-09-17 18:33:29,474 [main] DEBUG mortbay.log (Slf4jLog.java:debug(40)) - Skipping entry: org/apache/hadoop/hdfs/server/blockmanagement/TestPendingReplication.class
2019-09-17 18:33:29,474 [main] DEBUG mortbay.log (Slf4jLog.java:debug(40)) - Skipping entry: org/apache/hadoop/hdfs/server/blockmanagement/TestRBWBlockInvalidation$1.class
2019-09-17 18:33:29,475 [main] DEBUG mortbay.log (Slf4jLog.java:debug(40)) - Skipping entry: org/apache/hadoop/hdfs/server/blockmanagement/TestRBWBlockInvalidation.class
2019-09-17 18:33:29,475 [main] DEBUG mortbay.log (Slf4jLog.java:debug(40)) - Skipping entry: org/apache/hadoop/hdfs/server/blockmanagement/TestReplicationPolicy.class
2019-09-17 18:33:29,475 [main] DEBUG mortbay.log (Slf4jLog.java:debug(40)) - Skipping entry: org/apache/hadoop/hdfs/server/blockmanagement/TestReplicationPolicyConsiderLoad.class
2019-09-17 18:33:29,475 [main] DEBUG mortbay.log (Slf4jLog.java:debug(40)) - Skipping entry: org/apache/hadoop/hdfs/server/blockmanagement/TestReplicationPolicyWithNodeGroup.class
2019-09-17 18:33:29,476 [main] DEBUG mortbay.log (Slf4jLog.java:debug(40)) - Skipping entry: org/apache/hadoop/hdfs/server/blockmanagement/TestReplicationPolicyWithUpgradeDomain.class
2019-09-17 18:33:29,476 [main] DEBUG mortbay.log (Slf4jLog.java:debug(40)) - Skipping entry: org/apache/hadoop/hdfs/server/blockmanagement/TestSequentialBlockId.class
2019-09-17 18:33:29,476 [main] DEBUG mortbay.log (Slf4jLog.java:debug(40)) - Skipping entry: org/apache/hadoop/hdfs/server/blockmanagement/TestSlowDiskTracker$1.class
2019-09-17 18:33:29,476 [main] DEBUG mortbay.log (Slf4jLog.java:debug(40)) - Skipping entry: org/apache/hadoop/hdfs/server/blockmanagement/TestSlowDiskTracker$2.class
2019-09-17 18:33:29,476 [main] DEBUG mortbay.log (Slf4jLog.java:debug(40)) - Skipping entry: org/apache/hadoop/hdfs/server/blockmanagement/TestSlowDiskTracker$3.class
2019-09-17 18:33:29,476 [main] DEBUG mortbay.log (Slf4jLog.java:debug(40)) - Skipping entry: org/apache/hadoop/hdfs/server/blockmanagement/TestSlowDiskTracker$4.class
2019-09-17 18:33:29,476 [main] DEBUG mortbay.log (Slf4jLog.java:debug(40)) - Skipping entry: org/apache/hadoop/hdfs/server/blockmanagement/TestSlowDiskTracker$5.class
2019-09-17 18:33:29,477 [main] DEBUG mortbay.log (Slf4jLog.java:debug(40)) - Skipping entry: org/apache/hadoop/hdfs/server/blockmanagement/TestSlowDiskTracker$6.class
2019-09-17 18:33:29,477 [main] DEBUG mortbay.log (Slf4jLog.java:debug(40)) - Skipping entry: org/apache/hadoop/hdfs/server/blockmanagement/TestSlowDiskTracker$7.class
2019-09-17 18:33:29,477 [main] DEBUG mortbay.log (Slf4jLog.java:debug(40)) - Skipping entry: org/apache/hadoop/hdfs/server/blockmanagement/TestSlowDiskTracker$8.class
2019-09-17 18:33:29,477 [main] DEBUG mortbay.log (Slf4jLog.java:debug(40)) - Skipping entry: org/apache/hadoop/hdfs/server/blockmanagement/TestSlowDiskTracker$9.class
2019-09-17 18:33:29,477 [main] DEBUG mortbay.log (Slf4jLog.java:debug(40)) - Skipping entry: org/apache/hadoop/hdfs/server/blockmanagement/TestSlowDiskTracker.class
2019-09-17 18:33:29,477 [main] DEBUG mortbay.log (Slf4jLog.java:debug(40)) - Skipping entry: org/apache/hadoop/hdfs/server/blockmanagement/TestSlowPeerTracker$1.class
2019-09-17 18:33:29,477 [main] DEBUG mortbay.log (Slf4jLog.java:debug(40)) - Skipping entry: org/apache/hadoop/hdfs/server/blockmanagement/TestSlowPeerTracker.class
2019-09-17 18:33:29,478 [main] DEBUG mortbay.log (Slf4jLog.java:debug(40)) - Skipping entry: org/apache/hadoop/hdfs/server/blockmanagement/TestUnderReplicatedBlockQueues.class
2019-09-17 18:33:29,478 [main] DEBUG mortbay.log (Slf4jLog.java:debug(40)) - Skipping entry: org/apache/hadoop/hdfs/server/blockmanagement/TestUnderReplicatedBlocks.class
2019-09-17 18:33:29,478 [main] DEBUG mortbay.log (Slf4jLog.java:debug(40)) - Skipping entry: org/apache/hadoop/hdfs/server/common/
2019-09-17 18:33:29,478 [main] DEBUG mortbay.log (Slf4jLog.java:debug(40)) - Skipping entry: org/apache/hadoop/hdfs/server/common/StorageAdapter.class
2019-09-17 18:33:29,478 [main] DEBUG mortbay.log (Slf4jLog.java:debug(40)) - Skipping entry: org/apache/hadoop/hdfs/server/common/TestGetUriFromString.class
2019-09-17 18:33:29,478 [main] DEBUG mortbay.log (Slf4jLog.java:debug(40)) - Skipping entry: org/apache/hadoop/hdfs/server/common/TestJspHelper$DummySecretManager.class
2019-09-17 18:33:29,478 [main] DEBUG mortbay.log (Slf4jLog.java:debug(40)) - Skipping entry: org/apache/hadoop/hdfs/server/common/TestJspHelper.class
2019-09-17 18:33:29,479 [main] DEBUG mortbay.log (Slf4jLog.java:debug(40)) - Skipping entry: org/apache/hadoop/hdfs/server/datanode/
2019-09-17 18:33:29,479 [main] DEBUG mortbay.log (Slf4jLog.java:debug(40)) - Skipping entry: org/apache/hadoop/hdfs/server/datanode/BlockReportTestBase$1.class
2019-09-17 18:33:29,479 [main] DEBUG mortbay.log (Slf4jLog.java:debug(40)) - Skipping entry: org/apache/hadoop/hdfs/server/datanode/BlockReportTestBase$2.class
2019-09-17 18:33:29,479 [main] DEBUG mortbay.log (Slf4jLog.java:debug(40)) - Skipping entry: org/apache/hadoop/hdfs/server/datanode/BlockReportTestBase$BlockChecker.class
2019-09-17 18:33:29,482 [main] DEBUG mortbay.log (Slf4jLog.java:debug(40)) - Skipping entry: org/apache/hadoop/hdfs/server/datanode/BlockReportTestBase$MyFileFilter.class
2019-09-17 18:33:29,482 [main] DEBUG mortbay.log (Slf4jLog.java:debug(40)) - Skipping entry: org/apache/hadoop/hdfs/server/datanode/BlockReportTestBase.class
2019-09-17 18:33:29,482 [main] DEBUG mortbay.log (Slf4jLog.java:debug(40)) - Skipping entry: org/apache/hadoop/hdfs/server/datanode/checker/
2019-09-17 18:33:29,483 [main] DEBUG mortbay.log (Slf4jLog.java:debug(40)) - Skipping entry: org/apache/hadoop/hdfs/server/datanode/checker/TestDatasetVolumeChecker$1.class
2019-09-17 18:33:29,483 [main] DEBUG mortbay.log (Slf4jLog.java:debug(40)) - Skipping entry: org/apache/hadoop/hdfs/server/datanode/checker/TestDatasetVolumeChecker$DummyChecker.class
2019-09-17 18:33:29,483 [main] DEBUG mortbay.log (Slf4jLog.java:debug(40)) - Skipping entry: org/apache/hadoop/hdfs/server/datanode/checker/TestDatasetVolumeChecker.class
2019-09-17 18:33:29,483 [main] DEBUG mortbay.log (Slf4jLog.java:debug(40)) - Skipping entry: org/apache/hadoop/hdfs/server/datanode/checker/TestDatasetVolumeCheckerFailures$1.class
2019-09-17 18:33:29,483 [main] DEBUG mortbay.log (Slf4jLog.java:debug(40)) - Skipping entry: org/apache/hadoop/hdfs/server/datanode/checker/TestDatasetVolumeCheckerFailures.class
2019-09-17 18:33:29,483 [main] DEBUG mortbay.log (Slf4jLog.java:debug(40)) - Skipping entry: org/apache/hadoop/hdfs/server/datanode/checker/TestDatasetVolumeCheckerTimeout$1.class
2019-09-17 18:33:29,483 [main] DEBUG mortbay.log (Slf4jLog.java:debug(40)) - Skipping entry: org/apache/hadoop/hdfs/server/datanode/checker/TestDatasetVolumeCheckerTimeout$2.class
2019-09-17 18:33:29,484 [main] DEBUG mortbay.log (Slf4jLog.java:debug(40)) - Skipping entry: org/apache/hadoop/hdfs/server/datanode/checker/TestDatasetVolumeCheckerTimeout.class
2019-09-17 18:33:29,484 [main] DEBUG mortbay.log (Slf4jLog.java:debug(40)) - Skipping entry: org/apache/hadoop/hdfs/server/datanode/checker/TestStorageLocationChecker$1.class
2019-09-17 18:33:29,490 [main] DEBUG mortbay.log (Slf4jLog.java:debug(40)) - Skipping entry: org/apache/hadoop/hdfs/server/datanode/checker/TestStorageLocationChecker.class
2019-09-17 18:33:29,490 [main] DEBUG mortbay.log (Slf4jLog.java:debug(40)) - Skipping entry: org/apache/hadoop/hdfs/server/datanode/checker/TestThrottledAsyncChecker$1.class
2019-09-17 18:33:29,490 [main] DEBUG mortbay.log (Slf4jLog.java:debug(40)) - Skipping entry: org/apache/hadoop/hdfs/server/datanode/checker/TestThrottledAsyncChecker$DummyException.class
2019-09-17 18:33:29,491 [main] DEBUG mortbay.log (Slf4jLog.java:debug(40)) - Skipping entry: org/apache/hadoop/hdfs/server/datanode/checker/TestThrottledAsyncChecker$NoOpCheckable.class
2019-09-17 18:33:29,491 [main] DEBUG mortbay.log (Slf4jLog.java:debug(40)) - Skipping entry: org/apache/hadoop/hdfs/server/datanode/checker/TestThrottledAsyncChecker$StalledCheckable.class
2019-09-17 18:33:29,491 [main] DEBUG mortbay.log (Slf4jLog.java:debug(40)) - Skipping entry: org/apache/hadoop/hdfs/server/datanode/checker/TestThrottledAsyncChecker$TestCheckableBase.class
2019-09-17 18:33:29,491 [main] DEBUG mortbay.log (Slf4jLog.java:debug(40)) - Skipping entry: org/apache/hadoop/hdfs/server/datanode/checker/TestThrottledAsyncChecker$ThrowingCheckable.class
2019-09-17 18:33:29,491 [main] DEBUG mortbay.log (Slf4jLog.java:debug(40)) - Skipping entry: org/apache/hadoop/hdfs/server/datanode/checker/TestThrottledAsyncChecker.class
2019-09-17 18:33:29,491 [main] DEBUG mortbay.log (Slf4jLog.java:debug(40)) - Skipping entry: org/apache/hadoop/hdfs/server/datanode/checker/TestThrottledAsyncCheckerTimeout$1.class
2019-09-17 18:33:29,491 [main] DEBUG mortbay.log (Slf4jLog.java:debug(40)) - Skipping entry: org/apache/hadoop/hdfs/server/datanode/checker/TestThrottledAsyncCheckerTimeout$2.class
2019-09-17 18:33:29,492 [main] DEBUG mortbay.log (Slf4jLog.java:debug(40)) - Skipping entry: org/apache/hadoop/hdfs/server/datanode/checker/TestThrottledAsyncCheckerTimeout$DummyCheckable.class
2019-09-17 18:33:29,492 [main] DEBUG mortbay.log (Slf4jLog.java:debug(40)) - Skipping entry: org/apache/hadoop/hdfs/server/datanode/checker/TestThrottledAsyncCheckerTimeout.class
2019-09-17 18:33:29,492 [main] DEBUG mortbay.log (Slf4jLog.java:debug(40)) - Skipping entry: org/apache/hadoop/hdfs/server/datanode/DataNodeTestUtils$1.class
2019-09-17 18:33:29,492 [main] DEBUG mortbay.log (Slf4jLog.java:debug(40)) - Skipping entry: org/apache/hadoop/hdfs/server/datanode/DataNodeTestUtils.class
2019-09-17 18:33:29,492 [main] DEBUG mortbay.log (Slf4jLog.java:debug(40)) - Skipping entry: org/apache/hadoop/hdfs/server/datanode/extdataset/
2019-09-17 18:33:29,492 [main] DEBUG mortbay.log (Slf4jLog.java:debug(40)) - Skipping entry: org/apache/hadoop/hdfs/server/datanode/extdataset/ExternalDatasetImpl.class
2019-09-17 18:33:29,493 [main] DEBUG mortbay.log (Slf4jLog.java:debug(40)) - Skipping entry: org/apache/hadoop/hdfs/server/datanode/extdataset/ExternalReplica.class
2019-09-17 18:33:29,493 [main] DEBUG mortbay.log (Slf4jLog.java:debug(40)) - Skipping entry: org/apache/hadoop/hdfs/server/datanode/extdataset/ExternalReplicaInPipeline.class
2019-09-17 18:33:29,493 [main] DEBUG mortbay.log (Slf4jLog.java:debug(40)) - Skipping entry: org/apache/hadoop/hdfs/server/datanode/extdataset/ExternalVolumeImpl.class
2019-09-17 18:33:29,495 [main] DEBUG mortbay.log (Slf4jLog.java:debug(40)) - Skipping entry: org/apache/hadoop/hdfs/server/datanode/extdataset/TestExternalDataset.class
2019-09-17 18:33:29,495 [main] DEBUG mortbay.log (Slf4jLog.java:debug(40)) - Skipping entry: org/apache/hadoop/hdfs/server/datanode/fsdataset/
2019-09-17 18:33:29,495 [main] DEBUG mortbay.log (Slf4jLog.java:debug(40)) - Skipping entry: org/apache/hadoop/hdfs/server/datanode/fsdataset/impl/
2019-09-17 18:33:29,496 [main] DEBUG mortbay.log (Slf4jLog.java:debug(40)) - Skipping entry: org/apache/hadoop/hdfs/server/datanode/fsdataset/impl/FsDatasetImplTestUtils$FsDatasetImplMaterializedReplica.class
2019-09-17 18:33:29,496 [main] DEBUG mortbay.log (Slf4jLog.java:debug(40)) - Skipping entry: org/apache/hadoop/hdfs/server/datanode/fsdataset/impl/FsDatasetImplTestUtils.class
2019-09-17 18:33:29,496 [main] DEBUG mortbay.log (Slf4jLog.java:debug(40)) - Skipping entry: org/apache/hadoop/hdfs/server/datanode/fsdataset/impl/FsDatasetTestUtil.class
2019-09-17 18:33:29,496 [main] DEBUG mortbay.log (Slf4jLog.java:debug(40)) - Skipping entry: org/apache/hadoop/hdfs/server/datanode/fsdataset/impl/LazyPersistTestCase$1.class
2019-09-17 18:33:29,496 [main] DEBUG mortbay.log (Slf4jLog.java:debug(40)) - Skipping entry: org/apache/hadoop/hdfs/server/datanode/fsdataset/impl/LazyPersistTestCase$2.class
2019-09-17 18:33:29,497 [main] DEBUG mortbay.log (Slf4jLog.java:debug(40)) - Skipping entry: org/apache/hadoop/hdfs/server/datanode/fsdataset/impl/LazyPersistTestCase$ClusterWithRamDiskBuilder.class
2019-09-17 18:33:29,497 [main] DEBUG mortbay.log (Slf4jLog.java:debug(40)) - Skipping entry: org/apache/hadoop/hdfs/server/datanode/fsdataset/impl/LazyPersistTestCase.class
2019-09-17 18:33:29,497 [main] DEBUG mortbay.log (Slf4jLog.java:debug(40)) - Skipping entry: org/apache/hadoop/hdfs/server/datanode/fsdataset/impl/TestDatanodeRestart$1.class
2019-09-17 18:33:29,497 [main] DEBUG mortbay.log (Slf4jLog.java:debug(40)) - Skipping entry: org/apache/hadoop/hdfs/server/datanode/fsdataset/impl/TestDatanodeRestart.class
2019-09-17 18:33:29,497 [main] DEBUG mortbay.log (Slf4jLog.java:debug(40)) - Skipping entry: org/apache/hadoop/hdfs/server/datanode/fsdataset/impl/TestFsDatasetImpl$1.class
2019-09-17 18:33:29,498 [main] DEBUG mortbay.log (Slf4jLog.java:debug(40)) - Skipping entry: org/apache/hadoop/hdfs/server/datanode/fsdataset/impl/TestFsDatasetImpl$1BlockReportThread.class
2019-09-17 18:33:29,498 [main] DEBUG mortbay.log (Slf4jLog.java:debug(40)) - Skipping entry: org/apache/hadoop/hdfs/server/datanode/fsdataset/impl/TestFsDatasetImpl$1ResponderThread.class
2019-09-17 18:33:29,498 [main] DEBUG mortbay.log (Slf4jLog.java:debug(40)) - Skipping entry: org/apache/hadoop/hdfs/server/datanode/fsdataset/impl/TestFsDatasetImpl$1VolRemoveThread.class
2019-09-17 18:33:29,498 [main] DEBUG mortbay.log (Slf4jLog.java:debug(40)) - Skipping entry: org/apache/hadoop/hdfs/server/datanode/fsdataset/impl/TestFsDatasetImpl$2.class
2019-09-17 18:33:29,498 [main] DEBUG mortbay.log (Slf4jLog.java:debug(40)) - Skipping entry: org/apache/hadoop/hdfs/server/datanode/fsdataset/impl/TestFsDatasetImpl.class
2019-09-17 18:33:29,499 [main] DEBUG mortbay.log (Slf4jLog.java:debug(40)) - Skipping entry: org/apache/hadoop/hdfs/server/datanode/fsdataset/impl/TestFsVolumeList$1.class
2019-09-17 18:33:29,499 [main] DEBUG mortbay.log (Slf4jLog.java:debug(40)) - Skipping entry: org/apache/hadoop/hdfs/server/datanode/fsdataset/impl/TestFsVolumeList$2.class
2019-09-17 18:33:29,499 [main] DEBUG mortbay.log (Slf4jLog.java:debug(40)) - Skipping entry: org/apache/hadoop/hdfs/server/datanode/fsdataset/impl/TestFsVolumeList.class
2019-09-17 18:33:29,500 [main] DEBUG mortbay.log (Slf4jLog.java:debug(40)) - Skipping entry: org/apache/hadoop/hdfs/server/datanode/fsdataset/impl/TestInterDatanodeProtocol$TestServer.class
2019-09-17 18:33:29,500 [main] DEBUG mortbay.log (Slf4jLog.java:debug(40)) - Skipping entry: org/apache/hadoop/hdfs/server/datanode/fsdataset/impl/TestInterDatanodeProtocol.class
2019-09-17 18:33:29,500 [main] DEBUG mortbay.log (Slf4jLog.java:debug(40)) - Skipping entry: org/apache/hadoop/hdfs/server/datanode/fsdataset/impl/TestLazyPersistFiles$1.class
2019-09-17 18:33:29,501 [main] DEBUG mortbay.log (Slf4jLog.java:debug(40)) - Skipping entry: org/apache/hadoop/hdfs/server/datanode/fsdataset/impl/TestLazyPersistFiles$WriterRunnable.class
2019-09-17 18:33:29,501 [main] DEBUG mortbay.log (Slf4jLog.java:debug(40)) - Skipping entry: org/apache/hadoop/hdfs/server/datanode/fsdataset/impl/TestLazyPersistFiles.class
2019-09-17 18:33:29,501 [main] DEBUG mortbay.log (Slf4jLog.java:debug(40)) - Skipping entry: org/apache/hadoop/hdfs/server/datanode/fsdataset/impl/TestLazyPersistLockedMemory$1.class
2019-09-17 18:33:29,501 [main] DEBUG mortbay.log (Slf4jLog.java:debug(40)) - Skipping entry: org/apache/hadoop/hdfs/server/datanode/fsdataset/impl/TestLazyPersistLockedMemory.class
2019-09-17 18:33:29,502 [main] DEBUG mortbay.log (Slf4jLog.java:debug(40)) - Skipping entry: org/apache/hadoop/hdfs/server/datanode/fsdataset/impl/TestLazyPersistPolicy.class
2019-09-17 18:33:29,502 [main] DEBUG mortbay.log (Slf4jLog.java:debug(40)) - Skipping entry: org/apache/hadoop/hdfs/server/datanode/fsdataset/impl/TestLazyPersistReplicaPlacement.class
2019-09-17 18:33:29,502 [main] DEBUG mortbay.log (Slf4jLog.java:debug(40)) - Skipping entry: org/apache/hadoop/hdfs/server/datanode/fsdataset/impl/TestLazyPersistReplicaRecovery.class
2019-09-17 18:33:29,502 [main] DEBUG mortbay.log (Slf4jLog.java:debug(40)) - Skipping entry: org/apache/hadoop/hdfs/server/datanode/fsdataset/impl/TestLazyWriter.class
2019-09-17 18:33:29,503 [main] DEBUG mortbay.log (Slf4jLog.java:debug(40)) - Skipping entry: org/apache/hadoop/hdfs/server/datanode/fsdataset/impl/TestReplicaCachingGetSpaceUsed.class
2019-09-17 18:33:29,503 [main] DEBUG mortbay.log (Slf4jLog.java:debug(40)) - Skipping entry: org/apache/hadoop/hdfs/server/datanode/fsdataset/impl/TestReplicaMap.class
2019-09-17 18:33:29,503 [main] DEBUG mortbay.log (Slf4jLog.java:debug(40)) - Skipping entry: org/apache/hadoop/hdfs/server/datanode/fsdataset/impl/TestReservedSpaceCalculator.class
2019-09-17 18:33:29,504 [main] DEBUG mortbay.log (Slf4jLog.java:debug(40)) - Skipping entry: org/apache/hadoop/hdfs/server/datanode/fsdataset/impl/TestScrLazyPersistFiles.class
2019-09-17 18:33:29,504 [main] DEBUG mortbay.log (Slf4jLog.java:debug(40)) - Skipping entry: org/apache/hadoop/hdfs/server/datanode/fsdataset/impl/TestSpaceReservation$1.class
2019-09-17 18:33:29,504 [main] DEBUG mortbay.log (Slf4jLog.java:debug(40)) - Skipping entry: org/apache/hadoop/hdfs/server/datanode/fsdataset/impl/TestSpaceReservation$2.class
2019-09-17 18:33:29,504 [main] DEBUG mortbay.log (Slf4jLog.java:debug(40)) - Skipping entry: org/apache/hadoop/hdfs/server/datanode/fsdataset/impl/TestSpaceReservation$3.class
2019-09-17 18:33:29,504 [main] DEBUG mortbay.log (Slf4jLog.java:debug(40)) - Skipping entry: org/apache/hadoop/hdfs/server/datanode/fsdataset/impl/TestSpaceReservation$4.class
2019-09-17 18:33:29,505 [main] DEBUG mortbay.log (Slf4jLog.java:debug(40)) - Skipping entry: org/apache/hadoop/hdfs/server/datanode/fsdataset/impl/TestSpaceReservation$5.class
2019-09-17 18:33:29,505 [main] DEBUG mortbay.log (Slf4jLog.java:debug(40)) - Skipping entry: org/apache/hadoop/hdfs/server/datanode/fsdataset/impl/TestSpaceReservation$Writer.class
2019-09-17 18:33:29,505 [main] DEBUG mortbay.log (Slf4jLog.java:debug(40)) - Skipping entry: org/apache/hadoop/hdfs/server/datanode/fsdataset/impl/TestSpaceReservation.class
2019-09-17 18:33:29,506 [main] DEBUG mortbay.log (Slf4jLog.java:debug(40)) - Skipping entry: org/apache/hadoop/hdfs/server/datanode/fsdataset/impl/TestWriteToReplica.class
2019-09-17 18:33:29,506 [main] DEBUG mortbay.log (Slf4jLog.java:debug(40)) - Skipping entry: org/apache/hadoop/hdfs/server/datanode/fsdataset/TestAvailableSpaceVolumeChoosingPolicy.class
2019-09-17 18:33:29,506 [main] DEBUG mortbay.log (Slf4jLog.java:debug(40)) - Skipping entry: org/apache/hadoop/hdfs/server/datanode/fsdataset/TestRoundRobinVolumeChoosingPolicy.class
2019-09-17 18:33:29,507 [main] DEBUG mortbay.log (Slf4jLog.java:debug(40)) - Skipping entry: org/apache/hadoop/hdfs/server/datanode/FsDatasetImplTestUtilsFactory.class
2019-09-17 18:33:29,507 [main] DEBUG mortbay.log (Slf4jLog.java:debug(40)) - Skipping entry: org/apache/hadoop/hdfs/server/datanode/FsDatasetTestUtils$Factory.class
2019-09-17 18:33:29,507 [main] DEBUG mortbay.log (Slf4jLog.java:debug(40)) - Skipping entry: org/apache/hadoop/hdfs/server/datanode/FsDatasetTestUtils$MaterializedReplica.class
2019-09-17 18:33:29,507 [main] DEBUG mortbay.log (Slf4jLog.java:debug(40)) - Skipping entry: org/apache/hadoop/hdfs/server/datanode/FsDatasetTestUtils.class
2019-09-17 18:33:29,507 [main] DEBUG mortbay.log (Slf4jLog.java:debug(40)) - Skipping entry: org/apache/hadoop/hdfs/server/datanode/InternalDataNodeTestUtils$1.class
2019-09-17 18:33:29,507 [main] DEBUG mortbay.log (Slf4jLog.java:debug(40)) - Skipping entry: org/apache/hadoop/hdfs/server/datanode/InternalDataNodeTestUtils$2.class
2019-09-17 18:33:29,507 [main] DEBUG mortbay.log (Slf4jLog.java:debug(40)) - Skipping entry: org/apache/hadoop/hdfs/server/datanode/InternalDataNodeTestUtils.class
2019-09-17 18:33:29,508 [main] DEBUG mortbay.log (Slf4jLog.java:debug(40)) - Skipping entry: org/apache/hadoop/hdfs/server/datanode/metrics/
2019-09-17 18:33:29,508 [main] DEBUG mortbay.log (Slf4jLog.java:debug(40)) - Skipping entry: org/apache/hadoop/hdfs/server/datanode/metrics/TestDataNodeOutlierDetectionViaMetrics$1.class
2019-09-17 18:33:29,508 [main] DEBUG mortbay.log (Slf4jLog.java:debug(40)) - Skipping entry: org/apache/hadoop/hdfs/server/datanode/metrics/TestDataNodeOutlierDetectionViaMetrics.class
2019-09-17 18:33:29,508 [main] DEBUG mortbay.log (Slf4jLog.java:debug(40)) - Skipping entry: org/apache/hadoop/hdfs/server/datanode/metrics/TestSlowNodeDetector$Pair.class
2019-09-17 18:33:29,508 [main] DEBUG mortbay.log (Slf4jLog.java:debug(40)) - Skipping entry: org/apache/hadoop/hdfs/server/datanode/metrics/TestSlowNodeDetector.class
2019-09-17 18:33:29,508 [main] DEBUG mortbay.log (Slf4jLog.java:debug(40)) - Skipping entry: org/apache/hadoop/hdfs/server/datanode/SimulatedFSDataset$BInfo.class
2019-09-17 18:33:29,509 [main] DEBUG mortbay.log (Slf4jLog.java:debug(40)) - Skipping entry: org/apache/hadoop/hdfs/server/datanode/SimulatedFSDataset$Factory.class
2019-09-17 18:33:29,509 [main] DEBUG mortbay.log (Slf4jLog.java:debug(40)) - Skipping entry: org/apache/hadoop/hdfs/server/datanode/SimulatedFSDataset$SimulatedBPStorage.class
2019-09-17 18:33:29,509 [main] DEBUG mortbay.log (Slf4jLog.java:debug(40)) - Skipping entry: org/apache/hadoop/hdfs/server/datanode/SimulatedFSDataset$SimulatedInputStream.class
2019-09-17 18:33:29,509 [main] DEBUG mortbay.log (Slf4jLog.java:debug(40)) - Skipping entry: org/apache/hadoop/hdfs/server/datanode/SimulatedFSDataset$SimulatedOutputStream.class
2019-09-17 18:33:29,509 [main] DEBUG mortbay.log (Slf4jLog.java:debug(40)) - Skipping entry: org/apache/hadoop/hdfs/server/datanode/SimulatedFSDataset$SimulatedStorage.class
2019-09-17 18:33:29,510 [main] DEBUG mortbay.log (Slf4jLog.java:debug(40)) - Skipping entry: org/apache/hadoop/hdfs/server/datanode/SimulatedFSDataset$SimulatedVolume$1.class
2019-09-17 18:33:29,510 [main] DEBUG mortbay.log (Slf4jLog.java:debug(40)) - Skipping entry: org/apache/hadoop/hdfs/server/datanode/SimulatedFSDataset$SimulatedVolume.class
2019-09-17 18:33:29,510 [main] DEBUG mortbay.log (Slf4jLog.java:debug(40)) - Skipping entry: org/apache/hadoop/hdfs/server/datanode/SimulatedFSDataset$TestUtilsFactory$1.class
2019-09-17 18:33:29,510 [main] DEBUG mortbay.log (Slf4jLog.java:debug(40)) - Skipping entry: org/apache/hadoop/hdfs/server/datanode/SimulatedFSDataset$TestUtilsFactory.class
2019-09-17 18:33:29,510 [main] DEBUG mortbay.log (Slf4jLog.java:debug(40)) - Skipping entry: org/apache/hadoop/hdfs/server/datanode/SimulatedFSDataset.class
2019-09-17 18:33:29,511 [main] DEBUG mortbay.log (Slf4jLog.java:debug(40)) - Skipping entry: org/apache/hadoop/hdfs/server/datanode/TestBatchIbr$1.class
2019-09-17 18:33:29,511 [main] DEBUG mortbay.log (Slf4jLog.java:debug(40)) - Skipping entry: org/apache/hadoop/hdfs/server/datanode/TestBatchIbr$2.class
2019-09-17 18:33:29,511 [main] DEBUG mortbay.log (Slf4jLog.java:debug(40)) - Skipping entry: org/apache/hadoop/hdfs/server/datanode/TestBatchIbr$3.class
2019-09-17 18:33:29,512 [main] DEBUG mortbay.log (Slf4jLog.java:debug(40)) - Skipping entry: org/apache/hadoop/hdfs/server/datanode/TestBatchIbr$ThreadLocalBuffer.class
2019-09-17 18:33:29,512 [main] DEBUG mortbay.log (Slf4jLog.java:debug(40)) - Skipping entry: org/apache/hadoop/hdfs/server/datanode/TestBatchIbr.class
2019-09-17 18:33:29,512 [main] DEBUG mortbay.log (Slf4jLog.java:debug(40)) - Skipping entry: org/apache/hadoop/hdfs/server/datanode/TestBlockCountersInPendingIBR.class
2019-09-17 18:33:29,512 [main] DEBUG mortbay.log (Slf4jLog.java:debug(40)) - Skipping entry: org/apache/hadoop/hdfs/server/datanode/TestBlockHasMultipleReplicasOnSameDN.class
2019-09-17 18:33:29,512 [main] DEBUG mortbay.log (Slf4jLog.java:debug(40)) - Skipping entry: org/apache/hadoop/hdfs/server/datanode/TestBlockPoolManager$1$1.class
2019-09-17 18:33:29,513 [main] DEBUG mortbay.log (Slf4jLog.java:debug(40)) - Skipping entry: org/apache/hadoop/hdfs/server/datanode/TestBlockPoolManager$1$2.class
2019-09-17 18:33:29,513 [main] DEBUG mortbay.log (Slf4jLog.java:debug(40)) - Skipping entry: org/apache/hadoop/hdfs/server/datanode/TestBlockPoolManager$1.class
2019-09-17 18:33:29,513 [main] DEBUG mortbay.log (Slf4jLog.java:debug(40)) - Skipping entry: org/apache/hadoop/hdfs/server/datanode/TestBlockPoolManager.class
2019-09-17 18:33:29,513 [main] DEBUG mortbay.log (Slf4jLog.java:debug(40)) - Skipping entry: org/apache/hadoop/hdfs/server/datanode/TestBlockPoolSliceStorage$StubBlockPoolSliceStorage.class
2019-09-17 18:33:29,513 [main] DEBUG mortbay.log (Slf4jLog.java:debug(40)) - Skipping entry: org/apache/hadoop/hdfs/server/datanode/TestBlockPoolSliceStorage.class
2019-09-17 18:33:29,513 [main] DEBUG mortbay.log (Slf4jLog.java:debug(40)) - Skipping entry: org/apache/hadoop/hdfs/server/datanode/TestBlockRecovery$1.class
2019-09-17 18:33:29,513 [main] DEBUG mortbay.log (Slf4jLog.java:debug(40)) - Skipping entry: org/apache/hadoop/hdfs/server/datanode/TestBlockRecovery$10.class
2019-09-17 18:33:29,514 [main] DEBUG mortbay.log (Slf4jLog.java:debug(40)) - Skipping entry: org/apache/hadoop/hdfs/server/datanode/TestBlockRecovery$11.class
2019-09-17 18:33:29,514 [main] DEBUG mortbay.log (Slf4jLog.java:debug(40)) - Skipping entry: org/apache/hadoop/hdfs/server/datanode/TestBlockRecovery$12.class
2019-09-17 18:33:29,514 [main] DEBUG mortbay.log (Slf4jLog.java:debug(40)) - Skipping entry: org/apache/hadoop/hdfs/server/datanode/TestBlockRecovery$13.class
2019-09-17 18:33:29,514 [main] DEBUG mortbay.log (Slf4jLog.java:debug(40)) - Skipping entry: org/apache/hadoop/hdfs/server/datanode/TestBlockRecovery$2.class
2019-09-17 18:33:29,514 [main] DEBUG mortbay.log (Slf4jLog.java:debug(40)) - Skipping entry: org/apache/hadoop/hdfs/server/datanode/TestBlockRecovery$3.class
2019-09-17 18:33:29,515 [main] DEBUG mortbay.log (Slf4jLog.java:debug(40)) - Skipping entry: org/apache/hadoop/hdfs/server/datanode/TestBlockRecovery$4.class
2019-09-17 18:33:29,515 [main] DEBUG mortbay.log (Slf4jLog.java:debug(40)) - Skipping entry: org/apache/hadoop/hdfs/server/datanode/TestBlockRecovery$5.class
2019-09-17 18:33:29,515 [main] DEBUG mortbay.log (Slf4jLog.java:debug(40)) - Skipping entry: org/apache/hadoop/hdfs/server/datanode/TestBlockRecovery$6.class
2019-09-17 18:33:29,515 [main] DEBUG mortbay.log (Slf4jLog.java:debug(40)) - Skipping entry: org/apache/hadoop/hdfs/server/datanode/TestBlockRecovery$7.class
2019-09-17 18:33:29,515 [main] DEBUG mortbay.log (Slf4jLog.java:debug(40)) - Skipping entry: org/apache/hadoop/hdfs/server/datanode/TestBlockRecovery$8.class
2019-09-17 18:33:29,515 [main] DEBUG mortbay.log (Slf4jLog.java:debug(40)) - Skipping entry: org/apache/hadoop/hdfs/server/datanode/TestBlockRecovery$9.class
2019-09-17 18:33:29,515 [main] DEBUG mortbay.log (Slf4jLog.java:debug(40)) - Skipping entry: org/apache/hadoop/hdfs/server/datanode/TestBlockRecovery$TestStopWorkerRunnable.class
2019-09-17 18:33:29,515 [main] DEBUG mortbay.log (Slf4jLog.java:debug(40)) - Skipping entry: org/apache/hadoop/hdfs/server/datanode/TestBlockRecovery$TestStopWorkerSemaphore.class
2019-09-17 18:33:29,516 [main] DEBUG mortbay.log (Slf4jLog.java:debug(40)) - Skipping entry: org/apache/hadoop/hdfs/server/datanode/TestBlockRecovery.class
2019-09-17 18:33:29,516 [main] DEBUG mortbay.log (Slf4jLog.java:debug(40)) - Skipping entry: org/apache/hadoop/hdfs/server/datanode/TestBlockReplacement.class
2019-09-17 18:33:29,516 [main] DEBUG mortbay.log (Slf4jLog.java:debug(40)) - Skipping entry: org/apache/hadoop/hdfs/server/datanode/TestBlockScanner$1.class
2019-09-17 18:33:29,516 [main] DEBUG mortbay.log (Slf4jLog.java:debug(40)) - Skipping entry: org/apache/hadoop/hdfs/server/datanode/TestBlockScanner$10.class
2019-09-17 18:33:29,516 [main] DEBUG mortbay.log (Slf4jLog.java:debug(40)) - Skipping entry: org/apache/hadoop/hdfs/server/datanode/TestBlockScanner$11.class
2019-09-17 18:33:29,517 [main] DEBUG mortbay.log (Slf4jLog.java:debug(40)) - Skipping entry: org/apache/hadoop/hdfs/server/datanode/TestBlockScanner$2.class
2019-09-17 18:33:29,517 [main] DEBUG mortbay.log (Slf4jLog.java:debug(40)) - Skipping entry: org/apache/hadoop/hdfs/server/datanode/TestBlockScanner$3.class
2019-09-17 18:33:29,517 [main] DEBUG mortbay.log (Slf4jLog.java:debug(40)) - Skipping entry: org/apache/hadoop/hdfs/server/datanode/TestBlockScanner$4.class
2019-09-17 18:33:29,517 [main] DEBUG mortbay.log (Slf4jLog.java:debug(40)) - Skipping entry: org/apache/hadoop/hdfs/server/datanode/TestBlockScanner$5.class
2019-09-17 18:33:29,517 [main] DEBUG mortbay.log (Slf4jLog.java:debug(40)) - Skipping entry: org/apache/hadoop/hdfs/server/datanode/TestBlockScanner$6.class
2019-09-17 18:33:29,517 [main] DEBUG mortbay.log (Slf4jLog.java:debug(40)) - Skipping entry: org/apache/hadoop/hdfs/server/datanode/TestBlockScanner$7.class
2019-09-17 18:33:29,517 [main] DEBUG mortbay.log (Slf4jLog.java:debug(40)) - Skipping entry: org/apache/hadoop/hdfs/server/datanode/TestBlockScanner$8.class
2019-09-17 18:33:29,517 [main] DEBUG mortbay.log (Slf4jLog.java:debug(40)) - Skipping entry: org/apache/hadoop/hdfs/server/datanode/TestBlockScanner$9.class
2019-09-17 18:33:29,518 [main] DEBUG mortbay.log (Slf4jLog.java:debug(40)) - Skipping entry: org/apache/hadoop/hdfs/server/datanode/TestBlockScanner$TestContext.class
2019-09-17 18:33:29,518 [main] DEBUG mortbay.log (Slf4jLog.java:debug(40)) - Skipping entry: org/apache/hadoop/hdfs/server/datanode/TestBlockScanner$TestScanResultHandler$Info.class
2019-09-17 18:33:29,518 [main] DEBUG mortbay.log (Slf4jLog.java:debug(40)) - Skipping entry: org/apache/hadoop/hdfs/server/datanode/TestBlockScanner$TestScanResultHandler.class
2019-09-17 18:33:29,518 [main] DEBUG mortbay.log (Slf4jLog.java:debug(40)) - Skipping entry: org/apache/hadoop/hdfs/server/datanode/TestBlockScanner.class
2019-09-17 18:33:29,519 [main] DEBUG mortbay.log (Slf4jLog.java:debug(40)) - Skipping entry: org/apache/hadoop/hdfs/server/datanode/TestBPOfferService$1.class
2019-09-17 18:33:29,519 [main] DEBUG mortbay.log (Slf4jLog.java:debug(40)) - Skipping entry: org/apache/hadoop/hdfs/server/datanode/TestBPOfferService$10.class
2019-09-17 18:33:29,519 [main] DEBUG mortbay.log (Slf4jLog.java:debug(40)) - Skipping entry: org/apache/hadoop/hdfs/server/datanode/TestBPOfferService$11.class
2019-09-17 18:33:29,519 [main] DEBUG mortbay.log (Slf4jLog.java:debug(40)) - Skipping entry: org/apache/hadoop/hdfs/server/datanode/TestBPOfferService$12.class
2019-09-17 18:33:29,520 [main] DEBUG mortbay.log (Slf4jLog.java:debug(40)) - Skipping entry: org/apache/hadoop/hdfs/server/datanode/TestBPOfferService$13.class
2019-09-17 18:33:29,520 [main] DEBUG mortbay.log (Slf4jLog.java:debug(40)) - Skipping entry: org/apache/hadoop/hdfs/server/datanode/TestBPOfferService$2.class
2019-09-17 18:33:29,524 [main] DEBUG mortbay.log (Slf4jLog.java:debug(40)) - Skipping entry: org/apache/hadoop/hdfs/server/datanode/TestBPOfferService$3.class
2019-09-17 18:33:29,524 [main] DEBUG mortbay.log (Slf4jLog.java:debug(40)) - Skipping entry: org/apache/hadoop/hdfs/server/datanode/TestBPOfferService$4.class
2019-09-17 18:33:29,525 [main] DEBUG mortbay.log (Slf4jLog.java:debug(40)) - Skipping entry: org/apache/hadoop/hdfs/server/datanode/TestBPOfferService$5.class
2019-09-17 18:33:29,525 [main] DEBUG mortbay.log (Slf4jLog.java:debug(40)) - Skipping entry: org/apache/hadoop/hdfs/server/datanode/TestBPOfferService$6.class
2019-09-17 18:33:29,525 [main] DEBUG mortbay.log (Slf4jLog.java:debug(40)) - Skipping entry: org/apache/hadoop/hdfs/server/datanode/TestBPOfferService$7.class
2019-09-17 18:33:29,525 [main] DEBUG mortbay.log (Slf4jLog.java:debug(40)) - Skipping entry: org/apache/hadoop/hdfs/server/datanode/TestBPOfferService$8.class
2019-09-17 18:33:29,525 [main] DEBUG mortbay.log (Slf4jLog.java:debug(40)) - Skipping entry: org/apache/hadoop/hdfs/server/datanode/TestBPOfferService$9.class
2019-09-17 18:33:29,526 [main] DEBUG mortbay.log (Slf4jLog.java:debug(40)) - Skipping entry: org/apache/hadoop/hdfs/server/datanode/TestBPOfferService$BPOfferServiceSynchronousCallAnswer.class
2019-09-17 18:33:29,526 [main] DEBUG mortbay.log (Slf4jLog.java:debug(40)) - Skipping entry: org/apache/hadoop/hdfs/server/datanode/TestBPOfferService$HeartbeatAnswer.class
2019-09-17 18:33:29,526 [main] DEBUG mortbay.log (Slf4jLog.java:debug(40)) - Skipping entry: org/apache/hadoop/hdfs/server/datanode/TestBPOfferService$HeartbeatRegisterAnswer.class
2019-09-17 18:33:29,526 [main] DEBUG mortbay.log (Slf4jLog.java:debug(40)) - Skipping entry: org/apache/hadoop/hdfs/server/datanode/TestBPOfferService.class
2019-09-17 18:33:29,526 [main] DEBUG mortbay.log (Slf4jLog.java:debug(40)) - Skipping entry: org/apache/hadoop/hdfs/server/datanode/TestBpServiceActorScheduler.class
2019-09-17 18:33:29,527 [main] DEBUG mortbay.log (Slf4jLog.java:debug(40)) - Skipping entry: org/apache/hadoop/hdfs/server/datanode/TestCachingStrategy$1.class
2019-09-17 18:33:29,527 [main] DEBUG mortbay.log (Slf4jLog.java:debug(40)) - Skipping entry: org/apache/hadoop/hdfs/server/datanode/TestCachingStrategy$Stats.class
2019-09-17 18:33:29,527 [main] DEBUG mortbay.log (Slf4jLog.java:debug(40)) - Skipping entry: org/apache/hadoop/hdfs/server/datanode/TestCachingStrategy$TestRecordingCacheTracker.class
2019-09-17 18:33:29,527 [main] DEBUG mortbay.log (Slf4jLog.java:debug(40)) - Skipping entry: org/apache/hadoop/hdfs/server/datanode/TestCachingStrategy.class
2019-09-17 18:33:29,528 [main] DEBUG mortbay.log (Slf4jLog.java:debug(40)) - Skipping entry: org/apache/hadoop/hdfs/server/datanode/TestDataDirs.class
2019-09-17 18:33:29,528 [main] DEBUG mortbay.log (Slf4jLog.java:debug(40)) - Skipping entry: org/apache/hadoop/hdfs/server/datanode/TestDataNodeECN.class
2019-09-17 18:33:29,528 [main] DEBUG mortbay.log (Slf4jLog.java:debug(40)) - Skipping entry: org/apache/hadoop/hdfs/server/datanode/TestDataNodeExit.class
2019-09-17 18:33:29,528 [main] DEBUG mortbay.log (Slf4jLog.java:debug(40)) - Skipping entry: org/apache/hadoop/hdfs/server/datanode/TestDataNodeFaultInjector$1.class
2019-09-17 18:33:29,528 [main] DEBUG mortbay.log (Slf4jLog.java:debug(40)) - Skipping entry: org/apache/hadoop/hdfs/server/datanode/TestDataNodeFaultInjector$2.class
2019-09-17 18:33:29,529 [main] DEBUG mortbay.log (Slf4jLog.java:debug(40)) - Skipping entry: org/apache/hadoop/hdfs/server/datanode/TestDataNodeFaultInjector$MetricsDataNodeFaultInjector.class
2019-09-17 18:33:29,529 [main] DEBUG mortbay.log (Slf4jLog.java:debug(40)) - Skipping entry: org/apache/hadoop/hdfs/server/datanode/TestDataNodeFaultInjector.class
2019-09-17 18:33:29,529 [main] DEBUG mortbay.log (Slf4jLog.java:debug(40)) - Skipping entry: org/apache/hadoop/hdfs/server/datanode/TestDataNodeFSDataSetSink$FSDataSetSinkTest.class
2019-09-17 18:33:29,529 [main] DEBUG mortbay.log (Slf4jLog.java:debug(40)) - Skipping entry: org/apache/hadoop/hdfs/server/datanode/TestDataNodeFSDataSetSink.class
2019-09-17 18:33:29,529 [main] DEBUG mortbay.log (Slf4jLog.java:debug(40)) - Skipping entry: org/apache/hadoop/hdfs/server/datanode/TestDataNodeHotSwapVolumes$1.class
2019-09-17 18:33:29,529 [main] DEBUG mortbay.log (Slf4jLog.java:debug(40)) - Skipping entry: org/apache/hadoop/hdfs/server/datanode/TestDataNodeHotSwapVolumes$2.class
2019-09-17 18:33:29,529 [main] DEBUG mortbay.log (Slf4jLog.java:debug(40)) - Skipping entry: org/apache/hadoop/hdfs/server/datanode/TestDataNodeHotSwapVolumes$3$1.class
2019-09-17 18:33:29,530 [main] DEBUG mortbay.log (Slf4jLog.java:debug(40)) - Skipping entry: org/apache/hadoop/hdfs/server/datanode/TestDataNodeHotSwapVolumes$3.class
2019-09-17 18:33:29,530 [main] DEBUG mortbay.log (Slf4jLog.java:debug(40)) - Skipping entry: org/apache/hadoop/hdfs/server/datanode/TestDataNodeHotSwapVolumes$4.class
2019-09-17 18:33:29,530 [main] DEBUG mortbay.log (Slf4jLog.java:debug(40)) - Skipping entry: org/apache/hadoop/hdfs/server/datanode/TestDataNodeHotSwapVolumes$5.class
2019-09-17 18:33:29,530 [main] DEBUG mortbay.log (Slf4jLog.java:debug(40)) - Skipping entry: org/apache/hadoop/hdfs/server/datanode/TestDataNodeHotSwapVolumes.class
2019-09-17 18:33:29,530 [main] DEBUG mortbay.log (Slf4jLog.java:debug(40)) - Skipping entry: org/apache/hadoop/hdfs/server/datanode/TestDataNodeInitStorage$SimulatedFsDatasetVerifier$Factory.class
2019-09-17 18:33:29,531 [main] DEBUG mortbay.log (Slf4jLog.java:debug(40)) - Skipping entry: org/apache/hadoop/hdfs/server/datanode/TestDataNodeInitStorage$SimulatedFsDatasetVerifier.class
2019-09-17 18:33:29,531 [main] DEBUG mortbay.log (Slf4jLog.java:debug(40)) - Skipping entry: org/apache/hadoop/hdfs/server/datanode/TestDataNodeInitStorage.class
2019-09-17 18:33:29,531 [main] DEBUG mortbay.log (Slf4jLog.java:debug(40)) - Skipping entry: org/apache/hadoop/hdfs/server/datanode/TestDataNodeLifeline$1.class
2019-09-17 18:33:29,533 [main] DEBUG mortbay.log (Slf4jLog.java:debug(40)) - Skipping entry: org/apache/hadoop/hdfs/server/datanode/TestDataNodeLifeline$2.class
2019-09-17 18:33:29,533 [main] DEBUG mortbay.log (Slf4jLog.java:debug(40)) - Skipping entry: org/apache/hadoop/hdfs/server/datanode/TestDataNodeLifeline$LatchAwaitingAnswer.class
2019-09-17 18:33:29,533 [main] DEBUG mortbay.log (Slf4jLog.java:debug(40)) - Skipping entry: org/apache/hadoop/hdfs/server/datanode/TestDataNodeLifeline$LatchCountingAnswer.class
2019-09-17 18:33:29,533 [main] DEBUG mortbay.log (Slf4jLog.java:debug(40)) - Skipping entry: org/apache/hadoop/hdfs/server/datanode/TestDataNodeLifeline.class
2019-09-17 18:33:29,534 [main] DEBUG mortbay.log (Slf4jLog.java:debug(40)) - Skipping entry: org/apache/hadoop/hdfs/server/datanode/TestDataNodeMetrics$1.class
2019-09-17 18:33:29,534 [main] DEBUG mortbay.log (Slf4jLog.java:debug(40)) - Skipping entry: org/apache/hadoop/hdfs/server/datanode/TestDataNodeMetrics$2.class
2019-09-17 18:33:29,534 [main] DEBUG mortbay.log (Slf4jLog.java:debug(40)) - Skipping entry: org/apache/hadoop/hdfs/server/datanode/TestDataNodeMetrics.class
2019-09-17 18:33:29,534 [main] DEBUG mortbay.log (Slf4jLog.java:debug(40)) - Skipping entry: org/apache/hadoop/hdfs/server/datanode/TestDataNodeMetricsLogger$1.class
2019-09-17 18:33:29,534 [main] DEBUG mortbay.log (Slf4jLog.java:debug(40)) - Skipping entry: org/apache/hadoop/hdfs/server/datanode/TestDataNodeMetricsLogger$PatternMatchingAppender.class
2019-09-17 18:33:29,534 [main] DEBUG mortbay.log (Slf4jLog.java:debug(40)) - Skipping entry: org/apache/hadoop/hdfs/server/datanode/TestDataNodeMetricsLogger$TestFakeMetric.class
2019-09-17 18:33:29,535 [main] DEBUG mortbay.log (Slf4jLog.java:debug(40)) - Skipping entry: org/apache/hadoop/hdfs/server/datanode/TestDataNodeMetricsLogger$TestFakeMetricMXBean.class
2019-09-17 18:33:29,535 [main] DEBUG mortbay.log (Slf4jLog.java:debug(40)) - Skipping entry: org/apache/hadoop/hdfs/server/datanode/TestDataNodeMetricsLogger.class
2019-09-17 18:33:29,535 [main] DEBUG mortbay.log (Slf4jLog.java:debug(40)) - Skipping entry: org/apache/hadoop/hdfs/server/datanode/TestDataNodeMultipleRegistrations.class
2019-09-17 18:33:29,535 [main] DEBUG mortbay.log (Slf4jLog.java:debug(40)) - Skipping entry: org/apache/hadoop/hdfs/server/datanode/TestDataNodeMXBean$1.class
2019-09-17 18:33:29,535 [main] DEBUG mortbay.log (Slf4jLog.java:debug(40)) - Skipping entry: org/apache/hadoop/hdfs/server/datanode/TestDataNodeMXBean$2.class
2019-09-17 18:33:29,535 [main] DEBUG mortbay.log (Slf4jLog.java:debug(40)) - Skipping entry: org/apache/hadoop/hdfs/server/datanode/TestDataNodeMXBean.class
2019-09-17 18:33:29,535 [main] DEBUG mortbay.log (Slf4jLog.java:debug(40)) - Skipping entry: org/apache/hadoop/hdfs/server/datanode/TestDataNodePeerMetrics.class
2019-09-17 18:33:29,536 [main] DEBUG mortbay.log (Slf4jLog.java:debug(40)) - Skipping entry: org/apache/hadoop/hdfs/server/datanode/TestDatanodeProtocolRetryPolicy$1.class
2019-09-17 18:33:29,536 [main] DEBUG mortbay.log (Slf4jLog.java:debug(40)) - Skipping entry: org/apache/hadoop/hdfs/server/datanode/TestDatanodeProtocolRetryPolicy$2.class
2019-09-17 18:33:29,536 [main] DEBUG mortbay.log (Slf4jLog.java:debug(40)) - Skipping entry: org/apache/hadoop/hdfs/server/datanode/TestDatanodeProtocolRetryPolicy$3.class
2019-09-17 18:33:29,536 [main] DEBUG mortbay.log (Slf4jLog.java:debug(40)) - Skipping entry: org/apache/hadoop/hdfs/server/datanode/TestDatanodeProtocolRetryPolicy$4.class
2019-09-17 18:33:29,536 [main] DEBUG mortbay.log (Slf4jLog.java:debug(40)) - Skipping entry: org/apache/hadoop/hdfs/server/datanode/TestDatanodeProtocolRetryPolicy.class
2019-09-17 18:33:29,536 [main] DEBUG mortbay.log (Slf4jLog.java:debug(40)) - Skipping entry: org/apache/hadoop/hdfs/server/datanode/TestDataNodeReconfiguration.class
2019-09-17 18:33:29,536 [main] DEBUG mortbay.log (Slf4jLog.java:debug(40)) - Skipping entry: org/apache/hadoop/hdfs/server/datanode/TestDatanodeRegister.class
2019-09-17 18:33:29,536 [main] DEBUG mortbay.log (Slf4jLog.java:debug(40)) - Skipping entry: org/apache/hadoop/hdfs/server/datanode/TestDataNodeRollingUpgrade.class
2019-09-17 18:33:29,537 [main] DEBUG mortbay.log (Slf4jLog.java:debug(40)) - Skipping entry: org/apache/hadoop/hdfs/server/datanode/TestDatanodeStartupOptions.class
2019-09-17 18:33:29,537 [main] DEBUG mortbay.log (Slf4jLog.java:debug(40)) - Skipping entry: org/apache/hadoop/hdfs/server/datanode/TestDataNodeTransferSocketSize.class
2019-09-17 18:33:29,537 [main] DEBUG mortbay.log (Slf4jLog.java:debug(40)) - Skipping entry: org/apache/hadoop/hdfs/server/datanode/TestDataNodeUUID.class
2019-09-17 18:33:29,537 [main] DEBUG mortbay.log (Slf4jLog.java:debug(40)) - Skipping entry: org/apache/hadoop/hdfs/server/datanode/TestDataNodeVolumeFailure$1.class
2019-09-17 18:33:29,537 [main] DEBUG mortbay.log (Slf4jLog.java:debug(40)) - Skipping entry: org/apache/hadoop/hdfs/server/datanode/TestDataNodeVolumeFailure$2.class
2019-09-17 18:33:29,537 [main] DEBUG mortbay.log (Slf4jLog.java:debug(40)) - Skipping entry: org/apache/hadoop/hdfs/server/datanode/TestDataNodeVolumeFailure$3.class
2019-09-17 18:33:29,537 [main] DEBUG mortbay.log (Slf4jLog.java:debug(40)) - Skipping entry: org/apache/hadoop/hdfs/server/datanode/TestDataNodeVolumeFailure$BlockLocs.class
2019-09-17 18:33:29,538 [main] DEBUG mortbay.log (Slf4jLog.java:debug(40)) - Skipping entry: org/apache/hadoop/hdfs/server/datanode/TestDataNodeVolumeFailure.class
2019-09-17 18:33:29,538 [main] DEBUG mortbay.log (Slf4jLog.java:debug(40)) - Skipping entry: org/apache/hadoop/hdfs/server/datanode/TestDataNodeVolumeFailureReporting$1.class
2019-09-17 18:33:29,538 [main] DEBUG mortbay.log (Slf4jLog.java:debug(40)) - Skipping entry: org/apache/hadoop/hdfs/server/datanode/TestDataNodeVolumeFailureReporting.class
2019-09-17 18:33:29,538 [main] DEBUG mortbay.log (Slf4jLog.java:debug(40)) - Skipping entry: org/apache/hadoop/hdfs/server/datanode/TestDataNodeVolumeFailureToleration.class
2019-09-17 18:33:29,538 [main] DEBUG mortbay.log (Slf4jLog.java:debug(40)) - Skipping entry: org/apache/hadoop/hdfs/server/datanode/TestDataNodeVolumeMetrics.class
2019-09-17 18:33:29,539 [main] DEBUG mortbay.log (Slf4jLog.java:debug(40)) - Skipping entry: org/apache/hadoop/hdfs/server/datanode/TestDataStorage.class
2019-09-17 18:33:29,540 [main] DEBUG mortbay.log (Slf4jLog.java:debug(40)) - Skipping entry: org/apache/hadoop/hdfs/server/datanode/TestDataXceiverLazyPersistHint$NonLocalLazyPersist.class
2019-09-17 18:33:29,540 [main] DEBUG mortbay.log (Slf4jLog.java:debug(40)) - Skipping entry: org/apache/hadoop/hdfs/server/datanode/TestDataXceiverLazyPersistHint$PeerLocality.class
2019-09-17 18:33:29,540 [main] DEBUG mortbay.log (Slf4jLog.java:debug(40)) - Skipping entry: org/apache/hadoop/hdfs/server/datanode/TestDataXceiverLazyPersistHint.class
2019-09-17 18:33:29,541 [main] DEBUG mortbay.log (Slf4jLog.java:debug(40)) - Skipping entry: org/apache/hadoop/hdfs/server/datanode/TestDeleteBlockPool.class
2019-09-17 18:33:29,541 [main] DEBUG mortbay.log (Slf4jLog.java:debug(40)) - Skipping entry: org/apache/hadoop/hdfs/server/datanode/TestDirectoryScanner$1.class
2019-09-17 18:33:29,541 [main] DEBUG mortbay.log (Slf4jLog.java:debug(40)) - Skipping entry: org/apache/hadoop/hdfs/server/datanode/TestDirectoryScanner$TestFsVolumeSpi.class
2019-09-17 18:33:29,541 [main] DEBUG mortbay.log (Slf4jLog.java:debug(40)) - Skipping entry: org/apache/hadoop/hdfs/server/datanode/TestDirectoryScanner.class
2019-09-17 18:33:29,542 [main] DEBUG mortbay.log (Slf4jLog.java:debug(40)) - Skipping entry: org/apache/hadoop/hdfs/server/datanode/TestDiskError$1.class
2019-09-17 18:33:29,542 [main] DEBUG mortbay.log (Slf4jLog.java:debug(40)) - Skipping entry: org/apache/hadoop/hdfs/server/datanode/TestDiskError.class
2019-09-17 18:33:29,542 [main] DEBUG mortbay.log (Slf4jLog.java:debug(40)) - Skipping entry: org/apache/hadoop/hdfs/server/datanode/TestDnRespectsBlockReportSplitThreshold.class
2019-09-17 18:33:29,542 [main] DEBUG mortbay.log (Slf4jLog.java:debug(40)) - Skipping entry: org/apache/hadoop/hdfs/server/datanode/TestFsDatasetCache$1.class
2019-09-17 18:33:29,543 [main] DEBUG mortbay.log (Slf4jLog.java:debug(40)) - Skipping entry: org/apache/hadoop/hdfs/server/datanode/TestFsDatasetCache$2.class
2019-09-17 18:33:29,543 [main] DEBUG mortbay.log (Slf4jLog.java:debug(40)) - Skipping entry: org/apache/hadoop/hdfs/server/datanode/TestFsDatasetCache$3.class
2019-09-17 18:33:29,543 [main] DEBUG mortbay.log (Slf4jLog.java:debug(40)) - Skipping entry: org/apache/hadoop/hdfs/server/datanode/TestFsDatasetCache$4.class
2019-09-17 18:33:29,543 [main] DEBUG mortbay.log (Slf4jLog.java:debug(40)) - Skipping entry: org/apache/hadoop/hdfs/server/datanode/TestFsDatasetCache$5.class
2019-09-17 18:33:29,543 [main] DEBUG mortbay.log (Slf4jLog.java:debug(40)) - Skipping entry: org/apache/hadoop/hdfs/server/datanode/TestFsDatasetCache$6.class
2019-09-17 18:33:29,543 [main] DEBUG mortbay.log (Slf4jLog.java:debug(40)) - Skipping entry: org/apache/hadoop/hdfs/server/datanode/TestFsDatasetCache$7.class
2019-09-17 18:33:29,543 [main] DEBUG mortbay.log (Slf4jLog.java:debug(40)) - Skipping entry: org/apache/hadoop/hdfs/server/datanode/TestFsDatasetCache$8.class
2019-09-17 18:33:29,544 [main] DEBUG mortbay.log (Slf4jLog.java:debug(40)) - Skipping entry: org/apache/hadoop/hdfs/server/datanode/TestFsDatasetCache$9.class
2019-09-17 18:33:29,544 [main] DEBUG mortbay.log (Slf4jLog.java:debug(40)) - Skipping entry: org/apache/hadoop/hdfs/server/datanode/TestFsDatasetCache.class
2019-09-17 18:33:29,544 [main] DEBUG mortbay.log (Slf4jLog.java:debug(40)) - Skipping entry: org/apache/hadoop/hdfs/server/datanode/TestFsDatasetCacheRevocation.class
2019-09-17 18:33:29,544 [main] DEBUG mortbay.log (Slf4jLog.java:debug(40)) - Skipping entry: org/apache/hadoop/hdfs/server/datanode/TestHdfsServerConstants.class
2019-09-17 18:33:29,544 [main] DEBUG mortbay.log (Slf4jLog.java:debug(40)) - Skipping entry: org/apache/hadoop/hdfs/server/datanode/TestHSync.class
2019-09-17 18:33:29,545 [main] DEBUG mortbay.log (Slf4jLog.java:debug(40)) - Skipping entry: org/apache/hadoop/hdfs/server/datanode/TestIncrementalBlockReports.class
2019-09-17 18:33:29,545 [main] DEBUG mortbay.log (Slf4jLog.java:debug(40)) - Skipping entry: org/apache/hadoop/hdfs/server/datanode/TestIncrementalBrVariations.class
2019-09-17 18:33:29,545 [main] DEBUG mortbay.log (Slf4jLog.java:debug(40)) - Skipping entry: org/apache/hadoop/hdfs/server/datanode/TestLargeBlockReport.class
2019-09-17 18:33:29,545 [main] DEBUG mortbay.log (Slf4jLog.java:debug(40)) - Skipping entry: org/apache/hadoop/hdfs/server/datanode/TestNNHandlesBlockReportPerStorage.class
2019-09-17 18:33:29,545 [main] DEBUG mortbay.log (Slf4jLog.java:debug(40)) - Skipping entry: org/apache/hadoop/hdfs/server/datanode/TestNNHandlesCombinedBlockReport.class
2019-09-17 18:33:29,545 [main] DEBUG mortbay.log (Slf4jLog.java:debug(40)) - Skipping entry: org/apache/hadoop/hdfs/server/datanode/TestReadOnlySharedStorage.class
2019-09-17 18:33:29,546 [main] DEBUG mortbay.log (Slf4jLog.java:debug(40)) - Skipping entry: org/apache/hadoop/hdfs/server/datanode/TestRefreshNamenodes.class
2019-09-17 18:33:29,546 [main] DEBUG mortbay.log (Slf4jLog.java:debug(40)) - Skipping entry: org/apache/hadoop/hdfs/server/datanode/TestSimulatedFSDataset$1AddBlockPoolThread.class
2019-09-17 18:33:29,546 [main] DEBUG mortbay.log (Slf4jLog.java:debug(40)) - Skipping entry: org/apache/hadoop/hdfs/server/datanode/TestSimulatedFSDataset.class
2019-09-17 18:33:29,546 [main] DEBUG mortbay.log (Slf4jLog.java:debug(40)) - Skipping entry: org/apache/hadoop/hdfs/server/datanode/TestSimulatedFSDatasetWithMultipleStorages.class
2019-09-17 18:33:29,546 [main] DEBUG mortbay.log (Slf4jLog.java:debug(40)) - Skipping entry: org/apache/hadoop/hdfs/server/datanode/TestStartSecureDataNode.class
2019-09-17 18:33:29,546 [main] DEBUG mortbay.log (Slf4jLog.java:debug(40)) - Skipping entry: org/apache/hadoop/hdfs/server/datanode/TestStorageReport.class
2019-09-17 18:33:29,547 [main] DEBUG mortbay.log (Slf4jLog.java:debug(40)) - Skipping entry: org/apache/hadoop/hdfs/server/datanode/TestTransferRbw.class
2019-09-17 18:33:29,547 [main] DEBUG mortbay.log (Slf4jLog.java:debug(40)) - Skipping entry: org/apache/hadoop/hdfs/server/datanode/TestTriggerBlockReport.class
2019-09-17 18:33:29,547 [main] DEBUG mortbay.log (Slf4jLog.java:debug(40)) - Skipping entry: org/apache/hadoop/hdfs/server/datanode/web/
2019-09-17 18:33:29,547 [main] DEBUG mortbay.log (Slf4jLog.java:debug(40)) - Skipping entry: org/apache/hadoop/hdfs/server/datanode/web/TestDatanodeHttpXFrame.class
2019-09-17 18:33:29,547 [main] DEBUG mortbay.log (Slf4jLog.java:debug(40)) - Skipping entry: org/apache/hadoop/hdfs/server/datanode/web/webhdfs/
2019-09-17 18:33:29,547 [main] DEBUG mortbay.log (Slf4jLog.java:debug(40)) - Skipping entry: org/apache/hadoop/hdfs/server/datanode/web/webhdfs/TestDataNodeUGIProvider$1.class
2019-09-17 18:33:29,548 [main] DEBUG mortbay.log (Slf4jLog.java:debug(40)) - Skipping entry: org/apache/hadoop/hdfs/server/datanode/web/webhdfs/TestDataNodeUGIProvider.class
2019-09-17 18:33:29,548 [main] DEBUG mortbay.log (Slf4jLog.java:debug(40)) - Skipping entry: org/apache/hadoop/hdfs/server/datanode/web/webhdfs/TestParameterParser.class
2019-09-17 18:33:29,548 [main] DEBUG mortbay.log (Slf4jLog.java:debug(40)) - Skipping entry: org/apache/hadoop/hdfs/server/mover/
2019-09-17 18:33:29,548 [main] DEBUG mortbay.log (Slf4jLog.java:debug(40)) - Skipping entry: org/apache/hadoop/hdfs/server/mover/TestMover$1.class
2019-09-17 18:33:29,548 [main] DEBUG mortbay.log (Slf4jLog.java:debug(40)) - Skipping entry: org/apache/hadoop/hdfs/server/mover/TestMover.class
2019-09-17 18:33:29,548 [main] DEBUG mortbay.log (Slf4jLog.java:debug(40)) - Skipping entry: org/apache/hadoop/hdfs/server/mover/TestStorageMover$ClusterScheme.class
2019-09-17 18:33:29,548 [main] DEBUG mortbay.log (Slf4jLog.java:debug(40)) - Skipping entry: org/apache/hadoop/hdfs/server/mover/TestStorageMover$MigrationTest.class
2019-09-17 18:33:29,549 [main] DEBUG mortbay.log (Slf4jLog.java:debug(40)) - Skipping entry: org/apache/hadoop/hdfs/server/mover/TestStorageMover$NamespaceScheme.class
2019-09-17 18:33:29,549 [main] DEBUG mortbay.log (Slf4jLog.java:debug(40)) - Skipping entry: org/apache/hadoop/hdfs/server/mover/TestStorageMover$PathPolicyMap.class
2019-09-17 18:33:29,549 [main] DEBUG mortbay.log (Slf4jLog.java:debug(40)) - Skipping entry: org/apache/hadoop/hdfs/server/mover/TestStorageMover$Replication.class
2019-09-17 18:33:29,549 [main] DEBUG mortbay.log (Slf4jLog.java:debug(40)) - Skipping entry: org/apache/hadoop/hdfs/server/mover/TestStorageMover.class
2019-09-17 18:33:29,549 [main] DEBUG mortbay.log (Slf4jLog.java:debug(40)) - Skipping entry: org/apache/hadoop/hdfs/server/namenode/
2019-09-17 18:33:29,549 [main] DEBUG mortbay.log (Slf4jLog.java:debug(40)) - Skipping entry: org/apache/hadoop/hdfs/server/namenode/AclTestHelpers.class
2019-09-17 18:33:29,550 [main] DEBUG mortbay.log (Slf4jLog.java:debug(40)) - Skipping entry: org/apache/hadoop/hdfs/server/namenode/CreateEditsLog.class
2019-09-17 18:33:29,550 [main] DEBUG mortbay.log (Slf4jLog.java:debug(40)) - Skipping entry: org/apache/hadoop/hdfs/server/namenode/FileNameGenerator.class
2019-09-17 18:33:29,550 [main] DEBUG mortbay.log (Slf4jLog.java:debug(40)) - Skipping entry: org/apache/hadoop/hdfs/server/namenode/FSAclBaseTest.class
2019-09-17 18:33:29,551 [main] DEBUG mortbay.log (Slf4jLog.java:debug(40)) - Skipping entry: org/apache/hadoop/hdfs/server/namenode/FSImageTestUtil$1.class
2019-09-17 18:33:29,551 [main] DEBUG mortbay.log (Slf4jLog.java:debug(40)) - Skipping entry: org/apache/hadoop/hdfs/server/namenode/FSImageTestUtil.class
2019-09-17 18:33:29,551 [main] DEBUG mortbay.log (Slf4jLog.java:debug(40)) - Skipping entry: org/apache/hadoop/hdfs/server/namenode/FSXAttrBaseTest$1.class
2019-09-17 18:33:29,552 [main] DEBUG mortbay.log (Slf4jLog.java:debug(40)) - Skipping entry: org/apache/hadoop/hdfs/server/namenode/FSXAttrBaseTest$10.class
2019-09-17 18:33:29,552 [main] DEBUG mortbay.log (Slf4jLog.java:debug(40)) - Skipping entry: org/apache/hadoop/hdfs/server/namenode/FSXAttrBaseTest$11.class
2019-09-17 18:33:29,552 [main] DEBUG mortbay.log (Slf4jLog.java:debug(40)) - Skipping entry: org/apache/hadoop/hdfs/server/namenode/FSXAttrBaseTest$12.class
2019-09-17 18:33:29,552 [main] DEBUG mortbay.log (Slf4jLog.java:debug(40)) - Skipping entry: org/apache/hadoop/hdfs/server/namenode/FSXAttrBaseTest$13.class
2019-09-17 18:33:29,552 [main] DEBUG mortbay.log (Slf4jLog.java:debug(40)) - Skipping entry: org/apache/hadoop/hdfs/server/namenode/FSXAttrBaseTest$14.class
2019-09-17 18:33:29,552 [main] DEBUG mortbay.log (Slf4jLog.java:debug(40)) - Skipping entry: org/apache/hadoop/hdfs/server/namenode/FSXAttrBaseTest$15.class
2019-09-17 18:33:29,552 [main] DEBUG mortbay.log (Slf4jLog.java:debug(40)) - Skipping entry: org/apache/hadoop/hdfs/server/namenode/FSXAttrBaseTest$16.class
2019-09-17 18:33:29,553 [main] DEBUG mortbay.log (Slf4jLog.java:debug(40)) - Skipping entry: org/apache/hadoop/hdfs/server/namenode/FSXAttrBaseTest$17.class
2019-09-17 18:33:29,553 [main] DEBUG mortbay.log (Slf4jLog.java:debug(40)) - Skipping entry: org/apache/hadoop/hdfs/server/namenode/FSXAttrBaseTest$18.class
2019-09-17 18:33:29,553 [main] DEBUG mortbay.log (Slf4jLog.java:debug(40)) - Skipping entry: org/apache/hadoop/hdfs/server/namenode/FSXAttrBaseTest$19.class
2019-09-17 18:33:29,553 [main] DEBUG mortbay.log (Slf4jLog.java:debug(40)) - Skipping entry: org/apache/hadoop/hdfs/server/namenode/FSXAttrBaseTest$2.class
2019-09-17 18:33:29,553 [main] DEBUG mortbay.log (Slf4jLog.java:debug(40)) - Skipping entry: org/apache/hadoop/hdfs/server/namenode/FSXAttrBaseTest$20.class
2019-09-17 18:33:29,553 [main] DEBUG mortbay.log (Slf4jLog.java:debug(40)) - Skipping entry: org/apache/hadoop/hdfs/server/namenode/FSXAttrBaseTest$21.class
2019-09-17 18:33:29,553 [main] DEBUG mortbay.log (Slf4jLog.java:debug(40)) - Skipping entry: org/apache/hadoop/hdfs/server/namenode/FSXAttrBaseTest$22.class
2019-09-17 18:33:29,553 [main] DEBUG mortbay.log (Slf4jLog.java:debug(40)) - Skipping entry: org/apache/hadoop/hdfs/server/namenode/FSXAttrBaseTest$23.class
2019-09-17 18:33:29,553 [main] DEBUG mortbay.log (Slf4jLog.java:debug(40)) - Skipping entry: org/apache/hadoop/hdfs/server/namenode/FSXAttrBaseTest$3.class
2019-09-17 18:33:29,554 [main] DEBUG mortbay.log (Slf4jLog.java:debug(40)) - Skipping entry: org/apache/hadoop/hdfs/server/namenode/FSXAttrBaseTest$4.class
2019-09-17 18:33:29,554 [main] DEBUG mortbay.log (Slf4jLog.java:debug(40)) - Skipping entry: org/apache/hadoop/hdfs/server/namenode/FSXAttrBaseTest$5.class
2019-09-17 18:33:29,554 [main] DEBUG mortbay.log (Slf4jLog.java:debug(40)) - Skipping entry: org/apache/hadoop/hdfs/server/namenode/FSXAttrBaseTest$6.class
2019-09-17 18:33:29,554 [main] DEBUG mortbay.log (Slf4jLog.java:debug(40)) - Skipping entry: org/apache/hadoop/hdfs/server/namenode/FSXAttrBaseTest$7.class
2019-09-17 18:33:29,554 [main] DEBUG mortbay.log (Slf4jLog.java:debug(40)) - Skipping entry: org/apache/hadoop/hdfs/server/namenode/FSXAttrBaseTest$8.class
2019-09-17 18:33:29,554 [main] DEBUG mortbay.log (Slf4jLog.java:debug(40)) - Skipping entry: org/apache/hadoop/hdfs/server/namenode/FSXAttrBaseTest$9.class
2019-09-17 18:33:29,554 [main] DEBUG mortbay.log (Slf4jLog.java:debug(40)) - Skipping entry: org/apache/hadoop/hdfs/server/namenode/FSXAttrBaseTest.class
2019-09-17 18:33:29,555 [main] DEBUG mortbay.log (Slf4jLog.java:debug(40)) - Skipping entry: org/apache/hadoop/hdfs/server/namenode/ha/
2019-09-17 18:33:29,555 [main] DEBUG mortbay.log (Slf4jLog.java:debug(40)) - Skipping entry: org/apache/hadoop/hdfs/server/namenode/ha/HAStressTestHarness$1.class
2019-09-17 18:33:29,555 [main] DEBUG mortbay.log (Slf4jLog.java:debug(40)) - Skipping entry: org/apache/hadoop/hdfs/server/namenode/ha/HAStressTestHarness$2.class
2019-09-17 18:33:29,555 [main] DEBUG mortbay.log (Slf4jLog.java:debug(40)) - Skipping entry: org/apache/hadoop/hdfs/server/namenode/ha/HAStressTestHarness.class
2019-09-17 18:33:29,555 [main] DEBUG mortbay.log (Slf4jLog.java:debug(40)) - Skipping entry: org/apache/hadoop/hdfs/server/namenode/ha/HATestUtil$1.class
2019-09-17 18:33:29,555 [main] DEBUG mortbay.log (Slf4jLog.java:debug(40)) - Skipping entry: org/apache/hadoop/hdfs/server/namenode/ha/HATestUtil$2.class
2019-09-17 18:33:29,555 [main] DEBUG mortbay.log (Slf4jLog.java:debug(40)) - Skipping entry: org/apache/hadoop/hdfs/server/namenode/ha/HATestUtil$3.class
2019-09-17 18:33:29,555 [main] DEBUG mortbay.log (Slf4jLog.java:debug(40)) - Skipping entry: org/apache/hadoop/hdfs/server/namenode/ha/HATestUtil$CouldNotCatchUpException.class
2019-09-17 18:33:29,555 [main] DEBUG mortbay.log (Slf4jLog.java:debug(40)) - Skipping entry: org/apache/hadoop/hdfs/server/namenode/ha/HATestUtil.class
2019-09-17 18:33:29,556 [main] DEBUG mortbay.log (Slf4jLog.java:debug(40)) - Skipping entry: org/apache/hadoop/hdfs/server/namenode/ha/TestBootstrapStandby$1.class
2019-09-17 18:33:29,556 [main] DEBUG mortbay.log (Slf4jLog.java:debug(40)) - Skipping entry: org/apache/hadoop/hdfs/server/namenode/ha/TestBootstrapStandby$2.class
2019-09-17 18:33:29,556 [main] DEBUG mortbay.log (Slf4jLog.java:debug(40)) - Skipping entry: org/apache/hadoop/hdfs/server/namenode/ha/TestBootstrapStandby$3.class
2019-09-17 18:33:29,556 [main] DEBUG mortbay.log (Slf4jLog.java:debug(40)) - Skipping entry: org/apache/hadoop/hdfs/server/namenode/ha/TestBootstrapStandby$4.class
2019-09-17 18:33:29,556 [main] DEBUG mortbay.log (Slf4jLog.java:debug(40)) - Skipping entry: org/apache/hadoop/hdfs/server/namenode/ha/TestBootstrapStandby.class
2019-09-17 18:33:29,556 [main] DEBUG mortbay.log (Slf4jLog.java:debug(40)) - Skipping entry: org/apache/hadoop/hdfs/server/namenode/ha/TestBootstrapStandbyWithQJM$1.class
2019-09-17 18:33:29,556 [main] DEBUG mortbay.log (Slf4jLog.java:debug(40)) - Skipping entry: org/apache/hadoop/hdfs/server/namenode/ha/TestBootstrapStandbyWithQJM$UpgradeState.class
2019-09-17 18:33:29,557 [main] DEBUG mortbay.log (Slf4jLog.java:debug(40)) - Skipping entry: org/apache/hadoop/hdfs/server/namenode/ha/TestBootstrapStandbyWithQJM.class
2019-09-17 18:33:29,557 [main] DEBUG mortbay.log (Slf4jLog.java:debug(40)) - Skipping entry: org/apache/hadoop/hdfs/server/namenode/ha/TestConsistentReadsObserver$1.class
2019-09-17 18:33:29,557 [main] DEBUG mortbay.log (Slf4jLog.java:debug(40)) - Skipping entry: org/apache/hadoop/hdfs/server/namenode/ha/TestConsistentReadsObserver$2.class
2019-09-17 18:33:29,557 [main] DEBUG mortbay.log (Slf4jLog.java:debug(40)) - Skipping entry: org/apache/hadoop/hdfs/server/namenode/ha/TestConsistentReadsObserver$3.class
2019-09-17 18:33:29,557 [main] DEBUG mortbay.log (Slf4jLog.java:debug(40)) - Skipping entry: org/apache/hadoop/hdfs/server/namenode/ha/TestConsistentReadsObserver$4.class
2019-09-17 18:33:29,557 [main] DEBUG mortbay.log (Slf4jLog.java:debug(40)) - Skipping entry: org/apache/hadoop/hdfs/server/namenode/ha/TestConsistentReadsObserver$5.class
2019-09-17 18:33:29,557 [main] DEBUG mortbay.log (Slf4jLog.java:debug(40)) - Skipping entry: org/apache/hadoop/hdfs/server/namenode/ha/TestConsistentReadsObserver$6.class
2019-09-17 18:33:29,557 [main] DEBUG mortbay.log (Slf4jLog.java:debug(40)) - Skipping entry: org/apache/hadoop/hdfs/server/namenode/ha/TestConsistentReadsObserver$7.class
2019-09-17 18:33:29,558 [main] DEBUG mortbay.log (Slf4jLog.java:debug(40)) - Skipping entry: org/apache/hadoop/hdfs/server/namenode/ha/TestConsistentReadsObserver$TestRpcScheduler.class
2019-09-17 18:33:29,558 [main] DEBUG mortbay.log (Slf4jLog.java:debug(40)) - Skipping entry: org/apache/hadoop/hdfs/server/namenode/ha/TestConsistentReadsObserver.class
2019-09-17 18:33:29,558 [main] DEBUG mortbay.log (Slf4jLog.java:debug(40)) - Skipping entry: org/apache/hadoop/hdfs/server/namenode/ha/TestDelegationTokensWithHA$1.class
2019-09-17 18:33:29,558 [main] DEBUG mortbay.log (Slf4jLog.java:debug(40)) - Skipping entry: org/apache/hadoop/hdfs/server/namenode/ha/TestDelegationTokensWithHA$2.class
2019-09-17 18:33:29,558 [main] DEBUG mortbay.log (Slf4jLog.java:debug(40)) - Skipping entry: org/apache/hadoop/hdfs/server/namenode/ha/TestDelegationTokensWithHA$3.class
2019-09-17 18:33:29,558 [main] DEBUG mortbay.log (Slf4jLog.java:debug(40)) - Skipping entry: org/apache/hadoop/hdfs/server/namenode/ha/TestDelegationTokensWithHA$4.class
2019-09-17 18:33:29,559 [main] DEBUG mortbay.log (Slf4jLog.java:debug(40)) - Skipping entry: org/apache/hadoop/hdfs/server/namenode/ha/TestDelegationTokensWithHA$5.class
2019-09-17 18:33:29,559 [main] DEBUG mortbay.log (Slf4jLog.java:debug(40)) - Skipping entry: org/apache/hadoop/hdfs/server/namenode/ha/TestDelegationTokensWithHA$6.class
2019-09-17 18:33:29,559 [main] DEBUG mortbay.log (Slf4jLog.java:debug(40)) - Skipping entry: org/apache/hadoop/hdfs/server/namenode/ha/TestDelegationTokensWithHA$7.class
2019-09-17 18:33:29,559 [main] DEBUG mortbay.log (Slf4jLog.java:debug(40)) - Skipping entry: org/apache/hadoop/hdfs/server/namenode/ha/TestDelegationTokensWithHA$8.class
2019-09-17 18:33:29,559 [main] DEBUG mortbay.log (Slf4jLog.java:debug(40)) - Skipping entry: org/apache/hadoop/hdfs/server/namenode/ha/TestDelegationTokensWithHA$EditLogTailerForTest.class
2019-09-17 18:33:29,559 [main] DEBUG mortbay.log (Slf4jLog.java:debug(40)) - Skipping entry: org/apache/hadoop/hdfs/server/namenode/ha/TestDelegationTokensWithHA$TokenTestAction.class
2019-09-17 18:33:29,559 [main] DEBUG mortbay.log (Slf4jLog.java:debug(40)) - Skipping entry: org/apache/hadoop/hdfs/server/namenode/ha/TestDelegationTokensWithHA.class
2019-09-17 18:33:29,560 [main] DEBUG mortbay.log (Slf4jLog.java:debug(40)) - Skipping entry: org/apache/hadoop/hdfs/server/namenode/ha/TestDFSUpgradeWithHA.class
2019-09-17 18:33:29,560 [main] DEBUG mortbay.log (Slf4jLog.java:debug(40)) - Skipping entry: org/apache/hadoop/hdfs/server/namenode/ha/TestDNFencing$1.class
2019-09-17 18:33:29,560 [main] DEBUG mortbay.log (Slf4jLog.java:debug(40)) - Skipping entry: org/apache/hadoop/hdfs/server/namenode/ha/TestDNFencing$2.class
2019-09-17 18:33:29,560 [main] DEBUG mortbay.log (Slf4jLog.java:debug(40)) - Skipping entry: org/apache/hadoop/hdfs/server/namenode/ha/TestDNFencing$RandomDeleterPolicy.class
2019-09-17 18:33:29,560 [main] DEBUG mortbay.log (Slf4jLog.java:debug(40)) - Skipping entry: org/apache/hadoop/hdfs/server/namenode/ha/TestDNFencing.class
2019-09-17 18:33:29,560 [main] DEBUG mortbay.log (Slf4jLog.java:debug(40)) - Skipping entry: org/apache/hadoop/hdfs/server/namenode/ha/TestDNFencingWithReplication$ReplicationToggler$1.class
2019-09-17 18:33:29,561 [main] DEBUG mortbay.log (Slf4jLog.java:debug(40)) - Skipping entry: org/apache/hadoop/hdfs/server/namenode/ha/TestDNFencingWithReplication$ReplicationToggler.class
2019-09-17 18:33:29,561 [main] DEBUG mortbay.log (Slf4jLog.java:debug(40)) - Skipping entry: org/apache/hadoop/hdfs/server/namenode/ha/TestDNFencingWithReplication.class
2019-09-17 18:33:29,561 [main] DEBUG mortbay.log (Slf4jLog.java:debug(40)) - Skipping entry: org/apache/hadoop/hdfs/server/namenode/ha/TestEditLogsDuringFailover.class
2019-09-17 18:33:29,561 [main] DEBUG mortbay.log (Slf4jLog.java:debug(40)) - Skipping entry: org/apache/hadoop/hdfs/server/namenode/ha/TestEditLogTailer$1.class
2019-09-17 18:33:29,561 [main] DEBUG mortbay.log (Slf4jLog.java:debug(40)) - Skipping entry: org/apache/hadoop/hdfs/server/namenode/ha/TestEditLogTailer$2.class
2019-09-17 18:33:29,561 [main] DEBUG mortbay.log (Slf4jLog.java:debug(40)) - Skipping entry: org/apache/hadoop/hdfs/server/namenode/ha/TestEditLogTailer$3.class
2019-09-17 18:33:29,562 [main] DEBUG mortbay.log (Slf4jLog.java:debug(40)) - Skipping entry: org/apache/hadoop/hdfs/server/namenode/ha/TestEditLogTailer$4.class
2019-09-17 18:33:29,562 [main] DEBUG mortbay.log (Slf4jLog.java:debug(40)) - Skipping entry: org/apache/hadoop/hdfs/server/namenode/ha/TestEditLogTailer$5.class
2019-09-17 18:33:29,562 [main] DEBUG mortbay.log (Slf4jLog.java:debug(40)) - Skipping entry: org/apache/hadoop/hdfs/server/namenode/ha/TestEditLogTailer$6.class
2019-09-17 18:33:29,562 [main] DEBUG mortbay.log (Slf4jLog.java:debug(40)) - Skipping entry: org/apache/hadoop/hdfs/server/namenode/ha/TestEditLogTailer$7.class
2019-09-17 18:33:29,563 [main] DEBUG mortbay.log (Slf4jLog.java:debug(40)) - Skipping entry: org/apache/hadoop/hdfs/server/namenode/ha/TestEditLogTailer.class
2019-09-17 18:33:29,563 [main] DEBUG mortbay.log (Slf4jLog.java:debug(40)) - Skipping entry: org/apache/hadoop/hdfs/server/namenode/ha/TestFailoverWithBlockTokensEnabled$1.class
2019-09-17 18:33:29,564 [main] DEBUG mortbay.log (Slf4jLog.java:debug(40)) - Skipping entry: org/apache/hadoop/hdfs/server/namenode/ha/TestFailoverWithBlockTokensEnabled.class
2019-09-17 18:33:29,564 [main] DEBUG mortbay.log (Slf4jLog.java:debug(40)) - Skipping entry: org/apache/hadoop/hdfs/server/namenode/ha/TestFailureOfSharedDir.class
2019-09-17 18:33:29,564 [main] DEBUG mortbay.log (Slf4jLog.java:debug(40)) - Skipping entry: org/apache/hadoop/hdfs/server/namenode/ha/TestFailureToReadEdits$1.class
2019-09-17 18:33:29,564 [main] DEBUG mortbay.log (Slf4jLog.java:debug(40)) - Skipping entry: org/apache/hadoop/hdfs/server/namenode/ha/TestFailureToReadEdits$LimitedEditLogAnswer$1.class
2019-09-17 18:33:29,564 [main] DEBUG mortbay.log (Slf4jLog.java:debug(40)) - Skipping entry: org/apache/hadoop/hdfs/server/namenode/ha/TestFailureToReadEdits$LimitedEditLogAnswer.class
2019-09-17 18:33:29,564 [main] DEBUG mortbay.log (Slf4jLog.java:debug(40)) - Skipping entry: org/apache/hadoop/hdfs/server/namenode/ha/TestFailureToReadEdits$TestType.class
2019-09-17 18:33:29,565 [main] DEBUG mortbay.log (Slf4jLog.java:debug(40)) - Skipping entry: org/apache/hadoop/hdfs/server/namenode/ha/TestFailureToReadEdits.class
2019-09-17 18:33:29,565 [main] DEBUG mortbay.log (Slf4jLog.java:debug(40)) - Skipping entry: org/apache/hadoop/hdfs/server/namenode/ha/TestGetGroupsWithHA.class
2019-09-17 18:33:29,565 [main] DEBUG mortbay.log (Slf4jLog.java:debug(40)) - Skipping entry: org/apache/hadoop/hdfs/server/namenode/ha/TestHAAppend.class
2019-09-17 18:33:29,565 [main] DEBUG mortbay.log (Slf4jLog.java:debug(40)) - Skipping entry: org/apache/hadoop/hdfs/server/namenode/ha/TestHAConfiguration.class
2019-09-17 18:33:29,566 [main] DEBUG mortbay.log (Slf4jLog.java:debug(40)) - Skipping entry: org/apache/hadoop/hdfs/server/namenode/ha/TestHAFsck.class
2019-09-17 18:33:29,566 [main] DEBUG mortbay.log (Slf4jLog.java:debug(40)) - Skipping entry: org/apache/hadoop/hdfs/server/namenode/ha/TestHAMetrics.class
2019-09-17 18:33:29,566 [main] DEBUG mortbay.log (Slf4jLog.java:debug(40)) - Skipping entry: org/apache/hadoop/hdfs/server/namenode/ha/TestHarFileSystemWithHA.class
2019-09-17 18:33:29,566 [main] DEBUG mortbay.log (Slf4jLog.java:debug(40)) - Skipping entry: org/apache/hadoop/hdfs/server/namenode/ha/TestHASafeMode$1.class
2019-09-17 18:33:29,566 [main] DEBUG mortbay.log (Slf4jLog.java:debug(40)) - Skipping entry: org/apache/hadoop/hdfs/server/namenode/ha/TestHASafeMode$2.class
2019-09-17 18:33:29,566 [main] DEBUG mortbay.log (Slf4jLog.java:debug(40)) - Skipping entry: org/apache/hadoop/hdfs/server/namenode/ha/TestHASafeMode$3.class
2019-09-17 18:33:29,566 [main] DEBUG mortbay.log (Slf4jLog.java:debug(40)) - Skipping entry: org/apache/hadoop/hdfs/server/namenode/ha/TestHASafeMode$4.class
2019-09-17 18:33:29,566 [main] DEBUG mortbay.log (Slf4jLog.java:debug(40)) - Skipping entry: org/apache/hadoop/hdfs/server/namenode/ha/TestHASafeMode.class
2019-09-17 18:33:29,567 [main] DEBUG mortbay.log (Slf4jLog.java:debug(40)) - Skipping entry: org/apache/hadoop/hdfs/server/namenode/ha/TestHAStateTransitions$1.class
2019-09-17 18:33:29,567 [main] DEBUG mortbay.log (Slf4jLog.java:debug(40)) - Skipping entry: org/apache/hadoop/hdfs/server/namenode/ha/TestHAStateTransitions$2.class
2019-09-17 18:33:29,567 [main] DEBUG mortbay.log (Slf4jLog.java:debug(40)) - Skipping entry: org/apache/hadoop/hdfs/server/namenode/ha/TestHAStateTransitions.class
2019-09-17 18:33:29,567 [main] DEBUG mortbay.log (Slf4jLog.java:debug(40)) - Skipping entry: org/apache/hadoop/hdfs/server/namenode/ha/TestInitializeSharedEdits.class
2019-09-17 18:33:29,567 [main] DEBUG mortbay.log (Slf4jLog.java:debug(40)) - Skipping entry: org/apache/hadoop/hdfs/server/namenode/ha/TestLossyRetryInvocationHandler.class
2019-09-17 18:33:29,568 [main] DEBUG mortbay.log (Slf4jLog.java:debug(40)) - Skipping entry: org/apache/hadoop/hdfs/server/namenode/ha/TestMultiObserverNode.class
2019-09-17 18:33:29,568 [main] DEBUG mortbay.log (Slf4jLog.java:debug(40)) - Skipping entry: org/apache/hadoop/hdfs/server/namenode/ha/TestNNHealthCheck.class
2019-09-17 18:33:29,568 [main] DEBUG mortbay.log (Slf4jLog.java:debug(40)) - Skipping entry: org/apache/hadoop/hdfs/server/namenode/ha/TestObserverNode$1.class
2019-09-17 18:33:29,568 [main] DEBUG mortbay.log (Slf4jLog.java:debug(40)) - Skipping entry: org/apache/hadoop/hdfs/server/namenode/ha/TestObserverNode$2.class
2019-09-17 18:33:29,568 [main] DEBUG mortbay.log (Slf4jLog.java:debug(40)) - Skipping entry: org/apache/hadoop/hdfs/server/namenode/ha/TestObserverNode.class
2019-09-17 18:33:29,568 [main] DEBUG mortbay.log (Slf4jLog.java:debug(40)) - Skipping entry: org/apache/hadoop/hdfs/server/namenode/ha/TestObserverReadProxyProvider$1.class
2019-09-17 18:33:29,568 [main] DEBUG mortbay.log (Slf4jLog.java:debug(40)) - Skipping entry: org/apache/hadoop/hdfs/server/namenode/ha/TestObserverReadProxyProvider$2.class
2019-09-17 18:33:29,569 [main] DEBUG mortbay.log (Slf4jLog.java:debug(40)) - Skipping entry: org/apache/hadoop/hdfs/server/namenode/ha/TestObserverReadProxyProvider$NameNodeAnswer$ClientProtocolAnswer.class
2019-09-17 18:33:29,569 [main] DEBUG mortbay.log (Slf4jLog.java:debug(40)) - Skipping entry: org/apache/hadoop/hdfs/server/namenode/ha/TestObserverReadProxyProvider$NameNodeAnswer.class
2019-09-17 18:33:29,569 [main] DEBUG mortbay.log (Slf4jLog.java:debug(40)) - Skipping entry: org/apache/hadoop/hdfs/server/namenode/ha/TestObserverReadProxyProvider.class
2019-09-17 18:33:29,569 [main] DEBUG mortbay.log (Slf4jLog.java:debug(40)) - Skipping entry: org/apache/hadoop/hdfs/server/namenode/ha/TestPendingCorruptDnMessages$1.class
2019-09-17 18:33:29,569 [main] DEBUG mortbay.log (Slf4jLog.java:debug(40)) - Skipping entry: org/apache/hadoop/hdfs/server/namenode/ha/TestPendingCorruptDnMessages$2.class
2019-09-17 18:33:29,569 [main] DEBUG mortbay.log (Slf4jLog.java:debug(40)) - Skipping entry: org/apache/hadoop/hdfs/server/namenode/ha/TestPendingCorruptDnMessages.class
2019-09-17 18:33:29,569 [main] DEBUG mortbay.log (Slf4jLog.java:debug(40)) - Skipping entry: org/apache/hadoop/hdfs/server/namenode/ha/TestPipelinesFailover$1.class
2019-09-17 18:33:29,569 [main] DEBUG mortbay.log (Slf4jLog.java:debug(40)) - Skipping entry: org/apache/hadoop/hdfs/server/namenode/ha/TestPipelinesFailover$2.class
2019-09-17 18:33:29,569 [main] DEBUG mortbay.log (Slf4jLog.java:debug(40)) - Skipping entry: org/apache/hadoop/hdfs/server/namenode/ha/TestPipelinesFailover$MethodToTestIdempotence.class
2019-09-17 18:33:29,570 [main] DEBUG mortbay.log (Slf4jLog.java:debug(40)) - Skipping entry: org/apache/hadoop/hdfs/server/namenode/ha/TestPipelinesFailover$PipelineTestThread.class
2019-09-17 18:33:29,570 [main] DEBUG mortbay.log (Slf4jLog.java:debug(40)) - Skipping entry: org/apache/hadoop/hdfs/server/namenode/ha/TestPipelinesFailover$TestScenario$1.class
2019-09-17 18:33:29,570 [main] DEBUG mortbay.log (Slf4jLog.java:debug(40)) - Skipping entry: org/apache/hadoop/hdfs/server/namenode/ha/TestPipelinesFailover$TestScenario$2.class
2019-09-17 18:33:29,570 [main] DEBUG mortbay.log (Slf4jLog.java:debug(40)) - Skipping entry: org/apache/hadoop/hdfs/server/namenode/ha/TestPipelinesFailover$TestScenario.class
2019-09-17 18:33:29,570 [main] DEBUG mortbay.log (Slf4jLog.java:debug(40)) - Skipping entry: org/apache/hadoop/hdfs/server/namenode/ha/TestPipelinesFailover.class
2019-09-17 18:33:29,570 [main] DEBUG mortbay.log (Slf4jLog.java:debug(40)) - Skipping entry: org/apache/hadoop/hdfs/server/namenode/ha/TestQuotasWithHA.class
2019-09-17 18:33:29,570 [main] DEBUG mortbay.log (Slf4jLog.java:debug(40)) - Skipping entry: org/apache/hadoop/hdfs/server/namenode/ha/TestRemoteNameNodeInfo.class
2019-09-17 18:33:29,570 [main] DEBUG mortbay.log (Slf4jLog.java:debug(40)) - Skipping entry: org/apache/hadoop/hdfs/server/namenode/ha/TestRetryCacheWithHA$1.class
2019-09-17 18:33:29,571 [main] DEBUG mortbay.log (Slf4jLog.java:debug(40)) - Skipping entry: org/apache/hadoop/hdfs/server/namenode/ha/TestRetryCacheWithHA$AddCacheDirectiveInfoOp.class
2019-09-17 18:33:29,571 [main] DEBUG mortbay.log (Slf4jLog.java:debug(40)) - Skipping entry: org/apache/hadoop/hdfs/server/namenode/ha/TestRetryCacheWithHA$AddCachePoolOp.class
2019-09-17 18:33:29,571 [main] DEBUG mortbay.log (Slf4jLog.java:debug(40)) - Skipping entry: org/apache/hadoop/hdfs/server/namenode/ha/TestRetryCacheWithHA$AppendOp.class
2019-09-17 18:33:29,571 [main] DEBUG mortbay.log (Slf4jLog.java:debug(40)) - Skipping entry: org/apache/hadoop/hdfs/server/namenode/ha/TestRetryCacheWithHA$AtMostOnceOp.class
2019-09-17 18:33:29,571 [main] DEBUG mortbay.log (Slf4jLog.java:debug(40)) - Skipping entry: org/apache/hadoop/hdfs/server/namenode/ha/TestRetryCacheWithHA$ConcatOp.class
2019-09-17 18:33:29,571 [main] DEBUG mortbay.log (Slf4jLog.java:debug(40)) - Skipping entry: org/apache/hadoop/hdfs/server/namenode/ha/TestRetryCacheWithHA$CreateOp.class
2019-09-17 18:33:29,571 [main] DEBUG mortbay.log (Slf4jLog.java:debug(40)) - Skipping entry: org/apache/hadoop/hdfs/server/namenode/ha/TestRetryCacheWithHA$CreateSnapshotOp.class
2019-09-17 18:33:29,571 [main] DEBUG mortbay.log (Slf4jLog.java:debug(40)) - Skipping entry: org/apache/hadoop/hdfs/server/namenode/ha/TestRetryCacheWithHA$CreateSymlinkOp.class
2019-09-17 18:33:29,572 [main] DEBUG mortbay.log (Slf4jLog.java:debug(40)) - Skipping entry: org/apache/hadoop/hdfs/server/namenode/ha/TestRetryCacheWithHA$DeleteOp.class
2019-09-17 18:33:29,572 [main] DEBUG mortbay.log (Slf4jLog.java:debug(40)) - Skipping entry: org/apache/hadoop/hdfs/server/namenode/ha/TestRetryCacheWithHA$DeleteSnapshotOp.class
2019-09-17 18:33:29,572 [main] DEBUG mortbay.log (Slf4jLog.java:debug(40)) - Skipping entry: org/apache/hadoop/hdfs/server/namenode/ha/TestRetryCacheWithHA$DummyRetryInvocationHandler.class
2019-09-17 18:33:29,572 [main] DEBUG mortbay.log (Slf4jLog.java:debug(40)) - Skipping entry: org/apache/hadoop/hdfs/server/namenode/ha/TestRetryCacheWithHA$ModifyCacheDirectiveInfoOp.class
2019-09-17 18:33:29,572 [main] DEBUG mortbay.log (Slf4jLog.java:debug(40)) - Skipping entry: org/apache/hadoop/hdfs/server/namenode/ha/TestRetryCacheWithHA$ModifyCachePoolOp.class
2019-09-17 18:33:29,572 [main] DEBUG mortbay.log (Slf4jLog.java:debug(40)) - Skipping entry: org/apache/hadoop/hdfs/server/namenode/ha/TestRetryCacheWithHA$RemoveCacheDirectiveInfoOp.class
2019-09-17 18:33:29,572 [main] DEBUG mortbay.log (Slf4jLog.java:debug(40)) - Skipping entry: org/apache/hadoop/hdfs/server/namenode/ha/TestRetryCacheWithHA$RemoveCachePoolOp.class
2019-09-17 18:33:29,583 [main] DEBUG mortbay.log (Slf4jLog.java:debug(40)) - Skipping entry: org/apache/hadoop/hdfs/server/namenode/ha/TestRetryCacheWithHA$RemoveXAttrOp.class
2019-09-17 18:33:29,584 [main] DEBUG mortbay.log (Slf4jLog.java:debug(40)) - Skipping entry: org/apache/hadoop/hdfs/server/namenode/ha/TestRetryCacheWithHA$Rename2Op.class
2019-09-17 18:33:29,584 [main] DEBUG mortbay.log (Slf4jLog.java:debug(40)) - Skipping entry: org/apache/hadoop/hdfs/server/namenode/ha/TestRetryCacheWithHA$RenameOp.class
2019-09-17 18:33:29,584 [main] DEBUG mortbay.log (Slf4jLog.java:debug(40)) - Skipping entry: org/apache/hadoop/hdfs/server/namenode/ha/TestRetryCacheWithHA$RenameSnapshotOp.class
2019-09-17 18:33:29,584 [main] DEBUG mortbay.log (Slf4jLog.java:debug(40)) - Skipping entry: org/apache/hadoop/hdfs/server/namenode/ha/TestRetryCacheWithHA$SetXAttrOp.class
2019-09-17 18:33:29,584 [main] DEBUG mortbay.log (Slf4jLog.java:debug(40)) - Skipping entry: org/apache/hadoop/hdfs/server/namenode/ha/TestRetryCacheWithHA$UpdatePipelineOp.class
2019-09-17 18:33:29,585 [main] DEBUG mortbay.log (Slf4jLog.java:debug(40)) - Skipping entry: org/apache/hadoop/hdfs/server/namenode/ha/TestRetryCacheWithHA.class
2019-09-17 18:33:29,585 [main] DEBUG mortbay.log (Slf4jLog.java:debug(40)) - Skipping entry: org/apache/hadoop/hdfs/server/namenode/ha/TestSeveralNameNodes$CircularWriter.class
2019-09-17 18:33:29,585 [main] DEBUG mortbay.log (Slf4jLog.java:debug(40)) - Skipping entry: org/apache/hadoop/hdfs/server/namenode/ha/TestSeveralNameNodes.class
2019-09-17 18:33:29,585 [main] DEBUG mortbay.log (Slf4jLog.java:debug(40)) - Skipping entry: org/apache/hadoop/hdfs/server/namenode/ha/TestStandbyBlockManagement.class
2019-09-17 18:33:29,586 [main] DEBUG mortbay.log (Slf4jLog.java:debug(40)) - Skipping entry: org/apache/hadoop/hdfs/server/namenode/ha/TestStandbyCheckpoints$1.class
2019-09-17 18:33:29,586 [main] DEBUG mortbay.log (Slf4jLog.java:debug(40)) - Skipping entry: org/apache/hadoop/hdfs/server/namenode/ha/TestStandbyCheckpoints$2.class
2019-09-17 18:33:29,586 [main] DEBUG mortbay.log (Slf4jLog.java:debug(40)) - Skipping entry: org/apache/hadoop/hdfs/server/namenode/ha/TestStandbyCheckpoints$3.class
2019-09-17 18:33:29,586 [main] DEBUG mortbay.log (Slf4jLog.java:debug(40)) - Skipping entry: org/apache/hadoop/hdfs/server/namenode/ha/TestStandbyCheckpoints$SlowCodec.class
2019-09-17 18:33:29,586 [main] DEBUG mortbay.log (Slf4jLog.java:debug(40)) - Skipping entry: org/apache/hadoop/hdfs/server/namenode/ha/TestStandbyCheckpoints.class
2019-09-17 18:33:29,587 [main] DEBUG mortbay.log (Slf4jLog.java:debug(40)) - Skipping entry: org/apache/hadoop/hdfs/server/namenode/ha/TestStandbyInProgressTail$1.class
2019-09-17 18:33:29,587 [main] DEBUG mortbay.log (Slf4jLog.java:debug(40)) - Skipping entry: org/apache/hadoop/hdfs/server/namenode/ha/TestStandbyInProgressTail$2.class
2019-09-17 18:33:29,588 [main] DEBUG mortbay.log (Slf4jLog.java:debug(40)) - Skipping entry: org/apache/hadoop/hdfs/server/namenode/ha/TestStandbyInProgressTail.class
2019-09-17 18:33:29,588 [main] DEBUG mortbay.log (Slf4jLog.java:debug(40)) - Skipping entry: org/apache/hadoop/hdfs/server/namenode/ha/TestStandbyIsHot$1.class
2019-09-17 18:33:29,589 [main] DEBUG mortbay.log (Slf4jLog.java:debug(40)) - Skipping entry: org/apache/hadoop/hdfs/server/namenode/ha/TestStandbyIsHot.class
2019-09-17 18:33:29,589 [main] DEBUG mortbay.log (Slf4jLog.java:debug(40)) - Skipping entry: org/apache/hadoop/hdfs/server/namenode/ha/TestStateTransitionFailure.class
2019-09-17 18:33:29,589 [main] DEBUG mortbay.log (Slf4jLog.java:debug(40)) - Skipping entry: org/apache/hadoop/hdfs/server/namenode/ha/TestXAttrsWithHA.class
2019-09-17 18:33:29,589 [main] DEBUG mortbay.log (Slf4jLog.java:debug(40)) - Skipping entry: org/apache/hadoop/hdfs/server/namenode/metrics/
2019-09-17 18:33:29,589 [main] DEBUG mortbay.log (Slf4jLog.java:debug(40)) - Skipping entry: org/apache/hadoop/hdfs/server/namenode/metrics/TestNameNodeMetrics.class
2019-09-17 18:33:29,590 [main] DEBUG mortbay.log (Slf4jLog.java:debug(40)) - Skipping entry: org/apache/hadoop/hdfs/server/namenode/metrics/TestNNMetricFilesInGetListingOps.class
2019-09-17 18:33:29,590 [main] DEBUG mortbay.log (Slf4jLog.java:debug(40)) - Skipping entry: org/apache/hadoop/hdfs/server/namenode/metrics/TestTopMetrics.class
2019-09-17 18:33:29,590 [main] DEBUG mortbay.log (Slf4jLog.java:debug(40)) - Skipping entry: org/apache/hadoop/hdfs/server/namenode/MockFSInputStream.class
2019-09-17 18:33:29,590 [main] DEBUG mortbay.log (Slf4jLog.java:debug(40)) - Skipping entry: org/apache/hadoop/hdfs/server/namenode/MockNameNodeResourceChecker.class
2019-09-17 18:33:29,590 [main] DEBUG mortbay.log (Slf4jLog.java:debug(40)) - Skipping entry: org/apache/hadoop/hdfs/server/namenode/NameNodeAdapter.class
2019-09-17 18:33:29,591 [main] DEBUG mortbay.log (Slf4jLog.java:debug(40)) - Skipping entry: org/apache/hadoop/hdfs/server/namenode/NNThroughputBenchmark$BlockReportStats.class
2019-09-17 18:33:29,591 [main] DEBUG mortbay.log (Slf4jLog.java:debug(40)) - Skipping entry: org/apache/hadoop/hdfs/server/namenode/NNThroughputBenchmark$CleanAllStats.class
2019-09-17 18:33:29,591 [main] DEBUG mortbay.log (Slf4jLog.java:debug(40)) - Skipping entry: org/apache/hadoop/hdfs/server/namenode/NNThroughputBenchmark$CreateFileStats.class
2019-09-17 18:33:29,591 [main] DEBUG mortbay.log (Slf4jLog.java:debug(40)) - Skipping entry: org/apache/hadoop/hdfs/server/namenode/NNThroughputBenchmark$DeleteFileStats.class
2019-09-17 18:33:29,591 [main] DEBUG mortbay.log (Slf4jLog.java:debug(40)) - Skipping entry: org/apache/hadoop/hdfs/server/namenode/NNThroughputBenchmark$FileStatusStats.class
2019-09-17 18:33:29,592 [main] DEBUG mortbay.log (Slf4jLog.java:debug(40)) - Skipping entry: org/apache/hadoop/hdfs/server/namenode/NNThroughputBenchmark$MkdirsStats.class
2019-09-17 18:33:29,592 [main] DEBUG mortbay.log (Slf4jLog.java:debug(40)) - Skipping entry: org/apache/hadoop/hdfs/server/namenode/NNThroughputBenchmark$OpenFileStats.class
2019-09-17 18:33:29,592 [main] DEBUG mortbay.log (Slf4jLog.java:debug(40)) - Skipping entry: org/apache/hadoop/hdfs/server/namenode/NNThroughputBenchmark$OperationStatsBase.class
2019-09-17 18:33:29,592 [main] DEBUG mortbay.log (Slf4jLog.java:debug(40)) - Skipping entry: org/apache/hadoop/hdfs/server/namenode/NNThroughputBenchmark$RenameFileStats.class
2019-09-17 18:33:29,592 [main] DEBUG mortbay.log (Slf4jLog.java:debug(40)) - Skipping entry: org/apache/hadoop/hdfs/server/namenode/NNThroughputBenchmark$ReplicationStats.class
2019-09-17 18:33:29,593 [main] DEBUG mortbay.log (Slf4jLog.java:debug(40)) - Skipping entry: org/apache/hadoop/hdfs/server/namenode/NNThroughputBenchmark$StatsDaemon.class
2019-09-17 18:33:29,593 [main] DEBUG mortbay.log (Slf4jLog.java:debug(40)) - Skipping entry: org/apache/hadoop/hdfs/server/namenode/NNThroughputBenchmark$TinyDatanode.class
2019-09-17 18:33:29,593 [main] DEBUG mortbay.log (Slf4jLog.java:debug(40)) - Skipping entry: org/apache/hadoop/hdfs/server/namenode/NNThroughputBenchmark.class
2019-09-17 18:33:29,593 [main] DEBUG mortbay.log (Slf4jLog.java:debug(40)) - Skipping entry: org/apache/hadoop/hdfs/server/namenode/OfflineEditsViewerHelper.class
2019-09-17 18:33:29,593 [main] DEBUG mortbay.log (Slf4jLog.java:debug(40)) - Skipping entry: org/apache/hadoop/hdfs/server/namenode/snapshot/
2019-09-17 18:33:29,594 [main] DEBUG mortbay.log (Slf4jLog.java:debug(40)) - Skipping entry: org/apache/hadoop/hdfs/server/namenode/snapshot/SnapshotTestHelper$TestDirectoryTree$Node.class
2019-09-17 18:33:29,594 [main] DEBUG mortbay.log (Slf4jLog.java:debug(40)) - Skipping entry: org/apache/hadoop/hdfs/server/namenode/snapshot/SnapshotTestHelper$TestDirectoryTree.class
2019-09-17 18:33:29,594 [main] DEBUG mortbay.log (Slf4jLog.java:debug(40)) - Skipping entry: org/apache/hadoop/hdfs/server/namenode/snapshot/SnapshotTestHelper.class
2019-09-17 18:33:29,594 [main] DEBUG mortbay.log (Slf4jLog.java:debug(40)) - Skipping entry: org/apache/hadoop/hdfs/server/namenode/snapshot/TestAclWithSnapshot.class
2019-09-17 18:33:29,595 [main] DEBUG mortbay.log (Slf4jLog.java:debug(40)) - Skipping entry: org/apache/hadoop/hdfs/server/namenode/snapshot/TestCheckpointsWithSnapshots.class
2019-09-17 18:33:29,595 [main] DEBUG mortbay.log (Slf4jLog.java:debug(40)) - Skipping entry: org/apache/hadoop/hdfs/server/namenode/snapshot/TestDisallowModifyROSnapshot.class
2019-09-17 18:33:29,595 [main] DEBUG mortbay.log (Slf4jLog.java:debug(40)) - Skipping entry: org/apache/hadoop/hdfs/server/namenode/snapshot/TestFileContextSnapshot.class
2019-09-17 18:33:29,595 [main] DEBUG mortbay.log (Slf4jLog.java:debug(40)) - Skipping entry: org/apache/hadoop/hdfs/server/namenode/snapshot/TestFileWithSnapshotFeature.class
2019-09-17 18:33:29,596 [main] DEBUG mortbay.log (Slf4jLog.java:debug(40)) - Skipping entry: org/apache/hadoop/hdfs/server/namenode/snapshot/TestGetContentSummaryWithSnapshot.class
2019-09-17 18:33:29,596 [main] DEBUG mortbay.log (Slf4jLog.java:debug(40)) - Skipping entry: org/apache/hadoop/hdfs/server/namenode/snapshot/TestINodeFileUnderConstructionWithSnapshot.class
2019-09-17 18:33:29,596 [main] DEBUG mortbay.log (Slf4jLog.java:debug(40)) - Skipping entry: org/apache/hadoop/hdfs/server/namenode/snapshot/TestNestedSnapshots.class
2019-09-17 18:33:29,596 [main] DEBUG mortbay.log (Slf4jLog.java:debug(40)) - Skipping entry: org/apache/hadoop/hdfs/server/namenode/snapshot/TestOpenFilesWithSnapshot$1.class
2019-09-17 18:33:29,596 [main] DEBUG mortbay.log (Slf4jLog.java:debug(40)) - Skipping entry: org/apache/hadoop/hdfs/server/namenode/snapshot/TestOpenFilesWithSnapshot.class
2019-09-17 18:33:29,597 [main] DEBUG mortbay.log (Slf4jLog.java:debug(40)) - Skipping entry: org/apache/hadoop/hdfs/server/namenode/snapshot/TestRenameWithSnapshots.class
2019-09-17 18:33:29,597 [main] DEBUG mortbay.log (Slf4jLog.java:debug(40)) - Skipping entry: org/apache/hadoop/hdfs/server/namenode/snapshot/TestSetQuotaWithSnapshot.class
2019-09-17 18:33:29,598 [main] DEBUG mortbay.log (Slf4jLog.java:debug(40)) - Skipping entry: org/apache/hadoop/hdfs/server/namenode/snapshot/TestSnapshot$DirCreationOrDeletion.class
2019-09-17 18:33:29,598 [main] DEBUG mortbay.log (Slf4jLog.java:debug(40)) - Skipping entry: org/apache/hadoop/hdfs/server/namenode/snapshot/TestSnapshot$DirRename.class
2019-09-17 18:33:29,598 [main] DEBUG mortbay.log (Slf4jLog.java:debug(40)) - Skipping entry: org/apache/hadoop/hdfs/server/namenode/snapshot/TestSnapshot$FileAppend.class
2019-09-17 18:33:29,598 [main] DEBUG mortbay.log (Slf4jLog.java:debug(40)) - Skipping entry: org/apache/hadoop/hdfs/server/namenode/snapshot/TestSnapshot$FileAppendClose.class
2019-09-17 18:33:29,598 [main] DEBUG mortbay.log (Slf4jLog.java:debug(40)) - Skipping entry: org/apache/hadoop/hdfs/server/namenode/snapshot/TestSnapshot$FileAppendNotClose.class
2019-09-17 18:33:29,599 [main] DEBUG mortbay.log (Slf4jLog.java:debug(40)) - Skipping entry: org/apache/hadoop/hdfs/server/namenode/snapshot/TestSnapshot$FileChangePermission.class
2019-09-17 18:33:29,599 [main] DEBUG mortbay.log (Slf4jLog.java:debug(40)) - Skipping entry: org/apache/hadoop/hdfs/server/namenode/snapshot/TestSnapshot$FileChangeReplication.class
2019-09-17 18:33:29,599 [main] DEBUG mortbay.log (Slf4jLog.java:debug(40)) - Skipping entry: org/apache/hadoop/hdfs/server/namenode/snapshot/TestSnapshot$FileChown.class
2019-09-17 18:33:29,599 [main] DEBUG mortbay.log (Slf4jLog.java:debug(40)) - Skipping entry: org/apache/hadoop/hdfs/server/namenode/snapshot/TestSnapshot$FileCreation.class
2019-09-17 18:33:29,599 [main] DEBUG mortbay.log (Slf4jLog.java:debug(40)) - Skipping entry: org/apache/hadoop/hdfs/server/namenode/snapshot/TestSnapshot$FileDeletion.class
2019-09-17 18:33:29,599 [main] DEBUG mortbay.log (Slf4jLog.java:debug(40)) - Skipping entry: org/apache/hadoop/hdfs/server/namenode/snapshot/TestSnapshot$FileStatusChange.class
2019-09-17 18:33:29,600 [main] DEBUG mortbay.log (Slf4jLog.java:debug(40)) - Skipping entry: org/apache/hadoop/hdfs/server/namenode/snapshot/TestSnapshot$Modification.class
2019-09-17 18:33:29,600 [main] DEBUG mortbay.log (Slf4jLog.java:debug(40)) - Skipping entry: org/apache/hadoop/hdfs/server/namenode/snapshot/TestSnapshot.class
2019-09-17 18:33:29,600 [main] DEBUG mortbay.log (Slf4jLog.java:debug(40)) - Skipping entry: org/apache/hadoop/hdfs/server/namenode/snapshot/TestSnapshotBlocksMap.class
2019-09-17 18:33:29,600 [main] DEBUG mortbay.log (Slf4jLog.java:debug(40)) - Skipping entry: org/apache/hadoop/hdfs/server/namenode/snapshot/TestSnapshotDeletion$1.class
2019-09-17 18:33:29,600 [main] DEBUG mortbay.log (Slf4jLog.java:debug(40)) - Skipping entry: org/apache/hadoop/hdfs/server/namenode/snapshot/TestSnapshotDeletion.class
2019-09-17 18:33:29,602 [main] DEBUG mortbay.log (Slf4jLog.java:debug(40)) - Skipping entry: org/apache/hadoop/hdfs/server/namenode/snapshot/TestSnapshotDiffReport.class
2019-09-17 18:33:29,603 [main] DEBUG mortbay.log (Slf4jLog.java:debug(40)) - Skipping entry: org/apache/hadoop/hdfs/server/namenode/snapshot/TestSnapshotFileLength.class
2019-09-17 18:33:29,603 [main] DEBUG mortbay.log (Slf4jLog.java:debug(40)) - Skipping entry: org/apache/hadoop/hdfs/server/namenode/snapshot/TestSnapshotListing.class
2019-09-17 18:33:29,603 [main] DEBUG mortbay.log (Slf4jLog.java:debug(40)) - Skipping entry: org/apache/hadoop/hdfs/server/namenode/snapshot/TestSnapshotManager.class
2019-09-17 18:33:29,603 [main] DEBUG mortbay.log (Slf4jLog.java:debug(40)) - Skipping entry: org/apache/hadoop/hdfs/server/namenode/snapshot/TestSnapshotMetrics.class
2019-09-17 18:33:29,604 [main] DEBUG mortbay.log (Slf4jLog.java:debug(40)) - Skipping entry: org/apache/hadoop/hdfs/server/namenode/snapshot/TestSnapshotNameWithInvalidCharacters.class
2019-09-17 18:33:29,604 [main] DEBUG mortbay.log (Slf4jLog.java:debug(40)) - Skipping entry: org/apache/hadoop/hdfs/server/namenode/snapshot/TestSnapshotRename.class
2019-09-17 18:33:29,604 [main] DEBUG mortbay.log (Slf4jLog.java:debug(40)) - Skipping entry: org/apache/hadoop/hdfs/server/namenode/snapshot/TestSnapshotReplication.class
2019-09-17 18:33:29,604 [main] DEBUG mortbay.log (Slf4jLog.java:debug(40)) - Skipping entry: org/apache/hadoop/hdfs/server/namenode/snapshot/TestSnapshotStatsMXBean.class
2019-09-17 18:33:29,604 [main] DEBUG mortbay.log (Slf4jLog.java:debug(40)) - Skipping entry: org/apache/hadoop/hdfs/server/namenode/snapshot/TestSnapshottableDirListing.class
2019-09-17 18:33:29,605 [main] DEBUG mortbay.log (Slf4jLog.java:debug(40)) - Skipping entry: org/apache/hadoop/hdfs/server/namenode/snapshot/TestUpdatePipelineWithSnapshots.class
2019-09-17 18:33:29,605 [main] DEBUG mortbay.log (Slf4jLog.java:debug(40)) - Skipping entry: org/apache/hadoop/hdfs/server/namenode/snapshot/TestXAttrWithSnapshot.class
2019-09-17 18:33:29,605 [main] DEBUG mortbay.log (Slf4jLog.java:debug(40)) - Skipping entry: org/apache/hadoop/hdfs/server/namenode/startupprogress/
2019-09-17 18:33:29,605 [main] DEBUG mortbay.log (Slf4jLog.java:debug(40)) - Skipping entry: org/apache/hadoop/hdfs/server/namenode/startupprogress/StartupProgressTestHelper.class
2019-09-17 18:33:29,605 [main] DEBUG mortbay.log (Slf4jLog.java:debug(40)) - Skipping entry: org/apache/hadoop/hdfs/server/namenode/startupprogress/TestStartupProgress$1.class
2019-09-17 18:33:29,605 [main] DEBUG mortbay.log (Slf4jLog.java:debug(40)) - Skipping entry: org/apache/hadoop/hdfs/server/namenode/startupprogress/TestStartupProgress.class
2019-09-17 18:33:29,606 [main] DEBUG mortbay.log (Slf4jLog.java:debug(40)) - Skipping entry: org/apache/hadoop/hdfs/server/namenode/startupprogress/TestStartupProgressMetrics.class
2019-09-17 18:33:29,606 [main] DEBUG mortbay.log (Slf4jLog.java:debug(40)) - Skipping entry: org/apache/hadoop/hdfs/server/namenode/TestAclConfigFlag.class
2019-09-17 18:33:29,606 [main] DEBUG mortbay.log (Slf4jLog.java:debug(40)) - Skipping entry: org/apache/hadoop/hdfs/server/namenode/TestAclTransformation.class
2019-09-17 18:33:29,606 [main] DEBUG mortbay.log (Slf4jLog.java:debug(40)) - Skipping entry: org/apache/hadoop/hdfs/server/namenode/TestAddBlock.class
2019-09-17 18:33:29,607 [main] DEBUG mortbay.log (Slf4jLog.java:debug(40)) - Skipping entry: org/apache/hadoop/hdfs/server/namenode/TestAddBlockRetry.class
2019-09-17 18:33:29,607 [main] DEBUG mortbay.log (Slf4jLog.java:debug(40)) - Skipping entry: org/apache/hadoop/hdfs/server/namenode/TestAllowFormat.class
2019-09-17 18:33:29,607 [main] DEBUG mortbay.log (Slf4jLog.java:debug(40)) - Skipping entry: org/apache/hadoop/hdfs/server/namenode/TestAuditLogAtDebug.class
2019-09-17 18:33:29,607 [main] DEBUG mortbay.log (Slf4jLog.java:debug(40)) - Skipping entry: org/apache/hadoop/hdfs/server/namenode/TestAuditLogger$1.class
2019-09-17 18:33:29,607 [main] DEBUG mortbay.log (Slf4jLog.java:debug(40)) - Skipping entry: org/apache/hadoop/hdfs/server/namenode/TestAuditLogger$2.class
2019-09-17 18:33:29,607 [main] DEBUG mortbay.log (Slf4jLog.java:debug(40)) - Skipping entry: org/apache/hadoop/hdfs/server/namenode/TestAuditLogger$BrokenAuditLogger.class
2019-09-17 18:33:29,608 [main] DEBUG mortbay.log (Slf4jLog.java:debug(40)) - Skipping entry: org/apache/hadoop/hdfs/server/namenode/TestAuditLogger$DummyAuditLogger.class
2019-09-17 18:33:29,608 [main] DEBUG mortbay.log (Slf4jLog.java:debug(40)) - Skipping entry: org/apache/hadoop/hdfs/server/namenode/TestAuditLogger.class
2019-09-17 18:33:29,608 [main] DEBUG mortbay.log (Slf4jLog.java:debug(40)) - Skipping entry: org/apache/hadoop/hdfs/server/namenode/TestAuditLogs.class
2019-09-17 18:33:29,608 [main] DEBUG mortbay.log (Slf4jLog.java:debug(40)) - Skipping entry: org/apache/hadoop/hdfs/server/namenode/TestBackupNode$1.class
2019-09-17 18:33:29,608 [main] DEBUG mortbay.log (Slf4jLog.java:debug(40)) - Skipping entry: org/apache/hadoop/hdfs/server/namenode/TestBackupNode.class
2019-09-17 18:33:29,609 [main] DEBUG mortbay.log (Slf4jLog.java:debug(40)) - Skipping entry: org/apache/hadoop/hdfs/server/namenode/TestBlockPlacementPolicyRackFaultTolerant.class
2019-09-17 18:33:29,609 [main] DEBUG mortbay.log (Slf4jLog.java:debug(40)) - Skipping entry: org/apache/hadoop/hdfs/server/namenode/TestBlockUnderConstruction.class
2019-09-17 18:33:29,609 [main] DEBUG mortbay.log (Slf4jLog.java:debug(40)) - Skipping entry: org/apache/hadoop/hdfs/server/namenode/TestCacheDirectives$1.class
2019-09-17 18:33:29,609 [main] DEBUG mortbay.log (Slf4jLog.java:debug(40)) - Skipping entry: org/apache/hadoop/hdfs/server/namenode/TestCacheDirectives$2.class
2019-09-17 18:33:29,610 [main] DEBUG mortbay.log (Slf4jLog.java:debug(40)) - Skipping entry: org/apache/hadoop/hdfs/server/namenode/TestCacheDirectives$3.class
2019-09-17 18:33:29,610 [main] DEBUG mortbay.log (Slf4jLog.java:debug(40)) - Skipping entry: org/apache/hadoop/hdfs/server/namenode/TestCacheDirectives$4.class
2019-09-17 18:33:29,610 [main] DEBUG mortbay.log (Slf4jLog.java:debug(40)) - Skipping entry: org/apache/hadoop/hdfs/server/namenode/TestCacheDirectives$5.class
2019-09-17 18:33:29,610 [main] DEBUG mortbay.log (Slf4jLog.java:debug(40)) - Skipping entry: org/apache/hadoop/hdfs/server/namenode/TestCacheDirectives.class
2019-09-17 18:33:29,611 [main] DEBUG mortbay.log (Slf4jLog.java:debug(40)) - Skipping entry: org/apache/hadoop/hdfs/server/namenode/TestCheckpoint$1.class
2019-09-17 18:33:29,611 [main] DEBUG mortbay.log (Slf4jLog.java:debug(40)) - Skipping entry: org/apache/hadoop/hdfs/server/namenode/TestCheckpoint$2.class
2019-09-17 18:33:29,611 [main] DEBUG mortbay.log (Slf4jLog.java:debug(40)) - Skipping entry: org/apache/hadoop/hdfs/server/namenode/TestCheckpoint$3.class
2019-09-17 18:33:29,611 [main] DEBUG mortbay.log (Slf4jLog.java:debug(40)) - Skipping entry: org/apache/hadoop/hdfs/server/namenode/TestCheckpoint$4.class
2019-09-17 18:33:29,611 [main] DEBUG mortbay.log (Slf4jLog.java:debug(40)) - Skipping entry: org/apache/hadoop/hdfs/server/namenode/TestCheckpoint$5.class
2019-09-17 18:33:29,612 [main] DEBUG mortbay.log (Slf4jLog.java:debug(40)) - Skipping entry: org/apache/hadoop/hdfs/server/namenode/TestCheckpoint$DoCheckpointThread.class
2019-09-17 18:33:29,612 [main] DEBUG mortbay.log (Slf4jLog.java:debug(40)) - Skipping entry: org/apache/hadoop/hdfs/server/namenode/TestCheckpoint.class
2019-09-17 18:33:29,613 [main] DEBUG mortbay.log (Slf4jLog.java:debug(40)) - Skipping entry: org/apache/hadoop/hdfs/server/namenode/TestCheckPointForSecurityTokens.class
2019-09-17 18:33:29,613 [main] DEBUG mortbay.log (Slf4jLog.java:debug(40)) - Skipping entry: org/apache/hadoop/hdfs/server/namenode/TestClusterId.class
2019-09-17 18:33:29,613 [main] DEBUG mortbay.log (Slf4jLog.java:debug(40)) - Skipping entry: org/apache/hadoop/hdfs/server/namenode/TestCommitBlockSynchronization.class
2019-09-17 18:33:29,613 [main] DEBUG mortbay.log (Slf4jLog.java:debug(40)) - Skipping entry: org/apache/hadoop/hdfs/server/namenode/TestCommitBlockWithInvalidGenStamp.class
2019-09-17 18:33:29,613 [main] DEBUG mortbay.log (Slf4jLog.java:debug(40)) - Skipping entry: org/apache/hadoop/hdfs/server/namenode/TestCreateEditsLog.class
2019-09-17 18:33:29,613 [main] DEBUG mortbay.log (Slf4jLog.java:debug(40)) - Skipping entry: org/apache/hadoop/hdfs/server/namenode/TestDeadDatanode$1.class
2019-09-17 18:33:29,614 [main] DEBUG mortbay.log (Slf4jLog.java:debug(40)) - Skipping entry: org/apache/hadoop/hdfs/server/namenode/TestDeadDatanode.class
2019-09-17 18:33:29,614 [main] DEBUG mortbay.log (Slf4jLog.java:debug(40)) - Skipping entry: org/apache/hadoop/hdfs/server/namenode/TestDecommissioningStatus.class
2019-09-17 18:33:29,614 [main] DEBUG mortbay.log (Slf4jLog.java:debug(40)) - Skipping entry: org/apache/hadoop/hdfs/server/namenode/TestDeduplicationMap.class
2019-09-17 18:33:29,614 [main] DEBUG mortbay.log (Slf4jLog.java:debug(40)) - Skipping entry: org/apache/hadoop/hdfs/server/namenode/TestDefaultBlockPlacementPolicy.class
2019-09-17 18:33:29,615 [main] DEBUG mortbay.log (Slf4jLog.java:debug(40)) - Skipping entry: org/apache/hadoop/hdfs/server/namenode/TestDeleteRace$1.class
2019-09-17 18:33:29,615 [main] DEBUG mortbay.log (Slf4jLog.java:debug(40)) - Skipping entry: org/apache/hadoop/hdfs/server/namenode/TestDeleteRace$DeleteThread.class
2019-09-17 18:33:29,615 [main] DEBUG mortbay.log (Slf4jLog.java:debug(40)) - Skipping entry: org/apache/hadoop/hdfs/server/namenode/TestDeleteRace$RenameThread.class
2019-09-17 18:33:29,615 [main] DEBUG mortbay.log (Slf4jLog.java:debug(40)) - Skipping entry: org/apache/hadoop/hdfs/server/namenode/TestDeleteRace$SlowBlockPlacementPolicy.class
2019-09-17 18:33:29,615 [main] DEBUG mortbay.log (Slf4jLog.java:debug(40)) - Skipping entry: org/apache/hadoop/hdfs/server/namenode/TestDeleteRace.class
2019-09-17 18:33:29,615 [main] DEBUG mortbay.log (Slf4jLog.java:debug(40)) - Skipping entry: org/apache/hadoop/hdfs/server/namenode/TestDiskspaceQuotaUpdate$1.class
2019-09-17 18:33:29,616 [main] DEBUG mortbay.log (Slf4jLog.java:debug(40)) - Skipping entry: org/apache/hadoop/hdfs/server/namenode/TestDiskspaceQuotaUpdate.class
2019-09-17 18:33:29,616 [main] DEBUG mortbay.log (Slf4jLog.java:debug(40)) - Skipping entry: org/apache/hadoop/hdfs/server/namenode/TestEditLog$1.class
2019-09-17 18:33:29,616 [main] DEBUG mortbay.log (Slf4jLog.java:debug(40)) - Skipping entry: org/apache/hadoop/hdfs/server/namenode/TestEditLog$2.class
2019-09-17 18:33:29,616 [main] DEBUG mortbay.log (Slf4jLog.java:debug(40)) - Skipping entry: org/apache/hadoop/hdfs/server/namenode/TestEditLog$3.class
2019-09-17 18:33:29,616 [main] DEBUG mortbay.log (Slf4jLog.java:debug(40)) - Skipping entry: org/apache/hadoop/hdfs/server/namenode/TestEditLog$4.class
2019-09-17 18:33:29,616 [main] DEBUG mortbay.log (Slf4jLog.java:debug(40)) - Skipping entry: org/apache/hadoop/hdfs/server/namenode/TestEditLog$5.class
2019-09-17 18:33:29,617 [main] DEBUG mortbay.log (Slf4jLog.java:debug(40)) - Skipping entry: org/apache/hadoop/hdfs/server/namenode/TestEditLog$6.class
2019-09-17 18:33:29,617 [main] DEBUG mortbay.log (Slf4jLog.java:debug(40)) - Skipping entry: org/apache/hadoop/hdfs/server/namenode/TestEditLog$AbortSpec.class
2019-09-17 18:33:29,617 [main] DEBUG mortbay.log (Slf4jLog.java:debug(40)) - Skipping entry: org/apache/hadoop/hdfs/server/namenode/TestEditLog$EditLogByteInputStream.class
2019-09-17 18:33:29,617 [main] DEBUG mortbay.log (Slf4jLog.java:debug(40)) - Skipping entry: org/apache/hadoop/hdfs/server/namenode/TestEditLog$GarbageMkdirOp.class
2019-09-17 18:33:29,617 [main] DEBUG mortbay.log (Slf4jLog.java:debug(40)) - Skipping entry: org/apache/hadoop/hdfs/server/namenode/TestEditLog$TestAppender.class
2019-09-17 18:33:29,617 [main] DEBUG mortbay.log (Slf4jLog.java:debug(40)) - Skipping entry: org/apache/hadoop/hdfs/server/namenode/TestEditLog$Transactions.class
2019-09-17 18:33:29,617 [main] DEBUG mortbay.log (Slf4jLog.java:debug(40)) - Skipping entry: org/apache/hadoop/hdfs/server/namenode/TestEditLog.class
2019-09-17 18:33:29,618 [main] DEBUG mortbay.log (Slf4jLog.java:debug(40)) - Skipping entry: org/apache/hadoop/hdfs/server/namenode/TestEditLogAutoroll$1.class
2019-09-17 18:33:29,618 [main] DEBUG mortbay.log (Slf4jLog.java:debug(40)) - Skipping entry: org/apache/hadoop/hdfs/server/namenode/TestEditLogAutoroll.class
2019-09-17 18:33:29,618 [main] DEBUG mortbay.log (Slf4jLog.java:debug(40)) - Skipping entry: org/apache/hadoop/hdfs/server/namenode/TestEditLogFileInputStream.class
2019-09-17 18:33:29,619 [main] DEBUG mortbay.log (Slf4jLog.java:debug(40)) - Skipping entry: org/apache/hadoop/hdfs/server/namenode/TestEditLogFileOutputStream.class
2019-09-17 18:33:29,619 [main] DEBUG mortbay.log (Slf4jLog.java:debug(40)) - Skipping entry: org/apache/hadoop/hdfs/server/namenode/TestEditLogJournalFailures.class
2019-09-17 18:33:29,619 [main] DEBUG mortbay.log (Slf4jLog.java:debug(40)) - Skipping entry: org/apache/hadoop/hdfs/server/namenode/TestEditLogRace$1.class
2019-09-17 18:33:29,619 [main] DEBUG mortbay.log (Slf4jLog.java:debug(40)) - Skipping entry: org/apache/hadoop/hdfs/server/namenode/TestEditLogRace$2.class
2019-09-17 18:33:29,619 [main] DEBUG mortbay.log (Slf4jLog.java:debug(40)) - Skipping entry: org/apache/hadoop/hdfs/server/namenode/TestEditLogRace$3.class
2019-09-17 18:33:29,620 [main] DEBUG mortbay.log (Slf4jLog.java:debug(40)) - Skipping entry: org/apache/hadoop/hdfs/server/namenode/TestEditLogRace$4.class
2019-09-17 18:33:29,620 [main] DEBUG mortbay.log (Slf4jLog.java:debug(40)) - Skipping entry: org/apache/hadoop/hdfs/server/namenode/TestEditLogRace$5.class
2019-09-17 18:33:29,620 [main] DEBUG mortbay.log (Slf4jLog.java:debug(40)) - Skipping entry: org/apache/hadoop/hdfs/server/namenode/TestEditLogRace$6.class
2019-09-17 18:33:29,620 [main] DEBUG mortbay.log (Slf4jLog.java:debug(40)) - Skipping entry: org/apache/hadoop/hdfs/server/namenode/TestEditLogRace$7.class
2019-09-17 18:33:29,620 [main] DEBUG mortbay.log (Slf4jLog.java:debug(40)) - Skipping entry: org/apache/hadoop/hdfs/server/namenode/TestEditLogRace$8.class
2019-09-17 18:33:29,620 [main] DEBUG mortbay.log (Slf4jLog.java:debug(40)) - Skipping entry: org/apache/hadoop/hdfs/server/namenode/TestEditLogRace$Transactions.class
2019-09-17 18:33:29,620 [main] DEBUG mortbay.log (Slf4jLog.java:debug(40)) - Skipping entry: org/apache/hadoop/hdfs/server/namenode/TestEditLogRace.class
2019-09-17 18:33:29,621 [main] DEBUG mortbay.log (Slf4jLog.java:debug(40)) - Skipping entry: org/apache/hadoop/hdfs/server/namenode/TestEditsDoubleBuffer.class
2019-09-17 18:33:29,621 [main] DEBUG mortbay.log (Slf4jLog.java:debug(40)) - Skipping entry: org/apache/hadoop/hdfs/server/namenode/TestEncryptionZoneManager.class
2019-09-17 18:33:29,621 [main] DEBUG mortbay.log (Slf4jLog.java:debug(40)) - Skipping entry: org/apache/hadoop/hdfs/server/namenode/TestFavoredNodesEndToEnd.class
2019-09-17 18:33:29,621 [main] DEBUG mortbay.log (Slf4jLog.java:debug(40)) - Skipping entry: org/apache/hadoop/hdfs/server/namenode/TestFileContextAcl$FileContextFS.class
2019-09-17 18:33:29,621 [main] DEBUG mortbay.log (Slf4jLog.java:debug(40)) - Skipping entry: org/apache/hadoop/hdfs/server/namenode/TestFileContextAcl.class
2019-09-17 18:33:29,622 [main] DEBUG mortbay.log (Slf4jLog.java:debug(40)) - Skipping entry: org/apache/hadoop/hdfs/server/namenode/TestFileContextXAttr$FileContextFS.class
2019-09-17 18:33:29,622 [main] DEBUG mortbay.log (Slf4jLog.java:debug(40)) - Skipping entry: org/apache/hadoop/hdfs/server/namenode/TestFileContextXAttr.class
2019-09-17 18:33:29,622 [main] DEBUG mortbay.log (Slf4jLog.java:debug(40)) - Skipping entry: org/apache/hadoop/hdfs/server/namenode/TestFileJournalManager$1.class
2019-09-17 18:33:29,622 [main] DEBUG mortbay.log (Slf4jLog.java:debug(40)) - Skipping entry: org/apache/hadoop/hdfs/server/namenode/TestFileJournalManager$2.class
2019-09-17 18:33:29,622 [main] DEBUG mortbay.log (Slf4jLog.java:debug(40)) - Skipping entry: org/apache/hadoop/hdfs/server/namenode/TestFileJournalManager.class
2019-09-17 18:33:29,622 [main] DEBUG mortbay.log (Slf4jLog.java:debug(40)) - Skipping entry: org/apache/hadoop/hdfs/server/namenode/TestFileLimit.class
2019-09-17 18:33:29,623 [main] DEBUG mortbay.log (Slf4jLog.java:debug(40)) - Skipping entry: org/apache/hadoop/hdfs/server/namenode/TestFileTruncate.class
2019-09-17 18:33:29,623 [main] DEBUG mortbay.log (Slf4jLog.java:debug(40)) - Skipping entry: org/apache/hadoop/hdfs/server/namenode/TestFsck$1.class
2019-09-17 18:33:29,623 [main] DEBUG mortbay.log (Slf4jLog.java:debug(40)) - Skipping entry: org/apache/hadoop/hdfs/server/namenode/TestFsck$10.class
2019-09-17 18:33:29,623 [main] DEBUG mortbay.log (Slf4jLog.java:debug(40)) - Skipping entry: org/apache/hadoop/hdfs/server/namenode/TestFsck$2.class
2019-09-17 18:33:29,623 [main] DEBUG mortbay.log (Slf4jLog.java:debug(40)) - Skipping entry: org/apache/hadoop/hdfs/server/namenode/TestFsck$3.class
2019-09-17 18:33:29,624 [main] DEBUG mortbay.log (Slf4jLog.java:debug(40)) - Skipping entry: org/apache/hadoop/hdfs/server/namenode/TestFsck$4.class
2019-09-17 18:33:29,624 [main] DEBUG mortbay.log (Slf4jLog.java:debug(40)) - Skipping entry: org/apache/hadoop/hdfs/server/namenode/TestFsck$5.class
2019-09-17 18:33:29,624 [main] DEBUG mortbay.log (Slf4jLog.java:debug(40)) - Skipping entry: org/apache/hadoop/hdfs/server/namenode/TestFsck$6.class
2019-09-17 18:33:29,624 [main] DEBUG mortbay.log (Slf4jLog.java:debug(40)) - Skipping entry: org/apache/hadoop/hdfs/server/namenode/TestFsck$7.class
2019-09-17 18:33:29,624 [main] DEBUG mortbay.log (Slf4jLog.java:debug(40)) - Skipping entry: org/apache/hadoop/hdfs/server/namenode/TestFsck$8.class
2019-09-17 18:33:29,624 [main] DEBUG mortbay.log (Slf4jLog.java:debug(40)) - Skipping entry: org/apache/hadoop/hdfs/server/namenode/TestFsck$9.class
2019-09-17 18:33:29,624 [main] DEBUG mortbay.log (Slf4jLog.java:debug(40)) - Skipping entry: org/apache/hadoop/hdfs/server/namenode/TestFsck$CorruptedTestFile.class
2019-09-17 18:33:29,624 [main] DEBUG mortbay.log (Slf4jLog.java:debug(40)) - Skipping entry: org/apache/hadoop/hdfs/server/namenode/TestFsck.class
2019-09-17 18:33:29,625 [main] DEBUG mortbay.log (Slf4jLog.java:debug(40)) - Skipping entry: org/apache/hadoop/hdfs/server/namenode/TestFsckWithMultipleNameNodes$Suite.class
2019-09-17 18:33:29,625 [main] DEBUG mortbay.log (Slf4jLog.java:debug(40)) - Skipping entry: org/apache/hadoop/hdfs/server/namenode/TestFsckWithMultipleNameNodes.class
2019-09-17 18:33:29,625 [main] DEBUG mortbay.log (Slf4jLog.java:debug(40)) - Skipping entry: org/apache/hadoop/hdfs/server/namenode/TestFSDirAttrOp.class
2019-09-17 18:33:29,625 [main] DEBUG mortbay.log (Slf4jLog.java:debug(40)) - Skipping entry: org/apache/hadoop/hdfs/server/namenode/TestFSDirectory.class
2019-09-17 18:33:29,626 [main] DEBUG mortbay.log (Slf4jLog.java:debug(40)) - Skipping entry: org/apache/hadoop/hdfs/server/namenode/TestFSEditLogLoader.class
2019-09-17 18:33:29,626 [main] DEBUG mortbay.log (Slf4jLog.java:debug(40)) - Skipping entry: org/apache/hadoop/hdfs/server/namenode/TestFSImage.class
2019-09-17 18:33:29,626 [main] DEBUG mortbay.log (Slf4jLog.java:debug(40)) - Skipping entry: org/apache/hadoop/hdfs/server/namenode/TestFSImageStorageInspector.class
2019-09-17 18:33:29,626 [main] DEBUG mortbay.log (Slf4jLog.java:debug(40)) - Skipping entry: org/apache/hadoop/hdfs/server/namenode/TestFSImageWithAcl.class
2019-09-17 18:33:29,626 [main] DEBUG mortbay.log (Slf4jLog.java:debug(40)) - Skipping entry: org/apache/hadoop/hdfs/server/namenode/TestFSImageWithSnapshot.class
2019-09-17 18:33:29,627 [main] DEBUG mortbay.log (Slf4jLog.java:debug(40)) - Skipping entry: org/apache/hadoop/hdfs/server/namenode/TestFSImageWithXAttr.class
2019-09-17 18:33:29,627 [main] DEBUG mortbay.log (Slf4jLog.java:debug(40)) - Skipping entry: org/apache/hadoop/hdfs/server/namenode/TestFsLimits.class
2019-09-17 18:33:29,627 [main] DEBUG mortbay.log (Slf4jLog.java:debug(40)) - Skipping entry: org/apache/hadoop/hdfs/server/namenode/TestFSNamesystem$DummyAuditLogger.class
2019-09-17 18:33:29,627 [main] DEBUG mortbay.log (Slf4jLog.java:debug(40)) - Skipping entry: org/apache/hadoop/hdfs/server/namenode/TestFSNamesystem.class
2019-09-17 18:33:29,627 [main] DEBUG mortbay.log (Slf4jLog.java:debug(40)) - Skipping entry: org/apache/hadoop/hdfs/server/namenode/TestFSNamesystemLock$1.class
2019-09-17 18:33:29,627 [main] DEBUG mortbay.log (Slf4jLog.java:debug(40)) - Skipping entry: org/apache/hadoop/hdfs/server/namenode/TestFSNamesystemLock$2.class
2019-09-17 18:33:29,628 [main] DEBUG mortbay.log (Slf4jLog.java:debug(40)) - Skipping entry: org/apache/hadoop/hdfs/server/namenode/TestFSNamesystemLock$3.class
2019-09-17 18:33:29,628 [main] DEBUG mortbay.log (Slf4jLog.java:debug(40)) - Skipping entry: org/apache/hadoop/hdfs/server/namenode/TestFSNamesystemLock$4.class
2019-09-17 18:33:29,628 [main] DEBUG mortbay.log (Slf4jLog.java:debug(40)) - Skipping entry: org/apache/hadoop/hdfs/server/namenode/TestFSNamesystemLock.class
2019-09-17 18:33:29,628 [main] DEBUG mortbay.log (Slf4jLog.java:debug(40)) - Skipping entry: org/apache/hadoop/hdfs/server/namenode/TestFSNamesystemMBean$1.class
2019-09-17 18:33:29,628 [main] DEBUG mortbay.log (Slf4jLog.java:debug(40)) - Skipping entry: org/apache/hadoop/hdfs/server/namenode/TestFSNamesystemMBean$MBeanClient.class
2019-09-17 18:33:29,628 [main] DEBUG mortbay.log (Slf4jLog.java:debug(40)) - Skipping entry: org/apache/hadoop/hdfs/server/namenode/TestFSNamesystemMBean.class
2019-09-17 18:33:29,628 [main] DEBUG mortbay.log (Slf4jLog.java:debug(40)) - Skipping entry: org/apache/hadoop/hdfs/server/namenode/TestFSPermissionChecker$1.class
2019-09-17 18:33:29,629 [main] DEBUG mortbay.log (Slf4jLog.java:debug(40)) - Skipping entry: org/apache/hadoop/hdfs/server/namenode/TestFSPermissionChecker.class
2019-09-17 18:33:29,629 [main] DEBUG mortbay.log (Slf4jLog.java:debug(40)) - Skipping entry: org/apache/hadoop/hdfs/server/namenode/TestGenericJournalConf$BadConstructorJournalManager.class
2019-09-17 18:33:29,629 [main] DEBUG mortbay.log (Slf4jLog.java:debug(40)) - Skipping entry: org/apache/hadoop/hdfs/server/namenode/TestGenericJournalConf$DummyJournalManager.class
2019-09-17 18:33:29,629 [main] DEBUG mortbay.log (Slf4jLog.java:debug(40)) - Skipping entry: org/apache/hadoop/hdfs/server/namenode/TestGenericJournalConf.class
2019-09-17 18:33:29,629 [main] DEBUG mortbay.log (Slf4jLog.java:debug(40)) - Skipping entry: org/apache/hadoop/hdfs/server/namenode/TestGetBlockLocations$1.class
2019-09-17 18:33:29,629 [main] DEBUG mortbay.log (Slf4jLog.java:debug(40)) - Skipping entry: org/apache/hadoop/hdfs/server/namenode/TestGetBlockLocations$2.class
2019-09-17 18:33:29,629 [main] DEBUG mortbay.log (Slf4jLog.java:debug(40)) - Skipping entry: org/apache/hadoop/hdfs/server/namenode/TestGetBlockLocations.class
2019-09-17 18:33:29,630 [main] DEBUG mortbay.log (Slf4jLog.java:debug(40)) - Skipping entry: org/apache/hadoop/hdfs/server/namenode/TestGetContentSummaryWithPermission$1.class
2019-09-17 18:33:29,630 [main] DEBUG mortbay.log (Slf4jLog.java:debug(40)) - Skipping entry: org/apache/hadoop/hdfs/server/namenode/TestGetContentSummaryWithPermission$2.class
2019-09-17 18:33:29,630 [main] DEBUG mortbay.log (Slf4jLog.java:debug(40)) - Skipping entry: org/apache/hadoop/hdfs/server/namenode/TestGetContentSummaryWithPermission$3.class
2019-09-17 18:33:29,630 [main] DEBUG mortbay.log (Slf4jLog.java:debug(40)) - Skipping entry: org/apache/hadoop/hdfs/server/namenode/TestGetContentSummaryWithPermission$4.class
2019-09-17 18:33:29,630 [main] DEBUG mortbay.log (Slf4jLog.java:debug(40)) - Skipping entry: org/apache/hadoop/hdfs/server/namenode/TestGetContentSummaryWithPermission$5.class
2019-09-17 18:33:29,630 [main] DEBUG mortbay.log (Slf4jLog.java:debug(40)) - Skipping entry: org/apache/hadoop/hdfs/server/namenode/TestGetContentSummaryWithPermission.class
2019-09-17 18:33:29,630 [main] DEBUG mortbay.log (Slf4jLog.java:debug(40)) - Skipping entry: org/apache/hadoop/hdfs/server/namenode/TestGetImageServlet$1.class
2019-09-17 18:33:29,631 [main] DEBUG mortbay.log (Slf4jLog.java:debug(40)) - Skipping entry: org/apache/hadoop/hdfs/server/namenode/TestGetImageServlet.class
2019-09-17 18:33:29,631 [main] DEBUG mortbay.log (Slf4jLog.java:debug(40)) - Skipping entry: org/apache/hadoop/hdfs/server/namenode/TestHDFSConcat.class
2019-09-17 18:33:29,631 [main] DEBUG mortbay.log (Slf4jLog.java:debug(40)) - Skipping entry: org/apache/hadoop/hdfs/server/namenode/TestHostsFiles.class
2019-09-17 18:33:29,631 [main] DEBUG mortbay.log (Slf4jLog.java:debug(40)) - Skipping entry: org/apache/hadoop/hdfs/server/namenode/TestINodeAttributeProvider$1.class
2019-09-17 18:33:29,631 [main] DEBUG mortbay.log (Slf4jLog.java:debug(40)) - Skipping entry: org/apache/hadoop/hdfs/server/namenode/TestINodeAttributeProvider$2.class
2019-09-17 18:33:29,632 [main] DEBUG mortbay.log (Slf4jLog.java:debug(40)) - Skipping entry: org/apache/hadoop/hdfs/server/namenode/TestINodeAttributeProvider$3.class
2019-09-17 18:33:29,632 [main] DEBUG mortbay.log (Slf4jLog.java:debug(40)) - Skipping entry: org/apache/hadoop/hdfs/server/namenode/TestINodeAttributeProvider$AssertHelper.class
2019-09-17 18:33:29,632 [main] DEBUG mortbay.log (Slf4jLog.java:debug(40)) - Skipping entry: org/apache/hadoop/hdfs/server/namenode/TestINodeAttributeProvider$MyAuthorizationProvider$1.class
2019-09-17 18:33:29,632 [main] DEBUG mortbay.log (Slf4jLog.java:debug(40)) - Skipping entry: org/apache/hadoop/hdfs/server/namenode/TestINodeAttributeProvider$MyAuthorizationProvider$MyAccessControlEnforcer.class
2019-09-17 18:33:29,632 [main] DEBUG mortbay.log (Slf4jLog.java:debug(40)) - Skipping entry: org/apache/hadoop/hdfs/server/namenode/TestINodeAttributeProvider$MyAuthorizationProvider.class
2019-09-17 18:33:29,632 [main] DEBUG mortbay.log (Slf4jLog.java:debug(40)) - Skipping entry: org/apache/hadoop/hdfs/server/namenode/TestINodeAttributeProvider.class
2019-09-17 18:33:29,632 [main] DEBUG mortbay.log (Slf4jLog.java:debug(40)) - Skipping entry: org/apache/hadoop/hdfs/server/namenode/TestINodeFile.class
2019-09-17 18:33:29,633 [main] DEBUG mortbay.log (Slf4jLog.java:debug(40)) - Skipping entry: org/apache/hadoop/hdfs/server/namenode/TestLargeDirectoryDelete$1.class
2019-09-17 18:33:29,633 [main] DEBUG mortbay.log (Slf4jLog.java:debug(40)) - Skipping entry: org/apache/hadoop/hdfs/server/namenode/TestLargeDirectoryDelete$2.class
2019-09-17 18:33:29,633 [main] DEBUG mortbay.log (Slf4jLog.java:debug(40)) - Skipping entry: org/apache/hadoop/hdfs/server/namenode/TestLargeDirectoryDelete$TestThread.class
2019-09-17 18:33:29,633 [main] DEBUG mortbay.log (Slf4jLog.java:debug(40)) - Skipping entry: org/apache/hadoop/hdfs/server/namenode/TestLargeDirectoryDelete.class
2019-09-17 18:33:29,633 [main] DEBUG mortbay.log (Slf4jLog.java:debug(40)) - Skipping entry: org/apache/hadoop/hdfs/server/namenode/TestLeaseManager.class
2019-09-17 18:33:29,634 [main] DEBUG mortbay.log (Slf4jLog.java:debug(40)) - Skipping entry: org/apache/hadoop/hdfs/server/namenode/TestListCorruptFileBlocks.class
2019-09-17 18:33:29,634 [main] DEBUG mortbay.log (Slf4jLog.java:debug(40)) - Skipping entry: org/apache/hadoop/hdfs/server/namenode/TestListOpenFiles$1.class
2019-09-17 18:33:29,634 [main] DEBUG mortbay.log (Slf4jLog.java:debug(40)) - Skipping entry: org/apache/hadoop/hdfs/server/namenode/TestListOpenFiles.class
2019-09-17 18:33:29,634 [main] DEBUG mortbay.log (Slf4jLog.java:debug(40)) - Skipping entry: org/apache/hadoop/hdfs/server/namenode/TestMalformedURLs.class
2019-09-17 18:33:29,634 [main] DEBUG mortbay.log (Slf4jLog.java:debug(40)) - Skipping entry: org/apache/hadoop/hdfs/server/namenode/TestMetadataVersionOutput.class
2019-09-17 18:33:29,635 [main] DEBUG mortbay.log (Slf4jLog.java:debug(40)) - Skipping entry: org/apache/hadoop/hdfs/server/namenode/TestMetaSave$1.class
2019-09-17 18:33:29,635 [main] DEBUG mortbay.log (Slf4jLog.java:debug(40)) - Skipping entry: org/apache/hadoop/hdfs/server/namenode/TestMetaSave.class
2019-09-17 18:33:29,635 [main] DEBUG mortbay.log (Slf4jLog.java:debug(40)) - Skipping entry: org/apache/hadoop/hdfs/server/namenode/TestNameCache.class
2019-09-17 18:33:29,635 [main] DEBUG mortbay.log (Slf4jLog.java:debug(40)) - Skipping entry: org/apache/hadoop/hdfs/server/namenode/TestNameEditsConfigs.class
2019-09-17 18:33:29,635 [main] DEBUG mortbay.log (Slf4jLog.java:debug(40)) - Skipping entry: org/apache/hadoop/hdfs/server/namenode/TestNameNodeAcl.class
2019-09-17 18:33:29,636 [main] DEBUG mortbay.log (Slf4jLog.java:debug(40)) - Skipping entry: org/apache/hadoop/hdfs/server/namenode/TestNamenodeCapacityReport.class
2019-09-17 18:33:29,636 [main] DEBUG mortbay.log (Slf4jLog.java:debug(40)) - Skipping entry: org/apache/hadoop/hdfs/server/namenode/TestNameNodeConfiguration.class
2019-09-17 18:33:29,636 [main] DEBUG mortbay.log (Slf4jLog.java:debug(40)) - Skipping entry: org/apache/hadoop/hdfs/server/namenode/TestNameNodeHttpServer.class
2019-09-17 18:33:29,636 [main] DEBUG mortbay.log (Slf4jLog.java:debug(40)) - Skipping entry: org/apache/hadoop/hdfs/server/namenode/TestNameNodeHttpServerXFrame.class
2019-09-17 18:33:29,636 [main] DEBUG mortbay.log (Slf4jLog.java:debug(40)) - Skipping entry: org/apache/hadoop/hdfs/server/namenode/TestNameNodeMetadataConsistency.class
2019-09-17 18:33:29,637 [main] DEBUG mortbay.log (Slf4jLog.java:debug(40)) - Skipping entry: org/apache/hadoop/hdfs/server/namenode/TestNameNodeMetricsLogger$1.class
2019-09-17 18:33:29,637 [main] DEBUG mortbay.log (Slf4jLog.java:debug(40)) - Skipping entry: org/apache/hadoop/hdfs/server/namenode/TestNameNodeMetricsLogger$PatternMatchingAppender.class
2019-09-17 18:33:29,637 [main] DEBUG mortbay.log (Slf4jLog.java:debug(40)) - Skipping entry: org/apache/hadoop/hdfs/server/namenode/TestNameNodeMetricsLogger$TestFakeMetric.class
2019-09-17 18:33:29,637 [main] DEBUG mortbay.log (Slf4jLog.java:debug(40)) - Skipping entry: org/apache/hadoop/hdfs/server/namenode/TestNameNodeMetricsLogger$TestFakeMetricMXBean.class
2019-09-17 18:33:29,637 [main] DEBUG mortbay.log (Slf4jLog.java:debug(40)) - Skipping entry: org/apache/hadoop/hdfs/server/namenode/TestNameNodeMetricsLogger$TestNameNode.class
2019-09-17 18:33:29,638 [main] DEBUG mortbay.log (Slf4jLog.java:debug(40)) - Skipping entry: org/apache/hadoop/hdfs/server/namenode/TestNameNodeMetricsLogger.class
2019-09-17 18:33:29,638 [main] DEBUG mortbay.log (Slf4jLog.java:debug(40)) - Skipping entry: org/apache/hadoop/hdfs/server/namenode/TestNameNodeMXBean$1.class
2019-09-17 18:33:29,638 [main] DEBUG mortbay.log (Slf4jLog.java:debug(40)) - Skipping entry: org/apache/hadoop/hdfs/server/namenode/TestNameNodeMXBean$2.class
2019-09-17 18:33:29,638 [main] DEBUG mortbay.log (Slf4jLog.java:debug(40)) - Skipping entry: org/apache/hadoop/hdfs/server/namenode/TestNameNodeMXBean.class
2019-09-17 18:33:29,639 [main] DEBUG mortbay.log (Slf4jLog.java:debug(40)) - Skipping entry: org/apache/hadoop/hdfs/server/namenode/TestNameNodeOptionParsing.class
2019-09-17 18:33:29,639 [main] DEBUG mortbay.log (Slf4jLog.java:debug(40)) - Skipping entry: org/apache/hadoop/hdfs/server/namenode/TestNameNodeReconfigure.class
2019-09-17 18:33:29,639 [main] DEBUG mortbay.log (Slf4jLog.java:debug(40)) - Skipping entry: org/apache/hadoop/hdfs/server/namenode/TestNameNodeRecovery$1.class
2019-09-17 18:33:29,639 [main] DEBUG mortbay.log (Slf4jLog.java:debug(40)) - Skipping entry: org/apache/hadoop/hdfs/server/namenode/TestNameNodeRecovery$Corruptor.class
2019-09-17 18:33:29,639 [main] DEBUG mortbay.log (Slf4jLog.java:debug(40)) - Skipping entry: org/apache/hadoop/hdfs/server/namenode/TestNameNodeRecovery$EditLogTestSetup.class
2019-09-17 18:33:29,639 [main] DEBUG mortbay.log (Slf4jLog.java:debug(40)) - Skipping entry: org/apache/hadoop/hdfs/server/namenode/TestNameNodeRecovery$EltsTestEmptyLog.class
2019-09-17 18:33:29,640 [main] DEBUG mortbay.log (Slf4jLog.java:debug(40)) - Skipping entry: org/apache/hadoop/hdfs/server/namenode/TestNameNodeRecovery$EltsTestGarbageInEditLog.class
2019-09-17 18:33:29,640 [main] DEBUG mortbay.log (Slf4jLog.java:debug(40)) - Skipping entry: org/apache/hadoop/hdfs/server/namenode/TestNameNodeRecovery$EltsTestNonDefaultMaxOpSize.class
2019-09-17 18:33:29,640 [main] DEBUG mortbay.log (Slf4jLog.java:debug(40)) - Skipping entry: org/apache/hadoop/hdfs/server/namenode/TestNameNodeRecovery$EltsTestOpcodesAfterPadding.class
2019-09-17 18:33:29,640 [main] DEBUG mortbay.log (Slf4jLog.java:debug(40)) - Skipping entry: org/apache/hadoop/hdfs/server/namenode/TestNameNodeRecovery$PaddingCorruptor.class
2019-09-17 18:33:29,640 [main] DEBUG mortbay.log (Slf4jLog.java:debug(40)) - Skipping entry: org/apache/hadoop/hdfs/server/namenode/TestNameNodeRecovery$SafePaddingCorruptor.class
2019-09-17 18:33:29,640 [main] DEBUG mortbay.log (Slf4jLog.java:debug(40)) - Skipping entry: org/apache/hadoop/hdfs/server/namenode/TestNameNodeRecovery$TruncatingCorruptor.class
2019-09-17 18:33:29,640 [main] DEBUG mortbay.log (Slf4jLog.java:debug(40)) - Skipping entry: org/apache/hadoop/hdfs/server/namenode/TestNameNodeRecovery.class
2019-09-17 18:33:29,641 [main] DEBUG mortbay.log (Slf4jLog.java:debug(40)) - Skipping entry: org/apache/hadoop/hdfs/server/namenode/TestNameNodeResourceChecker.class
2019-09-17 18:33:29,641 [main] DEBUG mortbay.log (Slf4jLog.java:debug(40)) - Skipping entry: org/apache/hadoop/hdfs/server/namenode/TestNameNodeResourcePolicy.class
2019-09-17 18:33:29,641 [main] DEBUG mortbay.log (Slf4jLog.java:debug(40)) - Skipping entry: org/apache/hadoop/hdfs/server/namenode/TestNameNodeRespectsBindHostKeys.class
2019-09-17 18:33:29,641 [main] DEBUG mortbay.log (Slf4jLog.java:debug(40)) - Skipping entry: org/apache/hadoop/hdfs/server/namenode/TestNamenodeRetryCache$DummyCall.class
2019-09-17 18:33:29,641 [main] DEBUG mortbay.log (Slf4jLog.java:debug(40)) - Skipping entry: org/apache/hadoop/hdfs/server/namenode/TestNamenodeRetryCache.class
2019-09-17 18:33:29,642 [main] DEBUG mortbay.log (Slf4jLog.java:debug(40)) - Skipping entry: org/apache/hadoop/hdfs/server/namenode/TestNameNodeRetryCacheMetrics.class
2019-09-17 18:33:29,642 [main] DEBUG mortbay.log (Slf4jLog.java:debug(40)) - Skipping entry: org/apache/hadoop/hdfs/server/namenode/TestNameNodeRpcServer.class
2019-09-17 18:33:29,642 [main] DEBUG mortbay.log (Slf4jLog.java:debug(40)) - Skipping entry: org/apache/hadoop/hdfs/server/namenode/TestNameNodeRpcServerMethods.class
2019-09-17 18:33:29,642 [main] DEBUG mortbay.log (Slf4jLog.java:debug(40)) - Skipping entry: org/apache/hadoop/hdfs/server/namenode/TestNameNodeStatusMXBean$1.class
2019-09-17 18:33:29,642 [main] DEBUG mortbay.log (Slf4jLog.java:debug(40)) - Skipping entry: org/apache/hadoop/hdfs/server/namenode/TestNameNodeStatusMXBean.class
2019-09-17 18:33:29,642 [main] DEBUG mortbay.log (Slf4jLog.java:debug(40)) - Skipping entry: org/apache/hadoop/hdfs/server/namenode/TestNameNodeXAttr.class
2019-09-17 18:33:29,642 [main] DEBUG mortbay.log (Slf4jLog.java:debug(40)) - Skipping entry: org/apache/hadoop/hdfs/server/namenode/TestNestedEncryptionZones.class
2019-09-17 18:33:29,643 [main] DEBUG mortbay.log (Slf4jLog.java:debug(40)) - Skipping entry: org/apache/hadoop/hdfs/server/namenode/TestNNStorageRetentionFunctional.class
2019-09-17 18:33:29,643 [main] DEBUG mortbay.log (Slf4jLog.java:debug(40)) - Skipping entry: org/apache/hadoop/hdfs/server/namenode/TestNNStorageRetentionManager$1.class
2019-09-17 18:33:29,643 [main] DEBUG mortbay.log (Slf4jLog.java:debug(40)) - Skipping entry: org/apache/hadoop/hdfs/server/namenode/TestNNStorageRetentionManager$TestCaseDescription$1.class
2019-09-17 18:33:29,643 [main] DEBUG mortbay.log (Slf4jLog.java:debug(40)) - Skipping entry: org/apache/hadoop/hdfs/server/namenode/TestNNStorageRetentionManager$TestCaseDescription$2.class
2019-09-17 18:33:29,643 [main] DEBUG mortbay.log (Slf4jLog.java:debug(40)) - Skipping entry: org/apache/hadoop/hdfs/server/namenode/TestNNStorageRetentionManager$TestCaseDescription$FakeRoot.class
2019-09-17 18:33:29,643 [main] DEBUG mortbay.log (Slf4jLog.java:debug(40)) - Skipping entry: org/apache/hadoop/hdfs/server/namenode/TestNNStorageRetentionManager$TestCaseDescription.class
2019-09-17 18:33:29,644 [main] DEBUG mortbay.log (Slf4jLog.java:debug(40)) - Skipping entry: org/apache/hadoop/hdfs/server/namenode/TestNNStorageRetentionManager.class
2019-09-17 18:33:29,644 [main] DEBUG mortbay.log (Slf4jLog.java:debug(40)) - Skipping entry: org/apache/hadoop/hdfs/server/namenode/TestNNThroughputBenchmark.class
2019-09-17 18:33:29,644 [main] DEBUG mortbay.log (Slf4jLog.java:debug(40)) - Skipping entry: org/apache/hadoop/hdfs/server/namenode/TestParallelImageWrite.class
2019-09-17 18:33:29,644 [main] DEBUG mortbay.log (Slf4jLog.java:debug(40)) - Skipping entry: org/apache/hadoop/hdfs/server/namenode/TestPathComponents.class
2019-09-17 18:33:29,644 [main] DEBUG mortbay.log (Slf4jLog.java:debug(40)) - Skipping entry: org/apache/hadoop/hdfs/server/namenode/TestProcessCorruptBlocks.class
2019-09-17 18:33:29,645 [main] DEBUG mortbay.log (Slf4jLog.java:debug(40)) - Skipping entry: org/apache/hadoop/hdfs/server/namenode/TestProtectedDirectories$TestMatrixEntry.class
2019-09-17 18:33:29,645 [main] DEBUG mortbay.log (Slf4jLog.java:debug(40)) - Skipping entry: org/apache/hadoop/hdfs/server/namenode/TestProtectedDirectories.class
2019-09-17 18:33:29,645 [main] DEBUG mortbay.log (Slf4jLog.java:debug(40)) - Skipping entry: org/apache/hadoop/hdfs/server/namenode/TestQuotaByStorageType.class
2019-09-17 18:33:29,645 [main] DEBUG mortbay.log (Slf4jLog.java:debug(40)) - Skipping entry: org/apache/hadoop/hdfs/server/namenode/TestQuotaCounts.class
2019-09-17 18:33:29,646 [main] DEBUG mortbay.log (Slf4jLog.java:debug(40)) - Skipping entry: org/apache/hadoop/hdfs/server/namenode/TestSaveNamespace$1.class
2019-09-17 18:33:29,646 [main] DEBUG mortbay.log (Slf4jLog.java:debug(40)) - Skipping entry: org/apache/hadoop/hdfs/server/namenode/TestSaveNamespace$2.class
2019-09-17 18:33:29,646 [main] DEBUG mortbay.log (Slf4jLog.java:debug(40)) - Skipping entry: org/apache/hadoop/hdfs/server/namenode/TestSaveNamespace$3.class
2019-09-17 18:33:29,646 [main] DEBUG mortbay.log (Slf4jLog.java:debug(40)) - Skipping entry: org/apache/hadoop/hdfs/server/namenode/TestSaveNamespace$Fault.class
2019-09-17 18:33:29,646 [main] DEBUG mortbay.log (Slf4jLog.java:debug(40)) - Skipping entry: org/apache/hadoop/hdfs/server/namenode/TestSaveNamespace$FaultySaveImage.class
2019-09-17 18:33:29,646 [main] DEBUG mortbay.log (Slf4jLog.java:debug(40)) - Skipping entry: org/apache/hadoop/hdfs/server/namenode/TestSaveNamespace$FaultyWriteProperties.class
2019-09-17 18:33:29,647 [main] DEBUG mortbay.log (Slf4jLog.java:debug(40)) - Skipping entry: org/apache/hadoop/hdfs/server/namenode/TestSaveNamespace.class
2019-09-17 18:33:29,647 [main] DEBUG mortbay.log (Slf4jLog.java:debug(40)) - Skipping entry: org/apache/hadoop/hdfs/server/namenode/TestSecondaryNameNodeUpgrade.class
2019-09-17 18:33:29,647 [main] DEBUG mortbay.log (Slf4jLog.java:debug(40)) - Skipping entry: org/apache/hadoop/hdfs/server/namenode/TestSecondaryWebUi.class
2019-09-17 18:33:29,647 [main] DEBUG mortbay.log (Slf4jLog.java:debug(40)) - Skipping entry: org/apache/hadoop/hdfs/server/namenode/TestSecureNameNodeWithExternalKdc$1.class
2019-09-17 18:33:29,647 [main] DEBUG mortbay.log (Slf4jLog.java:debug(40)) - Skipping entry: org/apache/hadoop/hdfs/server/namenode/TestSecureNameNodeWithExternalKdc.class
2019-09-17 18:33:29,648 [main] DEBUG mortbay.log (Slf4jLog.java:debug(40)) - Skipping entry: org/apache/hadoop/hdfs/server/namenode/TestSecurityTokenEditLog$1.class
2019-09-17 18:33:29,648 [main] DEBUG mortbay.log (Slf4jLog.java:debug(40)) - Skipping entry: org/apache/hadoop/hdfs/server/namenode/TestSecurityTokenEditLog$Transactions.class
2019-09-17 18:33:29,648 [main] DEBUG mortbay.log (Slf4jLog.java:debug(40)) - Skipping entry: org/apache/hadoop/hdfs/server/namenode/TestSecurityTokenEditLog.class
2019-09-17 18:33:29,648 [main] DEBUG mortbay.log (Slf4jLog.java:debug(40)) - Skipping entry: org/apache/hadoop/hdfs/server/namenode/TestSnapshotPathINodes.class
2019-09-17 18:33:29,648 [main] DEBUG mortbay.log (Slf4jLog.java:debug(40)) - Skipping entry: org/apache/hadoop/hdfs/server/namenode/TestStartup.class
2019-09-17 18:33:29,649 [main] DEBUG mortbay.log (Slf4jLog.java:debug(40)) - Skipping entry: org/apache/hadoop/hdfs/server/namenode/TestStartupOptionUpgrade.class
2019-09-17 18:33:29,649 [main] DEBUG mortbay.log (Slf4jLog.java:debug(40)) - Skipping entry: org/apache/hadoop/hdfs/server/namenode/TestStartupProgressServlet.class
2019-09-17 18:33:29,649 [main] DEBUG mortbay.log (Slf4jLog.java:debug(40)) - Skipping entry: org/apache/hadoop/hdfs/server/namenode/TestStoragePolicySummary.class
2019-09-17 18:33:29,650 [main] DEBUG mortbay.log (Slf4jLog.java:debug(40)) - Skipping entry: org/apache/hadoop/hdfs/server/namenode/TestStorageRestore.class
2019-09-17 18:33:29,650 [main] DEBUG mortbay.log (Slf4jLog.java:debug(40)) - Skipping entry: org/apache/hadoop/hdfs/server/namenode/TestStreamFile$1.class
2019-09-17 18:33:29,650 [main] DEBUG mortbay.log (Slf4jLog.java:debug(40)) - Skipping entry: org/apache/hadoop/hdfs/server/namenode/TestStreamFile$2.class
2019-09-17 18:33:29,650 [main] DEBUG mortbay.log (Slf4jLog.java:debug(40)) - Skipping entry: org/apache/hadoop/hdfs/server/namenode/TestStreamFile$ServletOutputStreamExtn.class
2019-09-17 18:33:29,650 [main] DEBUG mortbay.log (Slf4jLog.java:debug(40)) - Skipping entry: org/apache/hadoop/hdfs/server/namenode/TestStreamFile.class
2019-09-17 18:33:29,651 [main] DEBUG mortbay.log (Slf4jLog.java:debug(40)) - Skipping entry: org/apache/hadoop/hdfs/server/namenode/TestTransferFsImage$TestImageTransferServlet.class
2019-09-17 18:33:29,651 [main] DEBUG mortbay.log (Slf4jLog.java:debug(40)) - Skipping entry: org/apache/hadoop/hdfs/server/namenode/TestTransferFsImage.class
2019-09-17 18:33:29,651 [main] DEBUG mortbay.log (Slf4jLog.java:debug(40)) - Skipping entry: org/apache/hadoop/hdfs/server/namenode/TestTruncateQuotaUpdate.class
2019-09-17 18:33:29,651 [main] DEBUG mortbay.log (Slf4jLog.java:debug(40)) - Skipping entry: org/apache/hadoop/hdfs/server/namenode/TestUpgradeDomainBlockPlacementPolicy$1.class
2019-09-17 18:33:29,652 [main] DEBUG mortbay.log (Slf4jLog.java:debug(40)) - Skipping entry: org/apache/hadoop/hdfs/server/namenode/TestUpgradeDomainBlockPlacementPolicy.class
2019-09-17 18:33:29,652 [main] DEBUG mortbay.log (Slf4jLog.java:debug(40)) - Skipping entry: org/apache/hadoop/hdfs/server/namenode/TestValidateConfigurationSettings.class
2019-09-17 18:33:29,652 [main] DEBUG mortbay.log (Slf4jLog.java:debug(40)) - Skipping entry: org/apache/hadoop/hdfs/server/namenode/TestXAttrConfigFlag.class
2019-09-17 18:33:29,652 [main] DEBUG mortbay.log (Slf4jLog.java:debug(40)) - Skipping entry: org/apache/hadoop/hdfs/server/namenode/TestXAttrFeature.class
2019-09-17 18:33:29,652 [main] DEBUG mortbay.log (Slf4jLog.java:debug(40)) - Skipping entry: org/apache/hadoop/hdfs/server/namenode/top/
2019-09-17 18:33:29,653 [main] DEBUG mortbay.log (Slf4jLog.java:debug(40)) - Skipping entry: org/apache/hadoop/hdfs/server/namenode/top/window/
2019-09-17 18:33:29,653 [main] DEBUG mortbay.log (Slf4jLog.java:debug(40)) - Skipping entry: org/apache/hadoop/hdfs/server/namenode/top/window/TestRollingWindow.class
2019-09-17 18:33:29,653 [main] DEBUG mortbay.log (Slf4jLog.java:debug(40)) - Skipping entry: org/apache/hadoop/hdfs/server/namenode/top/window/TestRollingWindowManager.class
2019-09-17 18:33:29,653 [main] DEBUG mortbay.log (Slf4jLog.java:debug(40)) - Skipping entry: org/apache/hadoop/hdfs/server/namenode/web/
2019-09-17 18:33:29,653 [main] DEBUG mortbay.log (Slf4jLog.java:debug(40)) - Skipping entry: org/apache/hadoop/hdfs/server/namenode/web/resources/
2019-09-17 18:33:29,653 [main] DEBUG mortbay.log (Slf4jLog.java:debug(40)) - Skipping entry: org/apache/hadoop/hdfs/server/namenode/web/resources/TestWebHdfsDataLocality.class
2019-09-17 18:33:29,654 [main] DEBUG mortbay.log (Slf4jLog.java:debug(40)) - Skipping entry: org/apache/hadoop/hdfs/shortcircuit/
2019-09-17 18:33:29,654 [main] DEBUG mortbay.log (Slf4jLog.java:debug(40)) - Skipping entry: org/apache/hadoop/hdfs/shortcircuit/TestShortCircuitCache$1.class
2019-09-17 18:33:29,654 [main] DEBUG mortbay.log (Slf4jLog.java:debug(40)) - Skipping entry: org/apache/hadoop/hdfs/shortcircuit/TestShortCircuitCache$10.class
2019-09-17 18:33:29,654 [main] DEBUG mortbay.log (Slf4jLog.java:debug(40)) - Skipping entry: org/apache/hadoop/hdfs/shortcircuit/TestShortCircuitCache$11$1.class
2019-09-17 18:33:29,654 [main] DEBUG mortbay.log (Slf4jLog.java:debug(40)) - Skipping entry: org/apache/hadoop/hdfs/shortcircuit/TestShortCircuitCache$11.class
2019-09-17 18:33:29,654 [main] DEBUG mortbay.log (Slf4jLog.java:debug(40)) - Skipping entry: org/apache/hadoop/hdfs/shortcircuit/TestShortCircuitCache$12.class
2019-09-17 18:33:29,654 [main] DEBUG mortbay.log (Slf4jLog.java:debug(40)) - Skipping entry: org/apache/hadoop/hdfs/shortcircuit/TestShortCircuitCache$13.class
2019-09-17 18:33:29,654 [main] DEBUG mortbay.log (Slf4jLog.java:debug(40)) - Skipping entry: org/apache/hadoop/hdfs/shortcircuit/TestShortCircuitCache$14.class
2019-09-17 18:33:29,655 [main] DEBUG mortbay.log (Slf4jLog.java:debug(40)) - Skipping entry: org/apache/hadoop/hdfs/shortcircuit/TestShortCircuitCache$15.class
2019-09-17 18:33:29,655 [main] DEBUG mortbay.log (Slf4jLog.java:debug(40)) - Skipping entry: org/apache/hadoop/hdfs/shortcircuit/TestShortCircuitCache$16$1.class
2019-09-17 18:33:29,655 [main] DEBUG mortbay.log (Slf4jLog.java:debug(40)) - Skipping entry: org/apache/hadoop/hdfs/shortcircuit/TestShortCircuitCache$16.class
2019-09-17 18:33:29,655 [main] DEBUG mortbay.log (Slf4jLog.java:debug(40)) - Skipping entry: org/apache/hadoop/hdfs/shortcircuit/TestShortCircuitCache$17$1.class
2019-09-17 18:33:29,655 [main] DEBUG mortbay.log (Slf4jLog.java:debug(40)) - Skipping entry: org/apache/hadoop/hdfs/shortcircuit/TestShortCircuitCache$17.class
2019-09-17 18:33:29,655 [main] DEBUG mortbay.log (Slf4jLog.java:debug(40)) - Skipping entry: org/apache/hadoop/hdfs/shortcircuit/TestShortCircuitCache$18.class
2019-09-17 18:33:29,655 [main] DEBUG mortbay.log (Slf4jLog.java:debug(40)) - Skipping entry: org/apache/hadoop/hdfs/shortcircuit/TestShortCircuitCache$2.class
2019-09-17 18:33:29,655 [main] DEBUG mortbay.log (Slf4jLog.java:debug(40)) - Skipping entry: org/apache/hadoop/hdfs/shortcircuit/TestShortCircuitCache$3.class
2019-09-17 18:33:29,656 [main] DEBUG mortbay.log (Slf4jLog.java:debug(40)) - Skipping entry: org/apache/hadoop/hdfs/shortcircuit/TestShortCircuitCache$4.class
2019-09-17 18:33:29,656 [main] DEBUG mortbay.log (Slf4jLog.java:debug(40)) - Skipping entry: org/apache/hadoop/hdfs/shortcircuit/TestShortCircuitCache$5.class
2019-09-17 18:33:29,656 [main] DEBUG mortbay.log (Slf4jLog.java:debug(40)) - Skipping entry: org/apache/hadoop/hdfs/shortcircuit/TestShortCircuitCache$6.class
2019-09-17 18:33:29,656 [main] DEBUG mortbay.log (Slf4jLog.java:debug(40)) - Skipping entry: org/apache/hadoop/hdfs/shortcircuit/TestShortCircuitCache$7$1.class
2019-09-17 18:33:29,656 [main] DEBUG mortbay.log (Slf4jLog.java:debug(40)) - Skipping entry: org/apache/hadoop/hdfs/shortcircuit/TestShortCircuitCache$7.class
2019-09-17 18:33:29,656 [main] DEBUG mortbay.log (Slf4jLog.java:debug(40)) - Skipping entry: org/apache/hadoop/hdfs/shortcircuit/TestShortCircuitCache$8.class
2019-09-17 18:33:29,656 [main] DEBUG mortbay.log (Slf4jLog.java:debug(40)) - Skipping entry: org/apache/hadoop/hdfs/shortcircuit/TestShortCircuitCache$9.class
2019-09-17 18:33:29,656 [main] DEBUG mortbay.log (Slf4jLog.java:debug(40)) - Skipping entry: org/apache/hadoop/hdfs/shortcircuit/TestShortCircuitCache$SimpleReplicaCreator.class
2019-09-17 18:33:29,657 [main] DEBUG mortbay.log (Slf4jLog.java:debug(40)) - Skipping entry: org/apache/hadoop/hdfs/shortcircuit/TestShortCircuitCache$TestCleanupFailureInjector.class
2019-09-17 18:33:29,657 [main] DEBUG mortbay.log (Slf4jLog.java:debug(40)) - Skipping entry: org/apache/hadoop/hdfs/shortcircuit/TestShortCircuitCache$TestFileDescriptorPair.class
2019-09-17 18:33:29,657 [main] DEBUG mortbay.log (Slf4jLog.java:debug(40)) - Skipping entry: org/apache/hadoop/hdfs/shortcircuit/TestShortCircuitCache$TestPreReceiptVerificationFailureInjector.class
2019-09-17 18:33:29,657 [main] DEBUG mortbay.log (Slf4jLog.java:debug(40)) - Skipping entry: org/apache/hadoop/hdfs/shortcircuit/TestShortCircuitCache.class
2019-09-17 18:33:29,657 [main] DEBUG mortbay.log (Slf4jLog.java:debug(40)) - Skipping entry: org/apache/hadoop/hdfs/shortcircuit/TestShortCircuitLocalRead$1.class
2019-09-17 18:33:29,657 [main] DEBUG mortbay.log (Slf4jLog.java:debug(40)) - Skipping entry: org/apache/hadoop/hdfs/shortcircuit/TestShortCircuitLocalRead$2.class
2019-09-17 18:33:29,657 [main] DEBUG mortbay.log (Slf4jLog.java:debug(40)) - Skipping entry: org/apache/hadoop/hdfs/shortcircuit/TestShortCircuitLocalRead.class
2019-09-17 18:33:29,658 [main] DEBUG mortbay.log (Slf4jLog.java:debug(40)) - Skipping entry: org/apache/hadoop/hdfs/TestAbandonBlock.class
2019-09-17 18:33:29,658 [main] DEBUG mortbay.log (Slf4jLog.java:debug(40)) - Skipping entry: org/apache/hadoop/hdfs/TestAclsEndToEnd$1.class
2019-09-17 18:33:29,658 [main] DEBUG mortbay.log (Slf4jLog.java:debug(40)) - Skipping entry: org/apache/hadoop/hdfs/TestAclsEndToEnd$2.class
2019-09-17 18:33:29,658 [main] DEBUG mortbay.log (Slf4jLog.java:debug(40)) - Skipping entry: org/apache/hadoop/hdfs/TestAclsEndToEnd$3.class
2019-09-17 18:33:29,658 [main] DEBUG mortbay.log (Slf4jLog.java:debug(40)) - Skipping entry: org/apache/hadoop/hdfs/TestAclsEndToEnd$4.class
2019-09-17 18:33:29,658 [main] DEBUG mortbay.log (Slf4jLog.java:debug(40)) - Skipping entry: org/apache/hadoop/hdfs/TestAclsEndToEnd$5.class
2019-09-17 18:33:29,659 [main] DEBUG mortbay.log (Slf4jLog.java:debug(40)) - Skipping entry: org/apache/hadoop/hdfs/TestAclsEndToEnd$6.class
2019-09-17 18:33:29,659 [main] DEBUG mortbay.log (Slf4jLog.java:debug(40)) - Skipping entry: org/apache/hadoop/hdfs/TestAclsEndToEnd$UserOp.class
2019-09-17 18:33:29,659 [main] DEBUG mortbay.log (Slf4jLog.java:debug(40)) - Skipping entry: org/apache/hadoop/hdfs/TestAclsEndToEnd.class
2019-09-17 18:33:29,659 [main] DEBUG mortbay.log (Slf4jLog.java:debug(40)) - Skipping entry: org/apache/hadoop/hdfs/TestAppendDifferentChecksum.class
2019-09-17 18:33:29,659 [main] DEBUG mortbay.log (Slf4jLog.java:debug(40)) - Skipping entry: org/apache/hadoop/hdfs/TestAppendSnapshotTruncate$1.class
2019-09-17 18:33:29,659 [main] DEBUG mortbay.log (Slf4jLog.java:debug(40)) - Skipping entry: org/apache/hadoop/hdfs/TestAppendSnapshotTruncate$DirWorker.class
2019-09-17 18:33:29,660 [main] DEBUG mortbay.log (Slf4jLog.java:debug(40)) - Skipping entry: org/apache/hadoop/hdfs/TestAppendSnapshotTruncate$FileWorker.class
2019-09-17 18:33:29,660 [main] DEBUG mortbay.log (Slf4jLog.java:debug(40)) - Skipping entry: org/apache/hadoop/hdfs/TestAppendSnapshotTruncate$Worker$1.class
2019-09-17 18:33:29,660 [main] DEBUG mortbay.log (Slf4jLog.java:debug(40)) - Skipping entry: org/apache/hadoop/hdfs/TestAppendSnapshotTruncate$Worker$State.class
2019-09-17 18:33:29,660 [main] DEBUG mortbay.log (Slf4jLog.java:debug(40)) - Skipping entry: org/apache/hadoop/hdfs/TestAppendSnapshotTruncate$Worker.class
2019-09-17 18:33:29,660 [main] DEBUG mortbay.log (Slf4jLog.java:debug(40)) - Skipping entry: org/apache/hadoop/hdfs/TestAppendSnapshotTruncate.class
2019-09-17 18:33:29,660 [main] DEBUG mortbay.log (Slf4jLog.java:debug(40)) - Skipping entry: org/apache/hadoop/hdfs/TestApplyingStoragePolicy.class
2019-09-17 18:33:29,660 [main] DEBUG mortbay.log (Slf4jLog.java:debug(40)) - Skipping entry: org/apache/hadoop/hdfs/TestBalancerBandwidth$1.class
2019-09-17 18:33:29,660 [main] DEBUG mortbay.log (Slf4jLog.java:debug(40)) - Skipping entry: org/apache/hadoop/hdfs/TestBalancerBandwidth.class
2019-09-17 18:33:29,660 [main] DEBUG mortbay.log (Slf4jLog.java:debug(40)) - Skipping entry: org/apache/hadoop/hdfs/TestBlockMissingException.class
2019-09-17 18:33:29,660 [main] DEBUG mortbay.log (Slf4jLog.java:debug(40)) - Skipping entry: org/apache/hadoop/hdfs/TestBlocksScheduledCounter.class
2019-09-17 18:33:29,660 [main] DEBUG mortbay.log (Slf4jLog.java:debug(40)) - Skipping entry: org/apache/hadoop/hdfs/TestBlockStoragePolicy$CheckChooseStorageTypes$1.class
2019-09-17 18:33:29,660 [main] DEBUG mortbay.log (Slf4jLog.java:debug(40)) - Skipping entry: org/apache/hadoop/hdfs/TestBlockStoragePolicy$CheckChooseStorageTypes$2.class
2019-09-17 18:33:29,660 [main] DEBUG mortbay.log (Slf4jLog.java:debug(40)) - Skipping entry: org/apache/hadoop/hdfs/TestBlockStoragePolicy$CheckChooseStorageTypes$3.class
2019-09-17 18:33:29,660 [main] DEBUG mortbay.log (Slf4jLog.java:debug(40)) - Skipping entry: org/apache/hadoop/hdfs/TestBlockStoragePolicy$CheckChooseStorageTypes$4.class
2019-09-17 18:33:29,660 [main] DEBUG mortbay.log (Slf4jLog.java:debug(40)) - Skipping entry: org/apache/hadoop/hdfs/TestBlockStoragePolicy$CheckChooseStorageTypes$5.class
2019-09-17 18:33:29,660 [main] DEBUG mortbay.log (Slf4jLog.java:debug(40)) - Skipping entry: org/apache/hadoop/hdfs/TestBlockStoragePolicy$CheckChooseStorageTypes$6.class
2019-09-17 18:33:29,660 [main] DEBUG mortbay.log (Slf4jLog.java:debug(40)) - Skipping entry: org/apache/hadoop/hdfs/TestBlockStoragePolicy$CheckChooseStorageTypes$7.class
2019-09-17 18:33:29,660 [main] DEBUG mortbay.log (Slf4jLog.java:debug(40)) - Skipping entry: org/apache/hadoop/hdfs/TestBlockStoragePolicy$CheckChooseStorageTypes.class
2019-09-17 18:33:29,660 [main] DEBUG mortbay.log (Slf4jLog.java:debug(40)) - Skipping entry: org/apache/hadoop/hdfs/TestBlockStoragePolicy.class
2019-09-17 18:33:29,660 [main] DEBUG mortbay.log (Slf4jLog.java:debug(40)) - Skipping entry: org/apache/hadoop/hdfs/TestBlockTokenWrappingQOP.class
2019-09-17 18:33:29,660 [main] DEBUG mortbay.log (Slf4jLog.java:debug(40)) - Skipping entry: org/apache/hadoop/hdfs/TestByteBufferPread.class
2019-09-17 18:33:29,660 [main] DEBUG mortbay.log (Slf4jLog.java:debug(40)) - Skipping entry: org/apache/hadoop/hdfs/TestClientProtocolForPipelineRecovery$1.class
2019-09-17 18:33:29,660 [main] DEBUG mortbay.log (Slf4jLog.java:debug(40)) - Skipping entry: org/apache/hadoop/hdfs/TestClientProtocolForPipelineRecovery$2.class
2019-09-17 18:33:29,660 [main] DEBUG mortbay.log (Slf4jLog.java:debug(40)) - Skipping entry: org/apache/hadoop/hdfs/TestClientProtocolForPipelineRecovery$3.class
2019-09-17 18:33:29,660 [main] DEBUG mortbay.log (Slf4jLog.java:debug(40)) - Skipping entry: org/apache/hadoop/hdfs/TestClientProtocolForPipelineRecovery$4.class
2019-09-17 18:33:29,660 [main] DEBUG mortbay.log (Slf4jLog.java:debug(40)) - Skipping entry: org/apache/hadoop/hdfs/TestClientProtocolForPipelineRecovery$5.class
2019-09-17 18:33:29,660 [main] DEBUG mortbay.log (Slf4jLog.java:debug(40)) - Skipping entry: org/apache/hadoop/hdfs/TestClientProtocolForPipelineRecovery$6.class
2019-09-17 18:33:29,660 [main] DEBUG mortbay.log (Slf4jLog.java:debug(40)) - Skipping entry: org/apache/hadoop/hdfs/TestClientProtocolForPipelineRecovery$7.class
2019-09-17 18:33:29,660 [main] DEBUG mortbay.log (Slf4jLog.java:debug(40)) - Skipping entry: org/apache/hadoop/hdfs/TestClientProtocolForPipelineRecovery.class
2019-09-17 18:33:29,660 [main] DEBUG mortbay.log (Slf4jLog.java:debug(40)) - Skipping entry: org/apache/hadoop/hdfs/TestClientReportBadBlock.class
2019-09-17 18:33:29,660 [main] DEBUG mortbay.log (Slf4jLog.java:debug(40)) - Skipping entry: org/apache/hadoop/hdfs/TestClose.class
2019-09-17 18:33:29,660 [main] DEBUG mortbay.log (Slf4jLog.java:debug(40)) - Skipping entry: org/apache/hadoop/hdfs/TestConnCache.class
2019-09-17 18:33:29,660 [main] DEBUG mortbay.log (Slf4jLog.java:debug(40)) - Skipping entry: org/apache/hadoop/hdfs/TestCrcCorruption.class
2019-09-17 18:33:29,660 [main] DEBUG mortbay.log (Slf4jLog.java:debug(40)) - Skipping entry: org/apache/hadoop/hdfs/TestDatanodeConfig.class
2019-09-17 18:33:29,660 [main] DEBUG mortbay.log (Slf4jLog.java:debug(40)) - Skipping entry: org/apache/hadoop/hdfs/TestDatanodeDeath$Modify.class
2019-09-17 18:33:29,660 [main] DEBUG mortbay.log (Slf4jLog.java:debug(40)) - Skipping entry: org/apache/hadoop/hdfs/TestDatanodeDeath$Workload.class
2019-09-17 18:33:29,660 [main] DEBUG mortbay.log (Slf4jLog.java:debug(40)) - Skipping entry: org/apache/hadoop/hdfs/TestDatanodeDeath.class
2019-09-17 18:33:29,660 [main] DEBUG mortbay.log (Slf4jLog.java:debug(40)) - Skipping entry: org/apache/hadoop/hdfs/TestDatanodeLayoutUpgrade.class
2019-09-17 18:33:29,660 [main] DEBUG mortbay.log (Slf4jLog.java:debug(40)) - Skipping entry: org/apache/hadoop/hdfs/TestDatanodeRegistration$1.class
2019-09-17 18:33:29,660 [main] DEBUG mortbay.log (Slf4jLog.java:debug(40)) - Skipping entry: org/apache/hadoop/hdfs/TestDatanodeRegistration$2.class
2019-09-17 18:33:29,660 [main] DEBUG mortbay.log (Slf4jLog.java:debug(40)) - Skipping entry: org/apache/hadoop/hdfs/TestDatanodeRegistration$MonitorDNS.class
2019-09-17 18:33:29,660 [main] DEBUG mortbay.log (Slf4jLog.java:debug(40)) - Skipping entry: org/apache/hadoop/hdfs/TestDatanodeRegistration.class
2019-09-17 18:33:29,660 [main] DEBUG mortbay.log (Slf4jLog.java:debug(40)) - Skipping entry: org/apache/hadoop/hdfs/TestDatanodeReport$1.class
2019-09-17 18:33:29,660 [main] DEBUG mortbay.log (Slf4jLog.java:debug(40)) - Skipping entry: org/apache/hadoop/hdfs/TestDatanodeReport.class
2019-09-17 18:33:29,660 [main] DEBUG mortbay.log (Slf4jLog.java:debug(40)) - Skipping entry: org/apache/hadoop/hdfs/TestDatanodeStartupFixesLegacyStorageIDs$1.class
2019-09-17 18:33:29,660 [main] DEBUG mortbay.log (Slf4jLog.java:debug(40)) - Skipping entry: org/apache/hadoop/hdfs/TestDatanodeStartupFixesLegacyStorageIDs.class
2019-09-17 18:33:29,660 [main] DEBUG mortbay.log (Slf4jLog.java:debug(40)) - Skipping entry: org/apache/hadoop/hdfs/TestDataStream.class
2019-09-17 18:33:29,660 [main] DEBUG mortbay.log (Slf4jLog.java:debug(40)) - Skipping entry: org/apache/hadoop/hdfs/TestDataTransferKeepalive$1.class
2019-09-17 18:33:29,660 [main] DEBUG mortbay.log (Slf4jLog.java:debug(40)) - Skipping entry: org/apache/hadoop/hdfs/TestDataTransferKeepalive.class
2019-09-17 18:33:29,660 [main] DEBUG mortbay.log (Slf4jLog.java:debug(40)) - Skipping entry: org/apache/hadoop/hdfs/TestDataTransferProtocol.class
2019-09-17 18:33:29,660 [main] DEBUG mortbay.log (Slf4jLog.java:debug(40)) - Skipping entry: org/apache/hadoop/hdfs/TestDecommission$1.class
2019-09-17 18:33:29,660 [main] DEBUG mortbay.log (Slf4jLog.java:debug(40)) - Skipping entry: org/apache/hadoop/hdfs/TestDecommission$2.class
2019-09-17 18:33:29,660 [main] DEBUG mortbay.log (Slf4jLog.java:debug(40)) - Skipping entry: org/apache/hadoop/hdfs/TestDecommission$3.class
2019-09-17 18:33:29,660 [main] DEBUG mortbay.log (Slf4jLog.java:debug(40)) - Skipping entry: org/apache/hadoop/hdfs/TestDecommission$4.class
2019-09-17 18:33:29,660 [main] DEBUG mortbay.log (Slf4jLog.java:debug(40)) - Skipping entry: org/apache/hadoop/hdfs/TestDecommission$5.class
2019-09-17 18:33:29,660 [main] DEBUG mortbay.log (Slf4jLog.java:debug(40)) - Skipping entry: org/apache/hadoop/hdfs/TestDecommission.class
2019-09-17 18:33:29,660 [main] DEBUG mortbay.log (Slf4jLog.java:debug(40)) - Skipping entry: org/apache/hadoop/hdfs/TestDeprecatedKeys.class
2019-09-17 18:33:29,660 [main] DEBUG mortbay.log (Slf4jLog.java:debug(40)) - Skipping entry: org/apache/hadoop/hdfs/TestDFSAddressConfig.class
2019-09-17 18:33:29,660 [main] DEBUG mortbay.log (Slf4jLog.java:debug(40)) - Skipping entry: org/apache/hadoop/hdfs/TestDFSClientExcludedNodes.class
2019-09-17 18:33:29,660 [main] DEBUG mortbay.log (Slf4jLog.java:debug(40)) - Skipping entry: org/apache/hadoop/hdfs/TestDFSClientFailover$1.class
2019-09-17 18:33:29,660 [main] DEBUG mortbay.log (Slf4jLog.java:debug(40)) - Skipping entry: org/apache/hadoop/hdfs/TestDFSClientFailover$DummyLegacyFailoverProxyProvider.class
2019-09-17 18:33:29,660 [main] DEBUG mortbay.log (Slf4jLog.java:debug(40)) - Skipping entry: org/apache/hadoop/hdfs/TestDFSClientFailover$InjectingSocketFactory$MatchesPort.class
2019-09-17 18:33:29,660 [main] DEBUG mortbay.log (Slf4jLog.java:debug(40)) - Skipping entry: org/apache/hadoop/hdfs/TestDFSClientFailover$InjectingSocketFactory.class
2019-09-17 18:33:29,660 [main] DEBUG mortbay.log (Slf4jLog.java:debug(40)) - Skipping entry: org/apache/hadoop/hdfs/TestDFSClientFailover.class
2019-09-17 18:33:29,660 [main] DEBUG mortbay.log (Slf4jLog.java:debug(40)) - Skipping entry: org/apache/hadoop/hdfs/TestDFSClientRetries$1.class
2019-09-17 18:33:29,660 [main] DEBUG mortbay.log (Slf4jLog.java:debug(40)) - Skipping entry: org/apache/hadoop/hdfs/TestDFSClientRetries$10.class
2019-09-17 18:33:29,660 [main] DEBUG mortbay.log (Slf4jLog.java:debug(40)) - Skipping entry: org/apache/hadoop/hdfs/TestDFSClientRetries$2.class
2019-09-17 18:33:29,660 [main] DEBUG mortbay.log (Slf4jLog.java:debug(40)) - Skipping entry: org/apache/hadoop/hdfs/TestDFSClientRetries$3.class
2019-09-17 18:33:29,660 [main] DEBUG mortbay.log (Slf4jLog.java:debug(40)) - Skipping entry: org/apache/hadoop/hdfs/TestDFSClientRetries$4.class
2019-09-17 18:33:29,660 [main] DEBUG mortbay.log (Slf4jLog.java:debug(40)) - Skipping entry: org/apache/hadoop/hdfs/TestDFSClientRetries$5.class
2019-09-17 18:33:29,660 [main] DEBUG mortbay.log (Slf4jLog.java:debug(40)) - Skipping entry: org/apache/hadoop/hdfs/TestDFSClientRetries$6.class
2019-09-17 18:33:29,660 [main] DEBUG mortbay.log (Slf4jLog.java:debug(40)) - Skipping entry: org/apache/hadoop/hdfs/TestDFSClientRetries$7.class
2019-09-17 18:33:29,660 [main] DEBUG mortbay.log (Slf4jLog.java:debug(40)) - Skipping entry: org/apache/hadoop/hdfs/TestDFSClientRetries$8.class
2019-09-17 18:33:29,660 [main] DEBUG mortbay.log (Slf4jLog.java:debug(40)) - Skipping entry: org/apache/hadoop/hdfs/TestDFSClientRetries$9.class
2019-09-17 18:33:29,660 [main] DEBUG mortbay.log (Slf4jLog.java:debug(40)) - Skipping entry: org/apache/hadoop/hdfs/TestDFSClientRetries$Counter.class
2019-09-17 18:33:29,660 [main] DEBUG mortbay.log (Slf4jLog.java:debug(40)) - Skipping entry: org/apache/hadoop/hdfs/TestDFSClientRetries$DFSClientReader.class
2019-09-17 18:33:29,660 [main] DEBUG mortbay.log (Slf4jLog.java:debug(40)) - Skipping entry: org/apache/hadoop/hdfs/TestDFSClientRetries$FailNTimesAnswer.class
2019-09-17 18:33:29,660 [main] DEBUG mortbay.log (Slf4jLog.java:debug(40)) - Skipping entry: org/apache/hadoop/hdfs/TestDFSClientRetries$SleepFixedTimeAnswer.class
2019-09-17 18:33:29,660 [main] DEBUG mortbay.log (Slf4jLog.java:debug(40)) - Skipping entry: org/apache/hadoop/hdfs/TestDFSClientRetries$TestServer.class
2019-09-17 18:33:29,660 [main] DEBUG mortbay.log (Slf4jLog.java:debug(40)) - Skipping entry: org/apache/hadoop/hdfs/TestDFSClientRetries.class
2019-09-17 18:33:29,660 [main] DEBUG mortbay.log (Slf4jLog.java:debug(40)) - Skipping entry: org/apache/hadoop/hdfs/TestDFSClientSocketSize.class
2019-09-17 18:33:29,660 [main] DEBUG mortbay.log (Slf4jLog.java:debug(40)) - Skipping entry: org/apache/hadoop/hdfs/TestDFSConfigKeys.class
2019-09-17 18:33:29,660 [main] DEBUG mortbay.log (Slf4jLog.java:debug(40)) - Skipping entry: org/apache/hadoop/hdfs/TestDFSFinalize.class
2019-09-17 18:33:29,660 [main] DEBUG mortbay.log (Slf4jLog.java:debug(40)) - Skipping entry: org/apache/hadoop/hdfs/TestDFSInotifyEventInputStream$1.class
2019-09-17 18:33:29,660 [main] DEBUG mortbay.log (Slf4jLog.java:debug(40)) - Skipping entry: org/apache/hadoop/hdfs/TestDFSInotifyEventInputStream.class
2019-09-17 18:33:29,660 [main] DEBUG mortbay.log (Slf4jLog.java:debug(40)) - Skipping entry: org/apache/hadoop/hdfs/TestDFSInputStream.class
2019-09-17 18:33:29,660 [main] DEBUG mortbay.log (Slf4jLog.java:debug(40)) - Skipping entry: org/apache/hadoop/hdfs/TestDFSMkdirs.class
2019-09-17 18:33:29,660 [main] DEBUG mortbay.log (Slf4jLog.java:debug(40)) - Skipping entry: org/apache/hadoop/hdfs/TestDFSOutputStream.class
2019-09-17 18:33:29,660 [main] DEBUG mortbay.log (Slf4jLog.java:debug(40)) - Skipping entry: org/apache/hadoop/hdfs/TestDFSPermission$1.class
2019-09-17 18:33:29,660 [main] DEBUG mortbay.log (Slf4jLog.java:debug(40)) - Skipping entry: org/apache/hadoop/hdfs/TestDFSPermission$2.class
2019-09-17 18:33:29,660 [main] DEBUG mortbay.log (Slf4jLog.java:debug(40)) - Skipping entry: org/apache/hadoop/hdfs/TestDFSPermission$3.class
2019-09-17 18:33:29,660 [main] DEBUG mortbay.log (Slf4jLog.java:debug(40)) - Skipping entry: org/apache/hadoop/hdfs/TestDFSPermission$4.class
2019-09-17 18:33:29,660 [main] DEBUG mortbay.log (Slf4jLog.java:debug(40)) - Skipping entry: org/apache/hadoop/hdfs/TestDFSPermission$5.class
2019-09-17 18:33:29,660 [main] DEBUG mortbay.log (Slf4jLog.java:debug(40)) - Skipping entry: org/apache/hadoop/hdfs/TestDFSPermission$CreatePermissionVerifier.class
2019-09-17 18:33:29,660 [main] DEBUG mortbay.log (Slf4jLog.java:debug(40)) - Skipping entry: org/apache/hadoop/hdfs/TestDFSPermission$DeleteDirPermissionVerifier.class
2019-09-17 18:33:29,660 [main] DEBUG mortbay.log (Slf4jLog.java:debug(40)) - Skipping entry: org/apache/hadoop/hdfs/TestDFSPermission$DeleteEmptyDirPermissionVerifier.class
2019-09-17 18:33:29,660 [main] DEBUG mortbay.log (Slf4jLog.java:debug(40)) - Skipping entry: org/apache/hadoop/hdfs/TestDFSPermission$DeletePermissionVerifier.class
2019-09-17 18:33:29,660 [main] DEBUG mortbay.log (Slf4jLog.java:debug(40)) - Skipping entry: org/apache/hadoop/hdfs/TestDFSPermission$InodeType.class
2019-09-17 18:33:29,660 [main] DEBUG mortbay.log (Slf4jLog.java:debug(40)) - Skipping entry: org/apache/hadoop/hdfs/TestDFSPermission$ListPermissionVerifier.class
2019-09-17 18:33:29,660 [main] DEBUG mortbay.log (Slf4jLog.java:debug(40)) - Skipping entry: org/apache/hadoop/hdfs/TestDFSPermission$OpenPermissionVerifier.class
2019-09-17 18:33:29,660 [main] DEBUG mortbay.log (Slf4jLog.java:debug(40)) - Skipping entry: org/apache/hadoop/hdfs/TestDFSPermission$OpType.class
2019-09-17 18:33:29,676 [main] DEBUG mortbay.log (Slf4jLog.java:debug(40)) - Skipping entry: org/apache/hadoop/hdfs/TestDFSPermission$PermissionGenerator.class
2019-09-17 18:33:29,676 [main] DEBUG mortbay.log (Slf4jLog.java:debug(40)) - Skipping entry: org/apache/hadoop/hdfs/TestDFSPermission$PermissionVerifier.class
2019-09-17 18:33:29,676 [main] DEBUG mortbay.log (Slf4jLog.java:debug(40)) - Skipping entry: org/apache/hadoop/hdfs/TestDFSPermission$RenamePermissionVerifier.class
2019-09-17 18:33:29,676 [main] DEBUG mortbay.log (Slf4jLog.java:debug(40)) - Skipping entry: org/apache/hadoop/hdfs/TestDFSPermission$SetReplicationPermissionVerifier.class
2019-09-17 18:33:29,676 [main] DEBUG mortbay.log (Slf4jLog.java:debug(40)) - Skipping entry: org/apache/hadoop/hdfs/TestDFSPermission$SetTimesPermissionVerifier.class
2019-09-17 18:33:29,676 [main] DEBUG mortbay.log (Slf4jLog.java:debug(40)) - Skipping entry: org/apache/hadoop/hdfs/TestDFSPermission$StatsPermissionVerifier.class
2019-09-17 18:33:29,676 [main] DEBUG mortbay.log (Slf4jLog.java:debug(40)) - Skipping entry: org/apache/hadoop/hdfs/TestDFSPermission.class
2019-09-17 18:33:29,676 [main] DEBUG mortbay.log (Slf4jLog.java:debug(40)) - Skipping entry: org/apache/hadoop/hdfs/TestDFSRemove.class
2019-09-17 18:33:29,676 [main] DEBUG mortbay.log (Slf4jLog.java:debug(40)) - Skipping entry: org/apache/hadoop/hdfs/TestDFSRename.class
2019-09-17 18:33:29,676 [main] DEBUG mortbay.log (Slf4jLog.java:debug(40)) - Skipping entry: org/apache/hadoop/hdfs/TestDFSRollback$1.class
2019-09-17 18:33:29,676 [main] DEBUG mortbay.log (Slf4jLog.java:debug(40)) - Skipping entry: org/apache/hadoop/hdfs/TestDFSRollback.class
2019-09-17 18:33:29,676 [main] DEBUG mortbay.log (Slf4jLog.java:debug(40)) - Skipping entry: org/apache/hadoop/hdfs/TestDFSShell$1.class
2019-09-17 18:33:29,676 [main] DEBUG mortbay.log (Slf4jLog.java:debug(40)) - Skipping entry: org/apache/hadoop/hdfs/TestDFSShell$10.class
2019-09-17 18:33:29,676 [main] DEBUG mortbay.log (Slf4jLog.java:debug(40)) - Skipping entry: org/apache/hadoop/hdfs/TestDFSShell$11.class
2019-09-17 18:33:29,676 [main] DEBUG mortbay.log (Slf4jLog.java:debug(40)) - Skipping entry: org/apache/hadoop/hdfs/TestDFSShell$12.class
2019-09-17 18:33:29,676 [main] DEBUG mortbay.log (Slf4jLog.java:debug(40)) - Skipping entry: org/apache/hadoop/hdfs/TestDFSShell$13.class
2019-09-17 18:33:29,676 [main] DEBUG mortbay.log (Slf4jLog.java:debug(40)) - Skipping entry: org/apache/hadoop/hdfs/TestDFSShell$14.class
2019-09-17 18:33:29,676 [main] DEBUG mortbay.log (Slf4jLog.java:debug(40)) - Skipping entry: org/apache/hadoop/hdfs/TestDFSShell$15.class
2019-09-17 18:33:29,676 [main] DEBUG mortbay.log (Slf4jLog.java:debug(40)) - Skipping entry: org/apache/hadoop/hdfs/TestDFSShell$16.class
2019-09-17 18:33:29,676 [main] DEBUG mortbay.log (Slf4jLog.java:debug(40)) - Skipping entry: org/apache/hadoop/hdfs/TestDFSShell$17.class
2019-09-17 18:33:29,676 [main] DEBUG mortbay.log (Slf4jLog.java:debug(40)) - Skipping entry: org/apache/hadoop/hdfs/TestDFSShell$18.class
2019-09-17 18:33:29,676 [main] DEBUG mortbay.log (Slf4jLog.java:debug(40)) - Skipping entry: org/apache/hadoop/hdfs/TestDFSShell$19.class
2019-09-17 18:33:29,676 [main] DEBUG mortbay.log (Slf4jLog.java:debug(40)) - Skipping entry: org/apache/hadoop/hdfs/TestDFSShell$2.class
2019-09-17 18:33:29,676 [main] DEBUG mortbay.log (Slf4jLog.java:debug(40)) - Skipping entry: org/apache/hadoop/hdfs/TestDFSShell$20.class
2019-09-17 18:33:29,676 [main] DEBUG mortbay.log (Slf4jLog.java:debug(40)) - Skipping entry: org/apache/hadoop/hdfs/TestDFSShell$21.class
2019-09-17 18:33:29,676 [main] DEBUG mortbay.log (Slf4jLog.java:debug(40)) - Skipping entry: org/apache/hadoop/hdfs/TestDFSShell$22.class
2019-09-17 18:33:29,676 [main] DEBUG mortbay.log (Slf4jLog.java:debug(40)) - Skipping entry: org/apache/hadoop/hdfs/TestDFSShell$23.class
2019-09-17 18:33:29,676 [main] DEBUG mortbay.log (Slf4jLog.java:debug(40)) - Skipping entry: org/apache/hadoop/hdfs/TestDFSShell$3.class
2019-09-17 18:33:29,676 [main] DEBUG mortbay.log (Slf4jLog.java:debug(40)) - Skipping entry: org/apache/hadoop/hdfs/TestDFSShell$4.class
2019-09-17 18:33:29,676 [main] DEBUG mortbay.log (Slf4jLog.java:debug(40)) - Skipping entry: org/apache/hadoop/hdfs/TestDFSShell$5.class
2019-09-17 18:33:29,676 [main] DEBUG mortbay.log (Slf4jLog.java:debug(40)) - Skipping entry: org/apache/hadoop/hdfs/TestDFSShell$6.class
2019-09-17 18:33:29,676 [main] DEBUG mortbay.log (Slf4jLog.java:debug(40)) - Skipping entry: org/apache/hadoop/hdfs/TestDFSShell$7.class
2019-09-17 18:33:29,676 [main] DEBUG mortbay.log (Slf4jLog.java:debug(40)) - Skipping entry: org/apache/hadoop/hdfs/TestDFSShell$8.class
2019-09-17 18:33:29,676 [main] DEBUG mortbay.log (Slf4jLog.java:debug(40)) - Skipping entry: org/apache/hadoop/hdfs/TestDFSShell$9.class
2019-09-17 18:33:29,676 [main] DEBUG mortbay.log (Slf4jLog.java:debug(40)) - Skipping entry: org/apache/hadoop/hdfs/TestDFSShell$TestGetRunner.class
2019-09-17 18:33:29,676 [main] DEBUG mortbay.log (Slf4jLog.java:debug(40)) - Skipping entry: org/apache/hadoop/hdfs/TestDFSShell.class
2019-09-17 18:33:29,676 [main] DEBUG mortbay.log (Slf4jLog.java:debug(40)) - Skipping entry: org/apache/hadoop/hdfs/TestDFSShellGenericOptions.class
2019-09-17 18:33:29,676 [main] DEBUG mortbay.log (Slf4jLog.java:debug(40)) - Skipping entry: org/apache/hadoop/hdfs/TestDFSStartupVersions$StorageData.class
2019-09-17 18:33:29,676 [main] DEBUG mortbay.log (Slf4jLog.java:debug(40)) - Skipping entry: org/apache/hadoop/hdfs/TestDFSStartupVersions.class
2019-09-17 18:33:29,676 [main] DEBUG mortbay.log (Slf4jLog.java:debug(40)) - Skipping entry: org/apache/hadoop/hdfs/TestDFSStorageStateRecovery.class
2019-09-17 18:33:29,676 [main] DEBUG mortbay.log (Slf4jLog.java:debug(40)) - Skipping entry: org/apache/hadoop/hdfs/TestDFSUpgrade.class
2019-09-17 18:33:29,676 [main] DEBUG mortbay.log (Slf4jLog.java:debug(40)) - Skipping entry: org/apache/hadoop/hdfs/TestDFSUpgradeFromImage$1.class
2019-09-17 18:33:29,676 [main] DEBUG mortbay.log (Slf4jLog.java:debug(40)) - Skipping entry: org/apache/hadoop/hdfs/TestDFSUpgradeFromImage$ClusterVerifier.class
2019-09-17 18:33:29,676 [main] DEBUG mortbay.log (Slf4jLog.java:debug(40)) - Skipping entry: org/apache/hadoop/hdfs/TestDFSUpgradeFromImage$ReferenceFileInfo.class
2019-09-17 18:33:29,676 [main] DEBUG mortbay.log (Slf4jLog.java:debug(40)) - Skipping entry: org/apache/hadoop/hdfs/TestDFSUpgradeFromImage.class
2019-09-17 18:33:29,676 [main] DEBUG mortbay.log (Slf4jLog.java:debug(40)) - Skipping entry: org/apache/hadoop/hdfs/TestDFSUtil.class
2019-09-17 18:33:29,676 [main] DEBUG mortbay.log (Slf4jLog.java:debug(40)) - Skipping entry: org/apache/hadoop/hdfs/TestDisableConnCache.class
2019-09-17 18:33:29,676 [main] DEBUG mortbay.log (Slf4jLog.java:debug(40)) - Skipping entry: org/apache/hadoop/hdfs/TestDistributedFileSystem$1.class
2019-09-17 18:33:29,676 [main] DEBUG mortbay.log (Slf4jLog.java:debug(40)) - Skipping entry: org/apache/hadoop/hdfs/TestDistributedFileSystem$2.class
2019-09-17 18:33:29,676 [main] DEBUG mortbay.log (Slf4jLog.java:debug(40)) - Skipping entry: org/apache/hadoop/hdfs/TestDistributedFileSystem$3.class
2019-09-17 18:33:29,676 [main] DEBUG mortbay.log (Slf4jLog.java:debug(40)) - Skipping entry: org/apache/hadoop/hdfs/TestDistributedFileSystem$4.class
2019-09-17 18:33:29,676 [main] DEBUG mortbay.log (Slf4jLog.java:debug(40)) - Skipping entry: org/apache/hadoop/hdfs/TestDistributedFileSystem$5.class
2019-09-17 18:33:29,676 [main] DEBUG mortbay.log (Slf4jLog.java:debug(40)) - Skipping entry: org/apache/hadoop/hdfs/TestDistributedFileSystem$6.class
2019-09-17 18:33:29,676 [main] DEBUG mortbay.log (Slf4jLog.java:debug(40)) - Skipping entry: org/apache/hadoop/hdfs/TestDistributedFileSystem$MyDistributedFileSystem.class
2019-09-17 18:33:29,676 [main] DEBUG mortbay.log (Slf4jLog.java:debug(40)) - Skipping entry: org/apache/hadoop/hdfs/TestDistributedFileSystem.class
2019-09-17 18:33:29,676 [main] DEBUG mortbay.log (Slf4jLog.java:debug(40)) - Skipping entry: org/apache/hadoop/hdfs/TestEncryptedTransfer$1.class
2019-09-17 18:33:29,676 [main] DEBUG mortbay.log (Slf4jLog.java:debug(40)) - Skipping entry: org/apache/hadoop/hdfs/TestEncryptedTransfer$TestTrustedChannelResolver.class
2019-09-17 18:33:29,676 [main] DEBUG mortbay.log (Slf4jLog.java:debug(40)) - Skipping entry: org/apache/hadoop/hdfs/TestEncryptedTransfer.class
2019-09-17 18:33:29,676 [main] DEBUG mortbay.log (Slf4jLog.java:debug(40)) - Skipping entry: org/apache/hadoop/hdfs/TestEncryptionZones$1.class
2019-09-17 18:33:29,676 [main] DEBUG mortbay.log (Slf4jLog.java:debug(40)) - Skipping entry: org/apache/hadoop/hdfs/TestEncryptionZones$2.class
2019-09-17 18:33:29,676 [main] DEBUG mortbay.log (Slf4jLog.java:debug(40)) - Skipping entry: org/apache/hadoop/hdfs/TestEncryptionZones$3.class
2019-09-17 18:33:29,676 [main] DEBUG mortbay.log (Slf4jLog.java:debug(40)) - Skipping entry: org/apache/hadoop/hdfs/TestEncryptionZones$4.class
2019-09-17 18:33:29,676 [main] DEBUG mortbay.log (Slf4jLog.java:debug(40)) - Skipping entry: org/apache/hadoop/hdfs/TestEncryptionZones$5.class
2019-09-17 18:33:29,676 [main] DEBUG mortbay.log (Slf4jLog.java:debug(40)) - Skipping entry: org/apache/hadoop/hdfs/TestEncryptionZones$6.class
2019-09-17 18:33:29,676 [main] DEBUG mortbay.log (Slf4jLog.java:debug(40)) - Skipping entry: org/apache/hadoop/hdfs/TestEncryptionZones$7.class
2019-09-17 18:33:29,676 [main] DEBUG mortbay.log (Slf4jLog.java:debug(40)) - Skipping entry: org/apache/hadoop/hdfs/TestEncryptionZones$AuthorizationExceptionInjector.class
2019-09-17 18:33:29,676 [main] DEBUG mortbay.log (Slf4jLog.java:debug(40)) - Skipping entry: org/apache/hadoop/hdfs/TestEncryptionZones$CreateFileTask.class
2019-09-17 18:33:29,676 [main] DEBUG mortbay.log (Slf4jLog.java:debug(40)) - Skipping entry: org/apache/hadoop/hdfs/TestEncryptionZones$InjectFaultTask.class
2019-09-17 18:33:29,676 [main] DEBUG mortbay.log (Slf4jLog.java:debug(40)) - Skipping entry: org/apache/hadoop/hdfs/TestEncryptionZones$MyInjector.class
2019-09-17 18:33:29,676 [main] DEBUG mortbay.log (Slf4jLog.java:debug(40)) - Skipping entry: org/apache/hadoop/hdfs/TestEncryptionZones.class
2019-09-17 18:33:29,676 [main] DEBUG mortbay.log (Slf4jLog.java:debug(40)) - Skipping entry: org/apache/hadoop/hdfs/TestEncryptionZonesWithHA.class
2019-09-17 18:33:29,676 [main] DEBUG mortbay.log (Slf4jLog.java:debug(40)) - Skipping entry: org/apache/hadoop/hdfs/TestEncryptionZonesWithKMS$1.class
2019-09-17 18:33:29,676 [main] DEBUG mortbay.log (Slf4jLog.java:debug(40)) - Skipping entry: org/apache/hadoop/hdfs/TestEncryptionZonesWithKMS.class
2019-09-17 18:33:29,676 [main] DEBUG mortbay.log (Slf4jLog.java:debug(40)) - Skipping entry: org/apache/hadoop/hdfs/TestExtendedAcls$1.class
2019-09-17 18:33:29,676 [main] DEBUG mortbay.log (Slf4jLog.java:debug(40)) - Skipping entry: org/apache/hadoop/hdfs/TestExtendedAcls.class
2019-09-17 18:33:29,676 [main] DEBUG mortbay.log (Slf4jLog.java:debug(40)) - Skipping entry: org/apache/hadoop/hdfs/TestExternalBlockReader$SyntheticReplicaAccessor.class
2019-09-17 18:33:29,676 [main] DEBUG mortbay.log (Slf4jLog.java:debug(40)) - Skipping entry: org/apache/hadoop/hdfs/TestExternalBlockReader$SyntheticReplicaAccessorBuilder.class
2019-09-17 18:33:29,676 [main] DEBUG mortbay.log (Slf4jLog.java:debug(40)) - Skipping entry: org/apache/hadoop/hdfs/TestExternalBlockReader.class
2019-09-17 18:33:29,676 [main] DEBUG mortbay.log (Slf4jLog.java:debug(40)) - Skipping entry: org/apache/hadoop/hdfs/TestFetchImage.class
2019-09-17 18:33:29,676 [main] DEBUG mortbay.log (Slf4jLog.java:debug(40)) - Skipping entry: org/apache/hadoop/hdfs/TestFileAppend.class
2019-09-17 18:33:29,676 [main] DEBUG mortbay.log (Slf4jLog.java:debug(40)) - Skipping entry: org/apache/hadoop/hdfs/TestFileAppend2$Workload.class
2019-09-17 18:33:29,676 [main] DEBUG mortbay.log (Slf4jLog.java:debug(40)) - Skipping entry: org/apache/hadoop/hdfs/TestFileAppend2.class
2019-09-17 18:33:29,676 [main] DEBUG mortbay.log (Slf4jLog.java:debug(40)) - Skipping entry: org/apache/hadoop/hdfs/TestFileAppend3$1.class
2019-09-17 18:33:29,676 [main] DEBUG mortbay.log (Slf4jLog.java:debug(40)) - Skipping entry: org/apache/hadoop/hdfs/TestFileAppend3$2.class
2019-09-17 18:33:29,676 [main] DEBUG mortbay.log (Slf4jLog.java:debug(40)) - Skipping entry: org/apache/hadoop/hdfs/TestFileAppend3$3.class
2019-09-17 18:33:29,676 [main] DEBUG mortbay.log (Slf4jLog.java:debug(40)) - Skipping entry: org/apache/hadoop/hdfs/TestFileAppend3.class
2019-09-17 18:33:29,676 [main] DEBUG mortbay.log (Slf4jLog.java:debug(40)) - Skipping entry: org/apache/hadoop/hdfs/TestFileAppend4$1.class
2019-09-17 18:33:29,676 [main] DEBUG mortbay.log (Slf4jLog.java:debug(40)) - Skipping entry: org/apache/hadoop/hdfs/TestFileAppend4$2.class
2019-09-17 18:33:29,691 [main] DEBUG mortbay.log (Slf4jLog.java:debug(40)) - Skipping entry: org/apache/hadoop/hdfs/TestFileAppend4.class
2019-09-17 18:33:29,691 [main] DEBUG mortbay.log (Slf4jLog.java:debug(40)) - Skipping entry: org/apache/hadoop/hdfs/TestFileAppendRestart.class
2019-09-17 18:33:29,691 [main] DEBUG mortbay.log (Slf4jLog.java:debug(40)) - Skipping entry: org/apache/hadoop/hdfs/TestFileConcurrentReader$1.class
2019-09-17 18:33:29,691 [main] DEBUG mortbay.log (Slf4jLog.java:debug(40)) - Skipping entry: org/apache/hadoop/hdfs/TestFileConcurrentReader$2.class
2019-09-17 18:33:29,691 [main] DEBUG mortbay.log (Slf4jLog.java:debug(40)) - Skipping entry: org/apache/hadoop/hdfs/TestFileConcurrentReader$3.class
2019-09-17 18:33:29,691 [main] DEBUG mortbay.log (Slf4jLog.java:debug(40)) - Skipping entry: org/apache/hadoop/hdfs/TestFileConcurrentReader$4.class
2019-09-17 18:33:29,691 [main] DEBUG mortbay.log (Slf4jLog.java:debug(40)) - Skipping entry: org/apache/hadoop/hdfs/TestFileConcurrentReader$SyncType.class
2019-09-17 18:33:29,691 [main] DEBUG mortbay.log (Slf4jLog.java:debug(40)) - Skipping entry: org/apache/hadoop/hdfs/TestFileConcurrentReader.class
2019-09-17 18:33:29,691 [main] DEBUG mortbay.log (Slf4jLog.java:debug(40)) - Skipping entry: org/apache/hadoop/hdfs/TestFileCorruption$1.class
2019-09-17 18:33:29,691 [main] DEBUG mortbay.log (Slf4jLog.java:debug(40)) - Skipping entry: org/apache/hadoop/hdfs/TestFileCorruption$2.class
2019-09-17 18:33:29,691 [main] DEBUG mortbay.log (Slf4jLog.java:debug(40)) - Skipping entry: org/apache/hadoop/hdfs/TestFileCorruption.class
2019-09-17 18:33:29,691 [main] DEBUG mortbay.log (Slf4jLog.java:debug(40)) - Skipping entry: org/apache/hadoop/hdfs/TestFileCreation$1.class
2019-09-17 18:33:29,691 [main] DEBUG mortbay.log (Slf4jLog.java:debug(40)) - Skipping entry: org/apache/hadoop/hdfs/TestFileCreation$2.class
2019-09-17 18:33:29,691 [main] DEBUG mortbay.log (Slf4jLog.java:debug(40)) - Skipping entry: org/apache/hadoop/hdfs/TestFileCreation$CreationMethod.class
2019-09-17 18:33:29,691 [main] DEBUG mortbay.log (Slf4jLog.java:debug(40)) - Skipping entry: org/apache/hadoop/hdfs/TestFileCreation.class
2019-09-17 18:33:29,691 [main] DEBUG mortbay.log (Slf4jLog.java:debug(40)) - Skipping entry: org/apache/hadoop/hdfs/TestFileCreationClient$SlowWriter.class
2019-09-17 18:33:29,691 [main] DEBUG mortbay.log (Slf4jLog.java:debug(40)) - Skipping entry: org/apache/hadoop/hdfs/TestFileCreationClient.class
2019-09-17 18:33:29,691 [main] DEBUG mortbay.log (Slf4jLog.java:debug(40)) - Skipping entry: org/apache/hadoop/hdfs/TestFileCreationDelete.class
2019-09-17 18:33:29,691 [main] DEBUG mortbay.log (Slf4jLog.java:debug(40)) - Skipping entry: org/apache/hadoop/hdfs/TestFileCreationEmpty$1.class
2019-09-17 18:33:29,691 [main] DEBUG mortbay.log (Slf4jLog.java:debug(40)) - Skipping entry: org/apache/hadoop/hdfs/TestFileCreationEmpty.class
2019-09-17 18:33:29,691 [main] DEBUG mortbay.log (Slf4jLog.java:debug(40)) - Skipping entry: org/apache/hadoop/hdfs/TestFileLengthOnClusterRestart.class
2019-09-17 18:33:29,691 [main] DEBUG mortbay.log (Slf4jLog.java:debug(40)) - Skipping entry: org/apache/hadoop/hdfs/TestFileStatus.class
2019-09-17 18:33:29,691 [main] DEBUG mortbay.log (Slf4jLog.java:debug(40)) - Skipping entry: org/apache/hadoop/hdfs/TestFSInputChecker.class
2019-09-17 18:33:29,691 [main] DEBUG mortbay.log (Slf4jLog.java:debug(40)) - Skipping entry: org/apache/hadoop/hdfs/TestFSOutputSummer.class
2019-09-17 18:33:29,691 [main] DEBUG mortbay.log (Slf4jLog.java:debug(40)) - Skipping entry: org/apache/hadoop/hdfs/TestFsShellPermission$FileEntry.class
2019-09-17 18:33:29,691 [main] DEBUG mortbay.log (Slf4jLog.java:debug(40)) - Skipping entry: org/apache/hadoop/hdfs/TestFsShellPermission$TestDeleteHelper$1.class
2019-09-17 18:33:29,691 [main] DEBUG mortbay.log (Slf4jLog.java:debug(40)) - Skipping entry: org/apache/hadoop/hdfs/TestFsShellPermission$TestDeleteHelper.class
2019-09-17 18:33:29,691 [main] DEBUG mortbay.log (Slf4jLog.java:debug(40)) - Skipping entry: org/apache/hadoop/hdfs/TestFsShellPermission.class
2019-09-17 18:33:29,691 [main] DEBUG mortbay.log (Slf4jLog.java:debug(40)) - Skipping entry: org/apache/hadoop/hdfs/TestGetBlocks.class
2019-09-17 18:33:29,691 [main] DEBUG mortbay.log (Slf4jLog.java:debug(40)) - Skipping entry: org/apache/hadoop/hdfs/TestGetFileChecksum.class
2019-09-17 18:33:29,691 [main] DEBUG mortbay.log (Slf4jLog.java:debug(40)) - Skipping entry: org/apache/hadoop/hdfs/TestHAAuxiliaryPort.class
2019-09-17 18:33:29,691 [main] DEBUG mortbay.log (Slf4jLog.java:debug(40)) - Skipping entry: org/apache/hadoop/hdfs/TestHdfsAdmin.class
2019-09-17 18:33:29,691 [main] DEBUG mortbay.log (Slf4jLog.java:debug(40)) - Skipping entry: org/apache/hadoop/hdfs/TestHDFSFileSystemContract.class
2019-09-17 18:33:29,691 [main] DEBUG mortbay.log (Slf4jLog.java:debug(40)) - Skipping entry: org/apache/hadoop/hdfs/TestHDFSPolicyProvider$1.class
2019-09-17 18:33:29,691 [main] DEBUG mortbay.log (Slf4jLog.java:debug(40)) - Skipping entry: org/apache/hadoop/hdfs/TestHDFSPolicyProvider.class
2019-09-17 18:33:29,691 [main] DEBUG mortbay.log (Slf4jLog.java:debug(40)) - Skipping entry: org/apache/hadoop/hdfs/TestHDFSServerPorts.class
2019-09-17 18:33:29,691 [main] DEBUG mortbay.log (Slf4jLog.java:debug(40)) - Skipping entry: org/apache/hadoop/hdfs/TestHDFSTrash.class
2019-09-17 18:33:29,691 [main] DEBUG mortbay.log (Slf4jLog.java:debug(40)) - Skipping entry: org/apache/hadoop/hdfs/TestHFlush.class
2019-09-17 18:33:29,691 [main] DEBUG mortbay.log (Slf4jLog.java:debug(40)) - Skipping entry: org/apache/hadoop/hdfs/TestHttpPolicy.class
2019-09-17 18:33:29,691 [main] DEBUG mortbay.log (Slf4jLog.java:debug(40)) - Skipping entry: org/apache/hadoop/hdfs/TestInjectionForSimulatedStorage.class
2019-09-17 18:33:29,691 [main] DEBUG mortbay.log (Slf4jLog.java:debug(40)) - Skipping entry: org/apache/hadoop/hdfs/TestIsMethodSupported.class
2019-09-17 18:33:29,691 [main] DEBUG mortbay.log (Slf4jLog.java:debug(40)) - Skipping entry: org/apache/hadoop/hdfs/TestKeyProviderCache$DummyKeyProvider.class
2019-09-17 18:33:29,691 [main] DEBUG mortbay.log (Slf4jLog.java:debug(40)) - Skipping entry: org/apache/hadoop/hdfs/TestKeyProviderCache$Factory.class
2019-09-17 18:33:29,691 [main] DEBUG mortbay.log (Slf4jLog.java:debug(40)) - Skipping entry: org/apache/hadoop/hdfs/TestKeyProviderCache.class
2019-09-17 18:33:29,691 [main] DEBUG mortbay.log (Slf4jLog.java:debug(40)) - Skipping entry: org/apache/hadoop/hdfs/TestLargeBlock.class
2019-09-17 18:33:29,691 [main] DEBUG mortbay.log (Slf4jLog.java:debug(40)) - Skipping entry: org/apache/hadoop/hdfs/TestLease$1.class
2019-09-17 18:33:29,691 [main] DEBUG mortbay.log (Slf4jLog.java:debug(40)) - Skipping entry: org/apache/hadoop/hdfs/TestLease.class
2019-09-17 18:33:29,691 [main] DEBUG mortbay.log (Slf4jLog.java:debug(40)) - Skipping entry: org/apache/hadoop/hdfs/TestLeaseRecovery.class
2019-09-17 18:33:29,691 [main] DEBUG mortbay.log (Slf4jLog.java:debug(40)) - Skipping entry: org/apache/hadoop/hdfs/TestLeaseRecovery2$1.class
2019-09-17 18:33:29,691 [main] DEBUG mortbay.log (Slf4jLog.java:debug(40)) - Skipping entry: org/apache/hadoop/hdfs/TestLeaseRecovery2.class
2019-09-17 18:33:29,691 [main] DEBUG mortbay.log (Slf4jLog.java:debug(40)) - Skipping entry: org/apache/hadoop/hdfs/TestListFilesInDFS.class
2019-09-17 18:33:29,691 [main] DEBUG mortbay.log (Slf4jLog.java:debug(40)) - Skipping entry: org/apache/hadoop/hdfs/TestListFilesInFileContext.class
2019-09-17 18:33:29,691 [main] DEBUG mortbay.log (Slf4jLog.java:debug(40)) - Skipping entry: org/apache/hadoop/hdfs/TestListPathServlet.class
2019-09-17 18:33:29,691 [main] DEBUG mortbay.log (Slf4jLog.java:debug(40)) - Skipping entry: org/apache/hadoop/hdfs/TestLocalDFS.class
2019-09-17 18:33:29,691 [main] DEBUG mortbay.log (Slf4jLog.java:debug(40)) - Skipping entry: org/apache/hadoop/hdfs/TestMaintenanceState$1.class
2019-09-17 18:33:29,691 [main] DEBUG mortbay.log (Slf4jLog.java:debug(40)) - Skipping entry: org/apache/hadoop/hdfs/TestMaintenanceState.class
2019-09-17 18:33:29,691 [main] DEBUG mortbay.log (Slf4jLog.java:debug(40)) - Skipping entry: org/apache/hadoop/hdfs/TestMiniDFSCluster.class
2019-09-17 18:33:29,691 [main] DEBUG mortbay.log (Slf4jLog.java:debug(40)) - Skipping entry: org/apache/hadoop/hdfs/TestMissingBlocksAlert.class
2019-09-17 18:33:29,691 [main] DEBUG mortbay.log (Slf4jLog.java:debug(40)) - Skipping entry: org/apache/hadoop/hdfs/TestModTime.class
2019-09-17 18:33:29,691 [main] DEBUG mortbay.log (Slf4jLog.java:debug(40)) - Skipping entry: org/apache/hadoop/hdfs/TestMultipleNNPortQOP.class
2019-09-17 18:33:29,691 [main] DEBUG mortbay.log (Slf4jLog.java:debug(40)) - Skipping entry: org/apache/hadoop/hdfs/TestMultiThreadedHflush$1.class
2019-09-17 18:33:29,691 [main] DEBUG mortbay.log (Slf4jLog.java:debug(40)) - Skipping entry: org/apache/hadoop/hdfs/TestMultiThreadedHflush$CLIBenchmark.class
2019-09-17 18:33:29,691 [main] DEBUG mortbay.log (Slf4jLog.java:debug(40)) - Skipping entry: org/apache/hadoop/hdfs/TestMultiThreadedHflush$WriterThread.class
2019-09-17 18:33:29,691 [main] DEBUG mortbay.log (Slf4jLog.java:debug(40)) - Skipping entry: org/apache/hadoop/hdfs/TestMultiThreadedHflush.class
2019-09-17 18:33:29,707 [main] DEBUG mortbay.log (Slf4jLog.java:debug(40)) - Skipping entry: org/apache/hadoop/hdfs/TestParallelRead.class
2019-09-17 18:33:29,707 [main] DEBUG mortbay.log (Slf4jLog.java:debug(40)) - Skipping entry: org/apache/hadoop/hdfs/TestParallelReadUtil$1.class
2019-09-17 18:33:29,707 [main] DEBUG mortbay.log (Slf4jLog.java:debug(40)) - Skipping entry: org/apache/hadoop/hdfs/TestParallelReadUtil$CopyingReadWorkerHelper.class
2019-09-17 18:33:29,707 [main] DEBUG mortbay.log (Slf4jLog.java:debug(40)) - Skipping entry: org/apache/hadoop/hdfs/TestParallelReadUtil$DirectReadWorkerHelper.class
2019-09-17 18:33:29,707 [main] DEBUG mortbay.log (Slf4jLog.java:debug(40)) - Skipping entry: org/apache/hadoop/hdfs/TestParallelReadUtil$MixedWorkloadHelper.class
2019-09-17 18:33:29,707 [main] DEBUG mortbay.log (Slf4jLog.java:debug(40)) - Skipping entry: org/apache/hadoop/hdfs/TestParallelReadUtil$ReadWorker.class
2019-09-17 18:33:29,707 [main] DEBUG mortbay.log (Slf4jLog.java:debug(40)) - Skipping entry: org/apache/hadoop/hdfs/TestParallelReadUtil$ReadWorkerHelper.class
2019-09-17 18:33:29,707 [main] DEBUG mortbay.log (Slf4jLog.java:debug(40)) - Skipping entry: org/apache/hadoop/hdfs/TestParallelReadUtil$TestFileInfo.class
2019-09-17 18:33:29,707 [main] DEBUG mortbay.log (Slf4jLog.java:debug(40)) - Skipping entry: org/apache/hadoop/hdfs/TestParallelReadUtil.class
2019-09-17 18:33:29,707 [main] DEBUG mortbay.log (Slf4jLog.java:debug(40)) - Skipping entry: org/apache/hadoop/hdfs/TestParallelShortCircuitLegacyRead.class
2019-09-17 18:33:29,707 [main] DEBUG mortbay.log (Slf4jLog.java:debug(40)) - Skipping entry: org/apache/hadoop/hdfs/TestParallelShortCircuitRead.class
2019-09-17 18:33:29,707 [main] DEBUG mortbay.log (Slf4jLog.java:debug(40)) - Skipping entry: org/apache/hadoop/hdfs/TestParallelShortCircuitReadNoChecksum.class
2019-09-17 18:33:29,707 [main] DEBUG mortbay.log (Slf4jLog.java:debug(40)) - Skipping entry: org/apache/hadoop/hdfs/TestParallelShortCircuitReadUnCached.class
2019-09-17 18:33:29,707 [main] DEBUG mortbay.log (Slf4jLog.java:debug(40)) - Skipping entry: org/apache/hadoop/hdfs/TestParallelUnixDomainRead.class
2019-09-17 18:33:29,707 [main] DEBUG mortbay.log (Slf4jLog.java:debug(40)) - Skipping entry: org/apache/hadoop/hdfs/TestPersistBlocks.class
2019-09-17 18:33:29,707 [main] DEBUG mortbay.log (Slf4jLog.java:debug(40)) - Skipping entry: org/apache/hadoop/hdfs/TestPipelines.class
2019-09-17 18:33:29,707 [main] DEBUG mortbay.log (Slf4jLog.java:debug(40)) - Skipping entry: org/apache/hadoop/hdfs/TestPread$1.class
2019-09-17 18:33:29,707 [main] DEBUG mortbay.log (Slf4jLog.java:debug(40)) - Skipping entry: org/apache/hadoop/hdfs/TestPread$2.class
2019-09-17 18:33:29,707 [main] DEBUG mortbay.log (Slf4jLog.java:debug(40)) - Skipping entry: org/apache/hadoop/hdfs/TestPread$3.class
2019-09-17 18:33:29,707 [main] DEBUG mortbay.log (Slf4jLog.java:debug(40)) - Skipping entry: org/apache/hadoop/hdfs/TestPread$4.class
2019-09-17 18:33:29,707 [main] DEBUG mortbay.log (Slf4jLog.java:debug(40)) - Skipping entry: org/apache/hadoop/hdfs/TestPread$5.class
2019-09-17 18:33:29,707 [main] DEBUG mortbay.log (Slf4jLog.java:debug(40)) - Skipping entry: org/apache/hadoop/hdfs/TestPread$6.class
2019-09-17 18:33:29,707 [main] DEBUG mortbay.log (Slf4jLog.java:debug(40)) - Skipping entry: org/apache/hadoop/hdfs/TestPread$7.class
2019-09-17 18:33:29,707 [main] DEBUG mortbay.log (Slf4jLog.java:debug(40)) - Skipping entry: org/apache/hadoop/hdfs/TestPread$8.class
2019-09-17 18:33:29,707 [main] DEBUG mortbay.log (Slf4jLog.java:debug(40)) - Skipping entry: org/apache/hadoop/hdfs/TestPread$9.class
2019-09-17 18:33:29,707 [main] DEBUG mortbay.log (Slf4jLog.java:debug(40)) - Skipping entry: org/apache/hadoop/hdfs/TestPread.class
2019-09-17 18:33:29,707 [main] DEBUG mortbay.log (Slf4jLog.java:debug(40)) - Skipping entry: org/apache/hadoop/hdfs/TestQuota$1.class
2019-09-17 18:33:29,707 [main] DEBUG mortbay.log (Slf4jLog.java:debug(40)) - Skipping entry: org/apache/hadoop/hdfs/TestQuota$2.class
2019-09-17 18:33:29,707 [main] DEBUG mortbay.log (Slf4jLog.java:debug(40)) - Skipping entry: org/apache/hadoop/hdfs/TestQuota$3.class
2019-09-17 18:33:29,707 [main] DEBUG mortbay.log (Slf4jLog.java:debug(40)) - Skipping entry: org/apache/hadoop/hdfs/TestQuota.class
2019-09-17 18:33:29,707 [main] DEBUG mortbay.log (Slf4jLog.java:debug(40)) - Skipping entry: org/apache/hadoop/hdfs/TestRead$1.class
2019-09-17 18:33:29,707 [main] DEBUG mortbay.log (Slf4jLog.java:debug(40)) - Skipping entry: org/apache/hadoop/hdfs/TestRead$DelayedSimulatedFSDataset$Factory.class
2019-09-17 18:33:29,707 [main] DEBUG mortbay.log (Slf4jLog.java:debug(40)) - Skipping entry: org/apache/hadoop/hdfs/TestRead$DelayedSimulatedFSDataset.class
2019-09-17 18:33:29,707 [main] DEBUG mortbay.log (Slf4jLog.java:debug(40)) - Skipping entry: org/apache/hadoop/hdfs/TestRead.class
2019-09-17 18:33:29,707 [main] DEBUG mortbay.log (Slf4jLog.java:debug(40)) - Skipping entry: org/apache/hadoop/hdfs/TestReadWhileWriting$1.class
2019-09-17 18:33:29,707 [main] DEBUG mortbay.log (Slf4jLog.java:debug(40)) - Skipping entry: org/apache/hadoop/hdfs/TestReadWhileWriting.class
2019-09-17 18:33:29,707 [main] DEBUG mortbay.log (Slf4jLog.java:debug(40)) - Skipping entry: org/apache/hadoop/hdfs/TestRenameWhileOpen.class
2019-09-17 18:33:29,707 [main] DEBUG mortbay.log (Slf4jLog.java:debug(40)) - Skipping entry: org/apache/hadoop/hdfs/TestReplaceDatanodeFailureReplication$SlowWriter.class
2019-09-17 18:33:29,707 [main] DEBUG mortbay.log (Slf4jLog.java:debug(40)) - Skipping entry: org/apache/hadoop/hdfs/TestReplaceDatanodeFailureReplication.class
2019-09-17 18:33:29,707 [main] DEBUG mortbay.log (Slf4jLog.java:debug(40)) - Skipping entry: org/apache/hadoop/hdfs/TestReplaceDatanodeOnFailure$1.class
2019-09-17 18:33:29,707 [main] DEBUG mortbay.log (Slf4jLog.java:debug(40)) - Skipping entry: org/apache/hadoop/hdfs/TestReplaceDatanodeOnFailure$SlowWriter.class
2019-09-17 18:33:29,707 [main] DEBUG mortbay.log (Slf4jLog.java:debug(40)) - Skipping entry: org/apache/hadoop/hdfs/TestReplaceDatanodeOnFailure.class
2019-09-17 18:33:29,707 [main] DEBUG mortbay.log (Slf4jLog.java:debug(40)) - Skipping entry: org/apache/hadoop/hdfs/TestReplication$1.class
2019-09-17 18:33:29,707 [main] DEBUG mortbay.log (Slf4jLog.java:debug(40)) - Skipping entry: org/apache/hadoop/hdfs/TestReplication.class
2019-09-17 18:33:29,707 [main] DEBUG mortbay.log (Slf4jLog.java:debug(40)) - Skipping entry: org/apache/hadoop/hdfs/TestReservedRawPaths$1.class
2019-09-17 18:33:29,707 [main] DEBUG mortbay.log (Slf4jLog.java:debug(40)) - Skipping entry: org/apache/hadoop/hdfs/TestReservedRawPaths$2.class
2019-09-17 18:33:29,707 [main] DEBUG mortbay.log (Slf4jLog.java:debug(40)) - Skipping entry: org/apache/hadoop/hdfs/TestReservedRawPaths$3.class
2019-09-17 18:33:29,707 [main] DEBUG mortbay.log (Slf4jLog.java:debug(40)) - Skipping entry: org/apache/hadoop/hdfs/TestReservedRawPaths$4.class
2019-09-17 18:33:29,707 [main] DEBUG mortbay.log (Slf4jLog.java:debug(40)) - Skipping entry: org/apache/hadoop/hdfs/TestReservedRawPaths.class
2019-09-17 18:33:29,707 [main] DEBUG mortbay.log (Slf4jLog.java:debug(40)) - Skipping entry: org/apache/hadoop/hdfs/TestRestartDFS.class
2019-09-17 18:33:29,707 [main] DEBUG mortbay.log (Slf4jLog.java:debug(40)) - Skipping entry: org/apache/hadoop/hdfs/TestRollingUpgrade.class
2019-09-17 18:33:29,707 [main] DEBUG mortbay.log (Slf4jLog.java:debug(40)) - Skipping entry: org/apache/hadoop/hdfs/TestRollingUpgradeDowngrade.class
2019-09-17 18:33:29,707 [main] DEBUG mortbay.log (Slf4jLog.java:debug(40)) - Skipping entry: org/apache/hadoop/hdfs/TestRollingUpgradeRollback.class
2019-09-17 18:33:29,707 [main] DEBUG mortbay.log (Slf4jLog.java:debug(40)) - Skipping entry: org/apache/hadoop/hdfs/TestSafeMode$1.class
2019-09-17 18:33:29,707 [main] DEBUG mortbay.log (Slf4jLog.java:debug(40)) - Skipping entry: org/apache/hadoop/hdfs/TestSafeMode$10.class
2019-09-17 18:33:29,707 [main] DEBUG mortbay.log (Slf4jLog.java:debug(40)) - Skipping entry: org/apache/hadoop/hdfs/TestSafeMode$11.class
2019-09-17 18:33:29,707 [main] DEBUG mortbay.log (Slf4jLog.java:debug(40)) - Skipping entry: org/apache/hadoop/hdfs/TestSafeMode$12.class
2019-09-17 18:33:29,707 [main] DEBUG mortbay.log (Slf4jLog.java:debug(40)) - Skipping entry: org/apache/hadoop/hdfs/TestSafeMode$13.class
2019-09-17 18:33:29,707 [main] DEBUG mortbay.log (Slf4jLog.java:debug(40)) - Skipping entry: org/apache/hadoop/hdfs/TestSafeMode$14.class
2019-09-17 18:33:29,707 [main] DEBUG mortbay.log (Slf4jLog.java:debug(40)) - Skipping entry: org/apache/hadoop/hdfs/TestSafeMode$15.class
2019-09-17 18:33:29,707 [main] DEBUG mortbay.log (Slf4jLog.java:debug(40)) - Skipping entry: org/apache/hadoop/hdfs/TestSafeMode$16.class
2019-09-17 18:33:29,707 [main] DEBUG mortbay.log (Slf4jLog.java:debug(40)) - Skipping entry: org/apache/hadoop/hdfs/TestSafeMode$17.class
2019-09-17 18:33:29,707 [main] DEBUG mortbay.log (Slf4jLog.java:debug(40)) - Skipping entry: org/apache/hadoop/hdfs/TestSafeMode$18.class
2019-09-17 18:33:29,707 [main] DEBUG mortbay.log (Slf4jLog.java:debug(40)) - Skipping entry: org/apache/hadoop/hdfs/TestSafeMode$19.class
2019-09-17 18:33:29,707 [main] DEBUG mortbay.log (Slf4jLog.java:debug(40)) - Skipping entry: org/apache/hadoop/hdfs/TestSafeMode$2.class
2019-09-17 18:33:29,707 [main] DEBUG mortbay.log (Slf4jLog.java:debug(40)) - Skipping entry: org/apache/hadoop/hdfs/TestSafeMode$3.class
2019-09-17 18:33:29,707 [main] DEBUG mortbay.log (Slf4jLog.java:debug(40)) - Skipping entry: org/apache/hadoop/hdfs/TestSafeMode$4.class
2019-09-17 18:33:29,707 [main] DEBUG mortbay.log (Slf4jLog.java:debug(40)) - Skipping entry: org/apache/hadoop/hdfs/TestSafeMode$5.class
2019-09-17 18:33:29,707 [main] DEBUG mortbay.log (Slf4jLog.java:debug(40)) - Skipping entry: org/apache/hadoop/hdfs/TestSafeMode$6.class
2019-09-17 18:33:29,707 [main] DEBUG mortbay.log (Slf4jLog.java:debug(40)) - Skipping entry: org/apache/hadoop/hdfs/TestSafeMode$7.class
2019-09-17 18:33:29,707 [main] DEBUG mortbay.log (Slf4jLog.java:debug(40)) - Skipping entry: org/apache/hadoop/hdfs/TestSafeMode$8.class
2019-09-17 18:33:29,707 [main] DEBUG mortbay.log (Slf4jLog.java:debug(40)) - Skipping entry: org/apache/hadoop/hdfs/TestSafeMode$9.class
2019-09-17 18:33:29,707 [main] DEBUG mortbay.log (Slf4jLog.java:debug(40)) - Skipping entry: org/apache/hadoop/hdfs/TestSafeMode$FSRun.class
2019-09-17 18:33:29,707 [main] DEBUG mortbay.log (Slf4jLog.java:debug(40)) - Skipping entry: org/apache/hadoop/hdfs/TestSafeMode.class
2019-09-17 18:33:29,707 [main] DEBUG mortbay.log (Slf4jLog.java:debug(40)) - Skipping entry: org/apache/hadoop/hdfs/TestSecureEncryptionZoneWithKMS$1.class
2019-09-17 18:33:29,707 [main] DEBUG mortbay.log (Slf4jLog.java:debug(40)) - Skipping entry: org/apache/hadoop/hdfs/TestSecureEncryptionZoneWithKMS.class
2019-09-17 18:33:29,707 [main] DEBUG mortbay.log (Slf4jLog.java:debug(40)) - Skipping entry: org/apache/hadoop/hdfs/TestSeekBug.class
2019-09-17 18:33:29,707 [main] DEBUG mortbay.log (Slf4jLog.java:debug(40)) - Skipping entry: org/apache/hadoop/hdfs/TestSetrepDecreasing.class
2019-09-17 18:33:29,723 [main] DEBUG mortbay.log (Slf4jLog.java:debug(40)) - Skipping entry: org/apache/hadoop/hdfs/TestSetrepIncreasing.class
2019-09-17 18:33:29,723 [main] DEBUG mortbay.log (Slf4jLog.java:debug(40)) - Skipping entry: org/apache/hadoop/hdfs/TestSetTimes.class
2019-09-17 18:33:29,723 [main] DEBUG mortbay.log (Slf4jLog.java:debug(40)) - Skipping entry: org/apache/hadoop/hdfs/TestSmallBlock.class
2019-09-17 18:33:29,723 [main] DEBUG mortbay.log (Slf4jLog.java:debug(40)) - Skipping entry: org/apache/hadoop/hdfs/TestSnapshotCommands.class
2019-09-17 18:33:29,723 [main] DEBUG mortbay.log (Slf4jLog.java:debug(40)) - Skipping entry: org/apache/hadoop/hdfs/TestStateAlignmentContextWithHA$ORPPwithAlignmentContexts.class
2019-09-17 18:33:29,723 [main] DEBUG mortbay.log (Slf4jLog.java:debug(40)) - Skipping entry: org/apache/hadoop/hdfs/TestStateAlignmentContextWithHA$STATE.class
2019-09-17 18:33:29,723 [main] DEBUG mortbay.log (Slf4jLog.java:debug(40)) - Skipping entry: org/apache/hadoop/hdfs/TestStateAlignmentContextWithHA$Worker.class
2019-09-17 18:33:29,723 [main] DEBUG mortbay.log (Slf4jLog.java:debug(40)) - Skipping entry: org/apache/hadoop/hdfs/TestStateAlignmentContextWithHA.class
2019-09-17 18:33:29,723 [main] DEBUG mortbay.log (Slf4jLog.java:debug(40)) - Skipping entry: org/apache/hadoop/hdfs/TestTrashWithEncryptionZones$1.class
2019-09-17 18:33:29,723 [main] DEBUG mortbay.log (Slf4jLog.java:debug(40)) - Skipping entry: org/apache/hadoop/hdfs/TestTrashWithEncryptionZones.class
2019-09-17 18:33:29,723 [main] DEBUG mortbay.log (Slf4jLog.java:debug(40)) - Skipping entry: org/apache/hadoop/hdfs/TestTrashWithSecureEncryptionZones.class
2019-09-17 18:33:29,723 [main] DEBUG mortbay.log (Slf4jLog.java:debug(40)) - Skipping entry: org/apache/hadoop/hdfs/TestWriteBlockGetsBlockLengthHint$FsDatasetChecker$Factory.class
2019-09-17 18:33:29,723 [main] DEBUG mortbay.log (Slf4jLog.java:debug(40)) - Skipping entry: org/apache/hadoop/hdfs/TestWriteBlockGetsBlockLengthHint$FsDatasetChecker.class
2019-09-17 18:33:29,723 [main] DEBUG mortbay.log (Slf4jLog.java:debug(40)) - Skipping entry: org/apache/hadoop/hdfs/TestWriteBlockGetsBlockLengthHint.class
2019-09-17 18:33:29,723 [main] DEBUG mortbay.log (Slf4jLog.java:debug(40)) - Skipping entry: org/apache/hadoop/hdfs/TestWriteConfigurationToDFS.class
2019-09-17 18:33:29,723 [main] DEBUG mortbay.log (Slf4jLog.java:debug(40)) - Skipping entry: org/apache/hadoop/hdfs/TestWriteRead.class
2019-09-17 18:33:29,723 [main] DEBUG mortbay.log (Slf4jLog.java:debug(40)) - Skipping entry: org/apache/hadoop/hdfs/tools/
2019-09-17 18:33:29,723 [main] DEBUG mortbay.log (Slf4jLog.java:debug(40)) - Skipping entry: org/apache/hadoop/hdfs/tools/offlineEditsViewer/
2019-09-17 18:33:29,723 [main] DEBUG mortbay.log (Slf4jLog.java:debug(40)) - Skipping entry: org/apache/hadoop/hdfs/tools/offlineEditsViewer/TestOfflineEditsViewer.class
2019-09-17 18:33:29,723 [main] DEBUG mortbay.log (Slf4jLog.java:debug(40)) - Skipping entry: org/apache/hadoop/hdfs/tools/offlineImageViewer/
2019-09-17 18:33:29,723 [main] DEBUG mortbay.log (Slf4jLog.java:debug(40)) - Skipping entry: org/apache/hadoop/hdfs/tools/offlineImageViewer/TestOfflineImageViewer$1.class
2019-09-17 18:33:29,723 [main] DEBUG mortbay.log (Slf4jLog.java:debug(40)) - Skipping entry: org/apache/hadoop/hdfs/tools/offlineImageViewer/TestOfflineImageViewer.class
2019-09-17 18:33:29,723 [main] DEBUG mortbay.log (Slf4jLog.java:debug(40)) - Skipping entry: org/apache/hadoop/hdfs/tools/offlineImageViewer/TestOfflineImageViewerForAcl.class
2019-09-17 18:33:29,723 [main] DEBUG mortbay.log (Slf4jLog.java:debug(40)) - Skipping entry: org/apache/hadoop/hdfs/tools/offlineImageViewer/TestOfflineImageViewerForContentSummary.class
2019-09-17 18:33:29,723 [main] DEBUG mortbay.log (Slf4jLog.java:debug(40)) - Skipping entry: org/apache/hadoop/hdfs/tools/offlineImageViewer/TestOfflineImageViewerForXAttr.class
2019-09-17 18:33:29,723 [main] DEBUG mortbay.log (Slf4jLog.java:debug(40)) - Skipping entry: org/apache/hadoop/hdfs/tools/TestDebugAdmin.class
2019-09-17 18:33:29,723 [main] DEBUG mortbay.log (Slf4jLog.java:debug(40)) - Skipping entry: org/apache/hadoop/hdfs/tools/TestDFSAdmin$1.class
2019-09-17 18:33:29,723 [main] DEBUG mortbay.log (Slf4jLog.java:debug(40)) - Skipping entry: org/apache/hadoop/hdfs/tools/TestDFSAdmin$2.class
2019-09-17 18:33:29,723 [main] DEBUG mortbay.log (Slf4jLog.java:debug(40)) - Skipping entry: org/apache/hadoop/hdfs/tools/TestDFSAdmin.class
2019-09-17 18:33:29,723 [main] DEBUG mortbay.log (Slf4jLog.java:debug(40)) - Skipping entry: org/apache/hadoop/hdfs/tools/TestDFSAdminWithHA.class
2019-09-17 18:33:29,723 [main] DEBUG mortbay.log (Slf4jLog.java:debug(40)) - Skipping entry: org/apache/hadoop/hdfs/tools/TestDFSHAAdmin$1.class
2019-09-17 18:33:29,723 [main] DEBUG mortbay.log (Slf4jLog.java:debug(40)) - Skipping entry: org/apache/hadoop/hdfs/tools/TestDFSHAAdmin.class
2019-09-17 18:33:29,723 [main] DEBUG mortbay.log (Slf4jLog.java:debug(40)) - Skipping entry: org/apache/hadoop/hdfs/tools/TestDFSHAAdminMiniCluster.class
2019-09-17 18:33:29,723 [main] DEBUG mortbay.log (Slf4jLog.java:debug(40)) - Skipping entry: org/apache/hadoop/hdfs/tools/TestDFSZKFailoverController$1.class
2019-09-17 18:33:29,723 [main] DEBUG mortbay.log (Slf4jLog.java:debug(40)) - Skipping entry: org/apache/hadoop/hdfs/tools/TestDFSZKFailoverController$ZKFCThread.class
2019-09-17 18:33:29,723 [main] DEBUG mortbay.log (Slf4jLog.java:debug(40)) - Skipping entry: org/apache/hadoop/hdfs/tools/TestDFSZKFailoverController.class
2019-09-17 18:33:29,723 [main] DEBUG mortbay.log (Slf4jLog.java:debug(40)) - Skipping entry: org/apache/hadoop/hdfs/tools/TestGetConf$1.class
2019-09-17 18:33:29,723 [main] DEBUG mortbay.log (Slf4jLog.java:debug(40)) - Skipping entry: org/apache/hadoop/hdfs/tools/TestGetConf$TestType.class
2019-09-17 18:33:29,723 [main] DEBUG mortbay.log (Slf4jLog.java:debug(40)) - Skipping entry: org/apache/hadoop/hdfs/tools/TestGetConf.class
2019-09-17 18:33:29,723 [main] DEBUG mortbay.log (Slf4jLog.java:debug(40)) - Skipping entry: org/apache/hadoop/hdfs/tools/TestGetGroups.class
2019-09-17 18:33:29,723 [main] DEBUG mortbay.log (Slf4jLog.java:debug(40)) - Skipping entry: org/apache/hadoop/hdfs/tools/TestStoragePolicyCommands.class
2019-09-17 18:33:29,723 [main] DEBUG mortbay.log (Slf4jLog.java:debug(40)) - Skipping entry: org/apache/hadoop/hdfs/UpgradeUtilities.class
2019-09-17 18:33:29,723 [main] DEBUG mortbay.log (Slf4jLog.java:debug(40)) - Skipping entry: org/apache/hadoop/hdfs/util/
2019-09-17 18:33:29,723 [main] DEBUG mortbay.log (Slf4jLog.java:debug(40)) - Skipping entry: org/apache/hadoop/hdfs/util/HostsFileWriter.class
2019-09-17 18:33:29,723 [main] DEBUG mortbay.log (Slf4jLog.java:debug(40)) - Skipping entry: org/apache/hadoop/hdfs/util/TestAtomicFileOutputStream$1.class
2019-09-17 18:33:29,723 [main] DEBUG mortbay.log (Slf4jLog.java:debug(40)) - Skipping entry: org/apache/hadoop/hdfs/util/TestAtomicFileOutputStream.class
2019-09-17 18:33:29,723 [main] DEBUG mortbay.log (Slf4jLog.java:debug(40)) - Skipping entry: org/apache/hadoop/hdfs/util/TestBestEffortLongFile.class
2019-09-17 18:33:29,723 [main] DEBUG mortbay.log (Slf4jLog.java:debug(40)) - Skipping entry: org/apache/hadoop/hdfs/util/TestCombinedHostsFileReader.class
2019-09-17 18:33:29,723 [main] DEBUG mortbay.log (Slf4jLog.java:debug(40)) - Skipping entry: org/apache/hadoop/hdfs/util/TestCyclicIteration.class
2019-09-17 18:33:29,723 [main] DEBUG mortbay.log (Slf4jLog.java:debug(40)) - Skipping entry: org/apache/hadoop/hdfs/util/TestDiff.class
2019-09-17 18:33:29,723 [main] DEBUG mortbay.log (Slf4jLog.java:debug(40)) - Skipping entry: org/apache/hadoop/hdfs/util/TestLightWeightHashSet$TestObject.class
2019-09-17 18:33:29,723 [main] DEBUG mortbay.log (Slf4jLog.java:debug(40)) - Skipping entry: org/apache/hadoop/hdfs/util/TestLightWeightHashSet.class
2019-09-17 18:33:29,723 [main] DEBUG mortbay.log (Slf4jLog.java:debug(40)) - Skipping entry: org/apache/hadoop/hdfs/util/TestLightWeightLinkedSet.class
2019-09-17 18:33:29,723 [main] DEBUG mortbay.log (Slf4jLog.java:debug(40)) - Skipping entry: org/apache/hadoop/hdfs/util/TestMD5FileUtils.class
2019-09-17 18:33:29,723 [main] DEBUG mortbay.log (Slf4jLog.java:debug(40)) - Skipping entry: org/apache/hadoop/hdfs/util/TestXMLUtils.class
2019-09-17 18:33:29,723 [main] DEBUG mortbay.log (Slf4jLog.java:debug(40)) - Skipping entry: org/apache/hadoop/hdfs/web/
2019-09-17 18:33:29,723 [main] DEBUG mortbay.log (Slf4jLog.java:debug(40)) - Skipping entry: org/apache/hadoop/hdfs/web/resources/
2019-09-17 18:33:29,723 [main] DEBUG mortbay.log (Slf4jLog.java:debug(40)) - Skipping entry: org/apache/hadoop/hdfs/web/resources/TestParam.class
2019-09-17 18:33:29,723 [main] DEBUG mortbay.log (Slf4jLog.java:debug(40)) - Skipping entry: org/apache/hadoop/hdfs/web/TestAuthFilter$DummyFilterConfig.class
2019-09-17 18:33:29,723 [main] DEBUG mortbay.log (Slf4jLog.java:debug(40)) - Skipping entry: org/apache/hadoop/hdfs/web/TestAuthFilter.class
2019-09-17 18:33:29,723 [main] DEBUG mortbay.log (Slf4jLog.java:debug(40)) - Skipping entry: org/apache/hadoop/hdfs/web/TestFSMainOperationsWebHdfs$1.class
2019-09-17 18:33:29,723 [main] DEBUG mortbay.log (Slf4jLog.java:debug(40)) - Skipping entry: org/apache/hadoop/hdfs/web/TestFSMainOperationsWebHdfs$2.class
2019-09-17 18:33:29,723 [main] DEBUG mortbay.log (Slf4jLog.java:debug(40)) - Skipping entry: org/apache/hadoop/hdfs/web/TestFSMainOperationsWebHdfs.class
2019-09-17 18:33:29,723 [main] DEBUG mortbay.log (Slf4jLog.java:debug(40)) - Skipping entry: org/apache/hadoop/hdfs/web/TestHftpDelegationToken.class
2019-09-17 18:33:29,723 [main] DEBUG mortbay.log (Slf4jLog.java:debug(40)) - Skipping entry: org/apache/hadoop/hdfs/web/TestHftpFileSystem.class
2019-09-17 18:33:29,723 [main] DEBUG mortbay.log (Slf4jLog.java:debug(40)) - Skipping entry: org/apache/hadoop/hdfs/web/TestHttpFSPorts.class
2019-09-17 18:33:29,723 [main] DEBUG mortbay.log (Slf4jLog.java:debug(40)) - Skipping entry: org/apache/hadoop/hdfs/web/TestHttpsFileSystem.class
2019-09-17 18:33:29,723 [main] DEBUG mortbay.log (Slf4jLog.java:debug(40)) - Skipping entry: org/apache/hadoop/hdfs/web/TestJsonUtil.class
2019-09-17 18:33:29,723 [main] DEBUG mortbay.log (Slf4jLog.java:debug(40)) - Skipping entry: org/apache/hadoop/hdfs/web/TestWebHDFS$1.class
2019-09-17 18:33:29,723 [main] DEBUG mortbay.log (Slf4jLog.java:debug(40)) - Skipping entry: org/apache/hadoop/hdfs/web/TestWebHDFS$2.class
2019-09-17 18:33:29,723 [main] DEBUG mortbay.log (Slf4jLog.java:debug(40)) - Skipping entry: org/apache/hadoop/hdfs/web/TestWebHDFS$3.class
2019-09-17 18:33:29,723 [main] DEBUG mortbay.log (Slf4jLog.java:debug(40)) - Skipping entry: org/apache/hadoop/hdfs/web/TestWebHDFS$4.class
2019-09-17 18:33:29,723 [main] DEBUG mortbay.log (Slf4jLog.java:debug(40)) - Skipping entry: org/apache/hadoop/hdfs/web/TestWebHDFS$DummyThrowable.class
2019-09-17 18:33:29,723 [main] DEBUG mortbay.log (Slf4jLog.java:debug(40)) - Skipping entry: org/apache/hadoop/hdfs/web/TestWebHDFS$MockWebHdfsServlet.class
2019-09-17 18:33:29,723 [main] DEBUG mortbay.log (Slf4jLog.java:debug(40)) - Skipping entry: org/apache/hadoop/hdfs/web/TestWebHDFS$Ticker.class
2019-09-17 18:33:29,723 [main] DEBUG mortbay.log (Slf4jLog.java:debug(40)) - Skipping entry: org/apache/hadoop/hdfs/web/TestWebHDFS.class
2019-09-17 18:33:29,723 [main] DEBUG mortbay.log (Slf4jLog.java:debug(40)) - Skipping entry: org/apache/hadoop/hdfs/web/TestWebHDFSAcl.class
2019-09-17 18:33:29,723 [main] DEBUG mortbay.log (Slf4jLog.java:debug(40)) - Skipping entry: org/apache/hadoop/hdfs/web/TestWebHdfsFileSystemContract.class
2019-09-17 18:33:29,723 [main] DEBUG mortbay.log (Slf4jLog.java:debug(40)) - Skipping entry: org/apache/hadoop/hdfs/web/TestWebHDFSForHA$1.class
2019-09-17 18:33:29,723 [main] DEBUG mortbay.log (Slf4jLog.java:debug(40)) - Skipping entry: org/apache/hadoop/hdfs/web/TestWebHDFSForHA.class
2019-09-17 18:33:29,723 [main] DEBUG mortbay.log (Slf4jLog.java:debug(40)) - Skipping entry: org/apache/hadoop/hdfs/web/TestWebHdfsTimeouts$1.class
2019-09-17 18:33:29,723 [main] DEBUG mortbay.log (Slf4jLog.java:debug(40)) - Skipping entry: org/apache/hadoop/hdfs/web/TestWebHdfsTimeouts$2.class
2019-09-17 18:33:29,723 [main] DEBUG mortbay.log (Slf4jLog.java:debug(40)) - Skipping entry: org/apache/hadoop/hdfs/web/TestWebHdfsTimeouts$TimeoutSource.class
2019-09-17 18:33:29,723 [main] DEBUG mortbay.log (Slf4jLog.java:debug(40)) - Skipping entry: org/apache/hadoop/hdfs/web/TestWebHdfsTimeouts.class
2019-09-17 18:33:29,723 [main] DEBUG mortbay.log (Slf4jLog.java:debug(40)) - Skipping entry: org/apache/hadoop/hdfs/web/TestWebHdfsTokens$1.class
2019-09-17 18:33:29,723 [main] DEBUG mortbay.log (Slf4jLog.java:debug(40)) - Skipping entry: org/apache/hadoop/hdfs/web/TestWebHdfsTokens$2.class
2019-09-17 18:33:29,723 [main] DEBUG mortbay.log (Slf4jLog.java:debug(40)) - Skipping entry: org/apache/hadoop/hdfs/web/TestWebHdfsTokens$3.class
2019-09-17 18:33:29,723 [main] DEBUG mortbay.log (Slf4jLog.java:debug(40)) - Skipping entry: org/apache/hadoop/hdfs/web/TestWebHdfsTokens$4.class
2019-09-17 18:33:29,723 [main] DEBUG mortbay.log (Slf4jLog.java:debug(40)) - Skipping entry: org/apache/hadoop/hdfs/web/TestWebHdfsTokens$5.class
2019-09-17 18:33:29,723 [main] DEBUG mortbay.log (Slf4jLog.java:debug(40)) - Skipping entry: org/apache/hadoop/hdfs/web/TestWebHdfsTokens.class
2019-09-17 18:33:29,723 [main] DEBUG mortbay.log (Slf4jLog.java:debug(40)) - Skipping entry: org/apache/hadoop/hdfs/web/TestWebHdfsUrl.class
2019-09-17 18:33:29,723 [main] DEBUG mortbay.log (Slf4jLog.java:debug(40)) - Skipping entry: org/apache/hadoop/hdfs/web/TestWebHdfsWithAuthenticationFilter$CustomizedFilter.class
2019-09-17 18:33:29,723 [main] DEBUG mortbay.log (Slf4jLog.java:debug(40)) - Skipping entry: org/apache/hadoop/hdfs/web/TestWebHdfsWithAuthenticationFilter.class
2019-09-17 18:33:29,723 [main] DEBUG mortbay.log (Slf4jLog.java:debug(40)) - Skipping entry: org/apache/hadoop/hdfs/web/TestWebHdfsWithMultipleNameNodes.class
2019-09-17 18:33:29,723 [main] DEBUG mortbay.log (Slf4jLog.java:debug(40)) - Skipping entry: org/apache/hadoop/hdfs/web/TestWebHdfsWithRestCsrfPreventionFilter.class
2019-09-17 18:33:29,723 [main] DEBUG mortbay.log (Slf4jLog.java:debug(40)) - Skipping entry: org/apache/hadoop/hdfs/web/TestWebHDFSXAttr.class
2019-09-17 18:33:29,723 [main] DEBUG mortbay.log (Slf4jLog.java:debug(40)) - Skipping entry: org/apache/hadoop/hdfs/web/WebHdfsTestUtil$1.class
2019-09-17 18:33:29,723 [main] DEBUG mortbay.log (Slf4jLog.java:debug(40)) - Skipping entry: org/apache/hadoop/hdfs/web/WebHdfsTestUtil.class
2019-09-17 18:33:29,723 [main] DEBUG mortbay.log (Slf4jLog.java:debug(40)) - Skipping entry: org/apache/hadoop/metrics2/
2019-09-17 18:33:29,723 [main] DEBUG mortbay.log (Slf4jLog.java:debug(40)) - Skipping entry: org/apache/hadoop/metrics2/sink/
2019-09-17 18:33:29,723 [main] DEBUG mortbay.log (Slf4jLog.java:debug(40)) - Skipping entry: org/apache/hadoop/metrics2/sink/TestRollingFileSystemSinkWithHdfs.class
2019-09-17 18:33:29,738 [main] DEBUG mortbay.log (Slf4jLog.java:debug(40)) - Skipping entry: org/apache/hadoop/metrics2/sink/TestRollingFileSystemSinkWithSecureHdfs$1.class
2019-09-17 18:33:29,738 [main] DEBUG mortbay.log (Slf4jLog.java:debug(40)) - Skipping entry: org/apache/hadoop/metrics2/sink/TestRollingFileSystemSinkWithSecureHdfs$2.class
2019-09-17 18:33:29,738 [main] DEBUG mortbay.log (Slf4jLog.java:debug(40)) - Skipping entry: org/apache/hadoop/metrics2/sink/TestRollingFileSystemSinkWithSecureHdfs$3.class
2019-09-17 18:33:29,738 [main] DEBUG mortbay.log (Slf4jLog.java:debug(40)) - Skipping entry: org/apache/hadoop/metrics2/sink/TestRollingFileSystemSinkWithSecureHdfs.class
2019-09-17 18:33:29,738 [main] DEBUG mortbay.log (Slf4jLog.java:debug(40)) - Skipping entry: org/apache/hadoop/net/
2019-09-17 18:33:29,738 [main] DEBUG mortbay.log (Slf4jLog.java:debug(40)) - Skipping entry: org/apache/hadoop/net/TestNetworkTopology.class
2019-09-17 18:33:29,738 [main] DEBUG mortbay.log (Slf4jLog.java:debug(40)) - Skipping entry: org/apache/hadoop/security/
2019-09-17 18:33:29,738 [main] DEBUG mortbay.log (Slf4jLog.java:debug(40)) - Skipping entry: org/apache/hadoop/security/TestPermission.class
2019-09-17 18:33:29,738 [main] DEBUG mortbay.log (Slf4jLog.java:debug(40)) - Skipping entry: org/apache/hadoop/security/TestPermissionSymlinks$1.class
2019-09-17 18:33:29,738 [main] DEBUG mortbay.log (Slf4jLog.java:debug(40)) - Skipping entry: org/apache/hadoop/security/TestPermissionSymlinks$2.class
2019-09-17 18:33:29,738 [main] DEBUG mortbay.log (Slf4jLog.java:debug(40)) - Skipping entry: org/apache/hadoop/security/TestPermissionSymlinks$3.class
2019-09-17 18:33:29,738 [main] DEBUG mortbay.log (Slf4jLog.java:debug(40)) - Skipping entry: org/apache/hadoop/security/TestPermissionSymlinks$4.class
2019-09-17 18:33:29,738 [main] DEBUG mortbay.log (Slf4jLog.java:debug(40)) - Skipping entry: org/apache/hadoop/security/TestPermissionSymlinks$5.class
2019-09-17 18:33:29,738 [main] DEBUG mortbay.log (Slf4jLog.java:debug(40)) - Skipping entry: org/apache/hadoop/security/TestPermissionSymlinks$6.class
2019-09-17 18:33:29,738 [main] DEBUG mortbay.log (Slf4jLog.java:debug(40)) - Skipping entry: org/apache/hadoop/security/TestPermissionSymlinks$7.class
2019-09-17 18:33:29,738 [main] DEBUG mortbay.log (Slf4jLog.java:debug(40)) - Skipping entry: org/apache/hadoop/security/TestPermissionSymlinks$8.class
2019-09-17 18:33:29,738 [main] DEBUG mortbay.log (Slf4jLog.java:debug(40)) - Skipping entry: org/apache/hadoop/security/TestPermissionSymlinks$9.class
2019-09-17 18:33:29,738 [main] DEBUG mortbay.log (Slf4jLog.java:debug(40)) - Skipping entry: org/apache/hadoop/security/TestPermissionSymlinks.class
2019-09-17 18:33:29,738 [main] DEBUG mortbay.log (Slf4jLog.java:debug(40)) - Skipping entry: org/apache/hadoop/security/TestRefreshUserMappings$MockUnixGroupsMapping.class
2019-09-17 18:33:29,738 [main] DEBUG mortbay.log (Slf4jLog.java:debug(40)) - Skipping entry: org/apache/hadoop/security/TestRefreshUserMappings.class
2019-09-17 18:33:29,738 [main] DEBUG mortbay.log (Slf4jLog.java:debug(40)) - Skipping entry: org/apache/hadoop/test/
2019-09-17 18:33:29,738 [main] DEBUG mortbay.log (Slf4jLog.java:debug(40)) - Skipping entry: org/apache/hadoop/test/HdfsTestDriver.class
2019-09-17 18:33:29,738 [main] DEBUG mortbay.log (Slf4jLog.java:debug(40)) - Skipping entry: org/apache/hadoop/test/MiniDFSClusterManager.class
2019-09-17 18:33:29,738 [main] DEBUG mortbay.log (Slf4jLog.java:debug(40)) - Skipping entry: org/apache/hadoop/test/PathUtils.class
2019-09-17 18:33:29,738 [main] DEBUG mortbay.log (Slf4jLog.java:debug(40)) - Skipping entry: org/apache/hadoop/TestGenericRefresh.class
2019-09-17 18:33:29,738 [main] DEBUG mortbay.log (Slf4jLog.java:debug(40)) - Skipping entry: org/apache/hadoop/TestRefreshCallQueue$MockCallQueue.class
2019-09-17 18:33:29,738 [main] DEBUG mortbay.log (Slf4jLog.java:debug(40)) - Skipping entry: org/apache/hadoop/TestRefreshCallQueue.class
2019-09-17 18:33:29,738 [main] DEBUG mortbay.log (Slf4jLog.java:debug(40)) - Skipping entry: org/apache/hadoop/tools/
2019-09-17 18:33:29,738 [main] DEBUG mortbay.log (Slf4jLog.java:debug(40)) - Skipping entry: org/apache/hadoop/tools/FakeRenewer.class
2019-09-17 18:33:29,738 [main] DEBUG mortbay.log (Slf4jLog.java:debug(40)) - Skipping entry: org/apache/hadoop/tools/TestDelegationTokenFetcher$1.class
2019-09-17 18:33:29,738 [main] DEBUG mortbay.log (Slf4jLog.java:debug(40)) - Skipping entry: org/apache/hadoop/tools/TestDelegationTokenFetcher.class
2019-09-17 18:33:29,738 [main] DEBUG mortbay.log (Slf4jLog.java:debug(40)) - Skipping entry: org/apache/hadoop/tools/TestDelegationTokenRemoteFetcher$1.class
2019-09-17 18:33:29,738 [main] DEBUG mortbay.log (Slf4jLog.java:debug(40)) - Skipping entry: org/apache/hadoop/tools/TestDelegationTokenRemoteFetcher$CancelHandler.class
2019-09-17 18:33:29,738 [main] DEBUG mortbay.log (Slf4jLog.java:debug(40)) - Skipping entry: org/apache/hadoop/tools/TestDelegationTokenRemoteFetcher$CredentialsLogicHandler.class
2019-09-17 18:33:29,738 [main] DEBUG mortbay.log (Slf4jLog.java:debug(40)) - Skipping entry: org/apache/hadoop/tools/TestDelegationTokenRemoteFetcher$ExceptionHandler.class
2019-09-17 18:33:29,738 [main] DEBUG mortbay.log (Slf4jLog.java:debug(40)) - Skipping entry: org/apache/hadoop/tools/TestDelegationTokenRemoteFetcher$FetchHandler.class
2019-09-17 18:33:29,738 [main] DEBUG mortbay.log (Slf4jLog.java:debug(40)) - Skipping entry: org/apache/hadoop/tools/TestDelegationTokenRemoteFetcher$Handler.class
2019-09-17 18:33:29,738 [main] DEBUG mortbay.log (Slf4jLog.java:debug(40)) - Skipping entry: org/apache/hadoop/tools/TestDelegationTokenRemoteFetcher$RenewHandler.class
2019-09-17 18:33:29,738 [main] DEBUG mortbay.log (Slf4jLog.java:debug(40)) - Skipping entry: org/apache/hadoop/tools/TestDelegationTokenRemoteFetcher.class
2019-09-17 18:33:29,738 [main] DEBUG mortbay.log (Slf4jLog.java:debug(40)) - Skipping entry: org/apache/hadoop/tools/TestHdfsConfigFields.class
2019-09-17 18:33:29,738 [main] DEBUG mortbay.log (Slf4jLog.java:debug(40)) - Skipping entry: org/apache/hadoop/tools/TestJMXGet.class
2019-09-17 18:33:29,738 [main] DEBUG mortbay.log (Slf4jLog.java:debug(40)) - Skipping entry: org/apache/hadoop/tools/TestTools.class
2019-09-17 18:33:29,738 [main] DEBUG mortbay.log (Slf4jLog.java:debug(40)) - Skipping entry: org/apache/hadoop/tracing/
2019-09-17 18:33:29,738 [main] DEBUG mortbay.log (Slf4jLog.java:debug(40)) - Skipping entry: org/apache/hadoop/tracing/TestTraceAdmin$1.class
2019-09-17 18:33:29,738 [main] DEBUG mortbay.log (Slf4jLog.java:debug(40)) - Skipping entry: org/apache/hadoop/tracing/TestTraceAdmin.class
2019-09-17 18:33:29,738 [main] DEBUG mortbay.log (Slf4jLog.java:debug(40)) - Skipping entry: org/apache/hadoop/tracing/TestTracing.class
2019-09-17 18:33:29,738 [main] DEBUG mortbay.log (Slf4jLog.java:debug(40)) - Skipping entry: org/apache/hadoop/tracing/TestTracingShortCircuitLocalRead.class
2019-09-17 18:33:29,738 [main] DEBUG mortbay.log (Slf4jLog.java:debug(40)) - Skipping entry: webapps/datanode/datanode.html
2019-09-17 18:33:29,738 [main] DEBUG mortbay.log (Slf4jLog.java:debug(40)) - Skipping entry: webapps/datanode/dn.js
2019-09-17 18:33:29,738 [main] DEBUG mortbay.log (Slf4jLog.java:debug(40)) - Skipping entry: webapps/datanode/index.html
2019-09-17 18:33:29,738 [main] DEBUG mortbay.log (Slf4jLog.java:debug(40)) - Skipping entry: webapps/datanode/robots.txt
2019-09-17 18:33:29,738 [main] DEBUG mortbay.log (Slf4jLog.java:debug(40)) - Skipping entry: webapps/datanode/WEB-INF/web.xml
2019-09-17 18:33:30,004 [main] DEBUG mortbay.log (Slf4jLog.java:debug(40)) - Skipping entry: webapps/journal/index.html
2019-09-17 18:33:30,004 [main] DEBUG mortbay.log (Slf4jLog.java:debug(40)) - Skipping entry: webapps/journal/robots.txt
2019-09-17 18:33:30,004 [main] DEBUG mortbay.log (Slf4jLog.java:debug(40)) - Skipping entry: webapps/journal/WEB-INF/web.xml
2019-09-17 18:33:30,004 [main] DEBUG mortbay.log (Slf4jLog.java:debug(40)) - Skipping entry: webapps/nfs3/WEB-INF/web.xml
2019-09-17 18:33:30,004 [main] DEBUG mortbay.log (Slf4jLog.java:debug(40)) - Skipping entry: webapps/secondary/index.html
2019-09-17 18:33:30,004 [main] DEBUG mortbay.log (Slf4jLog.java:debug(40)) - Skipping entry: webapps/secondary/robots.txt
2019-09-17 18:33:30,004 [main] DEBUG mortbay.log (Slf4jLog.java:debug(40)) - Skipping entry: webapps/secondary/snn.js
2019-09-17 18:33:30,004 [main] DEBUG mortbay.log (Slf4jLog.java:debug(40)) - Skipping entry: webapps/secondary/status.html
2019-09-17 18:33:30,004 [main] DEBUG mortbay.log (Slf4jLog.java:debug(40)) - Skipping entry: webapps/secondary/WEB-INF/web.xml
2019-09-17 18:33:30,004 [main] DEBUG mortbay.log (Slf4jLog.java:debug(40)) - Skipping entry: webapps/static/bootstrap-3.0.2/css/bootstrap-editable.css
2019-09-17 18:33:30,004 [main] DEBUG mortbay.log (Slf4jLog.java:debug(40)) - Skipping entry: webapps/static/bootstrap-3.0.2/css/bootstrap.min.css
2019-09-17 18:33:30,004 [main] DEBUG mortbay.log (Slf4jLog.java:debug(40)) - Skipping entry: webapps/static/bootstrap-3.0.2/fonts/glyphicons-halflings-regular.eot
2019-09-17 18:33:30,004 [main] DEBUG mortbay.log (Slf4jLog.java:debug(40)) - Skipping entry: webapps/static/bootstrap-3.0.2/fonts/glyphicons-halflings-regular.svg
2019-09-17 18:33:30,004 [main] DEBUG mortbay.log (Slf4jLog.java:debug(40)) - Skipping entry: webapps/static/bootstrap-3.0.2/fonts/glyphicons-halflings-regular.ttf
2019-09-17 18:33:30,004 [main] DEBUG mortbay.log (Slf4jLog.java:debug(40)) - Skipping entry: webapps/static/bootstrap-3.0.2/fonts/glyphicons-halflings-regular.woff
2019-09-17 18:33:30,004 [main] DEBUG mortbay.log (Slf4jLog.java:debug(40)) - Skipping entry: webapps/static/bootstrap-3.0.2/img/clear.png
2019-09-17 18:33:30,004 [main] DEBUG mortbay.log (Slf4jLog.java:debug(40)) - Skipping entry: webapps/static/bootstrap-3.0.2/img/loading.gif
2019-09-17 18:33:30,004 [main] DEBUG mortbay.log (Slf4jLog.java:debug(40)) - Skipping entry: webapps/static/bootstrap-3.0.2/js/bootstrap-editable.min.js
2019-09-17 18:33:30,004 [main] DEBUG mortbay.log (Slf4jLog.java:debug(40)) - Skipping entry: webapps/static/bootstrap-3.0.2/js/bootstrap.min.js
2019-09-17 18:33:30,004 [main] DEBUG mortbay.log (Slf4jLog.java:debug(40)) - Skipping entry: webapps/static/d3-v4.1.1.min.js
2019-09-17 18:33:30,004 [main] DEBUG mortbay.log (Slf4jLog.java:debug(40)) - Skipping entry: webapps/static/dataTables.bootstrap.css
2019-09-17 18:33:30,004 [main] DEBUG mortbay.log (Slf4jLog.java:debug(40)) - Skipping entry: webapps/static/dataTables.bootstrap.js
2019-09-17 18:33:30,004 [main] DEBUG mortbay.log (Slf4jLog.java:debug(40)) - Skipping entry: webapps/static/dfs-dust.js
2019-09-17 18:33:30,004 [main] DEBUG mortbay.log (Slf4jLog.java:debug(40)) - Skipping entry: webapps/static/dust-full-2.0.0.min.js
2019-09-17 18:33:30,004 [main] DEBUG mortbay.log (Slf4jLog.java:debug(40)) - Skipping entry: webapps/static/dust-helpers-1.1.1.min.js
2019-09-17 18:33:30,004 [main] DEBUG mortbay.log (Slf4jLog.java:debug(40)) - Skipping entry: webapps/static/hadoop.css
2019-09-17 18:33:30,004 [main] DEBUG mortbay.log (Slf4jLog.java:debug(40)) - Skipping entry: webapps/static/jquery-1.10.2.min.js
2019-09-17 18:33:30,004 [main] DEBUG mortbay.log (Slf4jLog.java:debug(40)) - Skipping entry: webapps/static/jquery.dataTables.min.js
2019-09-17 18:33:30,004 [main] DEBUG mortbay.log (Slf4jLog.java:debug(40)) - Skipping entry: webapps/static/json-bignum.js
2019-09-17 18:33:30,004 [main] DEBUG mortbay.log (Slf4jLog.java:debug(40)) - Skipping entry: webapps/static/moment.min.js
2019-09-17 18:33:30,004 [main] DEBUG mortbay.log (Slf4jLog.java:debug(40)) - Skipping entry: webapps/static/rest-csrf.js
2019-09-17 18:33:30,004 [main] DEBUG mortbay.log (Slf4jLog.java:debug(40)) - Skipping entry: META-INF/maven/
2019-09-17 18:33:30,004 [main] DEBUG mortbay.log (Slf4jLog.java:debug(40)) - Skipping entry: META-INF/maven/org.apache.hadoop/
2019-09-17 18:33:30,004 [main] DEBUG mortbay.log (Slf4jLog.java:debug(40)) - Skipping entry: META-INF/maven/org.apache.hadoop/hadoop-hdfs/
2019-09-17 18:33:30,004 [main] DEBUG mortbay.log (Slf4jLog.java:debug(40)) - Skipping entry: META-INF/maven/org.apache.hadoop/hadoop-hdfs/pom.xml
2019-09-17 18:33:30,004 [main] DEBUG mortbay.log (Slf4jLog.java:debug(40)) - Skipping entry: META-INF/maven/org.apache.hadoop/hadoop-hdfs/pom.properties
2019-09-17 18:33:30,019 [main] DEBUG mortbay.log (Slf4jLog.java:debug(40)) - webapp=file:/C:/Users/jamesbak/AppData/Local/Temp/3/Jetty_127_0_0_1_52764_hdfs____ziec7t/webapp/
2019-09-17 18:33:30,035 [main] DEBUG mortbay.log (Slf4jLog.java:debug(40)) - Configuring web-jetty.xml
2019-09-17 18:33:30,035 [main] DEBUG mortbay.log (Slf4jLog.java:debug(40)) - TLD search of file:/C:/Users/jamesbak/AppData/Local/Temp/3/surefire1588314324727550430/surefirebooter5463892216417600646.jar
2019-09-17 18:33:30,035 [main] DEBUG mortbay.log (Slf4jLog.java:debug(40)) - TLD search of file:/C:/Program%20Files/Java/jdk1.8.0_221/jre/lib/ext/access-bridge-64.jar
2019-09-17 18:33:30,051 [main] DEBUG mortbay.log (Slf4jLog.java:debug(40)) - TLD search of file:/C:/Program%20Files/Java/jdk1.8.0_221/jre/lib/ext/cldrdata.jar
2019-09-17 18:33:30,051 [main] DEBUG mortbay.log (Slf4jLog.java:debug(40)) - TLD search of file:/C:/Program%20Files/Java/jdk1.8.0_221/jre/lib/ext/dnsns.jar
2019-09-17 18:33:30,051 [main] DEBUG mortbay.log (Slf4jLog.java:debug(40)) - TLD search of file:/C:/Program%20Files/Java/jdk1.8.0_221/jre/lib/ext/jaccess.jar
2019-09-17 18:33:30,051 [main] DEBUG mortbay.log (Slf4jLog.java:debug(40)) - TLD search of file:/C:/Program%20Files/Java/jdk1.8.0_221/jre/lib/ext/jfxrt.jar
2019-09-17 18:33:30,051 [main] DEBUG mortbay.log (Slf4jLog.java:debug(40)) - TLD search of file:/C:/Program%20Files/Java/jdk1.8.0_221/jre/lib/ext/localedata.jar
2019-09-17 18:33:30,051 [main] DEBUG mortbay.log (Slf4jLog.java:debug(40)) - TLD search of file:/C:/Program%20Files/Java/jdk1.8.0_221/jre/lib/ext/nashorn.jar
2019-09-17 18:33:30,066 [main] DEBUG mortbay.log (Slf4jLog.java:debug(40)) - TLD search of file:/C:/Program%20Files/Java/jdk1.8.0_221/jre/lib/ext/sunec.jar
2019-09-17 18:33:30,066 [main] DEBUG mortbay.log (Slf4jLog.java:debug(40)) - TLD search of file:/C:/Program%20Files/Java/jdk1.8.0_221/jre/lib/ext/sunjce_provider.jar
2019-09-17 18:33:30,066 [main] DEBUG mortbay.log (Slf4jLog.java:debug(40)) - TLD search of file:/C:/Program%20Files/Java/jdk1.8.0_221/jre/lib/ext/sunmscapi.jar
2019-09-17 18:33:30,066 [main] DEBUG mortbay.log (Slf4jLog.java:debug(40)) - TLD search of file:/C:/Program%20Files/Java/jdk1.8.0_221/jre/lib/ext/sunpkcs11.jar
2019-09-17 18:33:30,066 [main] DEBUG mortbay.log (Slf4jLog.java:debug(40)) - TLD search of file:/C:/Program%20Files/Java/jdk1.8.0_221/jre/lib/ext/zipfs.jar
2019-09-17 18:33:30,066 [main] DEBUG mortbay.log (Slf4jLog.java:debug(40)) - loaded class org.apache.xerces.jaxp.SAXParserFactoryImpl from sun.misc.Launcher$AppClassLoader@42a57993
2019-09-17 18:33:30,066 [main] DEBUG mortbay.log (Slf4jLog.java:debug(40)) - loaded class org.apache.xerces.parsers.XIncludeAwareParserConfiguration from sun.misc.Launcher$AppClassLoader@42a57993
2019-09-17 18:33:30,066 [main] DEBUG mortbay.log (Slf4jLog.java:debug(40)) - loaded class org.apache.xerces.impl.dv.dtd.DTDDVFactoryImpl from sun.misc.Launcher$AppClassLoader@42a57993
2019-09-17 18:33:30,066 [main] DEBUG mortbay.log (Slf4jLog.java:debug(40)) - getResource(javax/servlet/jsp/resources/web-jsptaglibrary_1_1.dtd)=jar:file:/C:/Users/jamesbak/.m2/repository/javax/servlet/jsp/jsp-api/2.1/jsp-api-2.1.jar!/javax/servlet/jsp/resources/web-jsptaglibrary_1_1.dtd
2019-09-17 18:33:30,066 [main] DEBUG mortbay.log (Slf4jLog.java:debug(40)) - getResource(javax/servlet/jsp/resources/web-jsptaglibrary_1_2.dtd)=jar:file:/C:/Users/jamesbak/.m2/repository/javax/servlet/jsp/jsp-api/2.1/jsp-api-2.1.jar!/javax/servlet/jsp/resources/web-jsptaglibrary_1_2.dtd
2019-09-17 18:33:30,066 [main] DEBUG mortbay.log (Slf4jLog.java:debug(40)) - getResource(javax/servlet/jsp/resources/web-jsptaglibrary_2_0.xsd)=jar:file:/C:/Users/jamesbak/.m2/repository/javax/servlet/jsp/jsp-api/2.1/jsp-api-2.1.jar!/javax/servlet/jsp/resources/web-jsptaglibrary_2_0.xsd
2019-09-17 18:33:30,066 [main] DEBUG mortbay.log (Slf4jLog.java:debug(40)) - getResource(javax/servlet/jsp/resources/web-jsptaglibrary_1_1.dtd)=jar:file:/C:/Users/jamesbak/.m2/repository/javax/servlet/jsp/jsp-api/2.1/jsp-api-2.1.jar!/javax/servlet/jsp/resources/web-jsptaglibrary_1_1.dtd
2019-09-17 18:33:30,066 [main] DEBUG mortbay.log (Slf4jLog.java:debug(40)) - getResource(javax/servlet/jsp/resources/web-jsptaglibrary_1_2.dtd)=jar:file:/C:/Users/jamesbak/.m2/repository/javax/servlet/jsp/jsp-api/2.1/jsp-api-2.1.jar!/javax/servlet/jsp/resources/web-jsptaglibrary_1_2.dtd
2019-09-17 18:33:30,066 [main] DEBUG mortbay.log (Slf4jLog.java:debug(40)) - getResource(javax/servlet/jsp/resources/web-jsptaglibrary_2_0.xsd)=jar:file:/C:/Users/jamesbak/.m2/repository/javax/servlet/jsp/jsp-api/2.1/jsp-api-2.1.jar!/javax/servlet/jsp/resources/web-jsptaglibrary_2_0.xsd
2019-09-17 18:33:30,066 [main] DEBUG mortbay.log (Slf4jLog.java:debug(40)) - Container Server@38234a38 + org.mortbay.jetty.servlet.HashSessionIdManager@452ba1db as sessionIdManager
2019-09-17 18:33:30,066 [main] DEBUG mortbay.log (Slf4jLog.java:debug(40)) - Init SecureRandom.
2019-09-17 18:33:30,066 [main] DEBUG mortbay.log (Slf4jLog.java:debug(40)) - started org.mortbay.jetty.servlet.HashSessionIdManager@452ba1db
2019-09-17 18:33:30,066 [main] DEBUG mortbay.log (Slf4jLog.java:debug(40)) - started org.mortbay.jetty.servlet.HashSessionManager@41e68d87
2019-09-17 18:33:30,066 [main] DEBUG mortbay.log (Slf4jLog.java:debug(40)) - filterNameMap={org.apache.hadoop.hdfs.web.AuthFilter=org.apache.hadoop.hdfs.web.AuthFilter, safety=safety, NoCacheFilter=NoCacheFilter, static_user_filter=static_user_filter}
2019-09-17 18:33:30,066 [main] DEBUG mortbay.log (Slf4jLog.java:debug(40)) - pathFilters=[(F=NoCacheFilter,[/*],[],15), (F=NoCacheFilter,[/*],[],15), (F=safety,[/*],[],15), (F=static_user_filter,[*.html, *.jsp],[],15), (F=static_user_filter,[/stacks],[],15), (F=static_user_filter,[/logLevel],[],15), (F=static_user_filter,[/metrics],[],15), (F=static_user_filter,[/jmx],[],15), (F=static_user_filter,[/conf],[],15), (F=org.apache.hadoop.hdfs.web.AuthFilter,[/webhdfs/v1/*],[],15)]
2019-09-17 18:33:30,066 [main] DEBUG mortbay.log (Slf4jLog.java:debug(40)) - servletFilterMap=null
2019-09-17 18:33:30,066 [main] DEBUG mortbay.log (Slf4jLog.java:debug(40)) - servletPathMap={/contentSummary/*=contentSummary, /fsck=fsck, /data/*=data, /getDelegationToken=getDelegationToken, /cancelDelegationToken=cancelDelegationToken, /stacks=stacks, /logLevel=logLevel, /renewDelegationToken=renewDelegationToken, /=org.mortbay.jetty.servlet.DefaultServlet-1034909474, /jmx=jmx, /startupProgress=startupProgress, /fileChecksum/*=checksum, /imagetransfer=imagetransfer, /webhdfs/v1/*=com.sun.jersey.spi.container.servlet.ServletContainer-782228073, /listPaths/*=listPaths, /conf=conf, /metrics=metrics}
2019-09-17 18:33:30,066 [main] DEBUG mortbay.log (Slf4jLog.java:debug(40)) - servletNameMap={data=data, fsck=fsck, stacks=stacks, renewDelegationToken=renewDelegationToken, org.mortbay.jetty.servlet.DefaultServlet-1034909474=org.mortbay.jetty.servlet.DefaultServlet-1034909474, startupProgress=startupProgress, cancelDelegationToken=cancelDelegationToken, conf=conf, imagetransfer=imagetransfer, logLevel=logLevel, jmx=jmx, com.sun.jersey.spi.container.servlet.ServletContainer-782228073=com.sun.jersey.spi.container.servlet.ServletContainer-782228073, checksum=checksum, metrics=metrics, getDelegationToken=getDelegationToken, listPaths=listPaths, contentSummary=contentSummary}
2019-09-17 18:33:30,066 [main] DEBUG mortbay.log (Slf4jLog.java:debug(40)) - starting ServletHandler@545b995e
2019-09-17 18:33:30,066 [main] DEBUG mortbay.log (Slf4jLog.java:debug(40)) - started ServletHandler@545b995e
2019-09-17 18:33:30,066 [main] DEBUG mortbay.log (Slf4jLog.java:debug(40)) - starting SecurityHandler@76a2ddf3
2019-09-17 18:33:30,066 [main] DEBUG mortbay.log (Slf4jLog.java:debug(40)) - started SecurityHandler@76a2ddf3
2019-09-17 18:33:30,066 [main] DEBUG mortbay.log (Slf4jLog.java:debug(40)) - starting SessionHandler@524f3b3a
2019-09-17 18:33:30,066 [main] DEBUG mortbay.log (Slf4jLog.java:debug(40)) - started SessionHandler@524f3b3a
2019-09-17 18:33:30,066 [main] DEBUG mortbay.log (Slf4jLog.java:debug(40)) - starting org.mortbay.jetty.webapp.WebAppContext@7f0d96f2{/,jar:file:/C:/Users/jamesbak/.m2/repository/org/apache/hadoop/hadoop-hdfs/2.10.0-SNAPSHOT/hadoop-hdfs-2.10.0-SNAPSHOT-tests.jar!/webapps/hdfs}
2019-09-17 18:33:30,066 [main] DEBUG mortbay.log (Slf4jLog.java:debug(40)) - starting ErrorPageErrorHandler@49ff7d8c
2019-09-17 18:33:30,066 [main] DEBUG mortbay.log (Slf4jLog.java:debug(40)) - started ErrorPageErrorHandler@49ff7d8c
2019-09-17 18:33:30,066 [main] DEBUG mortbay.log (Slf4jLog.java:debug(40)) - loaded class org.apache.hadoop.http.NoCacheFilter from sun.misc.Launcher$AppClassLoader@42a57993
2019-09-17 18:33:30,066 [main] DEBUG mortbay.log (Slf4jLog.java:debug(40)) - Holding class org.apache.hadoop.http.NoCacheFilter
2019-09-17 18:33:30,066 [main] DEBUG mortbay.log (Slf4jLog.java:debug(40)) - started NoCacheFilter
2019-09-17 18:33:30,066 [main] DEBUG mortbay.log (Slf4jLog.java:debug(40)) - loaded class org.apache.hadoop.http.NoCacheFilter from sun.misc.Launcher$AppClassLoader@42a57993
2019-09-17 18:33:30,066 [main] DEBUG mortbay.log (Slf4jLog.java:debug(40)) - Holding class org.apache.hadoop.http.NoCacheFilter
2019-09-17 18:33:30,066 [main] DEBUG mortbay.log (Slf4jLog.java:debug(40)) - started NoCacheFilter
2019-09-17 18:33:30,066 [main] DEBUG mortbay.log (Slf4jLog.java:debug(40)) - loaded class org.apache.hadoop.http.HttpServer2$QuotingInputFilter from sun.misc.Launcher$AppClassLoader@42a57993
2019-09-17 18:33:30,066 [main] DEBUG mortbay.log (Slf4jLog.java:debug(40)) - Holding class org.apache.hadoop.http.HttpServer2$QuotingInputFilter
2019-09-17 18:33:30,066 [main] DEBUG mortbay.log (Slf4jLog.java:debug(40)) - started safety
2019-09-17 18:33:30,066 [main] DEBUG mortbay.log (Slf4jLog.java:debug(40)) - loaded class org.apache.hadoop.http.lib.StaticUserWebFilter$StaticUserFilter from sun.misc.Launcher$AppClassLoader@42a57993
2019-09-17 18:33:30,066 [main] DEBUG mortbay.log (Slf4jLog.java:debug(40)) - Holding class org.apache.hadoop.http.lib.StaticUserWebFilter$StaticUserFilter
2019-09-17 18:33:30,066 [main] DEBUG mortbay.log (Slf4jLog.java:debug(40)) - started static_user_filter
2019-09-17 18:33:30,066 [main] DEBUG mortbay.log (Slf4jLog.java:debug(40)) - loaded class org.apache.hadoop.hdfs.web.AuthFilter from sun.misc.Launcher$AppClassLoader@42a57993
2019-09-17 18:33:30,066 [main] DEBUG mortbay.log (Slf4jLog.java:debug(40)) - Holding class org.apache.hadoop.hdfs.web.AuthFilter
2019-09-17 18:33:30,082 [main] DEBUG mortbay.log (Slf4jLog.java:debug(40)) - loaded class org.apache.hadoop.security.authentication.server.PseudoAuthenticationHandler from sun.misc.Launcher$AppClassLoader@42a57993
2019-09-17 18:33:30,082 [main] DEBUG mortbay.log (Slf4jLog.java:debug(40)) - started org.apache.hadoop.hdfs.web.AuthFilter
2019-09-17 18:33:30,082 [main] DEBUG mortbay.log (Slf4jLog.java:debug(40)) - started com.sun.jersey.spi.container.servlet.ServletContainer-782228073
2019-09-17 18:33:30,082 [main] DEBUG mortbay.log (Slf4jLog.java:debug(40)) - started conf
2019-09-17 18:33:30,082 [main] DEBUG mortbay.log (Slf4jLog.java:debug(40)) - started cancelDelegationToken
2019-09-17 18:33:30,082 [main] DEBUG mortbay.log (Slf4jLog.java:debug(40)) - started contentSummary
2019-09-17 18:33:30,082 [main] DEBUG mortbay.log (Slf4jLog.java:debug(40)) - started checksum
2019-09-17 18:33:30,082 [main] DEBUG mortbay.log (Slf4jLog.java:debug(40)) - started data
2019-09-17 18:33:30,082 [main] DEBUG mortbay.log (Slf4jLog.java:debug(40)) - started fsck
2019-09-17 18:33:30,082 [main] DEBUG mortbay.log (Slf4jLog.java:debug(40)) - started getDelegationToken
2019-09-17 18:33:30,082 [main] DEBUG mortbay.log (Slf4jLog.java:debug(40)) - started imagetransfer
2019-09-17 18:33:30,082 [main] DEBUG mortbay.log (Slf4jLog.java:debug(40)) - started listPaths
2019-09-17 18:33:30,082 [main] DEBUG mortbay.log (Slf4jLog.java:debug(40)) - started renewDelegationToken
2019-09-17 18:33:30,082 [main] DEBUG mortbay.log (Slf4jLog.java:debug(40)) - started startupProgress
2019-09-17 18:33:30,082 [main] DEBUG mortbay.log (Slf4jLog.java:debug(40)) - started stacks
2019-09-17 18:33:30,082 [main] DEBUG mortbay.log (Slf4jLog.java:debug(40)) - started jmx
2019-09-17 18:33:30,082 [main] DEBUG mortbay.log (Slf4jLog.java:debug(40)) - started logLevel
2019-09-17 18:33:30,082 [main] DEBUG mortbay.log (Slf4jLog.java:debug(40)) - started metrics
2019-09-17 18:33:30,082 [main] DEBUG mortbay.log (Slf4jLog.java:debug(40)) - started org.mortbay.jetty.servlet.DefaultServlet$NIOResourceCache@94f6bfb
2019-09-17 18:33:30,082 [main] DEBUG mortbay.log (Slf4jLog.java:debug(40)) - resource base = file:/C:/Users/jamesbak/AppData/Local/Temp/3/Jetty_127_0_0_1_52764_hdfs____ziec7t/webapp/
2019-09-17 18:33:30,082 [main] DEBUG mortbay.log (Slf4jLog.java:debug(40)) - started org.mortbay.jetty.servlet.DefaultServlet-1034909474
2019-09-17 18:33:30,082 [main] DEBUG mortbay.log (Slf4jLog.java:debug(40)) - started org.mortbay.jetty.webapp.WebAppContext@7f0d96f2{/,jar:file:/C:/Users/jamesbak/.m2/repository/org/apache/hadoop/hadoop-hdfs/2.10.0-SNAPSHOT/hadoop-hdfs-2.10.0-SNAPSHOT-tests.jar!/webapps/hdfs}
2019-09-17 18:33:30,082 [main] DEBUG mortbay.log (Slf4jLog.java:debug(40)) - Container org.mortbay.jetty.servlet.Context@29526c05{/logs,file:/C:/depot/adls-migrator/target/log} + ErrorHandler@34645867 as errorHandler
2019-09-17 18:33:30,082 [main] DEBUG mortbay.log (Slf4jLog.java:debug(40)) - started org.mortbay.jetty.servlet.HashSessionManager@528c868
2019-09-17 18:33:30,082 [main] DEBUG mortbay.log (Slf4jLog.java:debug(40)) - filterNameMap={safety=safety, static_user_filter=static_user_filter}
2019-09-17 18:33:30,082 [main] DEBUG mortbay.log (Slf4jLog.java:debug(40)) - pathFilters=[(F=safety,[/*],[],15), (F=static_user_filter,[/*],[],15)]
2019-09-17 18:33:30,082 [main] DEBUG mortbay.log (Slf4jLog.java:debug(40)) - servletFilterMap=null
2019-09-17 18:33:30,082 [main] DEBUG mortbay.log (Slf4jLog.java:debug(40)) - servletPathMap={/*=org.apache.hadoop.http.AdminAuthorizedServlet-224591451}
2019-09-17 18:33:30,082 [main] DEBUG mortbay.log (Slf4jLog.java:debug(40)) - servletNameMap={org.apache.hadoop.http.AdminAuthorizedServlet-224591451=org.apache.hadoop.http.AdminAuthorizedServlet-224591451}
2019-09-17 18:33:30,082 [main] DEBUG mortbay.log (Slf4jLog.java:debug(40)) - starting ServletHandler@2ef14fe
2019-09-17 18:33:30,082 [main] DEBUG mortbay.log (Slf4jLog.java:debug(40)) - started ServletHandler@2ef14fe
2019-09-17 18:33:30,082 [main] DEBUG mortbay.log (Slf4jLog.java:debug(40)) - starting SessionHandler@49964d75
2019-09-17 18:33:30,082 [main] DEBUG mortbay.log (Slf4jLog.java:debug(40)) - started SessionHandler@49964d75
2019-09-17 18:33:30,082 [main] DEBUG mortbay.log (Slf4jLog.java:debug(40)) - starting org.mortbay.jetty.servlet.Context@29526c05{/logs,file:/C:/depot/adls-migrator/target/log}
2019-09-17 18:33:30,082 [main] DEBUG mortbay.log (Slf4jLog.java:debug(40)) - starting ErrorHandler@34645867
2019-09-17 18:33:30,082 [main] DEBUG mortbay.log (Slf4jLog.java:debug(40)) - started ErrorHandler@34645867
2019-09-17 18:33:30,082 [main] DEBUG mortbay.log (Slf4jLog.java:debug(40)) - Holding class org.apache.hadoop.http.AdminAuthorizedServlet
2019-09-17 18:33:30,082 [main] DEBUG mortbay.log (Slf4jLog.java:debug(40)) - started org.apache.hadoop.http.AdminAuthorizedServlet-224591451
2019-09-17 18:33:30,082 [main] DEBUG mortbay.log (Slf4jLog.java:debug(40)) - started org.mortbay.jetty.servlet.Context@29526c05{/logs,file:/C:/depot/adls-migrator/target/log}
2019-09-17 18:33:30,082 [main] DEBUG mortbay.log (Slf4jLog.java:debug(40)) - Container org.mortbay.jetty.servlet.Context@466276d8{/static,jar:file:/C:/Users/jamesbak/.m2/repository/org/apache/hadoop/hadoop-hdfs/2.10.0-SNAPSHOT/hadoop-hdfs-2.10.0-SNAPSHOT-tests.jar!/webapps/static} + ErrorHandler@2484f433 as errorHandler
2019-09-17 18:33:30,082 [main] DEBUG mortbay.log (Slf4jLog.java:debug(40)) - started org.mortbay.jetty.servlet.HashSessionManager@7a1234bf
2019-09-17 18:33:30,082 [main] DEBUG mortbay.log (Slf4jLog.java:debug(40)) - filterNameMap={safety=safety, static_user_filter=static_user_filter}
2019-09-17 18:33:30,082 [main] DEBUG mortbay.log (Slf4jLog.java:debug(40)) - pathFilters=[(F=safety,[/*],[],15), (F=static_user_filter,[/*],[],15)]
2019-09-17 18:33:30,082 [main] DEBUG mortbay.log (Slf4jLog.java:debug(40)) - servletFilterMap=null
2019-09-17 18:33:30,082 [main] DEBUG mortbay.log (Slf4jLog.java:debug(40)) - servletPathMap={/*=org.mortbay.jetty.servlet.DefaultServlet-835146383}
2019-09-17 18:33:30,082 [main] DEBUG mortbay.log (Slf4jLog.java:debug(40)) - servletNameMap={org.mortbay.jetty.servlet.DefaultServlet-835146383=org.mortbay.jetty.servlet.DefaultServlet-835146383}
2019-09-17 18:33:30,082 [main] DEBUG mortbay.log (Slf4jLog.java:debug(40)) - starting ServletHandler@5ce8d869
2019-09-17 18:33:30,082 [main] DEBUG mortbay.log (Slf4jLog.java:debug(40)) - started ServletHandler@5ce8d869
2019-09-17 18:33:30,082 [main] DEBUG mortbay.log (Slf4jLog.java:debug(40)) - starting SessionHandler@2b76ff4e
2019-09-17 18:33:30,082 [main] DEBUG mortbay.log (Slf4jLog.java:debug(40)) - started SessionHandler@2b76ff4e
2019-09-17 18:33:30,082 [main] DEBUG mortbay.log (Slf4jLog.java:debug(40)) - starting org.mortbay.jetty.servlet.Context@466276d8{/static,jar:file:/C:/Users/jamesbak/.m2/repository/org/apache/hadoop/hadoop-hdfs/2.10.0-SNAPSHOT/hadoop-hdfs-2.10.0-SNAPSHOT-tests.jar!/webapps/static}
2019-09-17 18:33:30,082 [main] DEBUG mortbay.log (Slf4jLog.java:debug(40)) - starting ErrorHandler@2484f433
2019-09-17 18:33:30,082 [main] DEBUG mortbay.log (Slf4jLog.java:debug(40)) - started ErrorHandler@2484f433
2019-09-17 18:33:30,082 [main] DEBUG mortbay.log (Slf4jLog.java:debug(40)) - Holding class org.mortbay.jetty.servlet.DefaultServlet
2019-09-17 18:33:30,082 [main] DEBUG mortbay.log (Slf4jLog.java:debug(40)) - started org.mortbay.jetty.servlet.DefaultServlet-835146383
2019-09-17 18:33:30,082 [main] DEBUG mortbay.log (Slf4jLog.java:debug(40)) - started org.mortbay.jetty.servlet.Context@466276d8{/static,jar:file:/C:/Users/jamesbak/.m2/repository/org/apache/hadoop/hadoop-hdfs/2.10.0-SNAPSHOT/hadoop-hdfs-2.10.0-SNAPSHOT-tests.jar!/webapps/static}
2019-09-17 18:33:30,082 [main] DEBUG mortbay.log (Slf4jLog.java:debug(40)) - starting ContextHandlerCollection@2c4d1ac
2019-09-17 18:33:30,082 [main] DEBUG mortbay.log (Slf4jLog.java:debug(40)) - started ContextHandlerCollection@2c4d1ac
2019-09-17 18:33:30,082 [main] DEBUG mortbay.log (Slf4jLog.java:debug(40)) - starting Server@38234a38
2019-09-17 18:33:30,103 [main] DEBUG mortbay.log (Slf4jLog.java:debug(40)) - started org.mortbay.jetty.nio.SelectChannelConnector$1@f9879ac
2019-09-17 18:33:30,104 [main] INFO  mortbay.log (Slf4jLog.java:info(67)) - Started HttpServer2$SelectChannelConnectorWithSafeStartup@127.0.0.1:52764
2019-09-17 18:33:30,104 [main] DEBUG mortbay.log (Slf4jLog.java:debug(40)) - started HttpServer2$SelectChannelConnectorWithSafeStartup@127.0.0.1:52764
2019-09-17 18:33:30,104 [main] DEBUG mortbay.log (Slf4jLog.java:debug(40)) - started Server@38234a38
2019-09-17 18:33:30,112 [main] DEBUG util.KMSUtil (KMSUtil.java:createKeyProvider(52)) - Creating key provider with config key hadoop.security.key.provider.path
2019-09-17 18:33:30,113 [main] INFO  blockmanagement.BlockManager (InvalidateBlocks.java:printBlockDeletionTime(73)) - dfs.namenode.startup.delay.block.deletion.sec is set to 000:00:00:00.000
2019-09-17 18:33:30,113 [main] INFO  blockmanagement.BlockManager (InvalidateBlocks.java:printBlockDeletionTime(78)) - The block deletion will start around 2019 Sep 17 18:33:30
2019-09-17 18:33:30,113 [main] INFO  util.GSet (LightWeightGSet.java:computeCapacity(395)) - Computing capacity for map BlocksMap
2019-09-17 18:33:30,113 [main] INFO  util.GSet (LightWeightGSet.java:computeCapacity(396)) - VM type       = 64-bit
2019-09-17 18:33:30,113 [main] INFO  util.GSet (LightWeightGSet.java:computeCapacity(397)) - 2.0% max memory 910.5 MB = 18.2 MB
2019-09-17 18:33:30,113 [main] INFO  util.GSet (LightWeightGSet.java:computeCapacity(402)) - capacity      = 2^21 = 2097152 entries
2019-09-17 18:33:30,114 [main] DEBUG util.GSet (LightWeightGSet.java:<init>(90)) - recommended=2097152, actual=2097152
2019-09-17 18:33:30,114 [main] INFO  blockmanagement.BlockManager (BlockManager.java:createBlockTokenSecretManager(481)) - dfs.block.access.token.enable=false
2019-09-17 18:33:30,114 [main] WARN  conf.Configuration (Configuration.java:getTimeDurationHelper(1701)) - No unit for dfs.heartbeat.interval(3) assuming SECONDS
2019-09-17 18:33:30,114 [main] WARN  conf.Configuration (Configuration.java:getTimeDurationHelper(1701)) - No unit for dfs.namenode.safemode.extension(0) assuming MILLISECONDS
2019-09-17 18:33:30,115 [main] INFO  blockmanagement.BlockManagerSafeMode (BlockManagerSafeMode.java:<init>(158)) - dfs.namenode.safemode.threshold-pct = 0.9990000128746033
2019-09-17 18:33:30,115 [main] INFO  blockmanagement.BlockManagerSafeMode (BlockManagerSafeMode.java:<init>(159)) - dfs.namenode.safemode.min.datanodes = 0
2019-09-17 18:33:30,115 [main] INFO  blockmanagement.BlockManagerSafeMode (BlockManagerSafeMode.java:<init>(161)) - dfs.namenode.safemode.extension = 0
2019-09-17 18:33:30,115 [main] INFO  blockmanagement.BlockManager (BlockManager.java:<init>(467)) - defaultReplication         = 1
2019-09-17 18:33:30,115 [main] INFO  blockmanagement.BlockManager (BlockManager.java:<init>(468)) - maxReplication             = 512
2019-09-17 18:33:30,115 [main] INFO  blockmanagement.BlockManager (BlockManager.java:<init>(469)) - minReplication             = 1
2019-09-17 18:33:30,115 [main] INFO  blockmanagement.BlockManager (BlockManager.java:<init>(470)) - maxReplicationStreams      = 2
2019-09-17 18:33:30,115 [main] INFO  blockmanagement.BlockManager (BlockManager.java:<init>(471)) - replicationRecheckInterval = 3000
2019-09-17 18:33:30,115 [main] INFO  blockmanagement.BlockManager (BlockManager.java:<init>(472)) - encryptDataTransfer        = false
2019-09-17 18:33:30,115 [main] INFO  blockmanagement.BlockManager (BlockManager.java:<init>(473)) - maxNumBlocksToLog          = 1000
2019-09-17 18:33:30,116 [main] INFO  util.GSet (LightWeightGSet.java:computeCapacity(395)) - Computing capacity for map INodeMap
2019-09-17 18:33:30,116 [main] INFO  util.GSet (LightWeightGSet.java:computeCapacity(396)) - VM type       = 64-bit
2019-09-17 18:33:30,116 [main] INFO  util.GSet (LightWeightGSet.java:computeCapacity(397)) - 1.0% max memory 910.5 MB = 9.1 MB
2019-09-17 18:33:30,116 [main] INFO  util.GSet (LightWeightGSet.java:computeCapacity(402)) - capacity      = 2^20 = 1048576 entries
2019-09-17 18:33:30,116 [main] DEBUG util.GSet (LightWeightGSet.java:<init>(90)) - recommended=1048576, actual=1048576
2019-09-17 18:33:30,117 [main] INFO  namenode.FSDirectory (FSDirectory.java:<init>(276)) - ACLs enabled? false
2019-09-17 18:33:30,117 [main] INFO  namenode.FSDirectory (FSDirectory.java:<init>(280)) - XAttrs enabled? true
2019-09-17 18:33:30,117 [main] INFO  namenode.NameNode (FSDirectory.java:<init>(344)) - Caching file names occurring more than 10 times
2019-09-17 18:33:30,117 [main] INFO  util.GSet (LightWeightGSet.java:computeCapacity(395)) - Computing capacity for map cachedBlocks
2019-09-17 18:33:30,117 [main] INFO  util.GSet (LightWeightGSet.java:computeCapacity(396)) - VM type       = 64-bit
2019-09-17 18:33:30,117 [main] INFO  util.GSet (LightWeightGSet.java:computeCapacity(397)) - 0.25% max memory 910.5 MB = 2.3 MB
2019-09-17 18:33:30,117 [main] INFO  util.GSet (LightWeightGSet.java:computeCapacity(402)) - capacity      = 2^18 = 262144 entries
2019-09-17 18:33:30,117 [main] DEBUG util.GSet (LightWeightGSet.java:<init>(90)) - recommended=262144, actual=262144
2019-09-17 18:33:30,118 [main] INFO  metrics.TopMetrics (TopMetrics.java:logConf(76)) - NNTop conf: dfs.namenode.top.window.num.buckets = 10
2019-09-17 18:33:30,118 [main] INFO  metrics.TopMetrics (TopMetrics.java:logConf(78)) - NNTop conf: dfs.namenode.top.num.users = 10
2019-09-17 18:33:30,118 [main] INFO  metrics.TopMetrics (TopMetrics.java:logConf(80)) - NNTop conf: dfs.namenode.top.windows.minutes = 1,5,25
2019-09-17 18:33:30,118 [main] INFO  util.GSet (LightWeightGSet.java:computeCapacity(395)) - Computing capacity for map NameNodeRetryCache
2019-09-17 18:33:30,118 [main] INFO  util.GSet (LightWeightGSet.java:computeCapacity(396)) - VM type       = 64-bit
2019-09-17 18:33:30,118 [main] INFO  util.GSet (LightWeightGSet.java:computeCapacity(397)) - 0.029999999329447746% max memory 910.5 MB = 279.7 KB
2019-09-17 18:33:30,118 [main] INFO  util.GSet (LightWeightGSet.java:computeCapacity(402)) - capacity      = 2^15 = 32768 entries
2019-09-17 18:33:30,119 [main] DEBUG util.GSet (LightWeightGSet.java:<init>(90)) - recommended=32768, actual=32768
2019-09-17 18:33:30,119 [main] DEBUG metrics.RetryCacheMetrics (RetryCacheMetrics.java:<init>(46)) - Initialized MetricsRegistry{info=MetricsInfoImpl{name=RetryCache.NameNodeRetryCache, description=RetryCache.NameNodeRetryCache}, tags=[], metrics=[]}
2019-09-17 18:33:30,119 [main] DEBUG lib.MutableMetricsFactory (MutableMetricsFactory.java:newForField(43)) - field org.apache.hadoop.metrics2.lib.MutableCounterLong org.apache.hadoop.ipc.metrics.RetryCacheMetrics.cacheHit with annotation @org.apache.hadoop.metrics2.annotation.Metric(always=false, sampleName=Ops, valueName=Time, about=, interval=10, type=DEFAULT, value=[Number of RetryCache hit])
2019-09-17 18:33:30,119 [main] DEBUG lib.MutableMetricsFactory (MutableMetricsFactory.java:newForField(43)) - field org.apache.hadoop.metrics2.lib.MutableCounterLong org.apache.hadoop.ipc.metrics.RetryCacheMetrics.cacheCleared with annotation @org.apache.hadoop.metrics2.annotation.Metric(always=false, sampleName=Ops, valueName=Time, about=, interval=10, type=DEFAULT, value=[Number of RetryCache cleared])
2019-09-17 18:33:30,119 [main] DEBUG lib.MutableMetricsFactory (MutableMetricsFactory.java:newForField(43)) - field org.apache.hadoop.metrics2.lib.MutableCounterLong org.apache.hadoop.ipc.metrics.RetryCacheMetrics.cacheUpdated with annotation @org.apache.hadoop.metrics2.annotation.Metric(always=false, sampleName=Ops, valueName=Time, about=, interval=10, type=DEFAULT, value=[Number of RetryCache updated])
2019-09-17 18:33:30,120 [main] DEBUG impl.MetricsSystemImpl (MetricsSystemImpl.java:register(231)) - RetryCache.NameNodeRetryCache-1, Aggregate RetryCache metrics
2019-09-17 18:33:30,120 [main] DEBUG impl.MetricsConfig (MetricsConfig.java:getProperty(183)) - poking parent 'PropertiesConfiguration' for key: source.source.start_mbeans
2019-09-17 18:33:30,120 [main] DEBUG impl.MetricsConfig (MetricsConfig.java:getProperty(183)) - poking parent 'MetricsConfig' for key: source.start_mbeans
2019-09-17 18:33:30,121 [main] DEBUG impl.MetricsConfig (MetricsConfig.java:getProperty(183)) - poking parent 'PropertiesConfiguration' for key: *.source.start_mbeans
2019-09-17 18:33:30,121 [main] DEBUG impl.MetricsSourceAdapter (MetricsSourceAdapter.java:updateAttrCache(253)) - Updating attr cache...
2019-09-17 18:33:30,121 [main] DEBUG impl.MetricsSourceAdapter (MetricsSourceAdapter.java:updateAttrCache(267)) - Done. # tags & metrics=5
2019-09-17 18:33:30,121 [main] DEBUG impl.MetricsSourceAdapter (MetricsSourceAdapter.java:updateInfoCache(246)) - Updating info cache...
2019-09-17 18:33:30,121 [main] DEBUG impl.MetricsSystemImpl (MBeanInfoBuilder.java:get(109)) - [javax.management.MBeanAttributeInfo[description=Metrics context, name=tag.Context, type=java.lang.String, read-only, descriptor={}], javax.management.MBeanAttributeInfo[description=Local hostname, name=tag.Hostname, type=java.lang.String, read-only, descriptor={}], javax.management.MBeanAttributeInfo[description=Number of RetryCache hit, name=CacheHit, type=java.lang.Long, read-only, descriptor={}], javax.management.MBeanAttributeInfo[description=Number of RetryCache cleared, name=CacheCleared, type=java.lang.Long, read-only, descriptor={}], javax.management.MBeanAttributeInfo[description=Number of RetryCache updated, name=CacheUpdated, type=java.lang.Long, read-only, descriptor={}]]
2019-09-17 18:33:30,121 [main] DEBUG impl.MetricsSourceAdapter (MetricsSourceAdapter.java:updateInfoCache(248)) - Done
2019-09-17 18:33:30,122 [main] DEBUG util.MBeans (MBeans.java:register(67)) - Registered Hadoop:service=NameNode,name=RetryCache.NameNodeRetryCache-1
2019-09-17 18:33:30,122 [main] DEBUG impl.MetricsSourceAdapter (MetricsSourceAdapter.java:startMBeans(224)) - MBean for source RetryCache.NameNodeRetryCache-1 registered.
2019-09-17 18:33:30,122 [main] DEBUG impl.MetricsSystemImpl (MetricsSystemImpl.java:registerSource(269)) - Registered source RetryCache.NameNodeRetryCache-1
]]></system-out>
  </testcase>
</testsuite>